<?xml version="1.0" encoding="UTF-8"?>
<coverage generated="1784506156922" clover="3.2.0">
  <project timestamp="1784506156923" name="All files">
    <metrics statements="2037" coveredstatements="985" conditionals="2222" coveredconditionals="987" methods="780" coveredmethods="301" elements="5039" coveredelements="2273" complexity="0" loc="2037" ncloc="2037" packages="11" files="19" classes="19"/>
    <package name="src">
      <metrics statements="1091" coveredstatements="198" conditionals="1090" coveredconditionals="205" methods="455" coveredmethods="84"/>
      <file name="App.tsx" path="C:\Users\venum\Documents\Playground\frontend\src\App.tsx">
        <metrics statements="1091" coveredstatements="198" conditionals="1090" coveredconditionals="205" methods="455" coveredmethods="84"/>
        <line num="225" count="2" type="stmt"/>
        <line num="280" count="2" type="stmt"/>
        <line num="281" count="2" type="stmt"/>
        <line num="282" count="2" type="stmt"/>
        <line num="283" count="2" type="stmt"/>
        <line num="284" count="2" type="stmt"/>
        <line num="287" count="0" type="cond" truecount="0" falsecount="2"/>
        <line num="289" count="2" type="stmt"/>
        <line num="290" count="2" type="stmt"/>
        <line num="292" count="2" type="stmt"/>
        <line num="298" count="2" type="stmt"/>
        <line num="300" count="2" type="stmt"/>
        <line num="309" count="2" type="stmt"/>
        <line num="318" count="0" type="cond" truecount="0" falsecount="2"/>
        <line num="320" count="0" type="stmt"/>
        <line num="321" count="0" type="stmt"/>
        <line num="322" count="0" type="cond" truecount="0" falsecount="2"/>
        <line num="323" count="0" type="stmt"/>
        <line num="324" count="0" type="stmt"/>
        <line num="325" count="0" type="stmt"/>
        <line num="330" count="0" type="stmt"/>
        <line num="331" count="0" type="stmt"/>
        <line num="345" count="0" type="stmt"/>
        <line num="348" count="0" type="stmt"/>
        <line num="352" count="0" type="stmt"/>
        <line num="357" count="0" type="stmt"/>
        <line num="361" count="0" type="stmt"/>
        <line num="366" count="0" type="cond" truecount="0" falsecount="2"/>
        <line num="371" count="4" type="stmt"/>
        <line num="372" count="12" type="stmt"/>
        <line num="386" count="9" type="stmt"/>
        <line num="398" count="0" type="stmt"/>
        <line num="399" count="0" type="stmt"/>
        <line num="400" count="0" type="stmt"/>
        <line num="405" count="0" type="stmt"/>
        <line num="406" count="0" type="stmt"/>
        <line num="416" count="0" type="cond" truecount="0" falsecount="2"/>
        <line num="434" count="3" type="stmt"/>
        <line num="435" count="3" type="stmt"/>
        <line num="448" count="12" type="stmt"/>
        <line num="452" count="4" type="stmt"/>
        <line num="453" count="4" type="cond" truecount="1" falsecount="1"/>
        <line num="457" count="8" type="cond" truecount="3" falsecount="1"/>
        <line num="461" count="0" type="cond" truecount="0" falsecount="2"/>
        <line num="463" count="0" type="stmt"/>
        <line num="464" count="0" type="cond" truecount="0" falsecount="2"/>
        <line num="465" count="0" type="stmt"/>
        <line num="467" count="0" type="stmt"/>
        <line num="468" count="0" type="cond" truecount="0" falsecount="2"/>
        <line num="470" count="0" type="stmt"/>
        <line num="475" count="0" type="cond" truecount="0" falsecount="2"/>
        <line num="476" count="0" type="cond" truecount="0" falsecount="2"/>
        <line num="477" count="0" type="stmt"/>
        <line num="478" count="0" type="stmt"/>
        <line num="479" count="0" type="stmt"/>
        <line num="483" count="0" type="stmt"/>
        <line num="487" count="0" type="cond" truecount="0" falsecount="2"/>
        <line num="488" count="0" type="cond" truecount="0" falsecount="2"/>
        <line num="489" count="0" type="cond" truecount="0" falsecount="2"/>
        <line num="490" count="0" type="cond" truecount="0" falsecount="2"/>
        <line num="491" count="0" type="cond" truecount="0" falsecount="2"/>
        <line num="492" count="0" type="stmt"/>
        <line num="496" count="0" type="cond" truecount="0" falsecount="2"/>
        <line num="497" count="0" type="cond" truecount="0" falsecount="2"/>
        <line num="498" count="0" type="stmt"/>
        <line num="500" count="0" type="stmt"/>
        <line num="504" count="0" type="stmt"/>
        <line num="515" count="0" type="cond" truecount="0" falsecount="2"/>
        <line num="516" count="0" type="stmt"/>
        <line num="520" count="0" type="stmt"/>
        <line num="521" count="0" type="stmt"/>
        <line num="522" count="0" type="stmt"/>
        <line num="523" count="0" type="stmt"/>
        <line num="524" count="0" type="stmt"/>
        <line num="525" count="0" type="cond" truecount="0" falsecount="2"/>
        <line num="528" count="0" type="stmt"/>
        <line num="529" count="0" type="stmt"/>
        <line num="531" count="0" type="stmt"/>
        <line num="532" count="0" type="stmt"/>
        <line num="533" count="0" type="cond" truecount="0" falsecount="2"/>
        <line num="534" count="0" type="stmt"/>
        <line num="535" count="0" type="stmt"/>
        <line num="536" count="0" type="stmt"/>
        <line num="537" count="0" type="stmt"/>
        <line num="538" count="0" type="cond" truecount="0" falsecount="2"/>
        <line num="540" count="0" type="stmt"/>
        <line num="544" count="0" type="stmt"/>
        <line num="545" count="0" type="stmt"/>
        <line num="546" count="0" type="stmt"/>
        <line num="547" count="0" type="stmt"/>
        <line num="548" count="0" type="stmt"/>
        <line num="549" count="0" type="stmt"/>
        <line num="550" count="0" type="stmt"/>
        <line num="553" count="0" type="stmt"/>
        <line num="554" count="0" type="cond" truecount="0" falsecount="2"/>
        <line num="555" count="0" type="stmt"/>
        <line num="559" count="0" type="stmt"/>
        <line num="560" count="0" type="cond" truecount="0" falsecount="4"/>
        <line num="561" count="0" type="stmt"/>
        <line num="564" count="0" type="stmt"/>
        <line num="565" count="0" type="stmt"/>
        <line num="566" count="0" type="stmt"/>
        <line num="567" count="0" type="cond" truecount="0" falsecount="2"/>
        <line num="568" count="0" type="cond" truecount="0" falsecount="2"/>
        <line num="569" count="0" type="stmt"/>
        <line num="570" count="0" type="stmt"/>
        <line num="571" count="0" type="stmt"/>
        <line num="572" count="0" type="stmt"/>
        <line num="573" count="0" type="stmt"/>
        <line num="574" count="0" type="stmt"/>
        <line num="577" count="0" type="stmt"/>
        <line num="578" count="0" type="cond" truecount="0" falsecount="4"/>
        <line num="579" count="0" type="stmt"/>
        <line num="580" count="0" type="cond" truecount="0" falsecount="2"/>
        <line num="581" count="0" type="stmt"/>
        <line num="582" count="0" type="stmt"/>
        <line num="583" count="0" type="stmt"/>
        <line num="584" count="0" type="stmt"/>
        <line num="585" count="0" type="stmt"/>
        <line num="588" count="0" type="cond" truecount="0" falsecount="2"/>
        <line num="589" count="0" type="cond" truecount="0" falsecount="2"/>
        <line num="590" count="0" type="stmt"/>
        <line num="591" count="0" type="stmt"/>
        <line num="593" count="0" type="cond" truecount="0" falsecount="2"/>
        <line num="597" count="0" type="stmt"/>
        <line num="598" count="0" type="stmt"/>
        <line num="599" count="0" type="stmt"/>
        <line num="603" count="0" type="stmt"/>
        <line num="604" count="0" type="cond" truecount="0" falsecount="4"/>
        <line num="605" count="0" type="stmt"/>
        <line num="608" count="0" type="stmt"/>
        <line num="609" count="0" type="stmt"/>
        <line num="610" count="0" type="cond" truecount="0" falsecount="2"/>
        <line num="611" count="0" type="stmt"/>
        <line num="612" count="0" type="stmt"/>
        <line num="613" count="0" type="stmt"/>
        <line num="615" count="0" type="cond" truecount="0" falsecount="2"/>
        <line num="616" count="0" type="cond" truecount="0" falsecount="2"/>
        <line num="617" count="0" type="stmt"/>
        <line num="622" count="0" type="stmt"/>
        <line num="623" count="0" type="stmt"/>
        <line num="624" count="0" type="stmt"/>
        <line num="628" count="0" type="stmt"/>
        <line num="629" count="0" type="stmt"/>
        <line num="630" count="0" type="cond" truecount="0" falsecount="2"/>
        <line num="631" count="0" type="stmt"/>
        <line num="632" count="0" type="stmt"/>
        <line num="636" count="0" type="stmt"/>
        <line num="637" count="0" type="stmt"/>
        <line num="638" count="0" type="stmt"/>
        <line num="639" count="0" type="stmt"/>
        <line num="640" count="0" type="stmt"/>
        <line num="642" count="0" type="cond" truecount="0" falsecount="4"/>
        <line num="644" count="0" type="stmt"/>
        <line num="645" count="0" type="stmt"/>
        <line num="647" count="0" type="stmt"/>
        <line num="648" count="0" type="stmt"/>
        <line num="649" count="0" type="cond" truecount="0" falsecount="2"/>
        <line num="653" count="0" type="stmt"/>
        <line num="654" count="0" type="stmt"/>
        <line num="655" count="0" type="stmt"/>
        <line num="656" count="0" type="stmt"/>
        <line num="664" count="0" type="stmt"/>
        <line num="665" count="0" type="stmt"/>
        <line num="666" count="0" type="stmt"/>
        <line num="670" count="0" type="stmt"/>
        <line num="671" count="0" type="stmt"/>
        <line num="672" count="0" type="stmt"/>
        <line num="673" count="0" type="stmt"/>
        <line num="674" count="0" type="stmt"/>
        <line num="675" count="0" type="stmt"/>
        <line num="678" count="0" type="stmt"/>
        <line num="679" count="0" type="cond" truecount="0" falsecount="2"/>
        <line num="680" count="0" type="stmt"/>
        <line num="682" count="0" type="stmt"/>
        <line num="685" count="0" type="stmt"/>
        <line num="686" count="0" type="stmt"/>
        <line num="687" count="0" type="stmt"/>
        <line num="688" count="0" type="stmt"/>
        <line num="689" count="0" type="stmt"/>
        <line num="693" count="0" type="cond" truecount="0" falsecount="4"/>
        <line num="694" count="0" type="stmt"/>
        <line num="697" count="0" type="stmt"/>
        <line num="711" count="0" type="stmt"/>
        <line num="757" count="0" type="stmt"/>
        <line num="759" count="0" type="stmt"/>
        <line num="787" count="0" type="stmt"/>
        <line num="791" count="0" type="stmt"/>
        <line num="800" count="0" type="stmt"/>
        <line num="812" count="0" type="stmt"/>
        <line num="821" count="0" type="stmt"/>
        <line num="833" count="0" type="stmt"/>
        <line num="842" count="0" type="stmt"/>
        <line num="874" count="0" type="stmt"/>
        <line num="875" count="0" type="cond" truecount="0" falsecount="2"/>
        <line num="879" count="0" type="cond" truecount="0" falsecount="2"/>
        <line num="880" count="0" type="stmt"/>
        <line num="882" count="0" type="stmt"/>
        <line num="898" count="0" type="stmt"/>
        <line num="899" count="0" type="stmt"/>
        <line num="900" count="0" type="stmt"/>
        <line num="901" count="0" type="stmt"/>
        <line num="902" count="0" type="stmt"/>
        <line num="903" count="0" type="stmt"/>
        <line num="904" count="0" type="stmt"/>
        <line num="905" count="0" type="stmt"/>
        <line num="906" count="0" type="stmt"/>
        <line num="907" count="0" type="stmt"/>
        <line num="908" count="0" type="stmt"/>
        <line num="910" count="0" type="stmt"/>
        <line num="911" count="0" type="stmt"/>
        <line num="912" count="0" type="stmt"/>
        <line num="915" count="0" type="stmt"/>
        <line num="916" count="0" type="stmt"/>
        <line num="917" count="0" type="stmt"/>
        <line num="918" count="0" type="stmt"/>
        <line num="919" count="0" type="stmt"/>
        <line num="924" count="0" type="stmt"/>
        <line num="925" count="0" type="cond" truecount="0" falsecount="4"/>
        <line num="926" count="0" type="stmt"/>
        <line num="928" count="0" type="cond" truecount="0" falsecount="2"/>
        <line num="929" count="0" type="stmt"/>
        <line num="931" count="0" type="stmt"/>
        <line num="935" count="0" type="stmt"/>
        <line num="936" count="0" type="stmt"/>
        <line num="937" count="0" type="cond" truecount="0" falsecount="2"/>
        <line num="940" count="0" type="stmt"/>
        <line num="941" count="0" type="stmt"/>
        <line num="942" count="0" type="cond" truecount="0" falsecount="2"/>
        <line num="943" count="0" type="stmt"/>
        <line num="944" count="0" type="stmt"/>
        <line num="945" count="0" type="stmt"/>
        <line num="949" count="0" type="stmt"/>
        <line num="950" count="0" type="stmt"/>
        <line num="951" count="0" type="cond" truecount="0" falsecount="2"/>
        <line num="952" count="0" type="stmt"/>
        <line num="953" count="0" type="stmt"/>
        <line num="954" count="0" type="stmt"/>
        <line num="958" count="0" type="stmt"/>
        <line num="959" count="0" type="stmt"/>
        <line num="960" count="0" type="cond" truecount="0" falsecount="2"/>
        <line num="961" count="0" type="stmt"/>
        <line num="962" count="0" type="stmt"/>
        <line num="963" count="0" type="stmt"/>
        <line num="967" count="0" type="stmt"/>
        <line num="968" count="0" type="stmt"/>
        <line num="969" count="0" type="cond" truecount="0" falsecount="2"/>
        <line num="970" count="0" type="stmt"/>
        <line num="971" count="0" type="stmt"/>
        <line num="975" count="0" type="stmt"/>
        <line num="976" count="0" type="stmt"/>
        <line num="982" count="0" type="cond" truecount="0" falsecount="2"/>
        <line num="983" count="0" type="stmt"/>
        <line num="984" count="0" type="stmt"/>
        <line num="985" count="0" type="stmt"/>
        <line num="986" count="0" type="stmt"/>
        <line num="987" count="0" type="stmt"/>
        <line num="988" count="0" type="stmt"/>
        <line num="992" count="0" type="stmt"/>
        <line num="1017" count="0" type="stmt"/>
        <line num="1021" count="0" type="stmt"/>
        <line num="1025" count="0" type="stmt"/>
        <line num="1030" count="0" type="stmt"/>
        <line num="1036" count="0" type="stmt"/>
        <line num="1039" count="0" type="stmt"/>
        <line num="1064" count="0" type="stmt"/>
        <line num="1065" count="0" type="stmt"/>
        <line num="1066" count="0" type="stmt"/>
        <line num="1067" count="0" type="stmt"/>
        <line num="1068" count="0" type="stmt"/>
        <line num="1077" count="0" type="stmt"/>
        <line num="1087" count="0" type="stmt"/>
        <line num="1097" count="0" type="cond" truecount="0" falsecount="2"/>
        <line num="1099" count="0" type="stmt"/>
        <line num="1106" count="0" type="stmt"/>
        <line num="1110" count="0" type="stmt"/>
        <line num="1111" count="0" type="stmt"/>
        <line num="1112" count="0" type="stmt"/>
        <line num="1114" count="0" type="stmt"/>
        <line num="1115" count="0" type="stmt"/>
        <line num="1117" count="0" type="stmt"/>
        <line num="1118" count="0" type="stmt"/>
        <line num="1136" count="0" type="cond" truecount="0" falsecount="2"/>
        <line num="1137" count="0" type="cond" truecount="0" falsecount="2"/>
        <line num="1138" count="0" type="stmt"/>
        <line num="1142" count="0" type="cond" truecount="0" falsecount="2"/>
        <line num="1143" count="0" type="cond" truecount="0" falsecount="2"/>
        <line num="1144" count="0" type="stmt"/>
        <line num="1148" count="0" type="cond" truecount="0" falsecount="2"/>
        <line num="1149" count="0" type="cond" truecount="0" falsecount="2"/>
        <line num="1150" count="0" type="stmt"/>
        <line num="1154" count="0" type="stmt"/>
        <line num="1157" count="0" type="stmt"/>
        <line num="1162" count="0" type="cond" truecount="0" falsecount="4"/>
        <line num="1176" count="0" type="stmt"/>
        <line num="1177" count="0" type="stmt"/>
        <line num="1178" count="0" type="stmt"/>
        <line num="1179" count="0" type="stmt"/>
        <line num="1180" count="0" type="stmt"/>
        <line num="1181" count="0" type="stmt"/>
        <line num="1182" count="0" type="stmt"/>
        <line num="1183" count="0" type="stmt"/>
        <line num="1184" count="0" type="stmt"/>
        <line num="1185" count="0" type="stmt"/>
        <line num="1186" count="0" type="stmt"/>
        <line num="1187" count="0" type="stmt"/>
        <line num="1188" count="0" type="stmt"/>
        <line num="1189" count="0" type="cond" truecount="0" falsecount="2"/>
        <line num="1191" count="0" type="stmt"/>
        <line num="1192" count="0" type="stmt"/>
        <line num="1193" count="0" type="stmt"/>
        <line num="1194" count="0" type="stmt"/>
        <line num="1197" count="0" type="stmt"/>
        <line num="1198" count="0" type="cond" truecount="0" falsecount="2"/>
        <line num="1199" count="0" type="stmt"/>
        <line num="1200" count="0" type="stmt"/>
        <line num="1203" count="0" type="stmt"/>
        <line num="1204" count="0" type="stmt"/>
        <line num="1205" count="0" type="stmt"/>
        <line num="1206" count="0" type="stmt"/>
        <line num="1216" count="0" type="cond" truecount="0" falsecount="2"/>
        <line num="1217" count="0" type="stmt"/>
        <line num="1218" count="0" type="cond" truecount="0" falsecount="2"/>
        <line num="1220" count="0" type="stmt"/>
        <line num="1221" count="0" type="stmt"/>
        <line num="1222" count="0" type="stmt"/>
        <line num="1223" count="0" type="stmt"/>
        <line num="1225" count="0" type="cond" truecount="0" falsecount="2"/>
        <line num="1227" count="0" type="stmt"/>
        <line num="1231" count="0" type="stmt"/>
        <line num="1232" count="0" type="stmt"/>
        <line num="1234" count="0" type="cond" truecount="0" falsecount="2"/>
        <line num="1235" count="0" type="stmt"/>
        <line num="1236" count="0" type="stmt"/>
        <line num="1239" count="0" type="cond" truecount="0" falsecount="2"/>
        <line num="1240" count="0" type="stmt"/>
        <line num="1241" count="0" type="stmt"/>
        <line num="1243" count="0" type="cond" truecount="0" falsecount="4"/>
        <line num="1244" count="0" type="stmt"/>
        <line num="1245" count="0" type="stmt"/>
        <line num="1248" count="0" type="stmt"/>
        <line num="1249" count="0" type="stmt"/>
        <line num="1251" count="0" type="stmt"/>
        <line num="1252" count="0" type="stmt"/>
        <line num="1271" count="0" type="stmt"/>
        <line num="1272" count="0" type="stmt"/>
        <line num="1273" count="0" type="stmt"/>
        <line num="1275" count="0" type="cond" truecount="0" falsecount="2"/>
        <line num="1277" count="0" type="stmt"/>
        <line num="1281" count="0" type="stmt"/>
        <line num="1282" count="0" type="cond" truecount="0" falsecount="2"/>
        <line num="1285" count="0" type="stmt"/>
        <line num="1286" count="0" type="cond" truecount="0" falsecount="2"/>
        <line num="1289" count="0" type="stmt"/>
        <line num="1290" count="0" type="stmt"/>
        <line num="1291" count="0" type="cond" truecount="0" falsecount="2"/>
        <line num="1292" count="0" type="stmt"/>
        <line num="1296" count="0" type="stmt"/>
        <line num="1298" count="0" type="cond" truecount="0" falsecount="2"/>
        <line num="1303" count="0" type="stmt"/>
        <line num="1304" count="0" type="stmt"/>
        <line num="1305" count="0" type="cond" truecount="0" falsecount="2"/>
        <line num="1306" count="0" type="cond" truecount="0" falsecount="2"/>
        <line num="1309" count="0" type="stmt"/>
        <line num="1310" count="0" type="stmt"/>
        <line num="1312" count="0" type="cond" truecount="0" falsecount="2"/>
        <line num="1314" count="0" type="cond" truecount="0" falsecount="2"/>
        <line num="1316" count="0" type="cond" truecount="0" falsecount="2"/>
        <line num="1317" count="0" type="stmt"/>
        <line num="1321" count="0" type="cond" truecount="0" falsecount="2"/>
        <line num="1323" count="0" type="stmt"/>
        <line num="1339" count="0" type="stmt"/>
        <line num="1340" count="0" type="cond" truecount="0" falsecount="2"/>
        <line num="1347" count="0" type="stmt"/>
        <line num="1348" count="0" type="cond" truecount="0" falsecount="2"/>
        <line num="1350" count="0" type="stmt"/>
        <line num="1351" count="0" type="stmt"/>
        <line num="1352" count="0" type="stmt"/>
        <line num="1353" count="0" type="stmt"/>
        <line num="1359" count="0" type="cond" truecount="0" falsecount="2"/>
        <line num="1360" count="0" type="stmt"/>
        <line num="1361" count="0" type="cond" truecount="0" falsecount="2"/>
        <line num="1364" count="0" type="stmt"/>
        <line num="1365" count="0" type="cond" truecount="0" falsecount="2"/>
        <line num="1366" count="0" type="stmt"/>
        <line num="1367" count="0" type="cond" truecount="0" falsecount="4"/>
        <line num="1370" count="0" type="stmt"/>
        <line num="1371" count="0" type="stmt"/>
        <line num="1372" count="0" type="stmt"/>
        <line num="1373" count="0" type="cond" truecount="0" falsecount="2"/>
        <line num="1374" count="0" type="stmt"/>
        <line num="1375" count="0" type="stmt"/>
        <line num="1376" count="0" type="stmt"/>
        <line num="1377" count="0" type="stmt"/>
        <line num="1379" count="0" type="cond" truecount="0" falsecount="2"/>
        <line num="1381" count="0" type="stmt"/>
        <line num="1385" count="0" type="stmt"/>
        <line num="1396" count="0" type="stmt"/>
        <line num="1397" count="0" type="stmt"/>
        <line num="1410" count="0" type="stmt"/>
        <line num="1411" count="0" type="stmt"/>
        <line num="1422" count="0" type="stmt"/>
        <line num="1423" count="0" type="stmt"/>
        <line num="1433" count="0" type="stmt"/>
        <line num="1434" count="0" type="stmt"/>
        <line num="1444" count="0" type="stmt"/>
        <line num="1445" count="0" type="stmt"/>
        <line num="1469" count="0" type="stmt"/>
        <line num="1470" count="0" type="stmt"/>
        <line num="1471" count="0" type="stmt"/>
        <line num="1472" count="0" type="stmt"/>
        <line num="1473" count="0" type="stmt"/>
        <line num="1510" count="0" type="stmt"/>
        <line num="1516" count="0" type="stmt"/>
        <line num="1521" count="0" type="cond" truecount="0" falsecount="2"/>
        <line num="1525" count="0" type="cond" truecount="0" falsecount="2"/>
        <line num="1572" count="0" type="stmt"/>
        <line num="1573" count="0" type="cond" truecount="0" falsecount="2"/>
        <line num="1575" count="0" type="stmt"/>
        <line num="1600" count="0" type="stmt"/>
        <line num="1608" count="0" type="stmt"/>
        <line num="1640" count="0" type="cond" truecount="0" falsecount="2"/>
        <line num="1641" count="0" type="stmt"/>
        <line num="1646" count="0" type="stmt"/>
        <line num="1653" count="0" type="stmt"/>
        <line num="1666" count="0" type="stmt"/>
        <line num="1680" count="0" type="stmt"/>
        <line num="1681" count="0" type="stmt"/>
        <line num="1683" count="0" type="stmt"/>
        <line num="1684" count="0" type="stmt"/>
        <line num="1685" count="0" type="stmt"/>
        <line num="1686" count="0" type="stmt"/>
        <line num="1689" count="0" type="stmt"/>
        <line num="1690" count="0" type="cond" truecount="0" falsecount="4"/>
        <line num="1691" count="0" type="stmt"/>
        <line num="1693" count="0" type="cond" truecount="0" falsecount="2"/>
        <line num="1697" count="0" type="stmt"/>
        <line num="1718" count="0" type="stmt"/>
        <line num="1747" count="0" type="stmt"/>
        <line num="1748" count="0" type="stmt"/>
        <line num="1749" count="0" type="stmt"/>
        <line num="1750" count="0" type="stmt"/>
        <line num="1751" count="0" type="stmt"/>
        <line num="1753" count="0" type="stmt"/>
        <line num="1754" count="0" type="stmt"/>
        <line num="1755" count="0" type="stmt"/>
        <line num="1756" count="0" type="cond" truecount="0" falsecount="2"/>
        <line num="1757" count="0" type="stmt"/>
        <line num="1758" count="0" type="stmt"/>
        <line num="1759" count="0" type="stmt"/>
        <line num="1760" count="0" type="stmt"/>
        <line num="1763" count="0" type="stmt"/>
        <line num="1764" count="0" type="stmt"/>
        <line num="1765" count="0" type="stmt"/>
        <line num="1766" count="0" type="cond" truecount="0" falsecount="2"/>
        <line num="1769" count="0" type="stmt"/>
        <line num="1770" count="0" type="stmt"/>
        <line num="1771" count="0" type="stmt"/>
        <line num="1772" count="0" type="stmt"/>
        <line num="1773" count="0" type="stmt"/>
        <line num="1774" count="0" type="stmt"/>
        <line num="1775" count="0" type="stmt"/>
        <line num="1776" count="0" type="stmt"/>
        <line num="1778" count="0" type="cond" truecount="0" falsecount="2"/>
        <line num="1779" count="0" type="stmt"/>
        <line num="1780" count="0" type="stmt"/>
        <line num="1784" count="0" type="stmt"/>
        <line num="1785" count="0" type="cond" truecount="0" falsecount="2"/>
        <line num="1787" count="0" type="stmt"/>
        <line num="1788" count="0" type="stmt"/>
        <line num="1790" count="0" type="stmt"/>
        <line num="1791" count="0" type="stmt"/>
        <line num="1792" count="0" type="stmt"/>
        <line num="1793" count="0" type="stmt"/>
        <line num="1798" count="0" type="cond" truecount="0" falsecount="2"/>
        <line num="1799" count="0" type="stmt"/>
        <line num="1800" count="0" type="cond" truecount="0" falsecount="2"/>
        <line num="1803" count="0" type="stmt"/>
        <line num="1804" count="0" type="stmt"/>
        <line num="1812" count="0" type="stmt"/>
        <line num="1813" count="0" type="stmt"/>
        <line num="1814" count="0" type="stmt"/>
        <line num="1815" count="0" type="stmt"/>
        <line num="1816" count="0" type="stmt"/>
        <line num="1817" count="0" type="stmt"/>
        <line num="1819" count="0" type="cond" truecount="0" falsecount="2"/>
        <line num="1820" count="0" type="stmt"/>
        <line num="1824" count="0" type="stmt"/>
        <line num="1844" count="0" type="stmt"/>
        <line num="1869" count="0" type="cond" truecount="0" falsecount="2"/>
        <line num="1881" count="0" type="stmt"/>
        <line num="1899" count="0" type="stmt"/>
        <line num="1924" count="0" type="stmt"/>
        <line num="1926" count="0" type="stmt"/>
        <line num="1927" count="0" type="stmt"/>
        <line num="1928" count="0" type="stmt"/>
        <line num="1929" count="0" type="stmt"/>
        <line num="1930" count="0" type="stmt"/>
        <line num="1934" count="0" type="stmt"/>
        <line num="1935" count="0" type="stmt"/>
        <line num="1936" count="0" type="stmt"/>
        <line num="1938" count="0" type="cond" truecount="0" falsecount="2"/>
        <line num="1940" count="0" type="stmt"/>
        <line num="1941" count="0" type="stmt"/>
        <line num="1945" count="0" type="stmt"/>
        <line num="1946" count="0" type="stmt"/>
        <line num="1947" count="0" type="stmt"/>
        <line num="1971" count="0" type="stmt"/>
        <line num="1972" count="0" type="stmt"/>
        <line num="1976" count="0" type="stmt"/>
        <line num="1977" count="0" type="stmt"/>
        <line num="1978" count="0" type="stmt"/>
        <line num="1982" count="0" type="stmt"/>
        <line num="1983" count="0" type="stmt"/>
        <line num="1985" count="0" type="stmt"/>
        <line num="1988" count="0" type="stmt"/>
        <line num="1989" count="0" type="stmt"/>
        <line num="1993" count="0" type="stmt"/>
        <line num="1994" count="0" type="stmt"/>
        <line num="1995" count="0" type="stmt"/>
        <line num="1996" count="0" type="stmt"/>
        <line num="1997" count="0" type="cond" truecount="0" falsecount="5"/>
        <line num="1998" count="0" type="stmt"/>
        <line num="1999" count="0" type="stmt"/>
        <line num="2000" count="0" type="stmt"/>
        <line num="2001" count="0" type="stmt"/>
        <line num="2002" count="0" type="stmt"/>
        <line num="2003" count="0" type="stmt"/>
        <line num="2007" count="0" type="stmt"/>
        <line num="2008" count="0" type="cond" truecount="0" falsecount="4"/>
        <line num="2009" count="0" type="stmt"/>
        <line num="2010" count="0" type="stmt"/>
        <line num="2013" count="0" type="stmt"/>
        <line num="2014" count="0" type="stmt"/>
        <line num="2015" count="0" type="stmt"/>
        <line num="2016" count="0" type="cond" truecount="0" falsecount="4"/>
        <line num="2017" count="0" type="stmt"/>
        <line num="2018" count="0" type="stmt"/>
        <line num="2019" count="0" type="stmt"/>
        <line num="2020" count="0" type="stmt"/>
        <line num="2021" count="0" type="stmt"/>
        <line num="2022" count="0" type="stmt"/>
        <line num="2024" count="0" type="stmt"/>
        <line num="2027" count="0" type="stmt"/>
        <line num="2028" count="0" type="stmt"/>
        <line num="2029" count="0" type="stmt"/>
        <line num="2031" count="0" type="cond" truecount="0" falsecount="2"/>
        <line num="2034" count="0" type="cond" truecount="0" falsecount="2"/>
        <line num="2038" count="0" type="stmt"/>
        <line num="2039" count="0" type="stmt"/>
        <line num="2043" count="0" type="stmt"/>
        <line num="2044" count="0" type="stmt"/>
        <line num="2045" count="0" type="stmt"/>
        <line num="2047" count="0" type="cond" truecount="0" falsecount="2"/>
        <line num="2051" count="0" type="stmt"/>
        <line num="2052" count="0" type="stmt"/>
        <line num="2056" count="0" type="stmt"/>
        <line num="2057" count="0" type="stmt"/>
        <line num="2058" count="0" type="stmt"/>
        <line num="2060" count="0" type="cond" truecount="0" falsecount="2"/>
        <line num="2061" count="0" type="stmt"/>
        <line num="2064" count="0" type="stmt"/>
        <line num="2065" count="0" type="stmt"/>
        <line num="2069" count="0" type="stmt"/>
        <line num="2070" count="0" type="stmt"/>
        <line num="2071" count="0" type="stmt"/>
        <line num="2073" count="0" type="cond" truecount="0" falsecount="2"/>
        <line num="2075" count="0" type="stmt"/>
        <line num="2076" count="0" type="stmt"/>
        <line num="2080" count="0" type="stmt"/>
        <line num="2081" count="0" type="stmt"/>
        <line num="2082" count="0" type="stmt"/>
        <line num="2097" count="0" type="stmt"/>
        <line num="2098" count="0" type="stmt"/>
        <line num="2102" count="0" type="stmt"/>
        <line num="2103" count="0" type="stmt"/>
        <line num="2104" count="0" type="stmt"/>
        <line num="2106" count="0" type="stmt"/>
        <line num="2108" count="0" type="stmt"/>
        <line num="2109" count="0" type="stmt"/>
        <line num="2113" count="0" type="stmt"/>
        <line num="2114" count="0" type="stmt"/>
        <line num="2115" count="0" type="stmt"/>
        <line num="2118" count="0" type="cond" truecount="0" falsecount="2"/>
        <line num="2119" count="0" type="stmt"/>
        <line num="2120" count="0" type="stmt"/>
        <line num="2123" count="0" type="stmt"/>
        <line num="2128" count="0" type="stmt"/>
        <line num="2129" count="0" type="stmt"/>
        <line num="2133" count="0" type="stmt"/>
        <line num="2134" count="0" type="stmt"/>
        <line num="2135" count="0" type="stmt"/>
        <line num="2137" count="0" type="cond" truecount="0" falsecount="2"/>
        <line num="2139" count="0" type="stmt"/>
        <line num="2140" count="0" type="stmt"/>
        <line num="2144" count="0" type="stmt"/>
        <line num="2145" count="0" type="stmt"/>
        <line num="2146" count="0" type="cond" truecount="0" falsecount="2"/>
        <line num="2147" count="0" type="stmt"/>
        <line num="2148" count="0" type="cond" truecount="0" falsecount="4"/>
        <line num="2149" count="0" type="stmt"/>
        <line num="2151" count="0" type="stmt"/>
        <line num="2152" count="0" type="stmt"/>
        <line num="2168" count="0" type="stmt"/>
        <line num="2169" count="0" type="stmt"/>
        <line num="2173" count="0" type="stmt"/>
        <line num="2174" count="0" type="stmt"/>
        <line num="2175" count="0" type="stmt"/>
        <line num="2177" count="0" type="stmt"/>
        <line num="2179" count="0" type="stmt"/>
        <line num="2180" count="0" type="stmt"/>
        <line num="2184" count="0" type="stmt"/>
        <line num="2185" count="0" type="stmt"/>
        <line num="2186" count="0" type="stmt"/>
        <line num="2187" count="0" type="stmt"/>
        <line num="2188" count="0" type="cond" truecount="0" falsecount="5"/>
        <line num="2189" count="0" type="stmt"/>
        <line num="2190" count="0" type="stmt"/>
        <line num="2191" count="0" type="stmt"/>
        <line num="2192" count="0" type="stmt"/>
        <line num="2193" count="0" type="stmt"/>
        <line num="2194" count="0" type="stmt"/>
        <line num="2198" count="0" type="stmt"/>
        <line num="2199" count="0" type="stmt"/>
        <line num="2200" count="0" type="stmt"/>
        <line num="2203" count="0" type="cond" truecount="0" falsecount="2"/>
        <line num="2204" count="0" type="cond" truecount="0" falsecount="2"/>
        <line num="2205" count="0" type="stmt"/>
        <line num="2206" count="0" type="cond" truecount="0" falsecount="2"/>
        <line num="2207" count="0" type="stmt"/>
        <line num="2211" count="0" type="cond" truecount="0" falsecount="2"/>
        <line num="2215" count="0" type="stmt"/>
        <line num="2216" count="0" type="stmt"/>
        <line num="2220" count="0" type="stmt"/>
        <line num="2221" count="0" type="stmt"/>
        <line num="2222" count="0" type="cond" truecount="0" falsecount="2"/>
        <line num="2223" count="0" type="stmt"/>
        <line num="2224" count="0" type="stmt"/>
        <line num="2227" count="0" type="cond" truecount="0" falsecount="2"/>
        <line num="2228" count="0" type="stmt"/>
        <line num="2229" count="0" type="cond" truecount="0" falsecount="2"/>
        <line num="2230" count="0" type="stmt"/>
        <line num="2232" count="0" type="cond" truecount="0" falsecount="2"/>
        <line num="2237" count="0" type="stmt"/>
        <line num="2238" count="0" type="stmt"/>
        <line num="2242" count="0" type="stmt"/>
        <line num="2243" count="0" type="stmt"/>
        <line num="2244" count="0" type="stmt"/>
        <line num="2246" count="0" type="cond" truecount="0" falsecount="2"/>
        <line num="2247" count="0" type="stmt"/>
        <line num="2250" count="0" type="stmt"/>
        <line num="2251" count="0" type="stmt"/>
        <line num="2255" count="0" type="stmt"/>
        <line num="2256" count="0" type="stmt"/>
        <line num="2257" count="0" type="stmt"/>
        <line num="2258" count="0" type="stmt"/>
        <line num="2259" count="0" type="stmt"/>
        <line num="2260" count="0" type="stmt"/>
        <line num="2264" count="0" type="stmt"/>
        <line num="2265" count="0" type="stmt"/>
        <line num="2267" count="0" type="stmt"/>
        <line num="2268" count="0" type="stmt"/>
        <line num="2269" count="0" type="stmt"/>
        <line num="2271" count="0" type="cond" truecount="0" falsecount="2"/>
        <line num="2273" count="0" type="stmt"/>
        <line num="2274" count="0" type="stmt"/>
        <line num="2278" count="0" type="stmt"/>
        <line num="2279" count="0" type="stmt"/>
        <line num="2280" count="0" type="stmt"/>
        <line num="2287" count="0" type="stmt"/>
        <line num="2288" count="0" type="stmt"/>
        <line num="2292" count="0" type="stmt"/>
        <line num="2293" count="0" type="stmt"/>
        <line num="2294" count="0" type="stmt"/>
        <line num="2296" count="0" type="cond" truecount="0" falsecount="2"/>
        <line num="2298" count="0" type="stmt"/>
        <line num="2299" count="0" type="stmt"/>
        <line num="2303" count="0" type="stmt"/>
        <line num="2304" count="0" type="stmt"/>
        <line num="2305" count="0" type="stmt"/>
        <line num="2307" count="0" type="cond" truecount="0" falsecount="2"/>
        <line num="2309" count="0" type="stmt"/>
        <line num="2310" count="0" type="stmt"/>
        <line num="2314" count="0" type="stmt"/>
        <line num="2315" count="0" type="stmt"/>
        <line num="2316" count="0" type="stmt"/>
        <line num="2323" count="0" type="stmt"/>
        <line num="2324" count="0" type="stmt"/>
        <line num="2328" count="0" type="stmt"/>
        <line num="2329" count="0" type="stmt"/>
        <line num="2330" count="0" type="stmt"/>
        <line num="2334" count="0" type="stmt"/>
        <line num="2336" count="0" type="stmt"/>
        <line num="2337" count="0" type="stmt"/>
        <line num="2341" count="0" type="stmt"/>
        <line num="2342" count="0" type="cond" truecount="0" falsecount="3"/>
        <line num="2343" count="0" type="stmt"/>
        <line num="2352" count="0" type="stmt"/>
        <line num="2362" count="0" type="stmt"/>
        <line num="2365" count="0" type="stmt"/>
        <line num="2368" count="0" type="stmt"/>
        <line num="2371" count="0" type="stmt"/>
        <line num="2374" count="0" type="stmt"/>
        <line num="2377" count="0" type="stmt"/>
        <line num="2380" count="0" type="stmt"/>
        <line num="2383" count="0" type="stmt"/>
        <line num="2386" count="0" type="stmt"/>
        <line num="2389" count="0" type="stmt"/>
        <line num="2392" count="0" type="stmt"/>
        <line num="2413" count="0" type="stmt"/>
        <line num="2421" count="0" type="stmt"/>
        <line num="2422" count="0" type="stmt"/>
        <line num="2425" count="0" type="cond" truecount="0" falsecount="2"/>
        <line num="2427" count="0" type="stmt"/>
        <line num="2428" count="0" type="stmt"/>
        <line num="2441" count="0" type="stmt"/>
        <line num="2451" count="0" type="stmt"/>
        <line num="2471" count="0" type="stmt"/>
        <line num="2480" count="0" type="stmt"/>
        <line num="2483" count="0" type="stmt"/>
        <line num="2486" count="0" type="stmt"/>
        <line num="2489" count="0" type="stmt"/>
        <line num="2492" count="0" type="stmt"/>
        <line num="2495" count="0" type="stmt"/>
        <line num="2498" count="0" type="stmt"/>
        <line num="2501" count="0" type="cond" truecount="0" falsecount="2"/>
        <line num="2509" count="0" type="stmt"/>
        <line num="2510" count="0" type="cond" truecount="0" falsecount="2"/>
        <line num="2522" count="0" type="stmt"/>
        <line num="2532" count="0" type="stmt"/>
        <line num="2542" count="0" type="stmt"/>
        <line num="2554" count="0" type="stmt"/>
        <line num="2563" count="0" type="stmt"/>
        <line num="2564" count="0" type="stmt"/>
        <line num="2565" count="0" type="stmt"/>
        <line num="2569" count="0" type="stmt"/>
        <line num="2585" count="0" type="stmt"/>
        <line num="2623" count="0" type="stmt"/>
        <line num="2631" count="0" type="stmt"/>
        <line num="2639" count="0" type="stmt"/>
        <line num="2642" count="0" type="stmt"/>
        <line num="2645" count="0" type="stmt"/>
        <line num="2648" count="0" type="stmt"/>
        <line num="2656" count="0" type="stmt"/>
        <line num="2671" count="0" type="stmt"/>
        <line num="2676" count="0" type="stmt"/>
        <line num="2691" count="0" type="stmt"/>
        <line num="2710" count="0" type="stmt"/>
        <line num="2719" count="0" type="stmt"/>
        <line num="2722" count="0" type="stmt"/>
        <line num="2725" count="0" type="stmt"/>
        <line num="2728" count="0" type="stmt"/>
        <line num="2731" count="0" type="stmt"/>
        <line num="2740" count="0" type="stmt"/>
        <line num="2759" count="0" type="stmt"/>
        <line num="2768" count="0" type="stmt"/>
        <line num="2771" count="0" type="stmt"/>
        <line num="2774" count="0" type="stmt"/>
        <line num="2777" count="0" type="stmt"/>
        <line num="2815" count="71" type="stmt"/>
        <line num="2816" count="71" type="stmt"/>
        <line num="2817" count="71" type="stmt"/>
        <line num="2818" count="71" type="stmt"/>
        <line num="2819" count="71" type="stmt"/>
        <line num="2820" count="71" type="stmt"/>
        <line num="2821" count="71" type="stmt"/>
        <line num="2823" count="71" type="stmt"/>
        <line num="2824" count="71" type="stmt"/>
        <line num="2825" count="35" type="stmt"/>
        <line num="2826" count="35" type="stmt"/>
        <line num="2827" count="770" type="stmt"/>
        <line num="2829" count="729" type="cond" truecount="2" falsecount="0"/>
        <line num="2830" count="252" type="stmt"/>
        <line num="2835" count="1470" type="stmt"/>
        <line num="2838" count="71" type="stmt"/>
        <line num="2840" count="71" type="stmt"/>
        <line num="2841" count="4" type="stmt"/>
        <line num="2842" count="4" type="stmt"/>
        <line num="2843" count="4" type="stmt"/>
        <line num="2844" count="4" type="stmt"/>
        <line num="2847" count="71" type="stmt"/>
        <line num="2848" count="2" type="cond" truecount="3" falsecount="1"/>
        <line num="2849" count="2" type="stmt"/>
        <line num="2850" count="2" type="stmt"/>
        <line num="2853" count="71" type="stmt"/>
        <line num="2854" count="2" type="stmt"/>
        <line num="2855" count="2" type="stmt"/>
        <line num="2856" count="2" type="cond" truecount="1" falsecount="1"/>
        <line num="2859" count="71" type="stmt"/>
        <line num="2860" count="1083" type="stmt"/>
        <line num="2861" count="1083" type="stmt"/>
        <line num="2864" count="71" type="stmt"/>
        <line num="2866" count="71" type="stmt"/>
        <line num="2867" count="20" type="stmt"/>
        <line num="2870" count="71" type="stmt"/>
        <line num="2871" count="12" type="cond" truecount="2" falsecount="0"/>
        <line num="2872" count="1" type="stmt"/>
        <line num="2873" count="1" type="stmt"/>
        <line num="2874" count="1" type="stmt"/>
        <line num="2876" count="11" type="cond" truecount="1" falsecount="1"/>
        <line num="2877" count="0" type="stmt"/>
        <line num="2878" count="0" type="stmt"/>
        <line num="2879" count="0" type="stmt"/>
        <line num="2881" count="11" type="cond" truecount="1" falsecount="1"/>
        <line num="2882" count="0" type="stmt"/>
        <line num="2883" count="0" type="stmt"/>
        <line num="2884" count="0" type="stmt"/>
        <line num="2886" count="11" type="cond" truecount="2" falsecount="0"/>
        <line num="2887" count="1" type="stmt"/>
        <line num="2888" count="1" type="cond" truecount="1" falsecount="1"/>
        <line num="2889" count="1" type="stmt"/>
        <line num="2890" count="1" type="stmt"/>
        <line num="2892" count="0" type="stmt"/>
        <line num="2896" count="71" type="stmt"/>
        <line num="2904" count="4" type="stmt"/>
        <line num="2905" count="4" type="stmt"/>
        <line num="2906" count="4" type="stmt"/>
        <line num="2907" count="4" type="stmt"/>
        <line num="2908" count="144" type="cond" truecount="2" falsecount="0"/>
        <line num="2930" count="10" type="stmt"/>
        <line num="2931" count="10" type="stmt"/>
        <line num="2947" count="60" type="stmt"/>
        <line num="2948" count="60" type="cond" truecount="2" falsecount="0"/>
        <line num="2949" count="44" type="stmt"/>
        <line num="2955" count="2245" type="stmt"/>
        <line num="2956" count="233" type="stmt"/>
        <line num="2957" count="233" type="stmt"/>
        <line num="2958" count="233" type="stmt"/>
        <line num="2970" count="1" type="stmt"/>
        <line num="2971" count="1" type="stmt"/>
        <line num="3025" count="230" type="stmt"/>
        <line num="3026" count="151" type="stmt"/>
        <line num="3027" count="151" type="stmt"/>
        <line num="3035" count="3" type="stmt"/>
        <line num="3052" count="1" type="stmt"/>
        <line num="3062" count="0" type="stmt"/>
        <line num="3072" count="1" type="stmt"/>
        <line num="3085" count="160" type="stmt"/>
        <line num="3086" count="160" type="stmt"/>
        <line num="3087" count="160" type="cond" truecount="2" falsecount="0"/>
        <line num="3088" count="160" type="stmt"/>
        <line num="3096" count="9" type="stmt"/>
        <line num="3098" count="9" type="cond" truecount="2" falsecount="0"/>
        <line num="3099" count="1" type="stmt"/>
        <line num="3100" count="1" type="stmt"/>
        <line num="3101" count="1" type="stmt"/>
        <line num="3103" count="9" type="cond" truecount="1" falsecount="1"/>
        <line num="3106" count="0" type="stmt"/>
        <line num="3107" count="0" type="stmt"/>
        <line num="3119" count="1" type="stmt"/>
        <line num="3120" count="1" type="stmt"/>
        <line num="3131" count="1" type="stmt"/>
        <line num="3147" count="6" type="stmt"/>
        <line num="3149" count="7" type="cond" truecount="2" falsecount="0"/>
        <line num="3150" count="1" type="stmt"/>
        <line num="3151" count="1" type="stmt"/>
        <line num="3152" count="1" type="stmt"/>
        <line num="3154" count="7" type="cond" truecount="1" falsecount="1"/>
        <line num="3160" count="0" type="stmt"/>
        <line num="3161" count="0" type="stmt"/>
        <line num="3165" count="0" type="stmt"/>
        <line num="3173" count="1" type="stmt"/>
        <line num="3193" count="4" type="stmt"/>
        <line num="3194" count="2" type="stmt"/>
        <line num="3199" count="2" type="stmt"/>
        <line num="3201" count="6" type="stmt"/>
        <line num="3202" count="6" type="stmt"/>
        <line num="3204" count="2" type="stmt"/>
        <line num="3221" count="4" type="cond" truecount="1" falsecount="1"/>
        <line num="3222" count="4" type="stmt"/>
        <line num="3238" count="12" type="stmt"/>
        <line num="3240" count="2" type="stmt"/>
        <line num="3245" count="2" type="cond" truecount="1" falsecount="3"/>
        <line num="3246" count="2" type="stmt"/>
        <line num="3252" count="6" type="stmt"/>
        <line num="3256" count="2" type="cond" truecount="1" falsecount="1"/>
        <line num="3257" count="2" type="stmt"/>
        <line num="3266" count="2" type="cond" truecount="2" falsecount="0"/>
        <line num="3267" count="0" type="stmt"/>
        <line num="3279" count="4" type="cond" truecount="1" falsecount="0"/>
        <line num="3280" count="4" type="cond" truecount="1" falsecount="2"/>
        <line num="3281" count="4" type="stmt"/>
        <line num="3296" count="8" type="stmt"/>
        <line num="3310" count="4" type="cond" truecount="1" falsecount="1"/>
        <line num="3316" count="1" type="stmt"/>
        <line num="3327" count="4" type="stmt"/>
        <line num="3337" count="0" type="stmt"/>
        <line num="3349" count="8" type="stmt"/>
        <line num="3350" count="4" type="stmt"/>
        <line num="3355" count="4" type="cond" truecount="1" falsecount="1"/>
        <line num="3359" count="1" type="stmt"/>
        <line num="3360" count="1" type="stmt"/>
        <line num="3361" count="1" type="cond" truecount="1" falsecount="3"/>
        <line num="3364" count="1" type="cond" truecount="1" falsecount="1"/>
        <line num="3365" count="1" type="cond" truecount="1" falsecount="1"/>
        <line num="3366" count="1" type="cond" truecount="1" falsecount="1"/>
        <line num="3367" count="1" type="cond" truecount="1" falsecount="1"/>
        <line num="3368" count="0" type="stmt"/>
        <line num="3369" count="1" type="cond" truecount="1" falsecount="1"/>
        <line num="3370" count="0" type="stmt"/>
        <line num="3372" count="1" type="cond" truecount="1" falsecount="1"/>
        <line num="3373" count="1" type="stmt"/>
        <line num="3378" count="1" type="stmt"/>
        <line num="3380" count="3" type="cond" truecount="2" falsecount="0"/>
        <line num="3381" count="1" type="cond" truecount="1" falsecount="1"/>
        <line num="3382" count="1" type="stmt"/>
        <line num="3383" count="1" type="stmt"/>
        <line num="3384" count="1" type="stmt"/>
        <line num="3385" count="3" type="stmt"/>
        <line num="3386" count="3" type="cond" truecount="2" falsecount="2"/>
        <line num="3387" count="3" type="cond" truecount="1" falsecount="1"/>
        <line num="3388" count="3" type="stmt"/>
        <line num="3389" count="3" type="cond" truecount="1" falsecount="1"/>
        <line num="3390" count="3" type="cond" truecount="1" falsecount="1"/>
        <line num="3391" count="3" type="stmt"/>
        <line num="3392" count="3" type="stmt"/>
        <line num="3393" count="3" type="stmt"/>
        <line num="3394" count="8" type="stmt"/>
        <line num="3395" count="8" type="cond" truecount="1" falsecount="1"/>
        <line num="3396" count="8" type="cond" truecount="1" falsecount="1"/>
        <line num="3397" count="8" type="stmt"/>
        <line num="3400" count="1" type="cond" truecount="1" falsecount="1"/>
        <line num="3401" count="0" type="stmt"/>
        <line num="3403" count="1" type="stmt"/>
        <line num="3404" count="1" type="cond" truecount="1" falsecount="5"/>
        <line num="3406" count="1" type="stmt"/>
        <line num="3407" count="1" type="cond" truecount="1" falsecount="1"/>
        <line num="3408" count="1" type="cond" truecount="1" falsecount="1"/>
        <line num="3409" count="1" type="cond" truecount="1" falsecount="1"/>
        <line num="3410" count="1" type="cond" truecount="1" falsecount="1"/>
        <line num="3411" count="1" type="cond" truecount="3" falsecount="1"/>
        <line num="3412" count="1" type="stmt"/>
        <line num="3413" count="1" type="cond" truecount="1" falsecount="1"/>
        <line num="3414" count="1" type="cond" truecount="5" falsecount="1"/>
        <line num="3415" count="1" type="stmt"/>
        <line num="3416" count="0" type="cond" truecount="0" falsecount="6"/>
        <line num="3417" count="0" type="stmt"/>
        <line num="3423" count="1" type="stmt"/>
        <line num="3424" count="1" type="cond" truecount="1" falsecount="4"/>
        <line num="3426" count="1" type="stmt"/>
        <line num="3427" count="1" type="cond" truecount="1" falsecount="1"/>
        <line num="3428" count="1" type="cond" truecount="1" falsecount="1"/>
        <line num="3429" count="1" type="cond" truecount="1" falsecount="1"/>
        <line num="3432" count="1" type="stmt"/>
        <line num="3433" count="1" type="stmt"/>
        <line num="3434" count="1" type="cond" truecount="1" falsecount="5"/>
        <line num="3436" count="1" type="stmt"/>
        <line num="3437" count="1" type="cond" truecount="1" falsecount="1"/>
        <line num="3438" count="1" type="stmt"/>
        <line num="3439" count="1" type="cond" truecount="1" falsecount="1"/>
        <line num="3440" count="1" type="cond" truecount="1" falsecount="1"/>
        <line num="3441" count="1" type="stmt"/>
        <line num="3442" count="1" type="cond" truecount="1" falsecount="1"/>
        <line num="3446" count="1" type="stmt"/>
        <line num="3447" count="1" type="cond" truecount="4" falsecount="0"/>
        <line num="3449" count="0" type="stmt"/>
        <line num="3450" count="0" type="cond" truecount="0" falsecount="2"/>
        <line num="3451" count="0" type="cond" truecount="0" falsecount="2"/>
        <line num="3454" count="1" type="stmt"/>
        <line num="3458" count="0" type="stmt"/>
        <line num="3467" count="0" type="stmt"/>
        <line num="3483" count="0" type="stmt"/>
        <line num="3511" count="0" type="cond" truecount="0" falsecount="2"/>
        <line num="3512" count="0" type="cond" truecount="0" falsecount="2"/>
        <line num="3513" count="0" type="cond" truecount="0" falsecount="2"/>
        <line num="3514" count="0" type="cond" truecount="0" falsecount="4"/>
        <line num="3516" count="0" type="stmt"/>
        <line num="3549" count="0" type="stmt"/>
        <line num="3555" count="0" type="stmt"/>
        <line num="3559" count="0" type="stmt"/>
        <line num="3575" count="0" type="stmt"/>
        <line num="3576" count="0" type="stmt"/>
        <line num="3577" count="0" type="cond" truecount="0" falsecount="4"/>
        <line num="3578" count="0" type="cond" truecount="0" falsecount="3"/>
        <line num="3579" count="0" type="cond" truecount="0" falsecount="4"/>
        <line num="3581" count="0" type="stmt"/>
        <line num="3596" count="0" type="stmt"/>
        <line num="3605" count="0" type="stmt"/>
        <line num="3625" count="0" type="stmt"/>
        <line num="3636" count="0" type="stmt"/>
        <line num="3642" count="0" type="stmt"/>
        <line num="3661" count="0" type="stmt"/>
        <line num="3669" count="0" type="stmt"/>
        <line num="3670" count="0" type="stmt"/>
        <line num="3671" count="0" type="stmt"/>
        <line num="3672" count="0" type="stmt"/>
        <line num="3673" count="0" type="stmt"/>
        <line num="3674" count="0" type="stmt"/>
        <line num="3675" count="0" type="stmt"/>
        <line num="3676" count="0" type="stmt"/>
        <line num="3690" count="0" type="stmt"/>
        <line num="3691" count="0" type="stmt"/>
        <line num="3692" count="0" type="stmt"/>
        <line num="3693" count="0" type="stmt"/>
        <line num="3694" count="0" type="stmt"/>
        <line num="3695" count="0" type="stmt"/>
        <line num="3696" count="0" type="stmt"/>
        <line num="3698" count="0" type="stmt"/>
        <line num="3699" count="0" type="cond" truecount="0" falsecount="2"/>
        <line num="3700" count="0" type="stmt"/>
        <line num="3701" count="0" type="stmt"/>
        <line num="3702" count="0" type="stmt"/>
        <line num="3703" count="0" type="stmt"/>
        <line num="3705" count="0" type="stmt"/>
        <line num="3709" count="0" type="stmt"/>
        <line num="3710" count="0" type="cond" truecount="0" falsecount="2"/>
        <line num="3711" count="0" type="stmt"/>
        <line num="3713" count="0" type="stmt"/>
        <line num="3716" count="0" type="stmt"/>
        <line num="3717" count="0" type="stmt"/>
        <line num="3718" count="0" type="stmt"/>
        <line num="3719" count="0" type="stmt"/>
        <line num="3720" count="0" type="stmt"/>
        <line num="3722" count="0" type="cond" truecount="0" falsecount="2"/>
        <line num="3724" count="0" type="stmt"/>
        <line num="3728" count="0" type="stmt"/>
        <line num="3729" count="0" type="stmt"/>
        <line num="3730" count="0" type="stmt"/>
        <line num="3731" count="0" type="stmt"/>
        <line num="3732" count="0" type="stmt"/>
        <line num="3733" count="0" type="cond" truecount="0" falsecount="2"/>
        <line num="3736" count="0" type="stmt"/>
        <line num="3738" count="0" type="cond" truecount="0" falsecount="2"/>
        <line num="3740" count="0" type="stmt"/>
        <line num="3744" count="0" type="stmt"/>
        <line num="3755" count="0" type="stmt"/>
        <line num="3780" count="0" type="stmt"/>
        <line num="3784" count="0" type="stmt"/>
        <line num="3786" count="0" type="stmt"/>
        <line num="3794" count="0" type="stmt"/>
        <line num="3804" count="0" type="stmt"/>
        <line num="3815" count="0" type="stmt"/>
        <line num="3826" count="0" type="stmt"/>
        <line num="3847" count="0" type="stmt"/>
        <line num="3881" count="0" type="stmt"/>
        <line num="3900" count="0" type="stmt"/>
        <line num="3915" count="0" type="stmt"/>
        <line num="3916" count="0" type="stmt"/>
        <line num="3917" count="0" type="stmt"/>
        <line num="3918" count="0" type="stmt"/>
        <line num="3919" count="0" type="cond" truecount="0" falsecount="2"/>
        <line num="3920" count="0" type="stmt"/>
        <line num="3922" count="0" type="cond" truecount="0" falsecount="6"/>
        <line num="3924" count="0" type="stmt"/>
        <line num="3939" count="0" type="stmt"/>
        <line num="3956" count="0" type="stmt"/>
        <line num="3957" count="0" type="stmt"/>
        <line num="3958" count="0" type="stmt"/>
        <line num="3959" count="0" type="stmt"/>
        <line num="3960" count="0" type="stmt"/>
        <line num="3962" count="0" type="stmt"/>
        <line num="3963" count="0" type="stmt"/>
        <line num="3964" count="0" type="stmt"/>
        <line num="3965" count="0" type="stmt"/>
        <line num="3966" count="0" type="stmt"/>
        <line num="3967" count="0" type="stmt"/>
        <line num="3969" count="0" type="stmt"/>
        <line num="3970" count="0" type="stmt"/>
        <line num="3971" count="0" type="cond" truecount="0" falsecount="4"/>
        <line num="3972" count="0" type="stmt"/>
        <line num="3974" count="0" type="cond" truecount="0" falsecount="2"/>
        <line num="3976" count="0" type="stmt"/>
        <line num="3980" count="0" type="stmt"/>
        <line num="3981" count="0" type="stmt"/>
        <line num="3985" count="0" type="stmt"/>
        <line num="3986" count="0" type="stmt"/>
        <line num="3987" count="0" type="stmt"/>
        <line num="3989" count="0" type="stmt"/>
        <line num="3992" count="0" type="stmt"/>
        <line num="4012" count="0" type="stmt"/>
        <line num="4015" count="0" type="stmt"/>
        <line num="4018" count="0" type="stmt"/>
        <line num="4021" count="0" type="stmt"/>
        <line num="4052" count="0" type="stmt"/>
        <line num="4089" count="0" type="stmt"/>
        <line num="4107" count="0" type="stmt"/>
        <line num="4117" count="0" type="cond" truecount="0" falsecount="4"/>
        <line num="4118" count="0" type="stmt"/>
        <line num="4131" count="0" type="cond" truecount="0" falsecount="2"/>
        <line num="4133" count="0" type="stmt"/>
        <line num="4147" count="0" type="stmt"/>
        <line num="4148" count="0" type="stmt"/>
        <line num="4150" count="0" type="stmt"/>
        <line num="4174" count="0" type="stmt"/>
        <line num="4175" count="0" type="stmt"/>
        <line num="4183" count="0" type="stmt"/>
        <line num="4184" count="0" type="cond" truecount="0" falsecount="2"/>
        <line num="4201" count="0" type="cond" truecount="0" falsecount="2"/>
        <line num="4206" count="0" type="stmt"/>
        <line num="4210" count="0" type="stmt"/>
        <line num="4214" count="0" type="stmt"/>
      </file>
    </package>
    <package name="src.assets">
      <metrics statements="0" coveredstatements="0" conditionals="0" coveredconditionals="0" methods="0" coveredmethods="0"/>
      <file name="jobyro-icon-teal.png" path="C:\Users\venum\Documents\Playground\frontend\src\assets\jobyro-icon-teal.png">
        <metrics statements="0" coveredstatements="0" conditionals="0" coveredconditionals="0" methods="0" coveredmethods="0"/>
      </file>
    </package>
    <package name="src.components">
      <metrics statements="9" coveredstatements="6" conditionals="31" coveredconditionals="27" methods="9" coveredmethods="6"/>
      <file name="ui.tsx" path="C:\Users\venum\Documents\Playground\frontend\src\components\ui.tsx">
        <metrics statements="9" coveredstatements="6" conditionals="31" coveredconditionals="27" methods="9" coveredmethods="6"/>
        <line num="13" count="12632" type="stmt"/>
        <line num="39" count="29" type="stmt"/>
        <line num="59" count="1681" type="stmt"/>
        <line num="81" count="3163" type="stmt"/>
        <line num="97" count="3130" type="stmt"/>
        <line num="111" count="29" type="stmt"/>
        <line num="122" count="0" type="stmt"/>
        <line num="130" count="0" type="stmt"/>
        <line num="132" count="0" type="stmt"/>
      </file>
    </package>
    <package name="src.components.generate">
      <metrics statements="265" coveredstatements="235" conditionals="296" coveredconditionals="250" methods="75" coveredmethods="52"/>
      <file name="GenerateResumeWorkspace.tsx" path="C:\Users\venum\Documents\Playground\frontend\src\components\generate\GenerateResumeWorkspace.tsx">
        <metrics statements="265" coveredstatements="235" conditionals="296" coveredconditionals="250" methods="75" coveredmethods="52"/>
        <line num="47" count="3" type="stmt"/>
        <line num="57" count="3" type="stmt"/>
        <line num="66" count="3" type="stmt"/>
        <line num="88" count="1576" type="stmt"/>
        <line num="89" count="1576" type="stmt"/>
        <line num="90" count="1576" type="stmt"/>
        <line num="91" count="1576" type="stmt"/>
        <line num="92" count="1576" type="stmt"/>
        <line num="93" count="1576" type="stmt"/>
        <line num="94" count="1576" type="stmt"/>
        <line num="95" count="1576" type="stmt"/>
        <line num="96" count="1576" type="stmt"/>
        <line num="97" count="1576" type="stmt"/>
        <line num="98" count="1576" type="stmt"/>
        <line num="99" count="1576" type="stmt"/>
        <line num="100" count="1576" type="stmt"/>
        <line num="101" count="1576" type="stmt"/>
        <line num="102" count="1576" type="stmt"/>
        <line num="103" count="1576" type="stmt"/>
        <line num="104" count="1576" type="stmt"/>
        <line num="105" count="1576" type="stmt"/>
        <line num="106" count="1576" type="stmt"/>
        <line num="107" count="1576" type="stmt"/>
        <line num="108" count="1576" type="stmt"/>
        <line num="109" count="1576" type="stmt"/>
        <line num="110" count="1576" type="stmt"/>
        <line num="111" count="1576" type="stmt"/>
        <line num="112" count="1576" type="stmt"/>
        <line num="114" count="1576" type="cond" truecount="2" falsecount="0"/>
        <line num="115" count="1576" type="cond" truecount="2" falsecount="0"/>
        <line num="116" count="1576" type="stmt"/>
        <line num="117" count="1576" type="stmt"/>
        <line num="118" count="1576" type="stmt"/>
        <line num="119" count="1576" type="cond" truecount="3" falsecount="0"/>
        <line num="120" count="1576" type="cond" truecount="2" falsecount="0"/>
        <line num="121" count="1576" type="cond" truecount="5" falsecount="0"/>
        <line num="122" count="1576" type="stmt"/>
        <line num="132" count="1576" type="stmt"/>
        <line num="133" count="72" type="stmt"/>
        <line num="136" count="1576" type="cond" truecount="2" falsecount="0"/>
        <line num="140" count="1576" type="stmt"/>
        <line num="142" count="11" type="cond" truecount="3" falsecount="1"/>
        <line num="143" count="11" type="stmt"/>
        <line num="144" count="10" type="stmt"/>
        <line num="149" count="1576" type="stmt"/>
        <line num="155" count="1576" type="stmt"/>
        <line num="156" count="36" type="stmt"/>
        <line num="158" count="36" type="stmt"/>
        <line num="159" count="36" type="stmt"/>
        <line num="160" count="35" type="cond" truecount="1" falsecount="1"/>
        <line num="161" count="35" type="stmt"/>
        <line num="162" count="35" type="cond" truecount="2" falsecount="0"/>
        <line num="163" count="23" type="stmt"/>
        <line num="164" count="23" type="cond" truecount="1" falsecount="1"/>
        <line num="165" count="23" type="stmt"/>
        <line num="166" count="12" type="cond" truecount="1" falsecount="1"/>
        <line num="167" count="0" type="stmt"/>
        <line num="170" count="1" type="cond" truecount="2" falsecount="2"/>
        <line num="173" count="36" type="stmt"/>
        <line num="174" count="36" type="stmt"/>
        <line num="175" count="36" type="stmt"/>
        <line num="179" count="1576" type="stmt"/>
        <line num="180" count="55" type="cond" truecount="2" falsecount="0"/>
        <line num="181" count="32" type="stmt"/>
        <line num="182" count="32" type="stmt"/>
        <line num="184" count="23" type="stmt"/>
        <line num="185" count="23" type="cond" truecount="2" falsecount="0"/>
        <line num="187" count="23" type="cond" truecount="1" falsecount="1"/>
        <line num="190" count="0" type="cond" truecount="0" falsecount="2"/>
        <line num="192" count="55" type="stmt"/>
        <line num="193" count="23" type="stmt"/>
        <line num="197" count="1576" type="stmt"/>
        <line num="198" count="23" type="stmt"/>
        <line num="199" count="23" type="stmt"/>
        <line num="200" count="23" type="stmt"/>
        <line num="201" count="23" type="cond" truecount="1" falsecount="1"/>
        <line num="202" count="23" type="cond" truecount="1" falsecount="1"/>
        <line num="203" count="23" type="stmt"/>
        <line num="204" count="23" type="stmt"/>
        <line num="205" count="23" type="stmt"/>
        <line num="206" count="23" type="stmt"/>
        <line num="207" count="23" type="stmt"/>
        <line num="208" count="23" type="cond" truecount="2" falsecount="0"/>
        <line num="211" count="1576" type="stmt"/>
        <line num="212" count="1325" type="stmt"/>
        <line num="213" count="1325" type="stmt"/>
        <line num="214" count="1325" type="stmt"/>
        <line num="215" count="1325" type="stmt"/>
        <line num="218" count="1576" type="stmt"/>
        <line num="219" count="8" type="cond" truecount="1" falsecount="1"/>
        <line num="220" count="0" type="stmt"/>
        <line num="221" count="0" type="stmt"/>
        <line num="223" count="8" type="stmt"/>
        <line num="224" count="8" type="stmt"/>
        <line num="225" count="8" type="stmt"/>
        <line num="226" count="8" type="stmt"/>
        <line num="227" count="8" type="stmt"/>
        <line num="228" count="8" type="stmt"/>
        <line num="235" count="8" type="stmt"/>
        <line num="236" count="14" type="cond" truecount="6" falsecount="0"/>
        <line num="243" count="8" type="stmt"/>
        <line num="244" count="8" type="stmt"/>
        <line num="250" count="7" type="cond" truecount="2" falsecount="0"/>
        <line num="251" count="6" type="stmt"/>
        <line num="252" count="6" type="stmt"/>
        <line num="260" count="6" type="cond" truecount="1" falsecount="1"/>
        <line num="261" count="6" type="stmt"/>
        <line num="262" count="6" type="stmt"/>
        <line num="263" count="6" type="cond" truecount="1" falsecount="1"/>
        <line num="264" count="8" type="stmt"/>
        <line num="266" count="1" type="cond" truecount="1" falsecount="1"/>
        <line num="267" count="1" type="cond" truecount="1" falsecount="1"/>
        <line num="268" count="1" type="stmt"/>
        <line num="270" count="8" type="stmt"/>
        <line num="274" count="1576" type="stmt"/>
        <line num="275" count="4" type="cond" truecount="5" falsecount="1"/>
        <line num="276" count="4" type="stmt"/>
        <line num="277" count="4" type="stmt"/>
        <line num="278" count="4" type="stmt"/>
        <line num="279" count="4" type="stmt"/>
        <line num="280" count="4" type="stmt"/>
        <line num="281" count="4" type="stmt"/>
        <line num="282" count="4" type="stmt"/>
        <line num="293" count="4" type="stmt"/>
        <line num="294" count="4" type="stmt"/>
        <line num="295" count="4" type="cond" truecount="3" falsecount="1"/>
        <line num="296" count="0" type="stmt"/>
        <line num="298" count="4" type="stmt"/>
        <line num="299" count="4" type="cond" truecount="1" falsecount="1"/>
        <line num="300" count="4" type="stmt"/>
        <line num="301" count="4" type="stmt"/>
        <line num="302" count="4" type="stmt"/>
        <line num="303" count="4" type="stmt"/>
        <line num="304" count="4" type="stmt"/>
        <line num="305" count="4" type="stmt"/>
        <line num="307" count="0" type="cond" truecount="0" falsecount="2"/>
        <line num="308" count="0" type="stmt"/>
        <line num="310" count="4" type="stmt"/>
        <line num="311" count="4" type="stmt"/>
        <line num="315" count="1576" type="stmt"/>
        <line num="316" count="5" type="cond" truecount="1" falsecount="1"/>
        <line num="317" count="5" type="stmt"/>
        <line num="318" count="5" type="stmt"/>
        <line num="321" count="1576" type="stmt"/>
        <line num="322" count="5" type="cond" truecount="1" falsecount="1"/>
        <line num="323" count="5" type="stmt"/>
        <line num="324" count="5" type="stmt"/>
        <line num="325" count="5" type="stmt"/>
        <line num="326" count="5" type="cond" truecount="5" falsecount="0"/>
        <line num="327" count="4" type="stmt"/>
        <line num="329" count="5" type="cond" truecount="2" falsecount="0"/>
        <line num="332" count="1" type="stmt"/>
        <line num="334" count="1" type="cond" truecount="1" falsecount="1"/>
        <line num="336" count="5" type="stmt"/>
        <line num="340" count="1576" type="stmt"/>
        <line num="341" count="1" type="cond" truecount="1" falsecount="1"/>
        <line num="342" count="1" type="stmt"/>
        <line num="343" count="1" type="stmt"/>
        <line num="344" count="1" type="stmt"/>
        <line num="345" count="1" type="stmt"/>
        <line num="346" count="1" type="cond" truecount="2" falsecount="0"/>
        <line num="347" count="1" type="stmt"/>
        <line num="349" count="0" type="cond" truecount="0" falsecount="2"/>
        <line num="351" count="1" type="stmt"/>
        <line num="355" count="1576" type="stmt"/>
        <line num="356" count="0" type="stmt"/>
        <line num="357" count="0" type="stmt"/>
        <line num="358" count="0" type="stmt"/>
        <line num="359" count="0" type="stmt"/>
        <line num="361" count="0" type="cond" truecount="0" falsecount="2"/>
        <line num="365" count="1576" type="stmt"/>
        <line num="366" count="1" type="stmt"/>
        <line num="367" count="1" type="stmt"/>
        <line num="368" count="1" type="stmt"/>
        <line num="369" count="1" type="stmt"/>
        <line num="370" count="1" type="stmt"/>
        <line num="371" count="1" type="stmt"/>
        <line num="372" count="1" type="stmt"/>
        <line num="373" count="1" type="stmt"/>
        <line num="374" count="1" type="stmt"/>
        <line num="375" count="1" type="stmt"/>
        <line num="376" count="1" type="stmt"/>
        <line num="379" count="1576" type="cond" truecount="4" falsecount="0"/>
        <line num="383" count="1576" type="stmt"/>
        <line num="399" count="160" type="stmt"/>
        <line num="400" count="160" type="stmt"/>
        <line num="403" count="92" type="stmt"/>
        <line num="404" count="92" type="stmt"/>
        <line num="407" count="1073" type="stmt"/>
        <line num="408" count="1073" type="stmt"/>
        <line num="411" count="0" type="stmt"/>
        <line num="412" count="0" type="stmt"/>
        <line num="436" count="0" type="stmt"/>
        <line num="453" count="0" type="cond" truecount="2" falsecount="0"/>
        <line num="458" count="0" type="stmt"/>
        <line num="459" count="0" type="stmt"/>
        <line num="460" count="0" type="cond" truecount="0" falsecount="2"/>
        <line num="480" count="0" type="stmt"/>
        <line num="481" count="0" type="stmt"/>
        <line num="511" count="1565" type="cond" truecount="2" falsecount="0"/>
        <line num="518" count="1565" type="stmt"/>
        <line num="535" count="160" type="stmt"/>
        <line num="539" count="92" type="stmt"/>
        <line num="543" count="0" type="stmt"/>
        <line num="558" count="1073" type="stmt"/>
        <line num="606" count="1565" type="cond" truecount="2" falsecount="0"/>
        <line num="613" count="1565" type="cond" truecount="2" falsecount="0"/>
        <line num="614" count="1565" type="stmt"/>
        <line num="633" count="0" type="cond" truecount="2" falsecount="0"/>
        <line num="634" count="0" type="cond" truecount="2" falsecount="0"/>
        <line num="639" count="0" type="cond" truecount="0" falsecount="2"/>
        <line num="644" count="7" type="stmt"/>
        <line num="655" count="4" type="stmt"/>
        <line num="663" count="1" type="stmt"/>
        <line num="704" count="1565" type="cond" truecount="2" falsecount="0"/>
        <line num="705" count="1565" type="cond" truecount="2" falsecount="0"/>
        <line num="706" count="1565" type="cond" truecount="2" falsecount="0"/>
        <line num="707" count="1565" type="cond" truecount="4" falsecount="0"/>
        <line num="708" count="1565" type="cond" truecount="2" falsecount="0"/>
        <line num="709" count="1565" type="cond" truecount="2" falsecount="0"/>
        <line num="710" count="1565" type="stmt"/>
        <line num="747" count="0" type="cond" truecount="6" falsecount="0"/>
        <line num="751" count="0" type="cond" truecount="4" falsecount="0"/>
        <line num="752" count="1" type="stmt"/>
        <line num="761" count="7" type="stmt"/>
        <line num="770" count="21" type="stmt"/>
        <line num="781" count="387" type="stmt"/>
        <line num="786" count="645" type="stmt"/>
        <line num="793" count="387" type="stmt"/>
        <line num="804" count="29" type="stmt"/>
        <line num="805" count="29" type="stmt"/>
        <line num="811" count="202" type="cond" truecount="4" falsecount="0"/>
        <line num="819" count="1442" type="stmt"/>
        <line num="832" count="3130" type="stmt"/>
        <line num="841" count="116" type="cond" truecount="2" falsecount="0"/>
        <line num="842" count="50" type="stmt"/>
        <line num="846" count="58" type="stmt"/>
        <line num="847" count="58" type="stmt"/>
        <line num="848" count="125" type="stmt"/>
        <line num="849" count="75" type="stmt"/>
        <line num="852" count="58" type="stmt"/>
        <line num="856" count="72" type="cond" truecount="2" falsecount="0"/>
        <line num="857" count="33" type="stmt"/>
        <line num="858" count="33" type="stmt"/>
        <line num="859" count="33" type="stmt"/>
        <line num="860" count="33" type="stmt"/>
        <line num="861" count="132" type="cond" truecount="4" falsecount="0"/>
        <line num="862" count="1" type="stmt"/>
        <line num="865" count="33" type="stmt"/>
        <line num="869" count="4" type="stmt"/>
        <line num="870" count="4" type="stmt"/>
        <line num="871" count="4" type="stmt"/>
        <line num="872" count="4" type="cond" truecount="1" falsecount="1"/>
        <line num="873" count="4" type="stmt"/>
        <line num="874" count="4" type="stmt"/>
        <line num="875" count="4" type="stmt"/>
        <line num="876" count="4" type="stmt"/>
        <line num="880" count="4" type="stmt"/>
        <line num="881" count="4" type="stmt"/>
        <line num="882" count="0" type="stmt"/>
        <line num="883" count="0" type="stmt"/>
        <line num="888" count="7" type="cond" truecount="1" falsecount="1"/>
        <line num="889" count="7" type="stmt"/>
        <line num="890" count="7" type="cond" truecount="1" falsecount="1"/>
        <line num="891" count="7" type="stmt"/>
      </file>
    </package>
    <package name="src.components.resume">
      <metrics statements="151" coveredstatements="116" conditionals="211" coveredconditionals="133" methods="89" coveredmethods="63"/>
      <file name="ResumeDocumentEditor.tsx" path="C:\Users\venum\Documents\Playground\frontend\src\components\resume\ResumeDocumentEditor.tsx">
        <metrics statements="151" coveredstatements="116" conditionals="211" coveredconditionals="133" methods="89" coveredmethods="63"/>
        <line num="66" count="125" type="stmt"/>
        <line num="67" count="125" type="stmt"/>
        <line num="68" count="176" type="cond" truecount="2" falsecount="0"/>
        <line num="71" count="125" type="cond" truecount="4" falsecount="0"/>
        <line num="73" count="125" type="stmt"/>
        <line num="74" count="45" type="cond" truecount="2" falsecount="0"/>
        <line num="75" count="9" type="stmt"/>
        <line num="78" count="125" type="stmt"/>
        <line num="79" count="4" type="stmt"/>
        <line num="80" count="2" type="stmt"/>
        <line num="81" count="1" type="stmt"/>
        <line num="82" count="1" type="cond" truecount="4" falsecount="1"/>
        <line num="83" count="1" type="stmt"/>
        <line num="84" count="1" type="stmt"/>
        <line num="85" count="5" type="stmt"/>
        <line num="86" count="1" type="stmt"/>
        <line num="89" count="125" type="stmt"/>
        <line num="90" count="1" type="cond" truecount="1" falsecount="1"/>
        <line num="91" count="1" type="stmt"/>
        <line num="94" count="125" type="stmt"/>
        <line num="104" count="489" type="stmt"/>
        <line num="112" count="1" type="stmt"/>
        <line num="113" count="0" type="stmt"/>
        <line num="114" count="1" type="stmt"/>
        <line num="116" count="8" type="stmt"/>
        <line num="125" count="0" type="stmt"/>
        <line num="127" count="1" type="stmt"/>
        <line num="128" count="1" type="stmt"/>
        <line num="129" count="1" type="stmt"/>
        <line num="138" count="125" type="cond" truecount="4" falsecount="2"/>
        <line num="139" count="125" type="cond" truecount="5" falsecount="1"/>
        <line num="140" count="125" type="cond" truecount="2" falsecount="0"/>
        <line num="141" count="125" type="stmt"/>
        <line num="175" count="489" type="cond" truecount="3" falsecount="0"/>
        <line num="176" count="489" type="stmt"/>
        <line num="193" count="1" type="stmt"/>
        <line num="227" count="123" type="stmt"/>
        <line num="232" count="0" type="stmt"/>
        <line num="238" count="119" type="stmt"/>
        <line num="239" count="119" type="stmt"/>
        <line num="240" count="0" type="stmt"/>
        <line num="241" count="0" type="cond" truecount="0" falsecount="2"/>
        <line num="242" count="0" type="stmt"/>
        <line num="244" count="119" type="stmt"/>
        <line num="247" count="119" type="stmt"/>
        <line num="252" count="0" type="stmt"/>
        <line num="261" count="124" type="stmt"/>
        <line num="262" count="124" type="stmt"/>
        <line num="263" count="16" type="cond" truecount="2" falsecount="0"/>
[...]
        <line num="65" count="95" type="cond" truecount="2" falsecount="0"/>
        <line num="66" count="95" type="stmt"/>
        <line num="67" count="95" type="cond" truecount="5" falsecount="0"/>
        <line num="68" count="1" type="stmt"/>
        <line num="70" count="95" type="cond" truecount="4" falsecount="0"/>
        <line num="71" count="1" type="stmt"/>
        <line num="73" count="95" type="cond" truecount="4" falsecount="0"/>
        <line num="74" count="1" type="stmt"/>
        <line num="76" count="95" type="stmt"/>
        <line num="80" count="68" type="cond" truecount="4" falsecount="0"/>
        <line num="81" count="58" type="stmt"/>
        <line num="82" count="58" type="stmt"/>
        <line num="89" count="10" type="cond" truecount="1" falsecount="1"/>
        <line num="90" count="68" type="cond" truecount="1" falsecount="1"/>
        <line num="91" count="0" type="stmt"/>
        <line num="94" count="18" type="stmt"/>
        <line num="95" count="10" type="cond" truecount="1" falsecount="1"/>
        <line num="96" count="0" type="stmt"/>
        <line num="97" count="0" type="stmt"/>
        <line num="99" count="10" type="cond" truecount="2" falsecount="0"/>
        <line num="100" count="8" type="stmt"/>
        <line num="101" count="8" type="cond" truecount="2" falsecount="0"/>
        <line num="102" count="4" type="stmt"/>
        <line num="103" count="4" type="stmt"/>
        <line num="105" count="4" type="cond" truecount="2" falsecount="0"/>
        <line num="106" count="3" type="stmt"/>
        <line num="107" count="3" type="stmt"/>
        <line num="109" count="1" type="stmt"/>
        <line num="110" count="1" type="stmt"/>
        <line num="113" count="2" type="cond" truecount="1" falsecount="1"/>
        <line num="114" count="68" type="stmt"/>
        <line num="118" count="9" type="cond" truecount="1" falsecount="1"/>
        <line num="119" count="9" type="cond" truecount="1" falsecount="1"/>
        <line num="120" count="0" type="cond" truecount="0" falsecount="2"/>
        <line num="121" count="0" type="cond" truecount="0" falsecount="2"/>
        <line num="122" count="0" type="cond" truecount="0" falsecount="2"/>
        <line num="124" count="9" type="stmt"/>
        <line num="125" count="9" type="stmt"/>
        <line num="126" count="9" type="cond" truecount="1" falsecount="1"/>
        <line num="127" count="9" type="cond" truecount="1" falsecount="1"/>
        <line num="131" count="29" type="cond" truecount="1" falsecount="1"/>
        <line num="132" count="29" type="cond" truecount="3" falsecount="1"/>
        <line num="133" count="29" type="stmt"/>
        <line num="137" count="12" type="cond" truecount="1" falsecount="1"/>
        <line num="138" count="12" type="cond" truecount="3" falsecount="1"/>
        <line num="139" count="12" type="stmt"/>
        <line num="143" count="11" type="cond" truecount="3" falsecount="1"/>
        <line num="144" count="11" type="cond" truecount="1" falsecount="1"/>
        <line num="145" count="11" type="cond" truecount="1" falsecount="1"/>
        <line num="146" count="11" type="cond" truecount="2" falsecount="1"/>
        <line num="150" count="20" type="stmt"/>
        <line num="154" count="1134" type="stmt"/>
        <line num="158" count="102" type="stmt"/>
      </file>
      <file name="profileService.ts" path="C:\Users\venum\Documents\Playground\frontend\src\services\profileService.ts">
        <metrics statements="16" coveredstatements="1" conditionals="14" coveredconditionals="0" methods="10" coveredmethods="0"/>
        <line num="3" count="2" type="stmt"/>
        <line num="9" count="0" type="stmt"/>
        <line num="16" count="0" type="cond" truecount="0" falsecount="2"/>
        <line num="17" count="0" type="stmt"/>
        <line num="18" count="0" type="stmt"/>
        <line num="19" count="0" type="cond" truecount="0" falsecount="4"/>
        <line num="21" count="0" type="stmt"/>
        <line num="25" count="0" type="stmt"/>
        <line num="29" count="0" type="stmt"/>
        <line num="33" count="0" type="stmt"/>
        <line num="41" count="0" type="stmt"/>
        <line num="55" count="0" type="stmt"/>
        <line num="63" count="0" type="stmt"/>
        <line num="67" count="0" type="cond" truecount="0" falsecount="2"/>
        <line num="68" count="0" type="stmt"/>
        <line num="69" count="0" type="cond" truecount="0" falsecount="2"/>
      </file>
      <file name="resumeService.ts" path="C:\Users\venum\Documents\Playground\frontend\src\services\resumeService.ts">
        <metrics statements="67" coveredstatements="56" conditionals="107" coveredconditionals="72" methods="25" coveredmethods="16"/>
        <line num="14" count="7" type="stmt"/>
        <line num="20" count="8" type="stmt"/>
        <line num="27" count="8" type="cond" truecount="2" falsecount="0"/>
        <line num="28" count="1" type="stmt"/>
        <line num="29" count="1" type="stmt"/>
        <line num="31" count="7" type="stmt"/>
        <line num="35" count="2" type="cond" truecount="4" falsecount="0"/>
        <line num="36" count="1" type="cond" truecount="3" falsecount="1"/>
        <line num="38" count="1" type="stmt"/>
        <line num="39" count="1" type="cond" truecount="3" falsecount="1"/>
        <line num="40" count="2" type="cond" truecount="3" falsecount="1"/>
        <line num="42" count="1" type="stmt"/>
        <line num="44" count="1" type="cond" truecount="3" falsecount="1"/>
        <line num="45" count="1" type="stmt"/>
        <line num="46" count="1" type="cond" truecount="1" falsecount="1"/>
        <line num="49" count="1" type="cond" truecount="1" falsecount="1"/>
        <line num="53" count="1" type="stmt"/>
        <line num="58" count="1" type="stmt"/>
        <line num="62" count="3" type="cond" truecount="1" falsecount="1"/>
        <line num="69" count="3" type="cond" truecount="2" falsecount="1"/>
        <line num="70" count="3" type="cond" truecount="2" falsecount="1"/>
        <line num="71" count="3" type="cond" truecount="2" falsecount="0"/>
        <line num="78" count="3" type="cond" truecount="2" falsecount="1"/>
        <line num="79" count="3" type="cond" truecount="2" falsecount="2"/>
        <line num="80" count="3" type="cond" truecount="2" falsecount="0"/>
        <line num="81" count="3" type="cond" truecount="1" falsecount="1"/>
        <line num="90" count="3" type="stmt"/>
        <line num="97" count="3" type="stmt"/>
        <line num="116" count="0" type="stmt"/>
        <line num="124" count="1" type="stmt"/>
        <line num="132" count="0" type="stmt"/>
        <line num="136" count="0" type="stmt"/>
        <line num="140" count="1" type="stmt"/>
        <line num="148" count="1" type="stmt"/>
        <line num="152" count="0" type="stmt"/>
        <line num="156" count="0" type="stmt"/>
        <line num="160" count="0" type="cond" truecount="0" falsecount="2"/>
        <line num="161" count="0" type="stmt"/>
        <line num="162" count="0" type="stmt"/>
        <line num="171" count="2" type="stmt"/>
        <line num="183" count="2" type="stmt"/>
        <line num="205" count="3" type="stmt"/>
        <line num="209" count="1" type="stmt"/>
        <line num="213" count="4" type="stmt"/>
        <line num="214" count="4" type="cond" truecount="2" falsecount="0"/>
        <line num="215" count="4" type="cond" truecount="2" falsecount="0"/>
        <line num="216" count="4" type="cond" truecount="1" falsecount="1"/>
        <line num="217" count="4" type="stmt"/>
        <line num="218" count="4" type="cond" truecount="2" falsecount="0"/>
        <line num="221" count="4" type="cond" truecount="2" falsecount="0"/>
        <line num="222" count="1" type="cond" truecount="1" falsecount="1"/>
        <line num="223" count="1" type="cond" truecount="1" falsecount="1"/>
        <line num="224" count="1" type="stmt"/>
        <line num="225" count="1" type="stmt"/>
        <line num="227" count="0" type="stmt"/>
        <line num="229" count="3" type="cond" truecount="1" falsecount="1"/>
        <line num="230" count="4" type="cond" truecount="2" falsecount="0"/>
        <line num="231" count="4" type="cond" truecount="2" falsecount="0"/>
        <line num="232" count="1" type="stmt"/>
        <line num="234" count="2" type="stmt"/>
        <line num="235" count="2" type="cond" truecount="1" falsecount="1"/>
        <line num="236" count="0" type="stmt"/>
        <line num="238" count="2" type="stmt"/>
        <line num="248" count="2" type="stmt"/>
        <line num="249" count="2" type="cond" truecount="1" falsecount="1"/>
        <line num="253" count="0" type="stmt"/>
        <line num="263" count="1" type="stmt"/>
      </file>
      <file name="skillsData.ts" path="C:\Users\venum\Documents\Playground\frontend\src\services\skillsData.ts">
        <metrics statements="150" coveredstatements="142" conditionals="145" coveredconditionals="113" methods="39" coveredmethods="34"/>
        <line num="13" count="5" type="stmt"/>
        <line num="192" count="110" type="stmt"/>
        <line num="194" count="5" type="stmt"/>
        <line num="217" count="5" type="stmt"/>
        <line num="229" count="110" type="stmt"/>
        <line num="230" count="110" type="stmt"/>
        <line num="231" count="5" type="stmt"/>
        <line num="233" count="100" type="stmt"/>
        <line num="243" count="201" type="stmt"/>
        <line num="244" count="201" type="cond" truecount="2" falsecount="0"/>
        <line num="248" count="4" type="cond" truecount="2" falsecount="1"/>
        <line num="252" count="96" type="stmt"/>
        <line num="256" count="39" type="stmt"/>
        <line num="257" count="39" type="stmt"/>
        <line num="258" count="39" type="cond" truecount="2" falsecount="0"/>
        <line num="259" count="23" type="stmt"/>
        <line num="260" count="23" type="cond" truecount="1" falsecount="1"/>
        <line num="261" count="23" type="stmt"/>
        <line num="262" count="23" type="cond" truecount="2" falsecount="0"/>
        <line num="266" count="4" type="stmt"/>
        <line num="270" count="7" type="stmt"/>
        <line num="271" count="7" type="stmt"/>
        <line num="272" count="7" type="stmt"/>
        <line num="273" count="7" type="stmt"/>
        <line num="274" count="221" type="cond" truecount="2" falsecount="0"/>
        <line num="275" count="221" type="cond" truecount="4" falsecount="0"/>
        <line num="276" count="221" type="cond" truecount="4" falsecount="0"/>
        <line num="277" count="8" type="stmt"/>
        <line num="278" count="8" type="stmt"/>
        <line num="279" count="8" type="stmt"/>
        <line num="281" count="213" type="stmt"/>
        <line num="283" count="7" type="stmt"/>
        <line num="284" count="7" type="stmt"/>
        <line num="288" count="15" type="stmt"/>
        <line num="289" count="15" type="cond" truecount="2" falsecount="0"/>
        <line num="290" count="15" type="stmt"/>
        <line num="301" count="0" type="stmt"/>
        <line num="302" count="0" type="cond" truecount="0" falsecount="2"/>
        <line num="303" count="0" type="stmt"/>
        <line num="305" count="0" type="stmt"/>
        <line num="316" count="12" type="cond" truecount="2" falsecount="0"/>
        <line num="317" count="9" type="stmt"/>
        <line num="319" count="3" type="cond" truecount="1" falsecount="1"/>
        <line num="320" count="3" type="stmt"/>
        <line num="322" count="0" type="stmt"/>
        <line num="326" count="1" type="stmt"/>
        <line num="327" count="1" type="stmt"/>
        <line num="328" count="1" type="stmt"/>
        <line num="329" count="2" type="stmt"/>
        <line num="330" count="2" type="stmt"/>
        <line num="331" count="2" type="cond" truecount="4" falsecount="0"/>
        <line num="332" count="1" type="stmt"/>
        <line num="334" count="1" type="cond" truecount="1" falsecount="1"/>
        <line num="338" count="1" type="stmt"/>
        <line num="342" count="301" type="stmt"/>
        <line num="346" count="0" type="stmt"/>
        <line num="350" count="2" type="stmt"/>
        <line num="351" count="2" type="stmt"/>
        <line num="353" count="2" type="stmt"/>
        <line num="354" count="10" type="stmt"/>
        <line num="355" count="10" type="cond" truecount="3" falsecount="1"/>
        <line num="356" count="10" type="stmt"/>
        <line num="357" count="10" type="cond" truecount="1" falsecount="3"/>
        <line num="358" count="10" type="cond" truecount="2" falsecount="0"/>
        <line num="359" count="10" type="stmt"/>
        <line num="360" count="10" type="cond" truecount="1" falsecount="1"/>
        <line num="361" count="10" type="stmt"/>
        <line num="363" count="10" type="stmt"/>
        <line num="366" count="2" type="stmt"/>
        <line num="367" count="2" type="cond" truecount="1" falsecount="1"/>
        <line num="368" count="2" type="stmt"/>
        <line num="369" count="2" type="stmt"/>
        <line num="370" count="10" type="stmt"/>
        <line num="371" count="10" type="stmt"/>
        <line num="372" count="10" type="cond" truecount="2" falsecount="0"/>
        <line num="373" count="8" type="stmt"/>
        <line num="374" count="8" type="stmt"/>
        <line num="375" count="8" type="cond" truecount="3" falsecount="0"/>
        <line num="376" count="2" type="stmt"/>
        <line num="377" count="2" type="stmt"/>
        <line num="379" count="8" type="stmt"/>
        <line num="381" count="2" type="stmt"/>
        <line num="386" count="8" type="stmt"/>
        <line num="395" count="9" type="stmt"/>
        <line num="396" count="9" type="stmt"/>
        <line num="397" count="9" type="stmt"/>
        <line num="399" count="9" type="stmt"/>
        <line num="400" count="21" type="stmt"/>
        <line num="401" count="21" type="cond" truecount="2" falsecount="1"/>
        <line num="402" count="21" type="cond" truecount="2" falsecount="0"/>
        <line num="403" count="21" type="cond" truecount="2" falsecount="0"/>
        <line num="404" count="21" type="cond" truecount="2" falsecount="0"/>
        <line num="405" count="21" type="cond" truecount="2" falsecount="0"/>
        <line num="406" count="21" type="cond" truecount="2" falsecount="0"/>
        <line num="407" count="21" type="cond" truecount="3" falsecount="0"/>
        <line num="408" count="21" type="cond" truecount="1" falsecount="1"/>
        <line num="409" count="21" type="stmt"/>
        <line num="416" count="21" type="cond" truecount="2" falsecount="0"/>
        <line num="417" count="21" type="cond" truecount="2" falsecount="2"/>
        <line num="418" count="21" type="cond" truecount="1" falsecount="1"/>
        <line num="420" count="21" type="stmt"/>
        <line num="421" count="21" type="cond" truecount="1" falsecount="1"/>
        <line num="422" count="0" type="stmt"/>
        <line num="428" count="0" type="stmt"/>
        <line num="431" count="21" type="stmt"/>
        <line num="442" count="9" type="stmt"/>
        <line num="443" count="12" type="cond" truecount="2" falsecount="2"/>
        <line num="444" count="21" type="stmt"/>
        <line num="446" count="9" type="stmt"/>
        <line num="448" count="15" type="cond" truecount="2" falsecount="0"/>
        <line num="454" count="3" type="stmt"/>
        <line num="455" count="3" type="cond" truecount="1" falsecount="1"/>
        <line num="456" count="3" type="stmt"/>
        <line num="457" count="3" type="stmt"/>
        <line num="458" count="3" type="cond" truecount="2" falsecount="0"/>
        <line num="459" count="1" type="stmt"/>
        <line num="460" count="1" type="stmt"/>
        <line num="467" count="2" type="stmt"/>
        <line num="468" count="2" type="cond" truecount="1" falsecount="1"/>
        <line num="469" count="3" type="stmt"/>
        <line num="470" count="4" type="stmt"/>
        <line num="471" count="4" type="stmt"/>
        <line num="472" count="4" type="stmt"/>
        <line num="473" count="4" type="cond" truecount="1" falsecount="1"/>
        <line num="474" count="4" type="cond" truecount="2" falsecount="0"/>
        <line num="475" count="4" type="stmt"/>
        <line num="476" count="8" type="stmt"/>
        <line num="477" count="4" type="cond" truecount="1" falsecount="1"/>
        <line num="479" count="4" type="stmt"/>
        <line num="487" count="313" type="stmt"/>
        <line num="488" count="313" type="stmt"/>
        <line num="489" count="12819" type="stmt"/>
        <line num="491" count="14640" type="stmt"/>
        <line num="493" count="12819" type="stmt"/>
        <line num="494" count="12819" type="cond" truecount="2" falsecount="0"/>
        <line num="495" count="13" type="cond" truecount="1" falsecount="1"/>
        <line num="498" count="300" type="stmt"/>
        <line num="502" count="10" type="cond" truecount="4" falsecount="0"/>
        <line num="506" count="37" type="stmt"/>
        <line num="507" count="37" type="stmt"/>
        <line num="508" count="37" type="stmt"/>
        <line num="509" count="62" type="stmt"/>
        <line num="510" count="62" type="cond" truecount="4" falsecount="0"/>
        <line num="511" count="61" type="stmt"/>
        <line num="512" count="61" type="stmt"/>
        <line num="515" count="37" type="stmt"/>
        <line num="519" count="43" type="stmt"/>
        <line num="523" count="100" type="stmt"/>
        <line num="525" count="180" type="cond" truecount="1" falsecount="1"/>
        <line num="530" count="4" type="stmt"/>
      </file>
    </package>
    <package name="src.test">
      <metrics statements="2" coveredstatements="2" conditionals="2" coveredconditionals="2" methods="1" coveredmethods="1"/>
      <file name="renderWithProviders.tsx" path="C:\Users\venum\Documents\Playground\frontend\src\test\renderWithProviders.tsx">
        <metrics statements="2" coveredstatements="2" conditionals="2" coveredconditionals="2" methods="1" coveredmethods="1"/>
        <line num="6" count="31" type="stmt"/>
        <line num="7" count="31" type="stmt"/>
      </file>
    </package>
    <package name="src.test.fixtures">
      <metrics statements="11" coveredstatements="11" conditionals="22" coveredconditionals="19" methods="2" coveredmethods="2"/>
      <file name="jobAnalysis.ts" path="C:\Users\venum\Documents\Playground\frontend\src\test\fixtures\jobAnalysis.ts">
        <metrics statements="2" coveredstatements="2" conditionals="5" coveredconditionals="2" methods="1" coveredmethods="1"/>
        <line num="4" count="76" type="stmt"/>
        <line num="24" count="4" type="stmt"/>
      </file>
      <file name="profile.ts" path="C:\Users\venum\Documents\Playground\frontend\src\test\fixtures\profile.ts">
        <metrics statements="2" coveredstatements="2" conditionals="0" coveredconditionals="0" methods="0" coveredmethods="0"/>
        <line num="3" count="4" type="stmt"/>
        <line num="89" count="4" type="stmt"/>
      </file>
      <file name="profileMatch.ts" path="C:\Users\venum\Documents\Playground\frontend\src\test\fixtures\profileMatch.ts">
        <metrics statements="3" coveredstatements="3" conditionals="17" coveredconditionals="17" methods="1" coveredmethods="1"/>
        <line num="3" count="3" type="stmt"/>
        <line num="22" count="15" type="stmt"/>
        <line num="42" count="3" type="stmt"/>
      </file>
      <file name="resume.ts" path="C:\Users\venum\Documents\Playground\frontend\src\test\fixtures\resume.ts">
        <metrics statements="4" coveredstatements="4" conditionals="0" coveredconditionals="0" methods="0" coveredmethods="0"/>
        <line num="5" count="3" type="stmt"/>
        <line num="141" count="3" type="stmt"/>
        <line num="164" count="3" type="stmt"/>
        <line num="231" count="3" type="stmt"/>
      </file>
    </package>
  </project>
</coverage>
