<?xml version="1.0" encoding="UTF-8"?>
<coverage generated="1784375278767" clover="3.2.0">
  <project timestamp="1784375278768" name="All files">
    <metrics statements="1807" coveredstatements="812" conditionals="1944" coveredconditionals="753" methods="692" coveredmethods="235" elements="4443" coveredelements="1800" complexity="0" loc="1807" ncloc="1807" packages="11" files="19" classes="19"/>
    <package name="src">
      <metrics statements="949" coveredstatements="102" conditionals="942" coveredconditionals="70" methods="395" coveredmethods="35"/>
      <file name="App.tsx" path="C:\Users\venum\Documents\Playground\frontend\src\App.tsx">
        <metrics statements="949" coveredstatements="102" conditionals="942" coveredconditionals="70" methods="395" coveredmethods="35"/>
        <line num="205" count="1" type="stmt"/>
        <line num="259" count="1" type="stmt"/>
        <line num="260" count="1" type="stmt"/>
        <line num="261" count="1" type="stmt"/>
        <line num="262" count="1" type="stmt"/>
        <line num="263" count="1" type="stmt"/>
        <line num="266" count="0" type="cond" truecount="0" falsecount="2"/>
        <line num="268" count="1" type="stmt"/>
        <line num="269" count="1" type="stmt"/>
        <line num="271" count="1" type="stmt"/>
        <line num="277" count="1" type="stmt"/>
        <line num="279" count="1" type="stmt"/>
        <line num="288" count="1" type="stmt"/>
        <line num="297" count="0" type="cond" truecount="0" falsecount="2"/>
        <line num="299" count="0" type="stmt"/>
        <line num="300" count="0" type="stmt"/>
        <line num="301" count="0" type="cond" truecount="0" falsecount="2"/>
        <line num="302" count="0" type="stmt"/>
        <line num="303" count="0" type="stmt"/>
        <line num="304" count="0" type="stmt"/>
        <line num="309" count="0" type="stmt"/>
        <line num="310" count="0" type="stmt"/>
        <line num="321" count="0" type="stmt"/>
        <line num="324" count="0" type="stmt"/>
        <line num="328" count="0" type="stmt"/>
        <line num="333" count="0" type="stmt"/>
        <line num="337" count="0" type="stmt"/>
        <line num="342" count="0" type="cond" truecount="0" falsecount="2"/>
        <line num="347" count="0" type="stmt"/>
        <line num="348" count="0" type="stmt"/>
        <line num="362" count="0" type="stmt"/>
        <line num="374" count="0" type="stmt"/>
        <line num="375" count="0" type="stmt"/>
        <line num="376" count="0" type="stmt"/>
        <line num="381" count="0" type="stmt"/>
        <line num="382" count="0" type="stmt"/>
        <line num="392" count="0" type="cond" truecount="0" falsecount="2"/>
        <line num="403" count="0" type="stmt"/>
        <line num="404" count="0" type="cond" truecount="0" falsecount="2"/>
        <line num="408" count="0" type="cond" truecount="0" falsecount="4"/>
        <line num="412" count="0" type="cond" truecount="0" falsecount="2"/>
        <line num="414" count="0" type="stmt"/>
        <line num="415" count="0" type="cond" truecount="0" falsecount="2"/>
        <line num="416" count="0" type="stmt"/>
        <line num="418" count="0" type="stmt"/>
        <line num="419" count="0" type="cond" truecount="0" falsecount="2"/>
        <line num="421" count="0" type="stmt"/>
        <line num="426" count="0" type="cond" truecount="0" falsecount="2"/>
        <line num="427" count="0" type="cond" truecount="0" falsecount="2"/>
        <line num="428" count="0" type="stmt"/>
        <line num="429" count="0" type="stmt"/>
        <line num="430" count="0" type="stmt"/>
        <line num="434" count="0" type="stmt"/>
        <line num="438" count="0" type="cond" truecount="0" falsecount="2"/>
        <line num="439" count="0" type="stmt"/>
        <line num="443" count="0" type="stmt"/>
        <line num="444" count="0" type="stmt"/>
        <line num="445" count="0" type="stmt"/>
        <line num="446" count="0" type="stmt"/>
        <line num="447" count="0" type="stmt"/>
        <line num="448" count="0" type="cond" truecount="0" falsecount="2"/>
        <line num="451" count="0" type="stmt"/>
        <line num="452" count="0" type="stmt"/>
        <line num="454" count="0" type="stmt"/>
        <line num="455" count="0" type="stmt"/>
        <line num="456" count="0" type="cond" truecount="0" falsecount="2"/>
        <line num="457" count="0" type="stmt"/>
        <line num="458" count="0" type="stmt"/>
        <line num="459" count="0" type="stmt"/>
        <line num="460" count="0" type="stmt"/>
        <line num="461" count="0" type="cond" truecount="0" falsecount="2"/>
        <line num="463" count="0" type="stmt"/>
        <line num="467" count="0" type="stmt"/>
        <line num="468" count="0" type="stmt"/>
        <line num="469" count="0" type="stmt"/>
        <line num="470" count="0" type="stmt"/>
        <line num="471" count="0" type="stmt"/>
        <line num="472" count="0" type="stmt"/>
        <line num="473" count="0" type="stmt"/>
        <line num="476" count="0" type="stmt"/>
        <line num="477" count="0" type="cond" truecount="0" falsecount="2"/>
        <line num="478" count="0" type="stmt"/>
        <line num="482" count="0" type="stmt"/>
        <line num="483" count="0" type="cond" truecount="0" falsecount="4"/>
        <line num="484" count="0" type="stmt"/>
        <line num="487" count="0" type="stmt"/>
        <line num="488" count="0" type="stmt"/>
        <line num="489" count="0" type="stmt"/>
        <line num="490" count="0" type="cond" truecount="0" falsecount="2"/>
        <line num="491" count="0" type="cond" truecount="0" falsecount="2"/>
        <line num="492" count="0" type="stmt"/>
        <line num="493" count="0" type="stmt"/>
        <line num="494" count="0" type="stmt"/>
        <line num="495" count="0" type="stmt"/>
        <line num="496" count="0" type="stmt"/>
        <line num="497" count="0" type="stmt"/>
        <line num="500" count="0" type="stmt"/>
        <line num="501" count="0" type="cond" truecount="0" falsecount="4"/>
        <line num="502" count="0" type="stmt"/>
        <line num="503" count="0" type="cond" truecount="0" falsecount="2"/>
        <line num="504" count="0" type="stmt"/>
        <line num="505" count="0" type="stmt"/>
        <line num="506" count="0" type="stmt"/>
        <line num="507" count="0" type="stmt"/>
        <line num="508" count="0" type="stmt"/>
        <line num="511" count="0" type="cond" truecount="0" falsecount="2"/>
        <line num="512" count="0" type="cond" truecount="0" falsecount="2"/>
        <line num="513" count="0" type="stmt"/>
        <line num="514" count="0" type="stmt"/>
        <line num="516" count="0" type="cond" truecount="0" falsecount="2"/>
        <line num="520" count="0" type="stmt"/>
        <line num="521" count="0" type="stmt"/>
        <line num="522" count="0" type="stmt"/>
        <line num="526" count="0" type="stmt"/>
        <line num="527" count="0" type="stmt"/>
        <line num="528" count="0" type="cond" truecount="0" falsecount="2"/>
        <line num="529" count="0" type="stmt"/>
        <line num="530" count="0" type="stmt"/>
        <line num="534" count="0" type="stmt"/>
        <line num="535" count="0" type="stmt"/>
        <line num="536" count="0" type="stmt"/>
        <line num="537" count="0" type="stmt"/>
        <line num="545" count="0" type="stmt"/>
        <line num="546" count="0" type="stmt"/>
        <line num="547" count="0" type="stmt"/>
        <line num="551" count="0" type="stmt"/>
        <line num="552" count="0" type="stmt"/>
        <line num="553" count="0" type="stmt"/>
        <line num="554" count="0" type="stmt"/>
        <line num="555" count="0" type="stmt"/>
        <line num="556" count="0" type="stmt"/>
        <line num="559" count="0" type="stmt"/>
        <line num="560" count="0" type="cond" truecount="0" falsecount="2"/>
        <line num="561" count="0" type="stmt"/>
        <line num="563" count="0" type="stmt"/>
        <line num="566" count="0" type="stmt"/>
        <line num="567" count="0" type="stmt"/>
        <line num="568" count="0" type="stmt"/>
        <line num="569" count="0" type="stmt"/>
        <line num="570" count="0" type="stmt"/>
        <line num="574" count="0" type="cond" truecount="0" falsecount="4"/>
        <line num="575" count="0" type="stmt"/>
        <line num="578" count="0" type="stmt"/>
        <line num="592" count="0" type="stmt"/>
        <line num="638" count="0" type="stmt"/>
        <line num="640" count="0" type="stmt"/>
        <line num="668" count="0" type="stmt"/>
        <line num="672" count="0" type="stmt"/>
        <line num="681" count="0" type="stmt"/>
        <line num="693" count="0" type="stmt"/>
        <line num="702" count="0" type="stmt"/>
        <line num="714" count="0" type="stmt"/>
        <line num="723" count="0" type="stmt"/>
        <line num="755" count="0" type="stmt"/>
        <line num="756" count="0" type="cond" truecount="0" falsecount="2"/>
        <line num="760" count="0" type="cond" truecount="0" falsecount="2"/>
        <line num="761" count="0" type="stmt"/>
        <line num="763" count="0" type="stmt"/>
        <line num="779" count="0" type="stmt"/>
        <line num="780" count="0" type="stmt"/>
        <line num="781" count="0" type="stmt"/>
        <line num="782" count="0" type="stmt"/>
        <line num="783" count="0" type="stmt"/>
        <line num="784" count="0" type="stmt"/>
        <line num="785" count="0" type="stmt"/>
        <line num="786" count="0" type="stmt"/>
        <line num="787" count="0" type="stmt"/>
        <line num="788" count="0" type="stmt"/>
        <line num="789" count="0" type="stmt"/>
        <line num="791" count="0" type="stmt"/>
        <line num="792" count="0" type="stmt"/>
        <line num="793" count="0" type="stmt"/>
        <line num="796" count="0" type="stmt"/>
        <line num="797" count="0" type="stmt"/>
        <line num="798" count="0" type="stmt"/>
        <line num="799" count="0" type="stmt"/>
        <line num="800" count="0" type="stmt"/>
        <line num="805" count="0" type="stmt"/>
        <line num="806" count="0" type="cond" truecount="0" falsecount="4"/>
        <line num="807" count="0" type="stmt"/>
        <line num="809" count="0" type="cond" truecount="0" falsecount="2"/>
        <line num="810" count="0" type="stmt"/>
        <line num="812" count="0" type="stmt"/>
        <line num="816" count="0" type="stmt"/>
        <line num="817" count="0" type="stmt"/>
        <line num="818" count="0" type="cond" truecount="0" falsecount="2"/>
        <line num="821" count="0" type="stmt"/>
        <line num="822" count="0" type="stmt"/>
        <line num="823" count="0" type="cond" truecount="0" falsecount="2"/>
        <line num="824" count="0" type="stmt"/>
        <line num="825" count="0" type="stmt"/>
        <line num="826" count="0" type="stmt"/>
        <line num="830" count="0" type="stmt"/>
        <line num="831" count="0" type="stmt"/>
        <line num="832" count="0" type="cond" truecount="0" falsecount="2"/>
        <line num="833" count="0" type="stmt"/>
        <line num="834" count="0" type="stmt"/>
        <line num="835" count="0" type="stmt"/>
        <line num="839" count="0" type="stmt"/>
        <line num="840" count="0" type="stmt"/>
        <line num="841" count="0" type="cond" truecount="0" falsecount="2"/>
        <line num="842" count="0" type="stmt"/>
        <line num="843" count="0" type="stmt"/>
        <line num="844" count="0" type="stmt"/>
        <line num="848" count="0" type="stmt"/>
        <line num="849" count="0" type="stmt"/>
        <line num="850" count="0" type="cond" truecount="0" falsecount="2"/>
        <line num="851" count="0" type="stmt"/>
        <line num="852" count="0" type="stmt"/>
        <line num="856" count="0" type="stmt"/>
        <line num="857" count="0" type="stmt"/>
        <line num="863" count="0" type="cond" truecount="0" falsecount="2"/>
        <line num="864" count="0" type="stmt"/>
        <line num="865" count="0" type="stmt"/>
        <line num="866" count="0" type="stmt"/>
        <line num="867" count="0" type="stmt"/>
        <line num="868" count="0" type="stmt"/>
        <line num="869" count="0" type="stmt"/>
        <line num="873" count="0" type="stmt"/>
        <line num="898" count="0" type="stmt"/>
        <line num="902" count="0" type="stmt"/>
        <line num="906" count="0" type="stmt"/>
        <line num="911" count="0" type="stmt"/>
        <line num="917" count="0" type="stmt"/>
        <line num="920" count="0" type="stmt"/>
        <line num="945" count="0" type="stmt"/>
        <line num="946" count="0" type="stmt"/>
        <line num="947" count="0" type="stmt"/>
        <line num="948" count="0" type="stmt"/>
        <line num="949" count="0" type="stmt"/>
        <line num="958" count="0" type="stmt"/>
        <line num="968" count="0" type="stmt"/>
        <line num="978" count="0" type="cond" truecount="0" falsecount="2"/>
        <line num="980" count="0" type="stmt"/>
        <line num="987" count="0" type="stmt"/>
        <line num="991" count="0" type="stmt"/>
        <line num="992" count="0" type="stmt"/>
        <line num="993" count="0" type="stmt"/>
        <line num="995" count="0" type="stmt"/>
        <line num="996" count="0" type="stmt"/>
        <line num="998" count="0" type="stmt"/>
        <line num="999" count="0" type="stmt"/>
        <line num="1017" count="0" type="cond" truecount="0" falsecount="2"/>
        <line num="1018" count="0" type="cond" truecount="0" falsecount="2"/>
        <line num="1019" count="0" type="stmt"/>
        <line num="1023" count="0" type="cond" truecount="0" falsecount="2"/>
        <line num="1024" count="0" type="cond" truecount="0" falsecount="2"/>
        <line num="1025" count="0" type="stmt"/>
        <line num="1029" count="0" type="cond" truecount="0" falsecount="2"/>
        <line num="1030" count="0" type="cond" truecount="0" falsecount="2"/>
        <line num="1031" count="0" type="stmt"/>
        <line num="1035" count="0" type="stmt"/>
        <line num="1038" count="0" type="stmt"/>
        <line num="1043" count="0" type="cond" truecount="0" falsecount="4"/>
        <line num="1057" count="0" type="stmt"/>
        <line num="1058" count="0" type="stmt"/>
        <line num="1059" count="0" type="stmt"/>
        <line num="1060" count="0" type="stmt"/>
        <line num="1061" count="0" type="stmt"/>
        <line num="1062" count="0" type="stmt"/>
        <line num="1063" count="0" type="stmt"/>
        <line num="1064" count="0" type="stmt"/>
        <line num="1065" count="0" type="stmt"/>
        <line num="1066" count="0" type="stmt"/>
        <line num="1067" count="0" type="stmt"/>
        <line num="1068" count="0" type="stmt"/>
        <line num="1069" count="0" type="stmt"/>
        <line num="1070" count="0" type="cond" truecount="0" falsecount="2"/>
        <line num="1072" count="0" type="stmt"/>
        <line num="1073" count="0" type="stmt"/>
        <line num="1074" count="0" type="stmt"/>
        <line num="1075" count="0" type="stmt"/>
        <line num="1078" count="0" type="stmt"/>
        <line num="1079" count="0" type="cond" truecount="0" falsecount="2"/>
        <line num="1080" count="0" type="stmt"/>
        <line num="1081" count="0" type="stmt"/>
        <line num="1084" count="0" type="stmt"/>
        <line num="1085" count="0" type="stmt"/>
        <line num="1086" count="0" type="stmt"/>
        <line num="1087" count="0" type="stmt"/>
        <line num="1097" count="0" type="cond" truecount="0" falsecount="2"/>
        <line num="1098" count="0" type="stmt"/>
        <line num="1099" count="0" type="cond" truecount="0" falsecount="2"/>
        <line num="1101" count="0" type="stmt"/>
        <line num="1102" count="0" type="stmt"/>
        <line num="1103" count="0" type="stmt"/>
        <line num="1104" count="0" type="stmt"/>
        <line num="1106" count="0" type="cond" truecount="0" falsecount="2"/>
        <line num="1108" count="0" type="stmt"/>
        <line num="1112" count="0" type="stmt"/>
        <line num="1113" count="0" type="stmt"/>
        <line num="1115" count="0" type="cond" truecount="0" falsecount="2"/>
        <line num="1116" count="0" type="stmt"/>
        <line num="1117" count="0" type="stmt"/>
        <line num="1120" count="0" type="cond" truecount="0" falsecount="2"/>
        <line num="1121" count="0" type="stmt"/>
        <line num="1122" count="0" type="stmt"/>
        <line num="1124" count="0" type="cond" truecount="0" falsecount="4"/>
        <line num="1125" count="0" type="stmt"/>
        <line num="1126" count="0" type="stmt"/>
        <line num="1129" count="0" type="stmt"/>
        <line num="1130" count="0" type="stmt"/>
        <line num="1132" count="0" type="stmt"/>
        <line num="1133" count="0" type="stmt"/>
        <line num="1152" count="0" type="stmt"/>
        <line num="1153" count="0" type="stmt"/>
        <line num="1154" count="0" type="stmt"/>
        <line num="1156" count="0" type="cond" truecount="0" falsecount="2"/>
        <line num="1158" count="0" type="stmt"/>
        <line num="1162" count="0" type="stmt"/>
        <line num="1163" count="0" type="cond" truecount="0" falsecount="2"/>
        <line num="1166" count="0" type="stmt"/>
        <line num="1167" count="0" type="cond" truecount="0" falsecount="2"/>
        <line num="1170" count="0" type="stmt"/>
        <line num="1171" count="0" type="stmt"/>
        <line num="1172" count="0" type="cond" truecount="0" falsecount="2"/>
        <line num="1173" count="0" type="stmt"/>
        <line num="1177" count="0" type="stmt"/>
        <line num="1179" count="0" type="cond" truecount="0" falsecount="2"/>
        <line num="1184" count="0" type="stmt"/>
        <line num="1185" count="0" type="stmt"/>
        <line num="1186" count="0" type="cond" truecount="0" falsecount="2"/>
        <line num="1187" count="0" type="cond" truecount="0" falsecount="2"/>
        <line num="1190" count="0" type="stmt"/>
        <line num="1191" count="0" type="stmt"/>
        <line num="1193" count="0" type="cond" truecount="0" falsecount="2"/>
        <line num="1195" count="0" type="cond" truecount="0" falsecount="2"/>
        <line num="1197" count="0" type="cond" truecount="0" falsecount="2"/>
        <line num="1198" count="0" type="stmt"/>
        <line num="1202" count="0" type="cond" truecount="0" falsecount="2"/>
        <line num="1204" count="0" type="stmt"/>
        <line num="1220" count="0" type="stmt"/>
        <line num="1221" count="0" type="cond" truecount="0" falsecount="2"/>
        <line num="1228" count="0" type="stmt"/>
        <line num="1229" count="0" type="cond" truecount="0" falsecount="2"/>
        <line num="1231" count="0" type="stmt"/>
        <line num="1232" count="0" type="stmt"/>
        <line num="1233" count="0" type="stmt"/>
        <line num="1234" count="0" type="stmt"/>
        <line num="1240" count="0" type="cond" truecount="0" falsecount="2"/>
        <line num="1241" count="0" type="stmt"/>
        <line num="1242" count="0" type="cond" truecount="0" falsecount="2"/>
        <line num="1245" count="0" type="stmt"/>
        <line num="1246" count="0" type="cond" truecount="0" falsecount="2"/>
        <line num="1247" count="0" type="stmt"/>
        <line num="1248" count="0" type="cond" truecount="0" falsecount="4"/>
        <line num="1251" count="0" type="stmt"/>
        <line num="1252" count="0" type="stmt"/>
        <line num="1253" count="0" type="stmt"/>
        <line num="1254" count="0" type="cond" truecount="0" falsecount="2"/>
        <line num="1255" count="0" type="stmt"/>
        <line num="1256" count="0" type="stmt"/>
        <line num="1257" count="0" type="stmt"/>
        <line num="1258" count="0" type="stmt"/>
        <line num="1260" count="0" type="cond" truecount="0" falsecount="2"/>
        <line num="1262" count="0" type="stmt"/>
        <line num="1266" count="0" type="stmt"/>
        <line num="1277" count="0" type="stmt"/>
        <line num="1278" count="0" type="stmt"/>
        <line num="1291" count="0" type="stmt"/>
        <line num="1292" count="0" type="stmt"/>
        <line num="1303" count="0" type="stmt"/>
        <line num="1304" count="0" type="stmt"/>
        <line num="1314" count="0" type="stmt"/>
        <line num="1315" count="0" type="stmt"/>
        <line num="1325" count="0" type="stmt"/>
        <line num="1326" count="0" type="stmt"/>
        <line num="1350" count="0" type="stmt"/>
        <line num="1351" count="0" type="stmt"/>
        <line num="1352" count="0" type="stmt"/>
        <line num="1353" count="0" type="stmt"/>
        <line num="1354" count="0" type="stmt"/>
        <line num="1391" count="0" type="stmt"/>
        <line num="1397" count="0" type="stmt"/>
        <line num="1402" count="0" type="cond" truecount="0" falsecount="2"/>
        <line num="1406" count="0" type="cond" truecount="0" falsecount="2"/>
        <line num="1453" count="0" type="stmt"/>
        <line num="1454" count="0" type="cond" truecount="0" falsecount="2"/>
        <line num="1456" count="0" type="stmt"/>
        <line num="1481" count="0" type="stmt"/>
        <line num="1489" count="0" type="stmt"/>
        <line num="1521" count="0" type="cond" truecount="0" falsecount="2"/>
        <line num="1522" count="0" type="stmt"/>
        <line num="1527" count="0" type="stmt"/>
        <line num="1534" count="0" type="stmt"/>
        <line num="1547" count="0" type="stmt"/>
        <line num="1561" count="0" type="stmt"/>
        <line num="1562" count="0" type="stmt"/>
        <line num="1564" count="0" type="stmt"/>
        <line num="1565" count="0" type="stmt"/>
        <line num="1566" count="0" type="stmt"/>
        <line num="1567" count="0" type="stmt"/>
        <line num="1570" count="0" type="stmt"/>
        <line num="1571" count="0" type="cond" truecount="0" falsecount="4"/>
        <line num="1572" count="0" type="stmt"/>
        <line num="1574" count="0" type="cond" truecount="0" falsecount="2"/>
        <line num="1578" count="0" type="stmt"/>
        <line num="1599" count="0" type="stmt"/>
        <line num="1628" count="0" type="stmt"/>
        <line num="1629" count="0" type="stmt"/>
        <line num="1630" count="0" type="stmt"/>
        <line num="1631" count="0" type="stmt"/>
        <line num="1632" count="0" type="stmt"/>
        <line num="1634" count="0" type="stmt"/>
        <line num="1635" count="0" type="stmt"/>
        <line num="1636" count="0" type="stmt"/>
        <line num="1637" count="0" type="cond" truecount="0" falsecount="2"/>
        <line num="1638" count="0" type="stmt"/>
        <line num="1639" count="0" type="stmt"/>
        <line num="1640" count="0" type="stmt"/>
        <line num="1641" count="0" type="stmt"/>
        <line num="1644" count="0" type="stmt"/>
        <line num="1645" count="0" type="stmt"/>
        <line num="1646" count="0" type="stmt"/>
        <line num="1647" count="0" type="cond" truecount="0" falsecount="2"/>
        <line num="1650" count="0" type="stmt"/>
        <line num="1651" count="0" type="stmt"/>
        <line num="1652" count="0" type="stmt"/>
        <line num="1653" count="0" type="stmt"/>
        <line num="1654" count="0" type="stmt"/>
        <line num="1655" count="0" type="stmt"/>
        <line num="1656" count="0" type="stmt"/>
        <line num="1657" count="0" type="stmt"/>
        <line num="1659" count="0" type="cond" truecount="0" falsecount="2"/>
        <line num="1660" count="0" type="stmt"/>
        <line num="1661" count="0" type="stmt"/>
        <line num="1665" count="0" type="stmt"/>
        <line num="1666" count="0" type="cond" truecount="0" falsecount="2"/>
        <line num="1668" count="0" type="stmt"/>
        <line num="1669" count="0" type="stmt"/>
        <line num="1671" count="0" type="stmt"/>
        <line num="1672" count="0" type="stmt"/>
        <line num="1673" count="0" type="stmt"/>
        <line num="1674" count="0" type="stmt"/>
        <line num="1679" count="0" type="cond" truecount="0" falsecount="2"/>
        <line num="1680" count="0" type="stmt"/>
        <line num="1681" count="0" type="cond" truecount="0" falsecount="2"/>
        <line num="1684" count="0" type="stmt"/>
        <line num="1685" count="0" type="stmt"/>
        <line num="1692" count="0" type="stmt"/>
        <line num="1693" count="0" type="stmt"/>
        <line num="1694" count="0" type="stmt"/>
        <line num="1695" count="0" type="stmt"/>
        <line num="1696" count="0" type="stmt"/>
        <line num="1697" count="0" type="stmt"/>
        <line num="1699" count="0" type="cond" truecount="0" falsecount="2"/>
        <line num="1700" count="0" type="stmt"/>
        <line num="1704" count="0" type="stmt"/>
        <line num="1724" count="0" type="stmt"/>
        <line num="1749" count="0" type="cond" truecount="0" falsecount="2"/>
        <line num="1761" count="0" type="stmt"/>
        <line num="1779" count="0" type="stmt"/>
        <line num="1804" count="0" type="stmt"/>
        <line num="1806" count="0" type="stmt"/>
        <line num="1807" count="0" type="stmt"/>
        <line num="1808" count="0" type="stmt"/>
        <line num="1809" count="0" type="stmt"/>
        <line num="1810" count="0" type="stmt"/>
        <line num="1814" count="0" type="stmt"/>
        <line num="1815" count="0" type="stmt"/>
        <line num="1816" count="0" type="stmt"/>
        <line num="1818" count="0" type="cond" truecount="0" falsecount="2"/>
        <line num="1820" count="0" type="stmt"/>
        <line num="1821" count="0" type="stmt"/>
        <line num="1825" count="0" type="stmt"/>
        <line num="1826" count="0" type="stmt"/>
        <line num="1827" count="0" type="stmt"/>
        <line num="1851" count="0" type="stmt"/>
        <line num="1852" count="0" type="stmt"/>
        <line num="1856" count="0" type="stmt"/>
        <line num="1857" count="0" type="stmt"/>
        <line num="1858" count="0" type="stmt"/>
        <line num="1862" count="0" type="stmt"/>
        <line num="1864" count="0" type="stmt"/>
        <line num="1865" count="0" type="stmt"/>
        <line num="1869" count="0" type="stmt"/>
        <line num="1870" count="0" type="stmt"/>
        <line num="1871" count="0" type="stmt"/>
        <line num="1872" count="0" type="stmt"/>
        <line num="1873" count="0" type="cond" truecount="0" falsecount="5"/>
        <line num="1874" count="0" type="stmt"/>
        <line num="1875" count="0" type="stmt"/>
        <line num="1876" count="0" type="stmt"/>
        <line num="1877" count="0" type="stmt"/>
        <line num="1878" count="0" type="stmt"/>
        <line num="1879" count="0" type="stmt"/>
        <line num="1883" count="0" type="stmt"/>
        <line num="1884" count="0" type="cond" truecount="0" falsecount="4"/>
        <line num="1885" count="0" type="stmt"/>
        <line num="1886" count="0" type="stmt"/>
        <line num="1889" count="0" type="stmt"/>
        <line num="1890" count="0" type="stmt"/>
        <line num="1891" count="0" type="stmt"/>
        <line num="1892" count="0" type="cond" truecount="0" falsecount="4"/>
        <line num="1893" count="0" type="stmt"/>
        <line num="1894" count="0" type="stmt"/>
        <line num="1895" count="0" type="stmt"/>
        <line num="1896" count="0" type="stmt"/>
        <line num="1897" count="0" type="stmt"/>
        <line num="1898" count="0" type="stmt"/>
        <line num="1900" count="0" type="stmt"/>
        <line num="1903" count="0" type="stmt"/>
        <line num="1904" count="0" type="stmt"/>
        <line num="1905" count="0" type="stmt"/>
        <line num="1907" count="0" type="cond" truecount="0" falsecount="2"/>
        <line num="1910" count="0" type="cond" truecount="0" falsecount="2"/>
        <line num="1914" count="0" type="stmt"/>
        <line num="1915" count="0" type="stmt"/>
        <line num="1919" count="0" type="stmt"/>
        <line num="1920" count="0" type="stmt"/>
        <line num="1921" count="0" type="stmt"/>
        <line num="1923" count="0" type="cond" truecount="0" falsecount="2"/>
        <line num="1927" count="0" type="stmt"/>
        <line num="1928" count="0" type="stmt"/>
        <line num="1932" count="0" type="stmt"/>
        <line num="1933" count="0" type="stmt"/>
        <line num="1934" count="0" type="stmt"/>
        <line num="1936" count="0" type="cond" truecount="0" falsecount="2"/>
        <line num="1937" count="0" type="stmt"/>
        <line num="1940" count="0" type="stmt"/>
        <line num="1941" count="0" type="stmt"/>
        <line num="1945" count="0" type="stmt"/>
        <line num="1946" count="0" type="stmt"/>
        <line num="1947" count="0" type="stmt"/>
        <line num="1949" count="0" type="cond" truecount="0" falsecount="2"/>
        <line num="1951" count="0" type="stmt"/>
        <line num="1952" count="0" type="stmt"/>
        <line num="1956" count="0" type="stmt"/>
        <line num="1957" count="0" type="stmt"/>
        <line num="1958" count="0" type="cond" truecount="0" falsecount="2"/>
        <line num="1959" count="0" type="stmt"/>
        <line num="1960" count="0" type="cond" truecount="0" falsecount="4"/>
        <line num="1961" count="0" type="stmt"/>
        <line num="1963" count="0" type="stmt"/>
        <line num="1964" count="0" type="stmt"/>
        <line num="1980" count="0" type="stmt"/>
        <line num="1981" count="0" type="stmt"/>
        <line num="1985" count="0" type="stmt"/>
        <line num="1986" count="0" type="stmt"/>
        <line num="1987" count="0" type="stmt"/>
        <line num="1989" count="0" type="stmt"/>
        <line num="1991" count="0" type="stmt"/>
        <line num="1992" count="0" type="stmt"/>
        <line num="1996" count="0" type="stmt"/>
        <line num="1997" count="0" type="stmt"/>
        <line num="1998" count="0" type="stmt"/>
        <line num="1999" count="0" type="stmt"/>
        <line num="2000" count="0" type="cond" truecount="0" falsecount="5"/>
        <line num="2001" count="0" type="stmt"/>
        <line num="2002" count="0" type="stmt"/>
        <line num="2003" count="0" type="stmt"/>
        <line num="2004" count="0" type="stmt"/>
        <line num="2005" count="0" type="stmt"/>
        <line num="2006" count="0" type="stmt"/>
        <line num="2010" count="0" type="stmt"/>
        <line num="2011" count="0" type="stmt"/>
        <line num="2012" count="0" type="stmt"/>
        <line num="2015" count="0" type="cond" truecount="0" falsecount="2"/>
        <line num="2016" count="0" type="cond" truecount="0" falsecount="2"/>
        <line num="2017" count="0" type="stmt"/>
        <line num="2018" count="0" type="cond" truecount="0" falsecount="2"/>
        <line num="2019" count="0" type="stmt"/>
        <line num="2023" count="0" type="cond" truecount="0" falsecount="2"/>
        <line num="2027" count="0" type="stmt"/>
        <line num="2028" count="0" type="stmt"/>
        <line num="2032" count="0" type="stmt"/>
        <line num="2033" count="0" type="stmt"/>
        <line num="2034" count="0" type="cond" truecount="0" falsecount="2"/>
        <line num="2035" count="0" type="stmt"/>
        <line num="2036" count="0" type="stmt"/>
        <line num="2039" count="0" type="cond" truecount="0" falsecount="2"/>
        <line num="2040" count="0" type="stmt"/>
        <line num="2041" count="0" type="cond" truecount="0" falsecount="2"/>
        <line num="2042" count="0" type="stmt"/>
        <line num="2044" count="0" type="cond" truecount="0" falsecount="2"/>
        <line num="2049" count="0" type="stmt"/>
        <line num="2050" count="0" type="stmt"/>
        <line num="2054" count="0" type="stmt"/>
        <line num="2055" count="0" type="stmt"/>
        <line num="2056" count="0" type="stmt"/>
        <line num="2058" count="0" type="cond" truecount="0" falsecount="2"/>
        <line num="2059" count="0" type="stmt"/>
        <line num="2062" count="0" type="stmt"/>
        <line num="2063" count="0" type="stmt"/>
        <line num="2067" count="0" type="stmt"/>
        <line num="2068" count="0" type="stmt"/>
        <line num="2069" count="0" type="stmt"/>
        <line num="2070" count="0" type="stmt"/>
        <line num="2071" count="0" type="stmt"/>
        <line num="2072" count="0" type="stmt"/>
        <line num="2076" count="0" type="stmt"/>
        <line num="2077" count="0" type="stmt"/>
        <line num="2079" count="0" type="stmt"/>
        <line num="2080" count="0" type="stmt"/>
        <line num="2081" count="0" type="stmt"/>
        <line num="2083" count="0" type="cond" truecount="0" falsecount="2"/>
        <line num="2085" count="0" type="stmt"/>
        <line num="2086" count="0" type="stmt"/>
        <line num="2090" count="0" type="stmt"/>
        <line num="2091" count="0" type="stmt"/>
        <line num="2092" count="0" type="stmt"/>
        <line num="2099" count="0" type="stmt"/>
        <line num="2100" count="0" type="stmt"/>
        <line num="2104" count="0" type="stmt"/>
        <line num="2105" count="0" type="stmt"/>
        <line num="2106" count="0" type="stmt"/>
        <line num="2108" count="0" type="cond" truecount="0" falsecount="2"/>
        <line num="2110" count="0" type="stmt"/>
        <line num="2111" count="0" type="stmt"/>
        <line num="2115" count="0" type="stmt"/>
        <line num="2116" count="0" type="stmt"/>
        <line num="2117" count="0" type="stmt"/>
        <line num="2119" count="0" type="cond" truecount="0" falsecount="2"/>
        <line num="2121" count="0" type="stmt"/>
        <line num="2122" count="0" type="stmt"/>
        <line num="2126" count="0" type="stmt"/>
        <line num="2127" count="0" type="stmt"/>
        <line num="2128" count="0" type="stmt"/>
        <line num="2135" count="0" type="stmt"/>
        <line num="2136" count="0" type="stmt"/>
        <line num="2140" count="0" type="stmt"/>
        <line num="2141" count="0" type="stmt"/>
        <line num="2142" count="0" type="stmt"/>
        <line num="2146" count="0" type="stmt"/>
        <line num="2148" count="0" type="stmt"/>
        <line num="2149" count="0" type="stmt"/>
        <line num="2153" count="0" type="stmt"/>
        <line num="2163" count="0" type="stmt"/>
        <line num="2166" count="0" type="stmt"/>
        <line num="2169" count="0" type="stmt"/>
        <line num="2172" count="0" type="stmt"/>
        <line num="2175" count="0" type="stmt"/>
        <line num="2178" count="0" type="stmt"/>
        <line num="2181" count="0" type="stmt"/>
        <line num="2184" count="0" type="stmt"/>
        <line num="2187" count="0" type="stmt"/>
        <line num="2190" count="0" type="stmt"/>
        <line num="2193" count="0" type="stmt"/>
        <line num="2214" count="0" type="stmt"/>
        <line num="2222" count="0" type="stmt"/>
        <line num="2223" count="0" type="stmt"/>
        <line num="2226" count="0" type="cond" truecount="0" falsecount="2"/>
        <line num="2228" count="0" type="stmt"/>
        <line num="2229" count="0" type="stmt"/>
        <line num="2242" count="0" type="stmt"/>
        <line num="2252" count="0" type="stmt"/>
        <line num="2272" count="0" type="stmt"/>
        <line num="2281" count="0" type="stmt"/>
        <line num="2284" count="0" type="stmt"/>
        <line num="2287" count="0" type="stmt"/>
        <line num="2290" count="0" type="stmt"/>
        <line num="2293" count="0" type="stmt"/>
        <line num="2296" count="0" type="stmt"/>
        <line num="2299" count="0" type="stmt"/>
        <line num="2302" count="0" type="cond" truecount="0" falsecount="2"/>
        <line num="2310" count="0" type="stmt"/>
        <line num="2311" count="0" type="cond" truecount="0" falsecount="2"/>
        <line num="2323" count="0" type="stmt"/>
        <line num="2333" count="0" type="stmt"/>
        <line num="2343" count="0" type="stmt"/>
        <line num="2355" count="0" type="stmt"/>
        <line num="2364" count="0" type="stmt"/>
        <line num="2365" count="0" type="stmt"/>
        <line num="2366" count="0" type="stmt"/>
        <line num="2370" count="0" type="stmt"/>
        <line num="2386" count="0" type="stmt"/>
        <line num="2403" count="0" type="stmt"/>
        <line num="2422" count="0" type="stmt"/>
        <line num="2431" count="0" type="stmt"/>
        <line num="2434" count="0" type="stmt"/>
        <line num="2437" count="0" type="stmt"/>
        <line num="2440" count="0" type="stmt"/>
        <line num="2443" count="0" type="stmt"/>
        <line num="2452" count="0" type="stmt"/>
        <line num="2471" count="0" type="stmt"/>
        <line num="2480" count="0" type="stmt"/>
        <line num="2483" count="0" type="stmt"/>
        <line num="2486" count="0" type="stmt"/>
        <line num="2489" count="0" type="stmt"/>
        <line num="2527" count="71" type="stmt"/>
        <line num="2528" count="71" type="stmt"/>
        <line num="2529" count="71" type="stmt"/>
        <line num="2530" count="71" type="stmt"/>
        <line num="2531" count="71" type="stmt"/>
        <line num="2532" count="71" type="stmt"/>
        <line num="2533" count="71" type="stmt"/>
        <line num="2535" count="71" type="stmt"/>
        <line num="2536" count="71" type="stmt"/>
        <line num="2537" count="35" type="stmt"/>
        <line num="2538" count="35" type="stmt"/>
        <line num="2539" count="770" type="stmt"/>
        <line num="2541" count="729" type="cond" truecount="2" falsecount="0"/>
        <line num="2542" count="252" type="stmt"/>
        <line num="2547" count="1470" type="stmt"/>
        <line num="2550" count="71" type="stmt"/>
        <line num="2552" count="71" type="stmt"/>
        <line num="2553" count="4" type="stmt"/>
        <line num="2554" count="4" type="stmt"/>
        <line num="2555" count="4" type="stmt"/>
        <line num="2556" count="4" type="stmt"/>
        <line num="2559" count="71" type="stmt"/>
        <line num="2560" count="2" type="cond" truecount="3" falsecount="1"/>
        <line num="2561" count="2" type="stmt"/>
        <line num="2562" count="2" type="stmt"/>
        <line num="2565" count="71" type="stmt"/>
        <line num="2566" count="2" type="stmt"/>
        <line num="2567" count="2" type="stmt"/>
        <line num="2568" count="2" type="cond" truecount="1" falsecount="1"/>
        <line num="2571" count="71" type="stmt"/>
        <line num="2572" count="1083" type="stmt"/>
        <line num="2573" count="1083" type="stmt"/>
        <line num="2576" count="71" type="stmt"/>
        <line num="2578" count="71" type="stmt"/>
        <line num="2579" count="20" type="stmt"/>
        <line num="2582" count="71" type="stmt"/>
        <line num="2583" count="12" type="cond" truecount="2" falsecount="0"/>
        <line num="2584" count="1" type="stmt"/>
        <line num="2585" count="1" type="stmt"/>
        <line num="2586" count="1" type="stmt"/>
        <line num="2588" count="11" type="cond" truecount="1" falsecount="1"/>
        <line num="2589" count="0" type="stmt"/>
        <line num="2590" count="0" type="stmt"/>
        <line num="2591" count="0" type="stmt"/>
        <line num="2593" count="11" type="cond" truecount="1" falsecount="1"/>
        <line num="2594" count="0" type="stmt"/>
        <line num="2595" count="0" type="stmt"/>
        <line num="2596" count="0" type="stmt"/>
        <line num="2598" count="11" type="cond" truecount="2" falsecount="0"/>
        <line num="2599" count="1" type="stmt"/>
        <line num="2600" count="1" type="cond" truecount="1" falsecount="1"/>
        <line num="2601" count="1" type="stmt"/>
        <line num="2602" count="1" type="stmt"/>
        <line num="2604" count="0" type="stmt"/>
        <line num="2608" count="71" type="stmt"/>
        <line num="2616" count="4" type="stmt"/>
        <line num="2617" count="4" type="stmt"/>
        <line num="2618" count="4" type="stmt"/>
        <line num="2619" count="4" type="stmt"/>
        <line num="2620" count="144" type="cond" truecount="2" falsecount="0"/>
        <line num="2642" count="10" type="stmt"/>
        <line num="2643" count="10" type="stmt"/>
        <line num="2659" count="60" type="stmt"/>
        <line num="2660" count="60" type="cond" truecount="2" falsecount="0"/>
        <line num="2661" count="44" type="stmt"/>
        <line num="2667" count="2245" type="stmt"/>
        <line num="2668" count="233" type="stmt"/>
        <line num="2669" count="233" type="stmt"/>
        <line num="2670" count="233" type="stmt"/>
        <line num="2682" count="1" type="stmt"/>
        <line num="2683" count="1" type="stmt"/>
        <line num="2737" count="230" type="stmt"/>
        <line num="2738" count="151" type="stmt"/>
        <line num="2739" count="151" type="stmt"/>
        <line num="2747" count="3" type="stmt"/>
        <line num="2764" count="1" type="stmt"/>
        <line num="2774" count="0" type="stmt"/>
        <line num="2784" count="1" type="stmt"/>
        <line num="2797" count="160" type="stmt"/>
        <line num="2798" count="160" type="stmt"/>
        <line num="2799" count="160" type="cond" truecount="2" falsecount="0"/>
        <line num="2800" count="160" type="stmt"/>
        <line num="2808" count="9" type="stmt"/>
        <line num="2810" count="9" type="cond" truecount="2" falsecount="0"/>
        <line num="2811" count="1" type="stmt"/>
        <line num="2812" count="1" type="stmt"/>
        <line num="2813" count="1" type="stmt"/>
        <line num="2815" count="9" type="cond" truecount="1" falsecount="1"/>
        <line num="2818" count="0" type="stmt"/>
        <line num="2819" count="0" type="stmt"/>
        <line num="2831" count="1" type="stmt"/>
        <line num="2832" count="1" type="stmt"/>
        <line num="2843" count="1" type="stmt"/>
        <line num="2859" count="6" type="stmt"/>
        <line num="2861" count="7" type="cond" truecount="2" falsecount="0"/>
        <line num="2862" count="1" type="stmt"/>
        <line num="2863" count="1" type="stmt"/>
        <line num="2864" count="1" type="stmt"/>
        <line num="2866" count="7" type="cond" truecount="1" falsecount="1"/>
        <line num="2872" count="0" type="stmt"/>
        <line num="2873" count="0" type="stmt"/>
        <line num="2877" count="0" type="stmt"/>
        <line num="2885" count="1" type="stmt"/>
        <line num="2905" count="0" type="stmt"/>
        <line num="2906" count="0" type="stmt"/>
        <line num="2911" count="0" type="stmt"/>
        <line num="2913" count="0" type="stmt"/>
        <line num="2914" count="0" type="stmt"/>
        <line num="2916" count="0" type="stmt"/>
        <line num="2933" count="0" type="cond" truecount="0" falsecount="2"/>
        <line num="2934" count="0" type="stmt"/>
        <line num="2950" count="0" type="stmt"/>
        <line num="2952" count="0" type="stmt"/>
        <line num="2958" count="0" type="cond" truecount="0" falsecount="2"/>
        <line num="2959" count="0" type="stmt"/>
        <line num="2968" count="0" type="cond" truecount="0" falsecount="2"/>
        <line num="2969" count="0" type="stmt"/>
        <line num="2981" count="0" type="cond" truecount="0" falsecount="1"/>
        <line num="2982" count="0" type="cond" truecount="0" falsecount="3"/>
        <line num="2983" count="0" type="stmt"/>
        <line num="2998" count="0" type="stmt"/>
        <line num="3012" count="0" type="cond" truecount="0" falsecount="2"/>
        <line num="3018" count="0" type="stmt"/>
        <line num="3028" count="0" type="stmt"/>
        <line num="3040" count="0" type="stmt"/>
        <line num="3041" count="0" type="stmt"/>
        <line num="3046" count="0" type="cond" truecount="0" falsecount="2"/>
        <line num="3050" count="0" type="stmt"/>
        <line num="3051" count="0" type="stmt"/>
        <line num="3052" count="0" type="cond" truecount="0" falsecount="4"/>
        <line num="3055" count="0" type="cond" truecount="0" falsecount="2"/>
        <line num="3056" count="0" type="cond" truecount="0" falsecount="2"/>
        <line num="3057" count="0" type="cond" truecount="0" falsecount="2"/>
        <line num="3058" count="0" type="cond" truecount="0" falsecount="2"/>
        <line num="3059" count="0" type="stmt"/>
        <line num="3060" count="0" type="cond" truecount="0" falsecount="2"/>
        <line num="3061" count="0" type="stmt"/>
        <line num="3063" count="0" type="cond" truecount="0" falsecount="2"/>
        <line num="3064" count="0" type="stmt"/>
        <line num="3069" count="0" type="stmt"/>
        <line num="3071" count="0" type="cond" truecount="0" falsecount="2"/>
        <line num="3072" count="0" type="cond" truecount="0" falsecount="2"/>
        <line num="3073" count="0" type="stmt"/>
        <line num="3074" count="0" type="stmt"/>
        <line num="3075" count="0" type="stmt"/>
        <line num="3076" count="0" type="stmt"/>
        <line num="3077" count="0" type="cond" truecount="0" falsecount="4"/>
        <line num="3078" count="0" type="cond" truecount="0" falsecount="2"/>
        <line num="3079" count="0" type="stmt"/>
        <line num="3080" count="0" type="cond" truecount="0" falsecount="2"/>
        <line num="3081" count="0" type="cond" truecount="0" falsecount="2"/>
        <line num="3082" count="0" type="stmt"/>
        <line num="3083" count="0" type="stmt"/>
        <line num="3084" count="0" type="stmt"/>
        <line num="3085" count="0" type="stmt"/>
        <line num="3086" count="0" type="cond" truecount="0" falsecount="2"/>
        <line num="3087" count="0" type="cond" truecount="0" falsecount="2"/>
        <line num="3088" count="0" type="stmt"/>
        <line num="3091" count="0" type="cond" truecount="0" falsecount="2"/>
        <line num="3092" count="0" type="stmt"/>
        <line num="3094" count="0" type="stmt"/>
        <line num="3095" count="0" type="cond" truecount="0" falsecount="6"/>
        <line num="3097" count="0" type="stmt"/>
        <line num="3098" count="0" type="cond" truecount="0" falsecount="2"/>
        <line num="3099" count="0" type="cond" truecount="0" falsecount="2"/>
        <line num="3100" count="0" type="cond" truecount="0" falsecount="2"/>
        <line num="3101" count="0" type="cond" truecount="0" falsecount="2"/>
        <line num="3102" count="0" type="cond" truecount="0" falsecount="4"/>
        <line num="3103" count="0" type="stmt"/>
        <line num="3104" count="0" type="cond" truecount="0" falsecount="2"/>
        <line num="3105" count="0" type="cond" truecount="0" falsecount="6"/>
        <line num="3106" count="0" type="stmt"/>
        <line num="3107" count="0" type="cond" truecount="0" falsecount="6"/>
        <line num="3108" count="0" type="stmt"/>
        <line num="3114" count="0" type="stmt"/>
        <line num="3115" count="0" type="cond" truecount="0" falsecount="5"/>
        <line num="3117" count="0" type="stmt"/>
        <line num="3118" count="0" type="cond" truecount="0" falsecount="2"/>
        <line num="3119" count="0" type="cond" truecount="0" falsecount="2"/>
        <line num="3120" count="0" type="cond" truecount="0" falsecount="2"/>
        <line num="3123" count="0" type="stmt"/>
        <line num="3124" count="0" type="cond" truecount="0" falsecount="4"/>
        <line num="3126" count="0" type="stmt"/>
        <line num="3127" count="0" type="cond" truecount="0" falsecount="2"/>
        <line num="3128" count="0" type="cond" truecount="0" falsecount="2"/>
        <line num="3131" count="0" type="stmt"/>
        <line num="3135" count="0" type="stmt"/>
        <line num="3144" count="0" type="stmt"/>
        <line num="3160" count="0" type="stmt"/>
        <line num="3188" count="0" type="cond" truecount="0" falsecount="2"/>
        <line num="3189" count="0" type="cond" truecount="0" falsecount="2"/>
        <line num="3190" count="0" type="cond" truecount="0" falsecount="2"/>
        <line num="3191" count="0" type="cond" truecount="0" falsecount="4"/>
        <line num="3193" count="0" type="stmt"/>
        <line num="3226" count="0" type="stmt"/>
        <line num="3232" count="0" type="stmt"/>
        <line num="3236" count="0" type="stmt"/>
        <line num="3252" count="0" type="stmt"/>
        <line num="3253" count="0" type="stmt"/>
        <line num="3254" count="0" type="cond" truecount="0" falsecount="4"/>
        <line num="3255" count="0" type="cond" truecount="0" falsecount="3"/>
        <line num="3256" count="0" type="cond" truecount="0" falsecount="4"/>
        <line num="3258" count="0" type="stmt"/>
        <line num="3273" count="0" type="stmt"/>
        <line num="3282" count="0" type="stmt"/>
        <line num="3302" count="0" type="stmt"/>
        <line num="3313" count="0" type="stmt"/>
        <line num="3319" count="0" type="stmt"/>
        <line num="3338" count="0" type="stmt"/>
        <line num="3352" count="0" type="stmt"/>
        <line num="3354" count="0" type="stmt"/>
        <line num="3365" count="0" type="stmt"/>
        <line num="3385" count="0" type="stmt"/>
        <line num="3389" count="0" type="stmt"/>
        <line num="3391" count="0" type="stmt"/>
        <line num="3407" count="0" type="stmt"/>
        <line num="3408" count="0" type="stmt"/>
        <line num="3409" count="0" type="stmt"/>
        <line num="3410" count="0" type="stmt"/>
        <line num="3411" count="0" type="cond" truecount="0" falsecount="2"/>
        <line num="3412" count="0" type="stmt"/>
        <line num="3414" count="0" type="cond" truecount="0" falsecount="6"/>
        <line num="3416" count="0" type="stmt"/>
        <line num="3431" count="0" type="stmt"/>
        <line num="3448" count="0" type="stmt"/>
        <line num="3449" count="0" type="stmt"/>
        <line num="3450" count="0" type="stmt"/>
        <line num="3451" count="0" type="stmt"/>
        <line num="3452" count="0" type="stmt"/>
        <line num="3454" count="0" type="stmt"/>
        <line num="3455" count="0" type="stmt"/>
        <line num="3456" count="0" type="stmt"/>
        <line num="3457" count="0" type="stmt"/>
        <line num="3458" count="0" type="stmt"/>
        <line num="3459" count="0" type="stmt"/>
        <line num="3461" count="0" type="stmt"/>
        <line num="3462" count="0" type="stmt"/>
        <line num="3463" count="0" type="cond" truecount="0" falsecount="4"/>
        <line num="3464" count="0" type="stmt"/>
        <line num="3466" count="0" type="cond" truecount="0" falsecount="2"/>
        <line num="3468" count="0" type="stmt"/>
        <line num="3472" count="0" type="stmt"/>
        <line num="3473" count="0" type="stmt"/>
        <line num="3477" count="0" type="stmt"/>
        <line num="3478" count="0" type="stmt"/>
        <line num="3479" count="0" type="stmt"/>
        <line num="3481" count="0" type="stmt"/>
        <line num="3484" count="0" type="stmt"/>
        <line num="3504" count="0" type="stmt"/>
        <line num="3507" count="0" type="stmt"/>
        <line num="3510" count="0" type="stmt"/>
        <line num="3513" count="0" type="stmt"/>
        <line num="3544" count="0" type="stmt"/>
        <line num="3581" count="0" type="stmt"/>
        <line num="3599" count="0" type="stmt"/>
        <line num="3609" count="0" type="cond" truecount="0" falsecount="4"/>
        <line num="3610" count="0" type="stmt"/>
        <line num="3623" count="0" type="cond" truecount="0" falsecount="2"/>
        <line num="3625" count="0" type="stmt"/>
        <line num="3639" count="0" type="stmt"/>
        <line num="3640" count="0" type="stmt"/>
        <line num="3642" count="0" type="stmt"/>
        <line num="3666" count="0" type="stmt"/>
        <line num="3667" count="0" type="stmt"/>
        <line num="3675" count="0" type="stmt"/>
        <line num="3676" count="0" type="cond" truecount="0" falsecount="2"/>
        <line num="3693" count="0" type="cond" truecount="0" falsecount="2"/>
        <line num="3698" count="0" type="stmt"/>
        <line num="3702" count="0" type="stmt"/>
        <line num="3706" count="0" type="stmt"/>
      </file>
    </package>
    <package name="src.assets">
      <metrics statements="0" coveredstatements="0" conditionals="0" coveredconditionals="0" methods="0" coveredmethods="0"/>
      <file name="jobyro-icon-teal.png" path="C:\Users\venum\Documents\Playground\frontend\src\assets\jobyro-icon-teal.png">
        <metrics statements="0" coveredstatements="0" conditionals="0" coveredconditionals="0" methods="0" coveredmethods="0"/>
      </file>
    </package>
    <package name="src.components">
      <metrics statements="9" coveredstatements="6" conditionals="31" coveredconditionals="27" methods="9" coveredmethods="6"/>
      <file name="ui.tsx" path="C:\Users\venum\Documents\Playground\frontend\src\components\ui.tsx">
        <metrics statements="9" coveredstatements="6" conditionals="31" coveredconditionals="27" methods="9" coveredmethods="6"/>
        <line num="13" count="9884" type="stmt"/>
        <line num="39" count="25" type="stmt"/>
        <line num="59" count="1339" type="stmt"/>
        <line num="81" count="2479" type="stmt"/>
        <line num="97" count="2446" type="stmt"/>
        <line num="111" count="25" type="stmt"/>
        <line num="122" count="0" type="stmt"/>
        <line num="130" count="0" type="stmt"/>
        <line num="132" count="0" type="stmt"/>
      </file>
    </package>
    <package name="src.components.generate">
      <metrics statements="236" coveredstatements="211" conditionals="269" coveredconditionals="229" methods="66" coveredmethods="47"/>
      <file name="GenerateResumeWorkspace.tsx" path="C:\Users\venum\Documents\Playground\frontend\src\components\generate\GenerateResumeWorkspace.tsx">
        <metrics statements="236" coveredstatements="211" conditionals="269" coveredconditionals="229" methods="66" coveredmethods="47"/>
        <line num="47" count="2" type="stmt"/>
        <line num="57" count="2" type="stmt"/>
        <line num="66" count="2" type="stmt"/>
        <line num="88" count="1234" type="stmt"/>
        <line num="89" count="1234" type="stmt"/>
        <line num="90" count="1234" type="stmt"/>
        <line num="91" count="1234" type="stmt"/>
        <line num="92" count="1234" type="stmt"/>
        <line num="93" count="1234" type="stmt"/>
        <line num="94" count="1234" type="stmt"/>
        <line num="95" count="1234" type="stmt"/>
        <line num="96" count="1234" type="stmt"/>
        <line num="97" count="1234" type="stmt"/>
        <line num="98" count="1234" type="stmt"/>
        <line num="99" count="1234" type="stmt"/>
        <line num="100" count="1234" type="stmt"/>
        <line num="101" count="1234" type="stmt"/>
        <line num="102" count="1234" type="stmt"/>
        <line num="103" count="1234" type="stmt"/>
        <line num="104" count="1234" type="stmt"/>
        <line num="105" count="1234" type="stmt"/>
        <line num="106" count="1234" type="stmt"/>
        <line num="107" count="1234" type="stmt"/>
        <line num="108" count="1234" type="stmt"/>
        <line num="109" count="1234" type="stmt"/>
        <line num="110" count="1234" type="stmt"/>
        <line num="112" count="1234" type="cond" truecount="2" falsecount="0"/>
        <line num="113" count="1234" type="stmt"/>
        <line num="114" count="1234" type="stmt"/>
        <line num="115" count="1234" type="stmt"/>
        <line num="116" count="1234" type="cond" truecount="3" falsecount="0"/>
        <line num="117" count="1234" type="cond" truecount="2" falsecount="0"/>
        <line num="118" count="1234" type="cond" truecount="5" falsecount="0"/>
        <line num="119" count="1234" type="cond" truecount="4" falsecount="0"/>
        <line num="120" count="1234" type="stmt"/>
        <line num="121" count="68" type="stmt"/>
        <line num="124" count="1234" type="cond" truecount="2" falsecount="0"/>
        <line num="128" count="1234" type="stmt"/>
        <line num="130" count="11" type="cond" truecount="3" falsecount="1"/>
        <line num="131" count="11" type="stmt"/>
        <line num="132" count="10" type="stmt"/>
        <line num="137" count="1234" type="stmt"/>
        <line num="143" count="1234" type="stmt"/>
        <line num="144" count="34" type="stmt"/>
        <line num="146" count="34" type="stmt"/>
        <line num="147" count="34" type="stmt"/>
        <line num="148" count="33" type="cond" truecount="1" falsecount="1"/>
        <line num="149" count="33" type="stmt"/>
        <line num="150" count="33" type="cond" truecount="2" falsecount="0"/>
        <line num="151" count="23" type="stmt"/>
        <line num="152" count="23" type="cond" truecount="1" falsecount="1"/>
        <line num="153" count="23" type="stmt"/>
        <line num="154" count="10" type="cond" truecount="1" falsecount="1"/>
        <line num="155" count="0" type="stmt"/>
        <line num="158" count="1" type="cond" truecount="2" falsecount="2"/>
        <line num="161" count="34" type="stmt"/>
        <line num="162" count="34" type="stmt"/>
        <line num="163" count="34" type="stmt"/>
        <line num="167" count="1234" type="stmt"/>
        <line num="168" count="53" type="cond" truecount="2" falsecount="0"/>
        <line num="169" count="30" type="stmt"/>
        <line num="170" count="30" type="stmt"/>
        <line num="172" count="23" type="stmt"/>
        <line num="173" count="23" type="cond" truecount="2" falsecount="0"/>
        <line num="175" count="23" type="cond" truecount="1" falsecount="1"/>
        <line num="178" count="0" type="cond" truecount="0" falsecount="2"/>
        <line num="180" count="53" type="stmt"/>
        <line num="181" count="23" type="stmt"/>
        <line num="185" count="1234" type="stmt"/>
        <line num="186" count="23" type="stmt"/>
        <line num="187" count="23" type="stmt"/>
        <line num="188" count="23" type="stmt"/>
        <line num="189" count="23" type="cond" truecount="1" falsecount="1"/>
        <line num="190" count="23" type="cond" truecount="1" falsecount="1"/>
        <line num="191" count="23" type="stmt"/>
        <line num="192" count="23" type="stmt"/>
        <line num="193" count="23" type="stmt"/>
        <line num="194" count="23" type="stmt"/>
        <line num="195" count="23" type="cond" truecount="2" falsecount="0"/>
        <line num="198" count="1234" type="stmt"/>
        <line num="199" count="6" type="cond" truecount="1" falsecount="1"/>
        <line num="200" count="0" type="stmt"/>
        <line num="201" count="0" type="stmt"/>
        <line num="203" count="6" type="stmt"/>
        <line num="204" count="6" type="stmt"/>
        <line num="205" count="6" type="stmt"/>
        <line num="206" count="6" type="stmt"/>
        <line num="207" count="6" type="stmt"/>
        <line num="213" count="5" type="stmt"/>
        <line num="214" count="5" type="stmt"/>
        <line num="218" count="5" type="stmt"/>
        <line num="219" count="5" type="stmt"/>
        <line num="220" count="5" type="stmt"/>
        <line num="222" count="1" type="cond" truecount="1" falsecount="1"/>
        <line num="223" count="1" type="stmt"/>
        <line num="225" count="6" type="stmt"/>
        <line num="229" count="1234" type="stmt"/>
        <line num="230" count="4" type="cond" truecount="5" falsecount="1"/>
        <line num="231" count="4" type="stmt"/>
        <line num="232" count="4" type="stmt"/>
        <line num="233" count="4" type="stmt"/>
        <line num="234" count="4" type="stmt"/>
        <line num="235" count="4" type="stmt"/>
        <line num="236" count="4" type="stmt"/>
        <line num="237" count="4" type="stmt"/>
        <line num="247" count="4" type="stmt"/>
        <line num="248" count="4" type="stmt"/>
        <line num="249" count="4" type="cond" truecount="3" falsecount="1"/>
        <line num="250" count="0" type="stmt"/>
        <line num="252" count="4" type="stmt"/>
        <line num="253" count="4" type="cond" truecount="1" falsecount="1"/>
        <line num="254" count="4" type="stmt"/>
        <line num="255" count="4" type="stmt"/>
        <line num="256" count="4" type="stmt"/>
        <line num="257" count="4" type="stmt"/>
        <line num="258" count="4" type="stmt"/>
        <line num="259" count="4" type="stmt"/>
        <line num="261" count="0" type="cond" truecount="0" falsecount="2"/>
        <line num="262" count="0" type="stmt"/>
        <line num="264" count="4" type="stmt"/>
        <line num="265" count="4" type="stmt"/>
        <line num="269" count="1234" type="stmt"/>
        <line num="270" count="5" type="cond" truecount="1" falsecount="1"/>
        <line num="271" count="5" type="stmt"/>
        <line num="272" count="5" type="stmt"/>
        <line num="275" count="1234" type="stmt"/>
        <line num="276" count="5" type="cond" truecount="1" falsecount="1"/>
        <line num="277" count="5" type="stmt"/>
        <line num="278" count="5" type="stmt"/>
        <line num="279" count="5" type="stmt"/>
        <line num="280" count="5" type="cond" truecount="5" falsecount="0"/>
        <line num="281" count="4" type="stmt"/>
        <line num="283" count="5" type="cond" truecount="2" falsecount="0"/>
        <line num="286" count="1" type="stmt"/>
        <line num="288" count="1" type="cond" truecount="1" falsecount="1"/>
        <line num="290" count="5" type="stmt"/>
        <line num="294" count="1234" type="stmt"/>
        <line num="295" count="1" type="cond" truecount="1" falsecount="1"/>
        <line num="296" count="1" type="stmt"/>
        <line num="297" count="1" type="stmt"/>
        <line num="298" count="1" type="stmt"/>
        <line num="299" count="1" type="stmt"/>
        <line num="300" count="1" type="cond" truecount="2" falsecount="0"/>
        <line num="301" count="1" type="stmt"/>
        <line num="303" count="0" type="cond" truecount="0" falsecount="2"/>
        <line num="305" count="1" type="stmt"/>
        <line num="309" count="1234" type="stmt"/>
        <line num="310" count="0" type="stmt"/>
        <line num="311" count="0" type="stmt"/>
        <line num="312" count="0" type="stmt"/>
        <line num="313" count="0" type="stmt"/>
        <line num="315" count="0" type="cond" truecount="0" falsecount="2"/>
        <line num="319" count="1234" type="stmt"/>
        <line num="320" count="1" type="stmt"/>
        <line num="321" count="1" type="stmt"/>
        <line num="322" count="1" type="stmt"/>
        <line num="323" count="1" type="stmt"/>
        <line num="324" count="1" type="stmt"/>
        <line num="325" count="1" type="stmt"/>
        <line num="326" count="1" type="stmt"/>
        <line num="327" count="1" type="stmt"/>
        <line num="328" count="1" type="stmt"/>
        <line num="329" count="1" type="stmt"/>
        <line num="330" count="1" type="stmt"/>
        <line num="333" count="1234" type="cond" truecount="4" falsecount="0"/>
        <line num="337" count="1234" type="stmt"/>
        <line num="378" count="0" type="stmt"/>
        <line num="395" count="0" type="cond" truecount="2" falsecount="0"/>
        <line num="414" count="0" type="stmt"/>
        <line num="415" count="0" type="stmt"/>
        <line num="445" count="1223" type="cond" truecount="2" falsecount="0"/>
        <line num="452" count="1223" type="stmt"/>
        <line num="469" count="120" type="stmt"/>
        <line num="473" count="70" type="stmt"/>
        <line num="477" count="0" type="stmt"/>
        <line num="492" count="804" type="stmt"/>
        <line num="540" count="1223" type="cond" truecount="2" falsecount="0"/>
        <line num="547" count="1223" type="cond" truecount="2" falsecount="0"/>
        <line num="548" count="1223" type="stmt"/>
        <line num="567" count="0" type="cond" truecount="2" falsecount="0"/>
        <line num="568" count="0" type="cond" truecount="2" falsecount="0"/>
        <line num="573" count="0" type="cond" truecount="0" falsecount="2"/>
        <line num="578" count="7" type="stmt"/>
        <line num="589" count="4" type="stmt"/>
        <line num="597" count="1" type="stmt"/>
        <line num="636" count="1223" type="cond" truecount="2" falsecount="0"/>
        <line num="637" count="1223" type="cond" truecount="2" falsecount="0"/>
        <line num="638" count="1223" type="cond" truecount="2" falsecount="0"/>
        <line num="639" count="1223" type="cond" truecount="4" falsecount="0"/>
        <line num="640" count="1223" type="cond" truecount="2" falsecount="0"/>
        <line num="641" count="1223" type="cond" truecount="2" falsecount="0"/>
        <line num="642" count="1223" type="stmt"/>
        <line num="670" count="0" type="cond" truecount="6" falsecount="0"/>
        <line num="674" count="0" type="cond" truecount="4" falsecount="0"/>
        <line num="675" count="1" type="stmt"/>
        <line num="684" count="7" type="stmt"/>
        <line num="693" count="21" type="stmt"/>
        <line num="704" count="384" type="stmt"/>
        <line num="709" count="640" type="stmt"/>
        <line num="716" count="384" type="stmt"/>
        <line num="727" count="25" type="stmt"/>
        <line num="728" count="25" type="stmt"/>
        <line num="734" count="178" type="cond" truecount="4" falsecount="0"/>
        <line num="742" count="1100" type="stmt"/>
        <line num="755" count="2446" type="stmt"/>
        <line num="764" count="108" type="cond" truecount="2" falsecount="0"/>
        <line num="765" count="48" type="stmt"/>
        <line num="769" count="54" type="stmt"/>
        <line num="770" count="54" type="stmt"/>
        <line num="771" count="120" type="stmt"/>
        <line num="772" count="72" type="stmt"/>
        <line num="775" count="54" type="stmt"/>
        <line num="779" count="68" type="cond" truecount="2" falsecount="0"/>
        <line num="780" count="33" type="stmt"/>
        <line num="781" count="33" type="stmt"/>
        <line num="782" count="33" type="stmt"/>
        <line num="783" count="33" type="stmt"/>
        <line num="784" count="132" type="cond" truecount="4" falsecount="0"/>
        <line num="785" count="1" type="stmt"/>
        <line num="788" count="33" type="stmt"/>
        <line num="792" count="4" type="stmt"/>
        <line num="793" count="4" type="stmt"/>
        <line num="794" count="4" type="stmt"/>
        <line num="795" count="4" type="cond" truecount="1" falsecount="1"/>
        <line num="796" count="4" type="stmt"/>
        <line num="797" count="4" type="stmt"/>
        <line num="798" count="4" type="stmt"/>
        <line num="799" count="4" type="stmt"/>
        <line num="803" count="4" type="stmt"/>
        <line num="804" count="4" type="stmt"/>
        <line num="805" count="0" type="stmt"/>
        <line num="806" count="0" type="stmt"/>
        <line num="811" count="7" type="cond" truecount="1" falsecount="1"/>
        <line num="812" count="7" type="stmt"/>
        <line num="813" count="7" type="cond" truecount="1" falsecount="1"/>
        <line num="814" count="7" type="stmt"/>
      </file>
    </package>
    <package name="src.components.resume">
      <metrics statements="104" coveredstatements="81" conditionals="126" coveredconditionals="77" methods="74" coveredmethods="57"/>
      <file name="ResumeDocumentEditor.tsx" path="C:\Users\venum\Documents\Playground\frontend\src\components\resume\ResumeDocumentEditor.tsx">
        <metrics statements="104" coveredstatements="81" conditionals="126" coveredconditionals="77" methods="74" coveredmethods="57"/>
        <line num="55" count="121" type="stmt"/>
        <line num="56" count="166" type="cond" truecount="2" falsecount="0"/>
        <line num="60" count="121" type="stmt"/>
        <line num="61" count="45" type="cond" truecount="2" falsecount="0"/>
        <line num="62" count="9" type="stmt"/>
        <line num="65" count="121" type="stmt"/>
        <line num="66" count="4" type="stmt"/>
        <line num="67" count="2" type="stmt"/>
        <line num="68" count="1" type="stmt"/>
        <line num="69" count="1" type="cond" truecount="4" falsecount="1"/>
        <line num="70" count="1" type="stmt"/>
        <line num="71" count="1" type="stmt"/>
        <line num="72" count="5" type="stmt"/>
        <line num="73" count="1" type="stmt"/>
        <line num="76" count="121" type="stmt"/>
        <line num="77" count="1" type="cond" truecount="1" falsecount="1"/>
        <line num="78" count="1" type="stmt"/>
        <line num="81" count="121" type="stmt"/>
        <line num="91" count="473" type="stmt"/>
        <line num="99" count="1" type="stmt"/>
        <line num="100" count="0" type="stmt"/>
        <line num="101" count="1" type="stmt"/>
        <line num="102" count="8" type="stmt"/>
        <line num="111" count="121" type="cond" truecount="4" falsecount="2"/>
        <line num="112" count="121" type="cond" truecount="5" falsecount="1"/>
        <line num="113" count="121" type="cond" truecount="2" falsecount="0"/>
        <line num="114" count="121" type="stmt"/>
        <line num="146" count="473" type="stmt"/>
        <line num="176" count="119" type="stmt"/>
        <line num="181" count="0" type="stmt"/>
        <line num="187" count="115" type="stmt"/>
        <line num="188" count="115" type="stmt"/>
        <line num="189" count="0" type="stmt"/>
        <line num="190" count="0" type="cond" truecount="0" falsecount="2"/>
        <line num="191" count="0" type="stmt"/>
        <line num="193" count="115" type="stmt"/>
        <line num="196" count="115" type="stmt"/>
        <line num="201" count="0" type="stmt"/>
        <line num="210" count="120" type="stmt"/>
        <line num="211" count="120" type="stmt"/>
        <line num="212" count="16" type="cond" truecount="2" falsecount="0"/>
        <line num="213" count="8" type="stmt"/>
        <line num="215" count="120" type="stmt"/>
        <line num="218" count="240" type="cond" truecount="1" falsecount="1"/>
        <line num="230" count="8" type="stmt"/>
        <line num="239" count="0" type="stmt"/>
        <line num="240" count="0" type="stmt"/>
        <line num="241" count="0" type="cond" truecount="0" falsecount="2"/>
        <line num="242" count="0" type="stmt"/>
        <line num="244" count="0" type="stmt"/>
        <line num="247" count="0" type="cond" truecount="0" falsecount="2"/>
        <line num="255" count="0" type="stmt"/>
        <line num="269" count="119" type="stmt"/>
        <line num="270" count="119" type="stmt"/>
        <line num="273" count="119" type="stmt"/>
        <line num="286" count="0" type="stmt"/>
        <line num="287" count="0" type="stmt"/>
        <line num="290" count="0" type="stmt"/>
        <line num="308" count="240" type="cond" truecount="2" falsecount="0"/>
        <line num="309" count="240" type="stmt"/>
        <line num="310" count="240" type="stmt"/>
        <line num="311" count="2" type="cond" truecount="2" falsecount="0"/>
        <line num="312" count="2" type="stmt"/>
        <line num="314" count="240" type="stmt"/>
        <line num="315" count="1" type="stmt"/>
        <line num="316" count="1" type="cond" truecount="3" falsecount="1"/>
        <line num="317" count="1" type="stmt"/>
        <line num="318" count="1" type="stmt"/>
        <line num="319" count="1" type="stmt"/>
        <line num="322" count="240" type="stmt"/>
        <line num="326" count="353" type="stmt"/>
        <line num="327" count="5" type="stmt"/>
        <line num="330" count="0" type="stmt"/>
        <line num="333" count="1" type="stmt"/>
        <line num="336" count="2" type="stmt"/>
        <line num="354" count="353" type="cond" truecount="2" falsecount="0"/>
        <line num="355" count="8" type="cond" truecount="1" falsecount="2"/>
        <line num="359" count="5" type="cond" truecount="2" falsecount="0"/>
        <line num="360" count="1" type="cond" truecount="1" falsecount="1"/>
        <line num="361" count="5" type="stmt"/>
        <line num="371" count="1" type="stmt"/>
        <line num="372" count="1" type="stmt"/>
        <line num="394" count="449" type="stmt"/>
        <line num="395" count="449" type="stmt"/>
        <line num="396" count="2245" type="stmt"/>
        <line num="397" count="449" type="stmt"/>
        <line num="398" count="449" type="stmt"/>
        <line num="400" count="449" type="stmt"/>
        <line num="402" count="1" type="stmt"/>
        <line num="411" count="1" type="stmt"/>
        <line num="423" count="0" type="cond" truecount="0" falsecount="2"/>
        <line num="446" count="587" type="cond" truecount="2" falsecount="0"/>
        <line num="447" count="554" type="stmt"/>
        <line num="454" count="5" type="cond" truecount="1" falsecount="1"/>
        <line num="455" count="0" type="cond" truecount="0" falsecount="2"/>
        <line num="469" count="8" type="stmt"/>
        <line num="481" count="10" type="stmt"/>
        <line num="485" count="354" type="cond" truecount="1" falsecount="1"/>
        <line num="489" count="165" type="cond" truecount="2" falsecount="0"/>
        <line num="490" count="33" type="cond" truecount="1" falsecount="1"/>
        <line num="491" count="0" type="cond" truecount="0" falsecount="4"/>
        <line num="492" count="0" type="stmt"/>
        <line num="496" count="0" type="stmt"/>
        <line num="501" count="0" type="cond" truecount="0" falsecount="2"/>
      </file>
    </package>
    <package name="src.hooks">
      <metrics statements="71" coveredstatements="66" conditionals="34" coveredconditionals="28" methods="9" coveredmethods="9"/>
      <file name="useResumeAutosave.ts" path="C:\Users\venum\Documents\Playground\frontend\src\hooks\useResumeAutosave.ts">
        <metrics statements="71" coveredstatements="66" conditionals="34" coveredconditionals="28" methods="9" coveredmethods="9"/>
        <line num="6" count="393" type="stmt"/>
        <line num="20" count="1258" type="stmt"/>
        <line num="21" count="1258" type="stmt"/>
        <line num="22" count="1258" type="stmt"/>
        <line num="23" count="1258" type="stmt"/>
        <line num="24" count="1258" type="stmt"/>
        <line num="25" count="1258" type="stmt"/>
        <line num="26" count="1258" type="cond" truecount="2" falsecount="0"/>
        <line num="27" count="1258" type="cond" truecount="2" falsecount="0"/>
        <line num="28" count="1258" type="stmt"/>
        <line num="29" count="1258" type="stmt"/>
        <line num="30" count="1258" type="stmt"/>
        <line num="32" count="1258" type="stmt"/>
        <line num="33" count="68" type="stmt"/>
        <line num="36" count="1258" type="stmt"/>
        <line num="37" count="75" type="stmt"/>
        <line num="38" count="75" type="cond" truecount="2" falsecount="0"/>
        <line num="41" count="1258" type="stmt"/>
        <line num="42" count="78" type="cond" truecount="4" falsecount="0"/>
        <line num="43" count="36" type="stmt"/>
        <line num="44" count="36" type="cond" truecount="1" falsecount="1"/>
        <line num="45" count="0" type="stmt"/>
        <line num="46" count="0" type="stmt"/>
        <line num="48" count="36" type="stmt"/>
        <line num="50" count="42" type="stmt"/>
        <line num="51" count="42" type="stmt"/>
        <line num="52" count="42" type="cond" truecount="2" falsecount="0"/>
        <line num="53" count="4" type="stmt"/>
        <line num="54" count="4" type="stmt"/>
        <line num="55" count="4" type="stmt"/>
        <line num="57" count="38" type="cond" truecount="2" falsecount="0"/>
        <line num="58" count="3" type="cond" truecount="1" falsecount="1"/>
        <line num="59" count="0" type="stmt"/>
        <line num="60" count="0" type="stmt"/>
        <line num="62" count="3" type="stmt"/>
        <line num="65" count="35" type="stmt"/>
        <line num="66" count="35" type="stmt"/>
        <line num="67" count="35" type="cond" truecount="1" falsecount="1"/>
        <line num="68" count="0" type="stmt"/>
        <line num="70" count="35" type="stmt"/>
        <line num="71" count="11" type="stmt"/>
        <line num="74" count="35" type="stmt"/>
        <line num="75" count="35" type="cond" truecount="1" falsecount="1"/>
        <line num="76" count="35" type="stmt"/>
        <line num="77" count="35" type="stmt"/>
        <line num="83" count="12" type="stmt"/>
        <line num="84" count="12" type="stmt"/>
        <line num="85" count="12" type="cond" truecount="1" falsecount="1"/>
        <line num="86" count="12" type="cond" truecount="2" falsecount="0"/>
        <line num="87" count="1" type="stmt"/>
        <line num="88" count="1" type="stmt"/>
        <line num="90" count="11" type="stmt"/>
        <line num="91" count="11" type="stmt"/>
        <line num="92" count="11" type="stmt"/>
        <line num="93" count="11" type="stmt"/>
        <line num="94" count="11" type="stmt"/>
        <line num="95" count="9" type="stmt"/>
        <line num="96" count="9" type="stmt"/>
        <line num="97" count="9" type="stmt"/>
        <line num="99" count="2" type="stmt"/>
        <line num="100" count="2" type="cond" truecount="1" falsecount="1"/>
        <line num="102" count="11" type="stmt"/>
        <line num="103" count="11" type="cond" truecount="5" falsecount="0"/>
        <line num="104" count="1" type="stmt"/>
        <line num="105" count="1" type="stmt"/>
        <line num="110" count="1258" type="stmt"/>
        <line num="111" count="9" type="stmt"/>
        <line num="112" count="9" type="stmt"/>
        <line num="113" count="9" type="stmt"/>
        <line num="114" count="9" type="stmt"/>
        <line num="117" count="1258" type="stmt"/>
      </file>
    </package>
    <package name="src.lib">
      <metrics statements="1" coveredstatements="1" conditionals="0" coveredconditionals="0" methods="1" coveredmethods="1"/>
      <file name="utils.ts" path="C:\Users\venum\Documents\Playground\frontend\src\lib\utils.ts">
        <metrics statements="1" coveredstatements="1" conditionals="0" coveredconditionals="0" methods="1" coveredmethods="1"/>
        <line num="5" count="21969" type="stmt"/>
      </file>
    </package>
    <package name="src.resume">
      <metrics statements="53" coveredstatements="13" conditionals="60" coveredconditionals="7" methods="37" coveredmethods="6"/>
      <file name="ResumeDocument.tsx" path="C:\Users\venum\Documents\Playground\frontend\src\resume\ResumeDocument.tsx">
        <metrics statements="39" coveredstatements="0" conditionals="44" coveredconditionals="0" methods="30" coveredmethods="0"/>
        <line num="14" count="0" type="stmt"/>
        <line num="15" count="0" type="stmt"/>
        <line num="16" count="0" type="stmt"/>
        <line num="17" count="0" type="cond" truecount="0" falsecount="2"/>
        <line num="18" count="0" type="stmt"/>
        <line num="20" count="0" type="stmt"/>
        <line num="21" count="0" type="stmt"/>
        <line num="22" count="0" type="cond" truecount="0" falsecount="2"/>
        <line num="23" count="0" type="cond" truecount="0" falsecount="2"/>
        <line num="26" count="0" type="stmt"/>
        <line num="28" count="0" type="stmt"/>
        <line num="29" count="0" type="stmt"/>
        <line num="31" count="0" type="stmt"/>
        <line num="33" count="0" type="cond" truecount="0" falsecount="2"/>
        <line num="34" count="0" type="stmt"/>
        <line num="37" count="0" type="stmt"/>
        <line num="41" count="0" type="stmt"/>
        <line num="47" count="0" type="stmt"/>
        <line num="59" count="0" type="stmt"/>
[...]
        <line num="3" count="5" type="stmt"/>
        <line num="25" count="5" type="stmt"/>
        <line num="37" count="5" type="stmt"/>
        <line num="47" count="167" type="stmt"/>
        <line num="55" count="72" type="stmt"/>
        <line num="56" count="72" type="stmt"/>
        <line num="57" count="72" type="cond" truecount="3" falsecount="0"/>
        <line num="58" count="72" type="cond" truecount="2" falsecount="0"/>
        <line num="62" count="65" type="stmt"/>
        <line num="63" count="65" type="stmt"/>
        <line num="64" count="65" type="cond" truecount="1" falsecount="1"/>
        <line num="65" count="65" type="cond" truecount="2" falsecount="0"/>
        <line num="66" count="65" type="stmt"/>
        <line num="67" count="65" type="cond" truecount="5" falsecount="0"/>
        <line num="68" count="1" type="stmt"/>
        <line num="70" count="65" type="cond" truecount="4" falsecount="0"/>
        <line num="71" count="1" type="stmt"/>
        <line num="73" count="65" type="cond" truecount="4" falsecount="0"/>
        <line num="74" count="1" type="stmt"/>
        <line num="76" count="65" type="stmt"/>
        <line num="80" count="40" type="cond" truecount="4" falsecount="0"/>
        <line num="81" count="30" type="stmt"/>
        <line num="82" count="30" type="stmt"/>
        <line num="89" count="10" type="cond" truecount="1" falsecount="1"/>
        <line num="90" count="40" type="cond" truecount="1" falsecount="1"/>
        <line num="91" count="0" type="stmt"/>
        <line num="94" count="18" type="stmt"/>
        <line num="95" count="10" type="cond" truecount="1" falsecount="1"/>
        <line num="96" count="0" type="stmt"/>
        <line num="97" count="0" type="stmt"/>
        <line num="99" count="10" type="cond" truecount="2" falsecount="0"/>
        <line num="100" count="8" type="stmt"/>
        <line num="101" count="8" type="cond" truecount="2" falsecount="0"/>
        <line num="102" count="4" type="stmt"/>
        <line num="103" count="4" type="stmt"/>
        <line num="105" count="4" type="cond" truecount="2" falsecount="0"/>
        <line num="106" count="3" type="stmt"/>
        <line num="107" count="3" type="stmt"/>
        <line num="109" count="1" type="stmt"/>
        <line num="110" count="1" type="stmt"/>
        <line num="113" count="2" type="cond" truecount="1" falsecount="1"/>
        <line num="114" count="40" type="stmt"/>
        <line num="118" count="1" type="cond" truecount="1" falsecount="1"/>
        <line num="119" count="1" type="cond" truecount="1" falsecount="1"/>
        <line num="120" count="0" type="cond" truecount="0" falsecount="2"/>
        <line num="121" count="0" type="cond" truecount="0" falsecount="2"/>
        <line num="122" count="0" type="cond" truecount="0" falsecount="2"/>
        <line num="124" count="1" type="stmt"/>
        <line num="125" count="1" type="stmt"/>
        <line num="126" count="1" type="cond" truecount="1" falsecount="1"/>
        <line num="127" count="1" type="cond" truecount="1" falsecount="1"/>
        <line num="131" count="29" type="cond" truecount="1" falsecount="1"/>
        <line num="132" count="29" type="cond" truecount="3" falsecount="1"/>
        <line num="133" count="29" type="stmt"/>
        <line num="137" count="0" type="cond" truecount="0" falsecount="2"/>
        <line num="138" count="0" type="cond" truecount="0" falsecount="4"/>
        <line num="139" count="0" type="stmt"/>
        <line num="143" count="10" type="cond" truecount="3" falsecount="1"/>
        <line num="144" count="10" type="cond" truecount="1" falsecount="1"/>
        <line num="145" count="10" type="cond" truecount="1" falsecount="1"/>
        <line num="146" count="10" type="cond" truecount="2" falsecount="1"/>
        <line num="150" count="2" type="stmt"/>
        <line num="154" count="744" type="stmt"/>
        <line num="158" count="72" type="stmt"/>
      </file>
      <file name="profileService.ts" path="C:\Users\venum\Documents\Playground\frontend\src\services\profileService.ts">
        <metrics statements="16" coveredstatements="1" conditionals="14" coveredconditionals="0" methods="10" coveredmethods="0"/>
        <line num="3" count="1" type="stmt"/>
        <line num="9" count="0" type="stmt"/>
        <line num="16" count="0" type="cond" truecount="0" falsecount="2"/>
        <line num="17" count="0" type="stmt"/>
        <line num="18" count="0" type="stmt"/>
        <line num="19" count="0" type="cond" truecount="0" falsecount="4"/>
        <line num="21" count="0" type="stmt"/>
        <line num="25" count="0" type="stmt"/>
        <line num="29" count="0" type="stmt"/>
        <line num="33" count="0" type="stmt"/>
        <line num="41" count="0" type="stmt"/>
        <line num="55" count="0" type="stmt"/>
        <line num="63" count="0" type="stmt"/>
        <line num="67" count="0" type="cond" truecount="0" falsecount="2"/>
        <line num="68" count="0" type="stmt"/>
        <line num="69" count="0" type="cond" truecount="0" falsecount="2"/>
      </file>
      <file name="resumeService.ts" path="C:\Users\venum\Documents\Playground\frontend\src\services\resumeService.ts">
        <metrics statements="55" coveredstatements="41" conditionals="89" coveredconditionals="54" methods="21" coveredmethods="11"/>
        <line num="13" count="2" type="stmt"/>
        <line num="19" count="3" type="stmt"/>
        <line num="26" count="3" type="cond" truecount="1" falsecount="1"/>
        <line num="27" count="0" type="stmt"/>
        <line num="28" count="0" type="cond" truecount="0" falsecount="2"/>
        <line num="30" count="3" type="stmt"/>
        <line num="34" count="1" type="stmt"/>
        <line num="39" count="1" type="stmt"/>
        <line num="43" count="3" type="cond" truecount="1" falsecount="1"/>
        <line num="50" count="3" type="cond" truecount="2" falsecount="1"/>
        <line num="51" count="3" type="cond" truecount="2" falsecount="1"/>
        <line num="52" count="3" type="cond" truecount="2" falsecount="0"/>
        <line num="59" count="3" type="cond" truecount="2" falsecount="1"/>
        <line num="60" count="3" type="cond" truecount="2" falsecount="2"/>
        <line num="61" count="3" type="cond" truecount="2" falsecount="0"/>
        <line num="62" count="3" type="cond" truecount="1" falsecount="1"/>
        <line num="71" count="3" type="stmt"/>
        <line num="78" count="3" type="stmt"/>
        <line num="97" count="0" type="stmt"/>
        <line num="105" count="0" type="stmt"/>
        <line num="113" count="0" type="stmt"/>
        <line num="117" count="0" type="stmt"/>
        <line num="121" count="1" type="stmt"/>
        <line num="129" count="1" type="stmt"/>
        <line num="133" count="0" type="stmt"/>
        <line num="137" count="0" type="stmt"/>
        <line num="141" count="0" type="cond" truecount="0" falsecount="2"/>
        <line num="142" count="0" type="stmt"/>
        <line num="143" count="0" type="cond" truecount="0" falsecount="2"/>
        <line num="162" count="3" type="stmt"/>
        <line num="166" count="1" type="stmt"/>
        <line num="170" count="4" type="stmt"/>
        <line num="171" count="4" type="cond" truecount="2" falsecount="0"/>
        <line num="172" count="4" type="cond" truecount="2" falsecount="0"/>
        <line num="173" count="4" type="cond" truecount="1" falsecount="1"/>
        <line num="174" count="4" type="stmt"/>
        <line num="175" count="4" type="cond" truecount="2" falsecount="0"/>
        <line num="178" count="4" type="cond" truecount="2" falsecount="0"/>
        <line num="179" count="1" type="cond" truecount="1" falsecount="1"/>
        <line num="180" count="1" type="cond" truecount="1" falsecount="1"/>
        <line num="181" count="1" type="stmt"/>
        <line num="182" count="1" type="cond" truecount="1" falsecount="1"/>
        <line num="184" count="0" type="stmt"/>
        <line num="186" count="3" type="cond" truecount="1" falsecount="1"/>
        <line num="187" count="4" type="cond" truecount="2" falsecount="0"/>
        <line num="188" count="4" type="cond" truecount="2" falsecount="0"/>
        <line num="189" count="1" type="stmt"/>
        <line num="191" count="2" type="stmt"/>
        <line num="192" count="2" type="cond" truecount="1" falsecount="1"/>
        <line num="193" count="0" type="stmt"/>
        <line num="195" count="2" type="stmt"/>
        <line num="205" count="2" type="stmt"/>
        <line num="206" count="2" type="cond" truecount="1" falsecount="1"/>
        <line num="210" count="0" type="stmt"/>
        <line num="220" count="1" type="stmt"/>
      </file>
      <file name="skillsData.ts" path="C:\Users\venum\Documents\Playground\frontend\src\services\skillsData.ts">
        <metrics statements="150" coveredstatements="142" conditionals="145" coveredconditionals="113" methods="39" coveredmethods="34"/>
        <line num="13" count="4" type="stmt"/>
        <line num="192" count="88" type="stmt"/>
        <line num="194" count="4" type="stmt"/>
        <line num="217" count="4" type="stmt"/>
        <line num="229" count="88" type="stmt"/>
        <line num="230" count="88" type="stmt"/>
        <line num="231" count="4" type="stmt"/>
        <line num="233" count="80" type="stmt"/>
        <line num="243" count="145" type="stmt"/>
        <line num="244" count="145" type="cond" truecount="2" falsecount="0"/>
        <line num="248" count="4" type="cond" truecount="2" falsecount="1"/>
        <line num="252" count="84" type="stmt"/>
        <line num="256" count="39" type="stmt"/>
        <line num="257" count="39" type="stmt"/>
        <line num="258" count="39" type="cond" truecount="2" falsecount="0"/>
        <line num="259" count="23" type="stmt"/>
        <line num="260" count="23" type="cond" truecount="1" falsecount="1"/>
        <line num="261" count="23" type="stmt"/>
        <line num="262" count="23" type="cond" truecount="2" falsecount="0"/>
        <line num="266" count="4" type="stmt"/>
        <line num="270" count="7" type="stmt"/>
        <line num="271" count="7" type="stmt"/>
        <line num="272" count="7" type="stmt"/>
        <line num="273" count="7" type="stmt"/>
        <line num="274" count="221" type="cond" truecount="2" falsecount="0"/>
        <line num="275" count="221" type="cond" truecount="4" falsecount="0"/>
        <line num="276" count="221" type="cond" truecount="4" falsecount="0"/>
        <line num="277" count="8" type="stmt"/>
        <line num="278" count="8" type="stmt"/>
        <line num="279" count="8" type="stmt"/>
        <line num="281" count="213" type="stmt"/>
        <line num="283" count="7" type="stmt"/>
        <line num="284" count="7" type="stmt"/>
        <line num="288" count="15" type="stmt"/>
        <line num="289" count="15" type="cond" truecount="2" falsecount="0"/>
        <line num="290" count="15" type="stmt"/>
        <line num="301" count="0" type="stmt"/>
        <line num="302" count="0" type="cond" truecount="0" falsecount="2"/>
        <line num="303" count="0" type="stmt"/>
        <line num="305" count="0" type="stmt"/>
        <line num="316" count="8" type="cond" truecount="2" falsecount="0"/>
        <line num="317" count="5" type="stmt"/>
        <line num="319" count="3" type="cond" truecount="1" falsecount="1"/>
        <line num="320" count="3" type="stmt"/>
        <line num="322" count="0" type="stmt"/>
        <line num="326" count="1" type="stmt"/>
        <line num="327" count="1" type="stmt"/>
        <line num="328" count="1" type="stmt"/>
        <line num="329" count="2" type="stmt"/>
        <line num="330" count="2" type="stmt"/>
        <line num="331" count="2" type="cond" truecount="4" falsecount="0"/>
        <line num="332" count="1" type="stmt"/>
        <line num="334" count="1" type="cond" truecount="1" falsecount="1"/>
        <line num="338" count="1" type="stmt"/>
        <line num="342" count="261" type="stmt"/>
        <line num="346" count="0" type="stmt"/>
        <line num="350" count="2" type="stmt"/>
        <line num="351" count="2" type="stmt"/>
        <line num="353" count="2" type="stmt"/>
        <line num="354" count="10" type="stmt"/>
        <line num="355" count="10" type="cond" truecount="3" falsecount="1"/>
        <line num="356" count="10" type="stmt"/>
        <line num="357" count="10" type="cond" truecount="1" falsecount="3"/>
        <line num="358" count="10" type="cond" truecount="2" falsecount="0"/>
        <line num="359" count="10" type="stmt"/>
        <line num="360" count="10" type="cond" truecount="1" falsecount="1"/>
        <line num="361" count="10" type="stmt"/>
        <line num="363" count="10" type="stmt"/>
        <line num="366" count="2" type="stmt"/>
        <line num="367" count="2" type="cond" truecount="1" falsecount="1"/>
        <line num="368" count="2" type="stmt"/>
        <line num="369" count="2" type="stmt"/>
        <line num="370" count="10" type="stmt"/>
        <line num="371" count="10" type="stmt"/>
        <line num="372" count="10" type="cond" truecount="2" falsecount="0"/>
        <line num="373" count="8" type="stmt"/>
        <line num="374" count="8" type="stmt"/>
        <line num="375" count="8" type="cond" truecount="3" falsecount="0"/>
        <line num="376" count="2" type="stmt"/>
        <line num="377" count="2" type="stmt"/>
        <line num="379" count="8" type="stmt"/>
        <line num="381" count="2" type="stmt"/>
        <line num="386" count="8" type="stmt"/>
        <line num="395" count="5" type="stmt"/>
        <line num="396" count="5" type="stmt"/>
        <line num="397" count="5" type="stmt"/>
        <line num="399" count="5" type="stmt"/>
        <line num="400" count="9" type="stmt"/>
        <line num="401" count="9" type="cond" truecount="2" falsecount="1"/>
        <line num="402" count="9" type="cond" truecount="2" falsecount="0"/>
        <line num="403" count="9" type="cond" truecount="2" falsecount="0"/>
        <line num="404" count="9" type="cond" truecount="2" falsecount="0"/>
        <line num="405" count="9" type="cond" truecount="2" falsecount="0"/>
        <line num="406" count="9" type="cond" truecount="2" falsecount="0"/>
        <line num="407" count="9" type="cond" truecount="3" falsecount="0"/>
        <line num="408" count="9" type="cond" truecount="1" falsecount="1"/>
        <line num="409" count="9" type="stmt"/>
        <line num="416" count="9" type="cond" truecount="2" falsecount="0"/>
        <line num="417" count="9" type="cond" truecount="2" falsecount="2"/>
        <line num="418" count="9" type="cond" truecount="1" falsecount="1"/>
        <line num="420" count="9" type="stmt"/>
        <line num="421" count="9" type="cond" truecount="1" falsecount="1"/>
        <line num="422" count="0" type="stmt"/>
        <line num="428" count="0" type="stmt"/>
        <line num="431" count="9" type="stmt"/>
        <line num="442" count="5" type="stmt"/>
        <line num="443" count="4" type="cond" truecount="2" falsecount="2"/>
        <line num="444" count="9" type="stmt"/>
        <line num="446" count="5" type="stmt"/>
        <line num="448" count="3" type="cond" truecount="2" falsecount="0"/>
        <line num="454" count="3" type="stmt"/>
        <line num="455" count="3" type="cond" truecount="1" falsecount="1"/>
        <line num="456" count="3" type="stmt"/>
        <line num="457" count="3" type="stmt"/>
        <line num="458" count="3" type="cond" truecount="2" falsecount="0"/>
        <line num="459" count="1" type="stmt"/>
        <line num="460" count="1" type="stmt"/>
        <line num="467" count="2" type="stmt"/>
        <line num="468" count="2" type="cond" truecount="1" falsecount="1"/>
        <line num="469" count="3" type="stmt"/>
        <line num="470" count="4" type="stmt"/>
        <line num="471" count="4" type="stmt"/>
        <line num="472" count="4" type="stmt"/>
        <line num="473" count="4" type="cond" truecount="1" falsecount="1"/>
        <line num="474" count="4" type="cond" truecount="2" falsecount="0"/>
        <line num="475" count="4" type="stmt"/>
        <line num="476" count="8" type="stmt"/>
        <line num="477" count="4" type="cond" truecount="1" falsecount="1"/>
        <line num="479" count="4" type="stmt"/>
        <line num="487" count="273" type="stmt"/>
        <line num="488" count="273" type="stmt"/>
        <line num="489" count="11139" type="stmt"/>
        <line num="491" count="12720" type="stmt"/>
        <line num="493" count="11139" type="stmt"/>
        <line num="494" count="11139" type="cond" truecount="2" falsecount="0"/>
        <line num="495" count="13" type="cond" truecount="1" falsecount="1"/>
        <line num="498" count="260" type="stmt"/>
        <line num="502" count="10" type="cond" truecount="4" falsecount="0"/>
        <line num="506" count="25" type="stmt"/>
        <line num="507" count="25" type="stmt"/>
        <line num="508" count="25" type="stmt"/>
        <line num="509" count="30" type="stmt"/>
        <line num="510" count="30" type="cond" truecount="4" falsecount="0"/>
        <line num="511" count="29" type="stmt"/>
        <line num="512" count="29" type="stmt"/>
        <line num="515" count="25" type="stmt"/>
        <line num="519" count="43" type="stmt"/>
        <line num="523" count="80" type="stmt"/>
        <line num="525" count="144" type="cond" truecount="1" falsecount="1"/>
        <line num="530" count="4" type="stmt"/>
      </file>
    </package>
    <package name="src.test">
      <metrics statements="2" coveredstatements="2" conditionals="2" coveredconditionals="2" methods="1" coveredmethods="1"/>
      <file name="renderWithProviders.tsx" path="C:\Users\venum\Documents\Playground\frontend\src\test\renderWithProviders.tsx">
        <metrics statements="2" coveredstatements="2" conditionals="2" coveredconditionals="2" methods="1" coveredmethods="1"/>
        <line num="6" count="29" type="stmt"/>
        <line num="7" count="29" type="stmt"/>
      </file>
    </package>
    <package name="src.test.fixtures">
      <metrics statements="11" coveredstatements="11" conditionals="22" coveredconditionals="19" methods="2" coveredmethods="2"/>
      <file name="jobAnalysis.ts" path="C:\Users\venum\Documents\Playground\frontend\src\test\fixtures\jobAnalysis.ts">
        <metrics statements="2" coveredstatements="2" conditionals="5" coveredconditionals="2" methods="1" coveredmethods="1"/>
        <line num="4" count="76" type="stmt"/>
        <line num="24" count="4" type="stmt"/>
      </file>
      <file name="profile.ts" path="C:\Users\venum\Documents\Playground\frontend\src\test\fixtures\profile.ts">
        <metrics statements="2" coveredstatements="2" conditionals="0" coveredconditionals="0" methods="0" coveredmethods="0"/>
        <line num="3" count="3" type="stmt"/>
        <line num="89" count="3" type="stmt"/>
      </file>
      <file name="profileMatch.ts" path="C:\Users\venum\Documents\Playground\frontend\src\test\fixtures\profileMatch.ts">
        <metrics statements="3" coveredstatements="3" conditionals="17" coveredconditionals="17" methods="1" coveredmethods="1"/>
        <line num="3" count="3" type="stmt"/>
        <line num="22" count="15" type="stmt"/>
        <line num="42" count="3" type="stmt"/>
      </file>
      <file name="resume.ts" path="C:\Users\venum\Documents\Playground\frontend\src\test\fixtures\resume.ts">
        <metrics statements="4" coveredstatements="4" conditionals="0" coveredconditionals="0" methods="0" coveredmethods="0"/>
        <line num="5" count="3" type="stmt"/>
        <line num="141" count="3" type="stmt"/>
        <line num="164" count="3" type="stmt"/>
        <line num="231" count="3" type="stmt"/>
      </file>
    </package>
  </project>
</coverage>
