{"C:\\Users\\venum\\Documents\\Playground\\frontend\\src\\components\\ui.tsx": {"path":"C:\\Users\\venum\\Documents\\Playground\\frontend\\src\\components\\ui.tsx","statementMap":{"0":{"start":{"line":13,"column":2},"end":{"line":31,"column":null}},"1":{"start":{"line":39,"column":2},"end":{"line":46,"column":null}},"2":{"start":{"line":59,"column":2},"end":{"line":73,"column":null}},"3":{"start":{"line":81,"column":2},"end":{"line":88,"column":null}},"4":{"start":{"line":97,"column":2},"end":{"line":106,"column":null}},"5":{"start":{"line":111,"column":2},"end":{"line":117,"column":null}},"6":{"start":{"line":122,"column":2},"end":{"line":125,"column":null}},"7":{"start":{"line":130,"column":2},"end":{"line":135,"column":null}},"8":{"start":{"line":132,"column":19},"end":{"line":132,"column":26}}},"fnMap":{"0":{"name":"Button","decl":{"start":{"line":4,"column":16},"end":{"line":4,"column":23}},"loc":{"start":{"line":12,"column":3},"end":{"line":33,"column":null}},"line":12},"1":{"name":"Card","decl":{"start":{"line":35,"column":16},"end":{"line":35,"column":21}},"loc":{"start":{"line":38,"column":40},"end":{"line":48,"column":null}},"line":38},"2":{"name":"Badge","decl":{"start":{"line":50,"column":16},"end":{"line":50,"column":22}},"loc":{"start":{"line":58,"column":3},"end":{"line":75,"column":null}},"line":58},"3":{"name":"Input","decl":{"start":{"line":77,"column":16},"end":{"line":77,"column":22}},"loc":{"start":{"line":80,"column":38},"end":{"line":90,"column":null}},"line":80},"4":{"name":"Select","decl":{"start":{"line":92,"column":16},"end":{"line":92,"column":23}},"loc":{"start":{"line":96,"column":39},"end":{"line":108,"column":null}},"line":96},"5":{"name":"Progress","decl":{"start":{"line":110,"column":16},"end":{"line":110,"column":25}},"loc":{"start":{"line":110,"column":86},"end":{"line":119,"column":null}},"line":110},"6":{"name":"Avatar","decl":{"start":{"line":121,"column":16},"end":{"line":121,"column":23}},"loc":{"start":{"line":121,"column":70},"end":{"line":127,"column":null}},"line":121},"7":{"name":"initials","decl":{"start":{"line":129,"column":9},"end":{"line":129,"column":18}},"loc":{"start":{"line":129,"column":32},"end":{"line":136,"column":null}},"line":129},"8":{"name":"(anonymous_8)","decl":{"start":{"line":132,"column":5},"end":{"line":132,"column":10}},"loc":{"start":{"line":132,"column":19},"end":{"line":132,"column":26}},"line":132}},"branchMap":{"0":{"loc":{"start":{"line":6,"column":2},"end":{"line":6,"column":null}},"type":"default-arg","locations":[{"start":{"line":6,"column":12},"end":{"line":6,"column":null}}],"line":6},"1":{"loc":{"start":{"line":7,"column":2},"end":{"line":7,"column":null}},"type":"default-arg","locations":[{"start":{"line":7,"column":9},"end":{"line":7,"column":null}}],"line":7},"2":{"loc":{"start":{"line":17,"column":8},"end":{"line":18,"column":null}},"type":"binary-expr","locations":[{"start":{"line":17,"column":8},"end":{"line":17,"column":null}},{"start":{"line":18,"column":10},"end":{"line":18,"column":null}}],"line":17},"3":{"loc":{"start":{"line":19,"column":8},"end":{"line":20,"column":null}},"type":"binary-expr","locations":[{"start":{"line":19,"column":8},"end":{"line":19,"column":null}},{"start":{"line":20,"column":10},"end":{"line":20,"column":null}}],"line":19},"4":{"loc":{"start":{"line":21,"column":8},"end":{"line":22,"column":null}},"type":"binary-expr","locations":[{"start":{"line":21,"column":8},"end":{"line":21,"column":null}},{"start":{"line":22,"column":10},"end":{"line":22,"column":null}}],"line":21},"5":{"loc":{"start":{"line":23,"column":8},"end":{"line":24,"column":null}},"type":"binary-expr","locations":[{"start":{"line":23,"column":8},"end":{"line":23,"column":null}},{"start":{"line":24,"column":10},"end":{"line":24,"column":null}}],"line":23},"6":{"loc":{"start":{"line":25,"column":8},"end":{"line":25,"column":null}},"type":"binary-expr","locations":[{"start":{"line":25,"column":8},"end":{"line":25,"column":25}},{"start":{"line":25,"column":25},"end":{"line":25,"column":null}}],"line":25},"7":{"loc":{"start":{"line":26,"column":8},"end":{"line":26,"column":null}},"type":"binary-expr","locations":[{"start":{"line":26,"column":8},"end":{"line":26,"column":25}},{"start":{"line":26,"column":25},"end":{"line":26,"column":null}}],"line":26},"8":{"loc":{"start":{"line":27,"column":8},"end":{"line":27,"column":null}},"type":"binary-expr","locations":[{"start":{"line":27,"column":8},"end":{"line":27,"column":27}},{"start":{"line":27,"column":27},"end":{"line":27,"column":null}}],"line":27},"9":{"loc":{"start":{"line":52,"column":2},"end":{"line":52,"column":null}},"type":"default-arg","locations":[{"start":{"line":52,"column":9},"end":{"line":52,"column":null}}],"line":52},"10":{"loc":{"start":{"line":63,"column":8},"end":{"line":63,"column":null}},"type":"binary-expr","locations":[{"start":{"line":63,"column":8},"end":{"line":63,"column":30}},{"start":{"line":63,"column":30},"end":{"line":63,"column":null}}],"line":63},"11":{"loc":{"start":{"line":64,"column":8},"end":{"line":64,"column":null}},"type":"binary-expr","locations":[{"start":{"line":64,"column":8},"end":{"line":64,"column":28}},{"start":{"line":64,"column":28},"end":{"line":64,"column":null}}],"line":64},"12":{"loc":{"start":{"line":65,"column":8},"end":{"line":65,"column":null}},"type":"binary-expr","locations":[{"start":{"line":65,"column":8},"end":{"line":65,"column":27}},{"start":{"line":65,"column":27},"end":{"line":65,"column":null}}],"line":65},"13":{"loc":{"start":{"line":66,"column":8},"end":{"line":66,"column":null}},"type":"binary-expr","locations":[{"start":{"line":66,"column":8},"end":{"line":66,"column":28}},{"start":{"line":66,"column":28},"end":{"line":66,"column":null}}],"line":66},"14":{"loc":{"start":{"line":67,"column":8},"end":{"line":67,"column":null}},"type":"binary-expr","locations":[{"start":{"line":67,"column":8},"end":{"line":67,"column":26}},{"start":{"line":67,"column":26},"end":{"line":67,"column":null}}],"line":67},"15":{"loc":{"start":{"line":68,"column":8},"end":{"line":68,"column":null}},"type":"binary-expr","locations":[{"start":{"line":68,"column":8},"end":{"line":68,"column":29}},{"start":{"line":68,"column":29},"end":{"line":68,"column":null}}],"line":68},"16":{"loc":{"start":{"line":124,"column":7},"end":{"line":124,"column":null}},"type":"cond-expr","locations":[{"start":{"line":124,"column":13},"end":{"line":124,"column":88}},{"start":{"line":124,"column":79},"end":{"line":124,"column":null}}],"line":124}},"s":{"0":9728,"1":25,"2":2432,"3":2432,"4":2432,"5":25,"6":0,"7":0,"8":0},"f":{"0":9728,"1":25,"2":2432,"3":2432,"4":2432,"5":25,"6":0,"7":0,"8":0},"b":{"0":[9728],"1":[9728],"2":[9728,1216],"3":[9728,4864],"4":[9728,1216],"5":[9728,2432],"6":[9728,0],"7":[9728,8512],"8":[9728,1216],"9":[2432],"10":[2432,1092],"11":[2432,1173],"12":[2432,0],"13":[2432,166],"14":[2432,1],"15":[2432,0],"16":[0,0]},"meta":{"lastBranch":17,"lastFunction":9,"lastStatement":9,"seen":{"f:4:16:4:23":0,"b:6:12:6:Infinity":0,"b:7:9:7:Infinity":1,"s:13:2:31:Infinity":0,"b:17:8:17:Infinity:18:10:18:Infinity":2,"b:19:8:19:Infinity:20:10:20:Infinity":3,"b:21:8:21:Infinity:22:10:22:Infinity":4,"b:23:8:23:Infinity:24:10:24:Infinity":5,"b:25:8:25:25:25:25:25:Infinity":6,"b:26:8:26:25:26:25:26:Infinity":7,"b:27:8:27:27:27:27:27:Infinity":8,"f:35:16:35:21":1,"s:39:2:46:Infinity":1,"f:50:16:50:22":2,"b:52:9:52:Infinity":9,"s:59:2:73:Infinity":2,"b:63:8:63:30:63:30:63:Infinity":10,"b:64:8:64:28:64:28:64:Infinity":11,"b:65:8:65:27:65:27:65:Infinity":12,"b:66:8:66:28:66:28:66:Infinity":13,"b:67:8:67:26:67:26:67:Infinity":14,"b:68:8:68:29:68:29:68:Infinity":15,"f:77:16:77:22":3,"s:81:2:88:Infinity":3,"f:92:16:92:23":4,"s:97:2:106:Infinity":4,"f:110:16:110:25":5,"s:111:2:117:Infinity":5,"f:121:16:121:23":6,"s:122:2:125:Infinity":6,"b:124:13:124:88:124:79:124:Infinity":16,"f:129:9:129:18":7,"s:130:2:135:Infinity":7,"f:132:5:132:10":8,"s:132:19:132:26":8},"fnNames":{}}}
,"C:\\Users\\venum\\Documents\\Playground\\frontend\\src\\components\\generate\\GenerateResumeWorkspace.tsx": {"path":"C:\\Users\\venum\\Documents\\Playground\\frontend\\src\\components\\generate\\GenerateResumeWorkspace.tsx","statementMap":{"0":{"start":{"line":46,"column":23},"end":{"line":53,"column":null}},"1":{"start":{"line":55,"column":25},"end":{"line":64,"column":null}},"2":{"start":{"line":77,"column":8},"end":{"line":77,"column":null}},"3":{"start":{"line":78,"column":10},"end":{"line":78,"column":null}},"4":{"start":{"line":79,"column":21},"end":{"line":79,"column":null}},"5":{"start":{"line":80,"column":24},"end":{"line":80,"column":null}},"6":{"start":{"line":81,"column":25},"end":{"line":81,"column":null}},"7":{"start":{"line":82,"column":26},"end":{"line":82,"column":null}},"8":{"start":{"line":83,"column":19},"end":{"line":83,"column":null}},"9":{"start":{"line":84,"column":16},"end":{"line":84,"column":null}},"10":{"start":{"line":85,"column":24},"end":{"line":85,"column":null}},"11":{"start":{"line":86,"column":24},"end":{"line":86,"column":null}},"12":{"start":{"line":87,"column":24},"end":{"line":87,"column":null}},"13":{"start":{"line":88,"column":19},"end":{"line":88,"column":null}},"14":{"start":{"line":89,"column":21},"end":{"line":89,"column":null}},"15":{"start":{"line":90,"column":22},"end":{"line":90,"column":null}},"16":{"start":{"line":91,"column":23},"end":{"line":91,"column":null}},"17":{"start":{"line":92,"column":26},"end":{"line":92,"column":null}},"18":{"start":{"line":93,"column":26},"end":{"line":93,"column":null}},"19":{"start":{"line":94,"column":15},"end":{"line":94,"column":null}},"20":{"start":{"line":95,"column":23},"end":{"line":95,"column":null}},"21":{"start":{"line":96,"column":16},"end":{"line":96,"column":null}},"22":{"start":{"line":97,"column":22},"end":{"line":97,"column":null}},"23":{"start":{"line":98,"column":8},"end":{"line":98,"column":null}},"24":{"start":{"line":99,"column":18},"end":{"line":99,"column":null}},"25":{"start":{"line":101,"column":23},"end":{"line":101,"column":null}},"26":{"start":{"line":102,"column":8},"end":{"line":102,"column":null}},"27":{"start":{"line":102,"column":40},"end":{"line":102,"column":75}},"28":{"start":{"line":103,"column":8},"end":{"line":103,"column":null}},"29":{"start":{"line":103,"column":33},"end":{"line":103,"column":64}},"30":{"start":{"line":104,"column":30},"end":{"line":104,"column":null}},"31":{"start":{"line":105,"column":18},"end":{"line":105,"column":null}},"32":{"start":{"line":106,"column":23},"end":{"line":106,"column":null}},"33":{"start":{"line":107,"column":21},"end":{"line":107,"column":null}},"34":{"start":{"line":108,"column":22},"end":{"line":108,"column":null}},"35":{"start":{"line":109,"column":8},"end":{"line":112,"column":null}},"36":{"start":{"line":110,"column":10},"end":{"line":110,"column":null}},"37":{"start":{"line":114,"column":8},"end":{"line":122,"column":null}},"38":{"start":{"line":116,"column":6},"end":{"line":116,"column":null}},"39":{"start":{"line":116,"column":49},"end":{"line":116,"column":null}},"40":{"start":{"line":117,"column":20},"end":{"line":117,"column":null}},"41":{"start":{"line":118,"column":6},"end":{"line":118,"column":null}},"42":{"start":{"line":119,"column":6},"end":{"line":119,"column":null}},"43":{"start":{"line":124,"column":8},"end":{"line":128,"column":null}},"44":{"start":{"line":130,"column":2},"end":{"line":152,"column":null}},"45":{"start":{"line":131,"column":20},"end":{"line":131,"column":null}},"46":{"start":{"line":133,"column":6},"end":{"line":146,"column":null}},"47":{"start":{"line":134,"column":24},"end":{"line":134,"column":null}},"48":{"start":{"line":135,"column":8},"end":{"line":135,"column":null}},"49":{"start":{"line":135,"column":23},"end":{"line":135,"column":null}},"50":{"start":{"line":136,"column":8},"end":{"line":136,"column":null}},"51":{"start":{"line":137,"column":8},"end":{"line":143,"column":null}},"52":{"start":{"line":138,"column":25},"end":{"line":138,"column":null}},"53":{"start":{"line":139,"column":10},"end":{"line":139,"column":null}},"54":{"start":{"line":139,"column":25},"end":{"line":139,"column":null}},"55":{"start":{"line":140,"column":10},"end":{"line":140,"column":null}},"56":{"start":{"line":141,"column":15},"end":{"line":143,"column":null}},"57":{"start":{"line":142,"column":10},"end":{"line":142,"column":null}},"58":{"start":{"line":145,"column":8},"end":{"line":145,"column":null}},"59":{"start":{"line":145,"column":24},"end":{"line":145,"column":null}},"60":{"start":{"line":148,"column":4},"end":{"line":148,"column":null}},"61":{"start":{"line":149,"column":4},"end":{"line":151,"column":null}},"62":{"start":{"line":150,"column":6},"end":{"line":150,"column":null}},"63":{"start":{"line":154,"column":2},"end":{"line":170,"column":null}},"64":{"start":{"line":155,"column":4},"end":{"line":158,"column":null}},"65":{"start":{"line":156,"column":6},"end":{"line":156,"column":null}},"66":{"start":{"line":157,"column":6},"end":{"line":157,"column":null}},"67":{"start":{"line":159,"column":20},"end":{"line":159,"column":null}},"68":{"start":{"line":160,"column":4},"end":{"line":166,"column":null}},"69":{"start":{"line":162,"column":8},"end":{"line":162,"column":null}},"70":{"start":{"line":162,"column":24},"end":{"line":162,"column":null}},"71":{"start":{"line":165,"column":8},"end":{"line":165,"column":null}},"72":{"start":{"line":165,"column":24},"end":{"line":165,"column":null}},"73":{"start":{"line":167,"column":4},"end":{"line":169,"column":null}},"74":{"start":{"line":168,"column":6},"end":{"line":168,"column":null}},"75":{"start":{"line":172,"column":8},"end":{"line":183,"column":null}},"76":{"start":{"line":173,"column":4},"end":{"line":173,"column":null}},"77":{"start":{"line":174,"column":4},"end":{"line":174,"column":null}},"78":{"start":{"line":175,"column":4},"end":{"line":175,"column":null}},"79":{"start":{"line":176,"column":4},"end":{"line":176,"column":null}},"80":{"start":{"line":177,"column":4},"end":{"line":177,"column":null}},"81":{"start":{"line":178,"column":4},"end":{"line":178,"column":null}},"82":{"start":{"line":179,"column":4},"end":{"line":179,"column":null}},"83":{"start":{"line":180,"column":4},"end":{"line":180,"column":null}},"84":{"start":{"line":181,"column":4},"end":{"line":181,"column":null}},"85":{"start":{"line":182,"column":4},"end":{"line":182,"column":null}},"86":{"start":{"line":185,"column":24},"end":{"line":214,"column":null}},"87":{"start":{"line":186,"column":4},"end":{"line":189,"column":null}},"88":{"start":{"line":187,"column":6},"end":{"line":187,"column":null}},"89":{"start":{"line":188,"column":6},"end":{"line":188,"column":null}},"90":{"start":{"line":190,"column":4},"end":{"line":190,"column":null}},"91":{"start":{"line":191,"column":4},"end":{"line":191,"column":null}},"92":{"start":{"line":192,"column":4},"end":{"line":192,"column":null}},"93":{"start":{"line":193,"column":4},"end":{"line":213,"column":null}},"94":{"start":{"line":194,"column":23},"end":{"line":199,"column":null}},"95":{"start":{"line":200,"column":6},"end":{"line":200,"column":null}},"96":{"start":{"line":201,"column":22},"end":{"line":204,"column":null}},"97":{"start":{"line":205,"column":6},"end":{"line":205,"column":null}},"98":{"start":{"line":206,"column":6},"end":{"line":206,"column":null}},"99":{"start":{"line":207,"column":6},"end":{"line":207,"column":null}},"100":{"start":{"line":209,"column":6},"end":{"line":209,"column":null}},"101":{"start":{"line":210,"column":6},"end":{"line":210,"column":null}},"102":{"start":{"line":212,"column":6},"end":{"line":212,"column":null}},"103":{"start":{"line":216,"column":25},"end":{"line":262,"column":null}},"104":{"start":{"line":217,"column":4},"end":{"line":217,"column":null}},"105":{"start":{"line":217,"column":88},"end":{"line":217,"column":null}},"106":{"start":{"line":218,"column":4},"end":{"line":218,"column":null}},"107":{"start":{"line":219,"column":4},"end":{"line":219,"column":null}},"108":{"start":{"line":220,"column":4},"end":{"line":220,"column":null}},"109":{"start":{"line":221,"column":4},"end":{"line":221,"column":null}},"110":{"start":{"line":222,"column":4},"end":{"line":261,"column":null}},"111":{"start":{"line":223,"column":25},"end":{"line":223,"column":null}},"112":{"start":{"line":224,"column":24},"end":{"line":241,"column":null}},"113":{"start":{"line":242,"column":6},"end":{"line":242,"column":null}},"114":{"start":{"line":243,"column":6},"end":{"line":243,"column":null}},"115":{"start":{"line":244,"column":6},"end":{"line":246,"column":null}},"116":{"start":{"line":245,"column":8},"end":{"line":245,"column":null}},"117":{"start":{"line":247,"column":6},"end":{"line":247,"column":null}},"118":{"start":{"line":248,"column":6},"end":{"line":248,"column":null}},"119":{"start":{"line":249,"column":21},"end":{"line":249,"column":null}},"120":{"start":{"line":250,"column":6},"end":{"line":250,"column":null}},"121":{"start":{"line":251,"column":6},"end":{"line":251,"column":null}},"122":{"start":{"line":251,"column":36},"end":{"line":251,"column":108}},"123":{"start":{"line":251,"column":73},"end":{"line":251,"column":106}},"124":{"start":{"line":252,"column":6},"end":{"line":252,"column":null}},"125":{"start":{"line":253,"column":6},"end":{"line":253,"column":null}},"126":{"start":{"line":254,"column":6},"end":{"line":254,"column":null}},"127":{"start":{"line":256,"column":6},"end":{"line":256,"column":null}},"128":{"start":{"line":257,"column":6},"end":{"line":257,"column":null}},"129":{"start":{"line":259,"column":6},"end":{"line":259,"column":null}},"130":{"start":{"line":260,"column":6},"end":{"line":260,"column":null}},"131":{"start":{"line":264,"column":27},"end":{"line":268,"column":null}},"132":{"start":{"line":265,"column":4},"end":{"line":265,"column":null}},"133":{"start":{"line":265,"column":24},"end":{"line":265,"column":null}},"134":{"start":{"line":266,"column":4},"end":{"line":266,"column":null}},"135":{"start":{"line":267,"column":4},"end":{"line":267,"column":null}},"136":{"start":{"line":270,"column":23},"end":{"line":287,"column":null}},"137":{"start":{"line":271,"column":4},"end":{"line":271,"column":null}},"138":{"start":{"line":271,"column":24},"end":{"line":271,"column":null}},"139":{"start":{"line":272,"column":4},"end":{"line":272,"column":null}},"140":{"start":{"line":273,"column":4},"end":{"line":273,"column":null}},"141":{"start":{"line":274,"column":4},"end":{"line":286,"column":null}},"142":{"start":{"line":275,"column":6},"end":{"line":277,"column":null}},"143":{"start":{"line":276,"column":8},"end":{"line":276,"column":null}},"144":{"start":{"line":278,"column":21},"end":{"line":280,"column":null}},"145":{"start":{"line":281,"column":6},"end":{"line":281,"column":null}},"146":{"start":{"line":283,"column":6},"end":{"line":283,"column":null}},"147":{"start":{"line":285,"column":6},"end":{"line":285,"column":null}},"148":{"start":{"line":289,"column":28},"end":{"line":302,"column":null}},"149":{"start":{"line":290,"column":4},"end":{"line":290,"column":null}},"150":{"start":{"line":290,"column":24},"end":{"line":290,"column":null}},"151":{"start":{"line":291,"column":4},"end":{"line":291,"column":null}},"152":{"start":{"line":292,"column":4},"end":{"line":292,"column":null}},"153":{"start":{"line":293,"column":4},"end":{"line":301,"column":null}},"154":{"start":{"line":294,"column":6},"end":{"line":294,"column":null}},"155":{"start":{"line":295,"column":22},"end":{"line":295,"column":null}},"156":{"start":{"line":296,"column":6},"end":{"line":296,"column":null}},"157":{"start":{"line":296,"column":31},"end":{"line":296,"column":105}},"158":{"start":{"line":296,"column":69},"end":{"line":296,"column":103}},"159":{"start":{"line":298,"column":6},"end":{"line":298,"column":null}},"160":{"start":{"line":300,"column":6},"end":{"line":300,"column":null}},"161":{"start":{"line":304,"column":28},"end":{"line":312,"column":null}},"162":{"start":{"line":305,"column":4},"end":{"line":311,"column":null}},"163":{"start":{"line":306,"column":21},"end":{"line":306,"column":null}},"164":{"start":{"line":307,"column":6},"end":{"line":307,"column":null}},"165":{"start":{"line":308,"column":6},"end":{"line":308,"column":null}},"166":{"start":{"line":310,"column":6},"end":{"line":310,"column":null}},"167":{"start":{"line":314,"column":8},"end":{"line":326,"column":null}},"168":{"start":{"line":315,"column":4},"end":{"line":315,"column":null}},"169":{"start":{"line":316,"column":4},"end":{"line":316,"column":null}},"170":{"start":{"line":317,"column":4},"end":{"line":317,"column":null}},"171":{"start":{"line":318,"column":4},"end":{"line":318,"column":null}},"172":{"start":{"line":319,"column":4},"end":{"line":319,"column":null}},"173":{"start":{"line":320,"column":4},"end":{"line":320,"column":null}},"174":{"start":{"line":321,"column":4},"end":{"line":321,"column":null}},"175":{"start":{"line":322,"column":4},"end":{"line":322,"column":null}},"176":{"start":{"line":323,"column":4},"end":{"line":323,"column":null}},"177":{"start":{"line":324,"column":4},"end":{"line":324,"column":null}},"178":{"start":{"line":325,"column":4},"end":{"line":325,"column":null}},"179":{"start":{"line":328,"column":25},"end":{"line":330,"column":null}},"180":{"start":{"line":332,"column":2},"end":{"line":413,"column":null}},"181":{"start":{"line":373,"column":34},"end":{"line":373,"column":null}},"182":{"start":{"line":373,"column":63},"end":{"line":373,"column":71}},"183":{"start":{"line":390,"column":109},"end":{"line":390,"column":121}},"184":{"start":{"line":407,"column":12},"end":{"line":407,"column":null}},"185":{"start":{"line":408,"column":12},"end":{"line":408,"column":null}},"186":{"start":{"line":408,"column":32},"end":{"line":408,"column":39}},"187":{"start":{"line":438,"column":24},"end":{"line":444,"column":null}},"188":{"start":{"line":445,"column":2},"end":{"line":507,"column":null}},"189":{"start":{"line":462,"column":63},"end":{"line":462,"column":109}},"190":{"start":{"line":466,"column":66},"end":{"line":466,"column":115}},"191":{"start":{"line":470,"column":69},"end":{"line":470,"column":120}},"192":{"start":{"line":485,"column":31},"end":{"line":485,"column":null}},"193":{"start":{"line":532,"column":19},"end":{"line":538,"column":null}},"194":{"start":{"line":539,"column":2},"end":{"line":598,"column":null}},"195":{"start":{"line":556,"column":136},"end":{"line":556,"column":167}},"196":{"start":{"line":557,"column":163},"end":{"line":557,"column":191}},"197":{"start":{"line":562,"column":31},"end":{"line":562,"column":null}},"198":{"start":{"line":567,"column":12},"end":{"line":567,"column":null}},"199":{"start":{"line":578,"column":25},"end":{"line":578,"column":null}},"200":{"start":{"line":586,"column":25},"end":{"line":586,"column":null}},"201":{"start":{"line":621,"column":18},"end":{"line":621,"column":null}},"202":{"start":{"line":622,"column":19},"end":{"line":622,"column":null}},"203":{"start":{"line":623,"column":18},"end":{"line":623,"column":null}},"204":{"start":{"line":624,"column":2},"end":{"line":676,"column":null}},"205":{"start":{"line":647,"column":74},"end":{"line":647,"column":86}},"206":{"start":{"line":647,"column":133},"end":{"line":647,"column":145}},"207":{"start":{"line":651,"column":78},"end":{"line":651,"column":90}},"208":{"start":{"line":651,"column":137},"end":{"line":651,"column":149}},"209":{"start":{"line":652,"column":14},"end":{"line":652,"column":null}},"210":{"start":{"line":661,"column":10},"end":{"line":664,"column":null}},"211":{"start":{"line":661,"column":80},"end":{"line":661,"column":null}},"212":{"start":{"line":670,"column":10},"end":{"line":673,"column":null}},"213":{"start":{"line":670,"column":79},"end":{"line":670,"column":null}},"214":{"start":{"line":681,"column":2},"end":{"line":699,"column":null}},"215":{"start":{"line":686,"column":8},"end":{"line":697,"column":null}},"216":{"start":{"line":693,"column":14},"end":{"line":693,"column":null}},"217":{"start":{"line":704,"column":22},"end":{"line":704,"column":null}},"218":{"start":{"line":705,"column":2},"end":{"line":714,"column":null}},"219":{"start":{"line":711,"column":10},"end":{"line":711,"column":null}},"220":{"start":{"line":719,"column":2},"end":{"line":727,"column":null}},"221":{"start":{"line":732,"column":2},"end":{"line":736,"column":null}},"222":{"start":{"line":741,"column":2},"end":{"line":741,"column":null}},"223":{"start":{"line":741,"column":16},"end":{"line":741,"column":null}},"224":{"start":{"line":742,"column":2},"end":{"line":742,"column":null}},"225":{"start":{"line":746,"column":15},"end":{"line":746,"column":null}},"226":{"start":{"line":747,"column":2},"end":{"line":751,"column":null}},"227":{"start":{"line":748,"column":4},"end":{"line":750,"column":null}},"228":{"start":{"line":749,"column":6},"end":{"line":749,"column":null}},"229":{"start":{"line":752,"column":2},"end":{"line":752,"column":null}},"230":{"start":{"line":756,"column":2},"end":{"line":756,"column":null}},"231":{"start":{"line":756,"column":15},"end":{"line":756,"column":null}},"232":{"start":{"line":757,"column":17},"end":{"line":757,"column":null}},"233":{"start":{"line":757,"column":40},"end":{"line":757,"column":57}},"234":{"start":{"line":758,"column":18},"end":{"line":758,"column":null}},"235":{"start":{"line":759,"column":29},"end":{"line":759,"column":null}},"236":{"start":{"line":760,"column":2},"end":{"line":764,"column":null}},"237":{"start":{"line":761,"column":4},"end":{"line":763,"column":null}},"238":{"start":{"line":762,"column":6},"end":{"line":762,"column":null}},"239":{"start":{"line":765,"column":2},"end":{"line":765,"column":null}},"240":{"start":{"line":769,"column":14},"end":{"line":769,"column":null}},"241":{"start":{"line":770,"column":17},"end":{"line":770,"column":null}},"242":{"start":{"line":771,"column":2},"end":{"line":771,"column":null}},"243":{"start":{"line":772,"column":2},"end":{"line":772,"column":null}},"244":{"start":{"line":773,"column":2},"end":{"line":773,"column":null}},"245":{"start":{"line":774,"column":2},"end":{"line":774,"column":null}},"246":{"start":{"line":775,"column":2},"end":{"line":775,"column":null}},"247":{"start":{"line":776,"column":2},"end":{"line":776,"column":null}},"248":{"start":{"line":780,"column":14},"end":{"line":780,"column":null}},"249":{"start":{"line":781,"column":2},"end":{"line":784,"column":null}},"250":{"start":{"line":782,"column":4},"end":{"line":782,"column":null}},"251":{"start":{"line":783,"column":4},"end":{"line":783,"column":null}},"252":{"start":{"line":788,"column":2},"end":{"line":788,"column":null}},"253":{"start":{"line":788,"column":14},"end":{"line":788,"column":null}},"254":{"start":{"line":789,"column":15},"end":{"line":789,"column":null}},"255":{"start":{"line":790,"column":2},"end":{"line":790,"column":null}},"256":{"start":{"line":790,"column":36},"end":{"line":790,"column":null}},"257":{"start":{"line":791,"column":2},"end":{"line":791,"column":null}}},"fnMap":{"0":{"name":"GenerateResumeWorkspace","decl":{"start":{"line":66,"column":16},"end":{"line":66,"column":40}},"loc":{"start":{"line":76,"column":3},"end":{"line":415,"column":null}},"line":76},"1":{"name":"(anonymous_1)","decl":{"start":{"line":102,"column":26},"end":{"line":102,"column":40}},"loc":{"start":{"line":102,"column":40},"end":{"line":102,"column":75}},"line":102},"2":{"name":"(anonymous_2)","decl":{"start":{"line":103,"column":19},"end":{"line":103,"column":33}},"loc":{"start":{"line":103,"column":33},"end":{"line":103,"column":64}},"line":103},"3":{"name":"(anonymous_3)","decl":{"start":{"line":109,"column":34},"end":{"line":109,"column":null}},"loc":{"start":{"line":110,"column":10},"end":{"line":110,"column":null}},"line":110},"4":{"name":"(anonymous_4)","decl":{"start":{"line":115,"column":4},"end":{"line":115,"column":11}},"loc":{"start":{"line":115,"column":49},"end":{"line":120,"column":null}},"line":115},"5":{"name":"(anonymous_5)","decl":{"start":{"line":130,"column":2},"end":{"line":130,"column":18}},"loc":{"start":{"line":130,"column":18},"end":{"line":152,"column":5}},"line":130},"6":{"name":"loadInitialResumes","decl":{"start":{"line":132,"column":19},"end":{"line":132,"column":40}},"loc":{"start":{"line":132,"column":40},"end":{"line":147,"column":null}},"line":132},"7":{"name":"(anonymous_7)","decl":{"start":{"line":149,"column":4},"end":{"line":149,"column":17}},"loc":{"start":{"line":149,"column":17},"end":{"line":151,"column":null}},"line":149},"8":{"name":"(anonymous_8)","decl":{"start":{"line":154,"column":2},"end":{"line":154,"column":18}},"loc":{"start":{"line":154,"column":18},"end":{"line":170,"column":5}},"line":154},"9":{"name":"(anonymous_9)","decl":{"start":{"line":161,"column":7},"end":{"line":161,"column":13}},"loc":{"start":{"line":161,"column":23},"end":{"line":163,"column":7}},"line":161},"10":{"name":"(anonymous_10)","decl":{"start":{"line":164,"column":7},"end":{"line":164,"column":19}},"loc":{"start":{"line":164,"column":19},"end":{"line":166,"column":7}},"line":164},"11":{"name":"(anonymous_11)","decl":{"start":{"line":167,"column":4},"end":{"line":167,"column":17}},"loc":{"start":{"line":167,"column":17},"end":{"line":169,"column":null}},"line":167},"12":{"name":"(anonymous_12)","decl":{"start":{"line":172,"column":8},"end":{"line":172,"column":22}},"loc":{"start":{"line":172,"column":57},"end":{"line":183,"column":null}},"line":172},"13":{"name":"(anonymous_13)","decl":{"start":{"line":185,"column":24},"end":{"line":185,"column":36}},"loc":{"start":{"line":185,"column":36},"end":{"line":214,"column":null}},"line":185},"14":{"name":"(anonymous_14)","decl":{"start":{"line":216,"column":25},"end":{"line":216,"column":37}},"loc":{"start":{"line":216,"column":37},"end":{"line":262,"column":null}},"line":216},"15":{"name":"(anonymous_15)","decl":{"start":{"line":251,"column":6},"end":{"line":251,"column":24}},"loc":{"start":{"line":251,"column":36},"end":{"line":251,"column":108}},"line":251},"16":{"name":"(anonymous_16)","decl":{"start":{"line":251,"column":56},"end":{"line":251,"column":64}},"loc":{"start":{"line":251,"column":73},"end":{"line":251,"column":106}},"line":251},"17":{"name":"(anonymous_17)","decl":{"start":{"line":264,"column":27},"end":{"line":264,"column":39}},"loc":{"start":{"line":264,"column":39},"end":{"line":268,"column":null}},"line":264},"18":{"name":"(anonymous_18)","decl":{"start":{"line":270,"column":23},"end":{"line":270,"column":30}},"loc":{"start":{"line":270,"column":57},"end":{"line":287,"column":null}},"line":270},"19":{"name":"(anonymous_19)","decl":{"start":{"line":289,"column":28},"end":{"line":289,"column":40}},"loc":{"start":{"line":289,"column":40},"end":{"line":302,"column":null}},"line":289},"20":{"name":"(anonymous_20)","decl":{"start":{"line":296,"column":6},"end":{"line":296,"column":19}},"loc":{"start":{"line":296,"column":31},"end":{"line":296,"column":105}},"line":296},"21":{"name":"(anonymous_21)","decl":{"start":{"line":296,"column":52},"end":{"line":296,"column":60}},"loc":{"start":{"line":296,"column":69},"end":{"line":296,"column":103}},"line":296},"22":{"name":"(anonymous_22)","decl":{"start":{"line":304,"column":28},"end":{"line":304,"column":35}},"loc":{"start":{"line":304,"column":50},"end":{"line":312,"column":null}},"line":304},"23":{"name":"(anonymous_23)","decl":{"start":{"line":314,"column":8},"end":{"line":314,"column":31}},"loc":{"start":{"line":314,"column":31},"end":{"line":326,"column":null}},"line":314},"24":{"name":"(anonymous_24)","decl":{"start":{"line":373,"column":10},"end":{"line":373,"column":34}},"loc":{"start":{"line":373,"column":34},"end":{"line":373,"column":null}},"line":373},"25":{"name":"(anonymous_25)","decl":{"start":{"line":373,"column":34},"end":{"line":373,"column":51}},"loc":{"start":{"line":373,"column":63},"end":{"line":373,"column":71}},"line":373},"26":{"name":"(anonymous_26)","decl":{"start":{"line":390,"column":95},"end":{"line":390,"column":100}},"loc":{"start":{"line":390,"column":109},"end":{"line":390,"column":121}},"line":390},"27":{"name":"(anonymous_27)","decl":{"start":{"line":406,"column":10},"end":{"line":406,"column":25}},"loc":{"start":{"line":406,"column":32},"end":{"line":409,"column":null}},"line":406},"28":{"name":"(anonymous_28)","decl":{"start":{"line":408,"column":12},"end":{"line":408,"column":24}},"loc":{"start":{"line":408,"column":32},"end":{"line":408,"column":39}},"line":408},"29":{"name":"JobDescriptionPanel","decl":{"start":{"line":417,"column":9},"end":{"line":417,"column":29}},"loc":{"start":{"line":437,"column":3},"end":{"line":509,"column":null}},"line":437},"30":{"name":"(anonymous_30)","decl":{"start":{"line":462,"column":42},"end":{"line":462,"column":53}},"loc":{"start":{"line":462,"column":63},"end":{"line":462,"column":109}},"line":462},"31":{"name":"(anonymous_31)","decl":{"start":{"line":466,"column":45},"end":{"line":466,"column":56}},"loc":{"start":{"line":466,"column":66},"end":{"line":466,"column":115}},"line":466},"32":{"name":"(anonymous_32)","decl":{"start":{"line":470,"column":48},"end":{"line":470,"column":59}},"loc":{"start":{"line":470,"column":69},"end":{"line":470,"column":120}},"line":470},"33":{"name":"(anonymous_33)","decl":{"start":{"line":485,"column":10},"end":{"line":485,"column":21}},"loc":{"start":{"line":485,"column":31},"end":{"line":485,"column":null}},"line":485},"34":{"name":"WorkspaceHeader","decl":{"start":{"line":511,"column":9},"end":{"line":511,"column":25}},"loc":{"start":{"line":531,"column":3},"end":{"line":600,"column":null}},"line":531},"35":{"name":"(anonymous_35)","decl":{"start":{"line":556,"column":121},"end":{"line":556,"column":136}},"loc":{"start":{"line":556,"column":136},"end":{"line":556,"column":167}},"line":556},"36":{"name":"(anonymous_36)","decl":{"start":{"line":557,"column":148},"end":{"line":557,"column":163}},"loc":{"start":{"line":557,"column":163},"end":{"line":557,"column":191}},"line":557},"37":{"name":"(anonymous_37)","decl":{"start":{"line":562,"column":10},"end":{"line":562,"column":21}},"loc":{"start":{"line":562,"column":31},"end":{"line":562,"column":null}},"line":562},"38":{"name":"(anonymous_38)","decl":{"start":{"line":566,"column":26},"end":{"line":566,"column":31}},"loc":{"start":{"line":567,"column":12},"end":{"line":567,"column":null}},"line":567},"39":{"name":"(anonymous_39)","decl":{"start":{"line":578,"column":10},"end":{"line":578,"column":25}},"loc":{"start":{"line":578,"column":25},"end":{"line":578,"column":null}},"line":578},"40":{"name":"(anonymous_40)","decl":{"start":{"line":586,"column":10},"end":{"line":586,"column":25}},"loc":{"start":{"line":586,"column":25},"end":{"line":586,"column":null}},"line":586},"41":{"name":"ResumeInsightsPanel","decl":{"start":{"line":602,"column":9},"end":{"line":602,"column":29}},"loc":{"start":{"line":620,"column":3},"end":{"line":678,"column":null}},"line":620},"42":{"name":"(anonymous_42)","decl":{"start":{"line":647,"column":60},"end":{"line":647,"column":65}},"loc":{"start":{"line":647,"column":74},"end":{"line":647,"column":86}},"line":647},"43":{"name":"(anonymous_43)","decl":{"start":{"line":647,"column":119},"end":{"line":647,"column":124}},"loc":{"start":{"line":647,"column":133},"end":{"line":647,"column":145}},"line":647},"44":{"name":"(anonymous_44)","decl":{"start":{"line":651,"column":64},"end":{"line":651,"column":69}},"loc":{"start":{"line":651,"column":78},"end":{"line":651,"column":90}},"line":651},"45":{"name":"(anonymous_45)","decl":{"start":{"line":651,"column":123},"end":{"line":651,"column":128}},"loc":{"start":{"line":651,"column":137},"end":{"line":651,"column":149}},"line":651},"46":{"name":"(anonymous_46)","decl":{"start":{"line":651,"column":152},"end":{"line":651,"column":157}},"loc":{"start":{"line":652,"column":14},"end":{"line":652,"column":null}},"line":652},"47":{"name":"(anonymous_47)","decl":{"start":{"line":660,"column":18},"end":{"line":660,"column":23}},"loc":{"start":{"line":661,"column":10},"end":{"line":664,"column":null}},"line":661},"48":{"name":"(anonymous_48)","decl":{"start":{"line":661,"column":65},"end":{"line":661,"column":80}},"loc":{"start":{"line":661,"column":80},"end":{"line":661,"column":null}},"line":661},"49":{"name":"(anonymous_49)","decl":{"start":{"line":669,"column":35},"end":{"line":669,"column":40}},"loc":{"start":{"line":670,"column":10},"end":{"line":673,"column":null}},"line":670},"50":{"name":"(anonymous_50)","decl":{"start":{"line":670,"column":64},"end":{"line":670,"column":79}},"loc":{"start":{"line":670,"column":79},"end":{"line":670,"column":null}},"line":670},"51":{"name":"RequirementGroup","decl":{"start":{"line":680,"column":9},"end":{"line":680,"column":26}},"loc":{"start":{"line":680,"column":183},"end":{"line":701,"column":null}},"line":680},"52":{"name":"(anonymous_52)","decl":{"start":{"line":685,"column":25},"end":{"line":685,"column":30}},"loc":{"start":{"line":686,"column":8},"end":{"line":697,"column":null}},"line":686},"53":{"name":"(anonymous_53)","decl":{"start":{"line":692,"column":88},"end":{"line":692,"column":93}},"loc":{"start":{"line":693,"column":14},"end":{"line":693,"column":null}},"line":693},"54":{"name":"ProgressState","decl":{"start":{"line":703,"column":9},"end":{"line":703,"column":23}},"loc":{"start":{"line":703,"column":127},"end":{"line":716,"column":null}},"line":703},"55":{"name":"(anonymous_55)","decl":{"start":{"line":710,"column":16},"end":{"line":710,"column":21}},"loc":{"start":{"line":711,"column":10},"end":{"line":711,"column":null}},"line":711},"56":{"name":"EmptyResumeState","decl":{"start":{"line":718,"column":9},"end":{"line":718,"column":26}},"loc":{"start":{"line":718,"column":71},"end":{"line":729,"column":null}},"line":718},"57":{"name":"Metric","decl":{"start":{"line":731,"column":9},"end":{"line":731,"column":16}},"loc":{"start":{"line":731,"column":68},"end":{"line":738,"column":null}},"line":731},"58":{"name":"collectRequirements","decl":{"start":{"line":740,"column":9},"end":{"line":740,"column":29}},"loc":{"start":{"line":740,"column":80},"end":{"line":743,"column":null}},"line":740},"59":{"name":"collectEvidence","decl":{"start":{"line":745,"column":9},"end":{"line":745,"column":25}},"loc":{"start":{"line":745,"column":79},"end":{"line":753,"column":null}},"line":745},"60":{"name":"editedContentWarnings","decl":{"start":{"line":755,"column":9},"end":{"line":755,"column":31}},"loc":{"start":{"line":755,"column":106},"end":{"line":766,"column":null}},"line":755},"61":{"name":"(anonymous_61)","decl":{"start":{"line":757,"column":26},"end":{"line":757,"column":31}},"loc":{"start":{"line":757,"column":40},"end":{"line":757,"column":57}},"line":757},"62":{"name":"triggerDownload","decl":{"start":{"line":768,"column":9},"end":{"line":768,"column":25}},"loc":{"start":{"line":768,"column":55},"end":{"line":777,"column":null}},"line":768},"63":{"name":"startStageTicker","decl":{"start":{"line":779,"column":9},"end":{"line":779,"column":26}},"loc":{"start":{"line":779,"column":85},"end":{"line":785,"column":null}},"line":779},"64":{"name":"(anonymous_64)","decl":{"start":{"line":781,"column":16},"end":{"line":781,"column":34}},"loc":{"start":{"line":781,"column":34},"end":{"line":784,"column":5}},"line":781},"65":{"name":"formatDateTime","decl":{"start":{"line":787,"column":9},"end":{"line":787,"column":24}},"loc":{"start":{"line":787,"column":39},"end":{"line":792,"column":null}},"line":787}},"branchMap":{"0":{"loc":{"start":{"line":101,"column":23},"end":{"line":101,"column":null}},"type":"binary-expr","locations":[{"start":{"line":101,"column":23},"end":{"line":101,"column":47}},{"start":{"line":101,"column":47},"end":{"line":101,"column":null}}],"line":101},"1":{"loc":{"start":{"line":105,"column":18},"end":{"line":105,"column":null}},"type":"binary-expr","locations":[{"start":{"line":105,"column":18},"end":{"line":105,"column":37}},{"start":{"line":105,"column":37},"end":{"line":105,"column":63}},{"start":{"line":105,"column":63},"end":{"line":105,"column":null}}],"line":105},"2":{"loc":{"start":{"line":106,"column":31},"end":{"line":106,"column":98}},"type":"binary-expr","locations":[{"start":{"line":106,"column":31},"end":{"line":106,"column":59}},{"start":{"line":106,"column":59},"end":{"line":106,"column":98}}],"line":106},"3":{"loc":{"start":{"line":107,"column":21},"end":{"line":107,"column":null}},"type":"binary-expr","locations":[{"start":{"line":107,"column":21},"end":{"line":107,"column":37}},{"start":{"line":107,"column":37},"end":{"line":107,"column":69}},{"start":{"line":107,"column":69},"end":{"line":107,"column":107}},{"start":{"line":107,"column":107},"end":{"line":107,"column":123}},{"start":{"line":107,"column":123},"end":{"line":107,"column":null}}],"line":107},"4":{"loc":{"start":{"line":108,"column":30},"end":{"line":108,"column":92}},"type":"binary-expr","locations":[{"start":{"line":108,"column":30},"end":{"line":108,"column":44}},{"start":{"line":108,"column":44},"end":{"line":108,"column":56}},{"start":{"line":108,"column":56},"end":{"line":108,"column":65}},{"start":{"line":108,"column":65},"end":{"line":108,"column":92}}],"line":108},"5":{"loc":{"start":{"line":116,"column":6},"end":{"line":116,"column":null}},"type":"if","locations":[{"start":{"line":116,"column":6},"end":{"line":116,"column":null}},{"start":{},"end":{}}],"line":116},"6":{"loc":{"start":{"line":116,"column":10},"end":{"line":116,"column":49}},"type":"binary-expr","locations":[{"start":{"line":116,"column":10},"end":{"line":116,"column":28}},{"start":{"line":116,"column":28},"end":{"line":116,"column":49}}],"line":116},"7":{"loc":{"start":{"line":126,"column":21},"end":{"line":126,"column":62}},"type":"binary-expr","locations":[{"start":{"line":126,"column":21},"end":{"line":126,"column":38}},{"start":{"line":126,"column":38},"end":{"line":126,"column":55}},{"start":{"line":126,"column":55},"end":{"line":126,"column":62}}],"line":126},"8":{"loc":{"start":{"line":135,"column":8},"end":{"line":135,"column":null}},"type":"if","locations":[{"start":{"line":135,"column":8},"end":{"line":135,"column":null}},{"start":{},"end":{}}],"line":135},"9":{"loc":{"start":{"line":137,"column":8},"end":{"line":143,"column":null}},"type":"if","locations":[{"start":{"line":137,"column":8},"end":{"line":143,"column":null}},{"start":{"line":141,"column":15},"end":{"line":143,"column":null}}],"line":137},"10":{"loc":{"start":{"line":139,"column":10},"end":{"line":139,"column":null}},"type":"if","locations":[{"start":{"line":139,"column":10},"end":{"line":139,"column":null}},{"start":{},"end":{}}],"line":139},"11":{"loc":{"start":{"line":141,"column":15},"end":{"line":143,"column":null}},"type":"if","locations":[{"start":{"line":141,"column":15},"end":{"line":143,"column":null}},{"start":{},"end":{}}],"line":141},"12":{"loc":{"start":{"line":145,"column":8},"end":{"line":145,"column":null}},"type":"if","locations":[{"start":{"line":145,"column":8},"end":{"line":145,"column":null}},{"start":{},"end":{}}],"line":145},"13":{"loc":{"start":{"line":145,"column":33},"end":{"line":145,"column":113}},"type":"cond-expr","locations":[{"start":{"line":145,"column":62},"end":{"line":145,"column":82}},{"start":{"line":145,"column":82},"end":{"line":145,"column":113}}],"line":145},"14":{"loc":{"start":{"line":155,"column":4},"end":{"line":158,"column":null}},"type":"if","locations":[{"start":{"line":155,"column":4},"end":{"line":158,"column":null}},{"start":{},"end":{}}],"line":155},"15":{"loc":{"start":{"line":160,"column":39},"end":{"line":160,"column":93}},"type":"binary-expr","locations":[{"start":{"line":160,"column":39},"end":{"line":160,"column":71}},{"start":{"line":160,"column":71},"end":{"line":160,"column":93}}],"line":160},"16":{"loc":{"start":{"line":162,"column":8},"end":{"line":162,"column":null}},"type":"if","locations":[{"start":{"line":162,"column":8},"end":{"line":162,"column":null}},{"start":{},"end":{}}],"line":162},"17":{"loc":{"start":{"line":165,"column":8},"end":{"line":165,"column":null}},"type":"if","locations":[{"start":{"line":165,"column":8},"end":{"line":165,"column":null}},{"start":{},"end":{}}],"line":165},"18":{"loc":{"start":{"line":176,"column":21},"end":{"line":176,"column":47}},"type":"binary-expr","locations":[{"start":{"line":176,"column":21},"end":{"line":176,"column":45}},{"start":{"line":176,"column":45},"end":{"line":176,"column":47}}],"line":176},"19":{"loc":{"start":{"line":177,"column":22},"end":{"line":177,"column":49}},"type":"binary-expr","locations":[{"start":{"line":177,"column":22},"end":{"line":177,"column":47}},{"start":{"line":177,"column":47},"end":{"line":177,"column":49}}],"line":177},"20":{"loc":{"start":{"line":182,"column":12},"end":{"line":182,"column":54}},"type":"cond-expr","locations":[{"start":{"line":182,"column":36},"end":{"line":182,"column":48}},{"start":{"line":182,"column":48},"end":{"line":182,"column":54}}],"line":182},"21":{"loc":{"start":{"line":186,"column":4},"end":{"line":189,"column":null}},"type":"if","locations":[{"start":{"line":186,"column":4},"end":{"line":189,"column":null}},{"start":{},"end":{}}],"line":186},"22":{"loc":{"start":{"line":209,"column":15},"end":{"line":209,"column":92}},"type":"cond-expr","locations":[{"start":{"line":209,"column":47},"end":{"line":209,"column":70}},{"start":{"line":209,"column":70},"end":{"line":209,"column":92}}],"line":209},"23":{"loc":{"start":{"line":217,"column":4},"end":{"line":217,"column":null}},"type":"if","locations":[{"start":{"line":217,"column":4},"end":{"line":217,"column":null}},{"start":{},"end":{}}],"line":217},"24":{"loc":{"start":{"line":217,"column":8},"end":{"line":217,"column":88}},"type":"binary-expr","locations":[{"start":{"line":217,"column":8},"end":{"line":217,"column":37}},{"start":{"line":217,"column":37},"end":{"line":217,"column":50}},{"start":{"line":217,"column":50},"end":{"line":217,"column":60}},{"start":{"line":217,"column":60},"end":{"line":217,"column":88}}],"line":217},"25":{"loc":{"start":{"line":244,"column":6},"end":{"line":246,"column":null}},"type":"if","locations":[{"start":{"line":244,"column":6},"end":{"line":246,"column":null}},{"start":{},"end":{}}],"line":244},"26":{"loc":{"start":{"line":244,"column":10},"end":{"line":244,"column":71}},"type":"binary-expr","locations":[{"start":{"line":244,"column":10},"end":{"line":244,"column":41}},{"start":{"line":244,"column":41},"end":{"line":244,"column":71}}],"line":244},"27":{"loc":{"start":{"line":248,"column":20},"end":{"line":248,"column":54}},"type":"binary-expr","locations":[{"start":{"line":248,"column":20},"end":{"line":248,"column":50}},{"start":{"line":248,"column":50},"end":{"line":248,"column":54}}],"line":248},"28":{"loc":{"start":{"line":256,"column":15},"end":{"line":256,"column":99}},"type":"cond-expr","locations":[{"start":{"line":256,"column":48},"end":{"line":256,"column":72}},{"start":{"line":256,"column":72},"end":{"line":256,"column":99}}],"line":256},"29":{"loc":{"start":{"line":265,"column":4},"end":{"line":265,"column":null}},"type":"if","locations":[{"start":{"line":265,"column":4},"end":{"line":265,"column":null}},{"start":{},"end":{}}],"line":265},"30":{"loc":{"start":{"line":271,"column":4},"end":{"line":271,"column":null}},"type":"if","locations":[{"start":{"line":271,"column":4},"end":{"line":271,"column":null}},{"start":{},"end":{}}],"line":271},"31":{"loc":{"start":{"line":275,"column":6},"end":{"line":277,"column":null}},"type":"if","locations":[{"start":{"line":275,"column":6},"end":{"line":277,"column":null}},{"start":{},"end":{}}],"line":275},"32":{"loc":{"start":{"line":275,"column":10},"end":{"line":275,"column":80}},"type":"binary-expr","locations":[{"start":{"line":275,"column":10},"end":{"line":275,"column":34}},{"start":{"line":275,"column":34},"end":{"line":275,"column":51}},{"start":{"line":275,"column":51},"end":{"line":275,"column":80}}],"line":275},"33":{"loc":{"start":{"line":278,"column":21},"end":{"line":280,"column":null}},"type":"cond-expr","locations":[{"start":{"line":279,"column":10},"end":{"line":279,"column":null}},{"start":{"line":280,"column":10},"end":{"line":280,"column":null}}],"line":278},"34":{"loc":{"start":{"line":283,"column":15},"end":{"line":283,"column":84}},"type":"cond-expr","locations":[{"start":{"line":283,"column":46},"end":{"line":283,"column":68}},{"start":{"line":283,"column":68},"end":{"line":283,"column":84}}],"line":283},"35":{"loc":{"start":{"line":290,"column":4},"end":{"line":290,"column":null}},"type":"if","locations":[{"start":{"line":290,"column":4},"end":{"line":290,"column":null}},{"start":{},"end":{}}],"line":290},"36":{"loc":{"start":{"line":295,"column":57},"end":{"line":295,"column":111}},"type":"binary-expr","locations":[{"start":{"line":295,"column":57},"end":{"line":295,"column":89}},{"start":{"line":295,"column":89},"end":{"line":295,"column":111}}],"line":295},"37":{"loc":{"start":{"line":298,"column":15},"end":{"line":298,"column":101}},"type":"cond-expr","locations":[{"start":{"line":298,"column":47},"end":{"line":298,"column":70}},{"start":{"line":298,"column":70},"end":{"line":298,"column":101}}],"line":298},"38":{"loc":{"start":{"line":310,"column":15},"end":{"line":310,"column":95}},"type":"cond-expr","locations":[{"start":{"line":310,"column":47},"end":{"line":310,"column":70}},{"start":{"line":310,"column":70},"end":{"line":310,"column":95}}],"line":310},"39":{"loc":{"start":{"line":328,"column":25},"end":{"line":330,"column":null}},"type":"cond-expr","locations":[{"start":{"line":329,"column":6},"end":{"line":329,"column":null}},{"start":{"line":330,"column":6},"end":{"line":330,"column":null}}],"line":328},"40":{"loc":{"start":{"line":328,"column":25},"end":{"line":328,"column":null}},"type":"binary-expr","locations":[{"start":{"line":328,"column":25},"end":{"line":328,"column":42}},{"start":{"line":328,"column":42},"end":{"line":328,"column":null}}],"line":328},"41":{"loc":{"start":{"line":333,"column":45},"end":{"line":333,"column":95}},"type":"cond-expr","locations":[{"start":{"line":333,"column":60},"end":{"line":333,"column":78}},{"start":{"line":333,"column":78},"end":{"line":333,"column":95}}],"line":333},"42":{"loc":{"start":{"line":340,"column":24},"end":{"line":340,"column":null}},"type":"binary-expr","locations":[{"start":{"line":340,"column":24},"end":{"line":340,"column":42}},{"start":{"line":340,"column":42},"end":{"line":340,"column":null}}],"line":340},"43":{"loc":{"start":{"line":363,"column":22},"end":{"line":363,"column":null}},"type":"binary-expr","locations":[{"start":{"line":363,"column":22},"end":{"line":363,"column":57}},{"start":{"line":363,"column":57},"end":{"line":363,"column":86}},{"start":{"line":363,"column":86},"end":{"line":363,"column":null}}],"line":363},"44":{"loc":{"start":{"line":380,"column":11},"end":{"line":381,"column":null}},"type":"binary-expr","locations":[{"start":{"line":380,"column":11},"end":{"line":380,"column":29}},{"start":{"line":380,"column":29},"end":{"line":380,"column":null}},{"start":{"line":381,"column":12},"end":{"line":381,"column":null}}],"line":380},"45":{"loc":{"start":{"line":383,"column":11},"end":{"line":383,"column":null}},"type":"binary-expr","locations":[{"start":{"line":383,"column":11},"end":{"line":383,"column":27}},{"start":{"line":383,"column":27},"end":{"line":383,"column":null}}],"line":383},"46":{"loc":{"start":{"line":384,"column":11},"end":{"line":393,"column":null}},"type":"binary-expr","locations":[{"start":{"line":384,"column":11},"end":{"line":384,"column":null}},{"start":{"line":385,"column":12},"end":{"line":393,"column":null}}],"line":384},"47":{"loc":{"start":{"line":387,"column":23},"end":{"line":387,"column":null}},"type":"binary-expr","locations":[{"start":{"line":387,"column":23},"end":{"line":387,"column":53}},{"start":{"line":387,"column":53},"end":{"line":387,"column":null}}],"line":387},"48":{"loc":{"start":{"line":390,"column":67},"end":{"line":390,"column":95}},"type":"binary-expr","locations":[{"start":{"line":390,"column":67},"end":{"line":390,"column":91}},{"start":{"line":390,"column":91},"end":{"line":390,"column":95}}],"line":390},"49":{"loc":{"start":{"line":398,"column":7},"end":{"line":411,"column":null}},"type":"binary-expr","locations":[{"start":{"line":398,"column":7},"end":{"line":398,"column":null}},{"start":{"line":399,"column":8},"end":{"line":411,"column":null}}],"line":398},"50":{"loc":{"start":{"line":438,"column":24},"end":{"line":444,"column":null}},"type":"cond-expr","locations":[{"start":{"line":439,"column":6},"end":{"line":439,"column":null}},{"start":{"line":440,"column":6},"end":{"line":444,"column":null}}],"line":438},"51":{"loc":{"start":{"line":440,"column":6},"end":{"line":444,"column":null}},"type":"cond-expr","locations":[{"start":{"line":441,"column":8},"end":{"line":441,"column":null}},{"start":{"line":442,"column":8},"end":{"line":444,"column":null}}],"line":440},"52":{"loc":{"start":{"line":442,"column":8},"end":{"line":444,"column":null}},"type":"cond-expr","locations":[{"start":{"line":443,"column":10},"end":{"line":443,"column":null}},{"start":{"line":444,"column":10},"end":{"line":444,"column":null}}],"line":442},"53":{"loc":{"start":{"line":453,"column":7},"end":{"line":456,"column":null}},"type":"binary-expr","locations":[{"start":{"line":453,"column":7},"end":{"line":453,"column":null}},{"start":{"line":454,"column":8},"end":{"line":456,"column":null}}],"line":453},"54":{"loc":{"start":{"line":489,"column":8},"end":{"line":489,"column":null}},"type":"binary-expr","locations":[{"start":{"line":489,"column":8},"end":{"line":489,"column":29}},{"start":{"line":489,"column":29},"end":{"line":489,"column":52}},{"start":{"line":489,"column":52},"end":{"line":489,"column":null}}],"line":489},"55":{"loc":{"start":{"line":489,"column":75},"end":{"line":489,"column":130}},"type":"cond-expr","locations":[{"start":{"line":489,"column":95},"end":{"line":489,"column":112}},{"start":{"line":489,"column":112},"end":{"line":489,"column":130}}],"line":489},"56":{"loc":{"start":{"line":490,"column":7},"end":{"line":493,"column":null}},"type":"binary-expr","locations":[{"start":{"line":490,"column":7},"end":{"line":490,"column":null}},{"start":{"line":491,"column":8},"end":{"line":493,"column":null}}],"line":490},"57":{"loc":{"start":{"line":495,"column":7},"end":{"line":495,"column":null}},"type":"binary-expr","locations":[{"start":{"line":495,"column":7},"end":{"line":495,"column":24}},{"start":{"line":495,"column":24},"end":{"line":495,"column":null}}],"line":495},"58":{"loc":{"start":{"line":499,"column":11},"end":{"line":499,"column":null}},"type":"cond-expr","locations":[{"start":{"line":499,"column":31},"end":{"line":499,"column":81}},{"start":{"line":499,"column":80},"end":{"line":499,"column":null}}],"line":499},"59":{"loc":{"start":{"line":503,"column":11},"end":{"line":503,"column":null}},"type":"cond-expr","locations":[{"start":{"line":503,"column":32},"end":{"line":503,"column":82}},{"start":{"line":503,"column":81},"end":{"line":503,"column":null}}],"line":503},"60":{"loc":{"start":{"line":532,"column":19},"end":{"line":538,"column":null}},"type":"cond-expr","locations":[{"start":{"line":533,"column":6},"end":{"line":533,"column":null}},{"start":{"line":534,"column":6},"end":{"line":538,"column":null}}],"line":532},"61":{"loc":{"start":{"line":534,"column":6},"end":{"line":538,"column":null}},"type":"cond-expr","locations":[{"start":{"line":535,"column":8},"end":{"line":535,"column":null}},{"start":{"line":536,"column":8},"end":{"line":538,"column":null}}],"line":534},"62":{"loc":{"start":{"line":536,"column":8},"end":{"line":538,"column":null}},"type":"cond-expr","locations":[{"start":{"line":537,"column":10},"end":{"line":537,"column":null}},{"start":{"line":538,"column":10},"end":{"line":538,"column":null}}],"line":536},"63":{"loc":{"start":{"line":544,"column":17},"end":{"line":544,"column":null}},"type":"binary-expr","locations":[{"start":{"line":544,"column":17},"end":{"line":544,"column":45}},{"start":{"line":544,"column":45},"end":{"line":544,"column":null}}],"line":544},"64":{"loc":{"start":{"line":548,"column":12},"end":{"line":548,"column":121}},"type":"binary-expr","locations":[{"start":{"line":548,"column":12},"end":{"line":548,"column":83}},{"start":{"line":548,"column":83},"end":{"line":548,"column":121}}],"line":548},"65":{"loc":{"start":{"line":551,"column":21},"end":{"line":551,"column":null}},"type":"cond-expr","locations":[{"start":{"line":551,"column":56},"end":{"line":551,"column":64}},{"start":{"line":551,"column":64},"end":{"line":551,"column":null}}],"line":551},"66":{"loc":{"start":{"line":551,"column":64},"end":{"line":551,"column":null}},"type":"cond-expr","locations":[{"start":{"line":551,"column":99},"end":{"line":551,"column":109}},{"start":{"line":551,"column":109},"end":{"line":551,"column":null}}],"line":551},"67":{"loc":{"start":{"line":554,"column":21},"end":{"line":554,"column":102}},"type":"cond-expr","locations":[{"start":{"line":554,"column":46},"end":{"line":554,"column":56}},{"start":{"line":554,"column":56},"end":{"line":554,"column":102}}],"line":554},"68":{"loc":{"start":{"line":554,"column":56},"end":{"line":554,"column":102}},"type":"cond-expr","locations":[{"start":{"line":554,"column":81},"end":{"line":554,"column":91}},{"start":{"line":554,"column":91},"end":{"line":554,"column":102}}],"line":554},"69":{"loc":{"start":{"line":554,"column":109},"end":{"line":554,"column":131}},"type":"binary-expr","locations":[{"start":{"line":554,"column":109},"end":{"line":554,"column":129}},{"start":{"line":554,"column":129},"end":{"line":554,"column":131}}],"line":554},"70":{"loc":{"start":{"line":556,"column":66},"end":{"line":556,"column":118}},"type":"binary-expr","locations":[{"start":{"line":556,"column":66},"end":{"line":556,"column":94}},{"start":{"line":556,"column":94},"end":{"line":556,"column":118}}],"line":556},"71":{"loc":{"start":{"line":557,"column":66},"end":{"line":557,"column":115}},"type":"binary-expr","locations":[{"start":{"line":557,"column":66},"end":{"line":557,"column":91}},{"start":{"line":557,"column":91},"end":{"line":557,"column":115}}],"line":557},"72":{"loc":{"start":{"line":561,"column":17},"end":{"line":561,"column":null}},"type":"binary-expr","locations":[{"start":{"line":561,"column":17},"end":{"line":561,"column":50}},{"start":{"line":561,"column":50},"end":{"line":561,"column":null}}],"line":561},"73":{"loc":{"start":{"line":562,"column":31},"end":{"line":562,"column":null}},"type":"binary-expr","locations":[{"start":{"line":562,"column":31},"end":{"line":562,"column":53}},{"start":{"line":562,"column":53},"end":{"line":562,"column":null}}],"line":562},"74":{"loc":{"start":{"line":565,"column":11},"end":{"line":566,"column":17}},"type":"binary-expr","locations":[{"start":{"line":565,"column":11},"end":{"line":565,"column":34}},{"start":{"line":565,"column":34},"end":{"line":566,"column":17}}],"line":565},"75":{"loc":{"start":{"line":570,"column":69},"end":{"line":570,"column":null}},"type":"binary-expr","locations":[{"start":{"line":570,"column":69},"end":{"line":570,"column":86}},{"start":{"line":570,"column":86},"end":{"line":570,"column":null}}],"line":570},"76":{"loc":{"start":{"line":573,"column":74},"end":{"line":573,"column":null}},"type":"binary-expr","locations":[{"start":{"line":573,"column":74},"end":{"line":573,"column":98}},{"start":{"line":573,"column":98},"end":{"line":573,"column":123}},{"start":{"line":573,"column":123},"end":{"line":573,"column":null}}],"line":573},"77":{"loc":{"start":{"line":579,"column":20},"end":{"line":579,"column":null}},"type":"binary-expr","locations":[{"start":{"line":579,"column":20},"end":{"line":579,"column":44}},{"start":{"line":579,"column":44},"end":{"line":579,"column":null}}],"line":579},"78":{"loc":{"start":{"line":581,"column":11},"end":{"line":582,"column":17}},"type":"cond-expr","locations":[{"start":{"line":581,"column":45},"end":{"line":581,"column":95}},{"start":{"line":581,"column":94},"end":{"line":582,"column":17}}],"line":581},"79":{"loc":{"start":{"line":582,"column":11},"end":{"line":582,"column":null}},"type":"cond-expr","locations":[{"start":{"line":582,"column":45},"end":{"line":582,"column":66}},{"start":{"line":582,"column":66},"end":{"line":582,"column":null}}],"line":582},"80":{"loc":{"start":{"line":587,"column":20},"end":{"line":587,"column":null}},"type":"binary-expr","locations":[{"start":{"line":587,"column":20},"end":{"line":587,"column":44}},{"start":{"line":587,"column":44},"end":{"line":587,"column":null}}],"line":587},"81":{"loc":{"start":{"line":589,"column":11},"end":{"line":590,"column":17}},"type":"cond-expr","locations":[{"start":{"line":589,"column":46},"end":{"line":589,"column":96}},{"start":{"line":589,"column":95},"end":{"line":590,"column":17}}],"line":589},"82":{"loc":{"start":{"line":590,"column":11},"end":{"line":590,"column":null}},"type":"cond-expr","locations":[{"start":{"line":590,"column":46},"end":{"line":590,"column":77}},{"start":{"line":590,"column":77},"end":{"line":590,"column":null}}],"line":590},"83":{"loc":{"start":{"line":593,"column":11},"end":{"line":593,"column":null}},"type":"cond-expr","locations":[{"start":{"line":593,"column":32},"end":{"line":593,"column":65}},{"start":{"line":593,"column":64},"end":{"line":593,"column":null}}],"line":593},"84":{"loc":{"start":{"line":596,"column":7},"end":{"line":596,"column":null}},"type":"binary-expr","locations":[{"start":{"line":596,"column":7},"end":{"line":596,"column":30}},{"start":{"line":596,"column":30},"end":{"line":596,"column":null}}],"line":596},"85":{"loc":{"start":{"line":597,"column":7},"end":{"line":597,"column":null}},"type":"binary-expr","locations":[{"start":{"line":597,"column":7},"end":{"line":597,"column":29}},{"start":{"line":597,"column":29},"end":{"line":597,"column":null}}],"line":597},"86":{"loc":{"start":{"line":621,"column":18},"end":{"line":621,"column":null}},"type":"binary-expr","locations":[{"start":{"line":621,"column":18},"end":{"line":621,"column":55}},{"start":{"line":621,"column":55},"end":{"line":621,"column":null}}],"line":621},"87":{"loc":{"start":{"line":622,"column":19},"end":{"line":622,"column":null}},"type":"binary-expr","locations":[{"start":{"line":622,"column":19},"end":{"line":622,"column":65}},{"start":{"line":622,"column":65},"end":{"line":622,"column":null}}],"line":622},"88":{"loc":{"start":{"line":623,"column":18},"end":{"line":623,"column":null}},"type":"binary-expr","locations":[{"start":{"line":623,"column":18},"end":{"line":623,"column":57}},{"start":{"line":623,"column":57},"end":{"line":623,"column":null}}],"line":623},"89":{"loc":{"start":{"line":629,"column":19},"end":{"line":629,"column":56}},"type":"binary-expr","locations":[{"start":{"line":629,"column":19},"end":{"line":629,"column":54}},{"start":{"line":629,"column":54},"end":{"line":629,"column":56}}],"line":629},"90":{"loc":{"start":{"line":633,"column":38},"end":{"line":633,"column":80}},"type":"binary-expr","locations":[{"start":{"line":633,"column":38},"end":{"line":633,"column":76}},{"start":{"line":633,"column":76},"end":{"line":633,"column":80}}],"line":633},"91":{"loc":{"start":{"line":634,"column":44},"end":{"line":634,"column":92}},"type":"binary-expr","locations":[{"start":{"line":634,"column":44},"end":{"line":634,"column":88}},{"start":{"line":634,"column":88},"end":{"line":634,"column":92}}],"line":634},"92":{"loc":{"start":{"line":637,"column":7},"end":{"line":643,"column":null}},"type":"binary-expr","locations":[{"start":{"line":637,"column":7},"end":{"line":637,"column":null}},{"start":{"line":638,"column":8},"end":{"line":643,"column":null}}],"line":637},"93":{"loc":{"start":{"line":647,"column":9},"end":{"line":656,"column":null}},"type":"cond-expr","locations":[{"start":{"line":648,"column":10},"end":{"line":650,"column":11}},{"start":{"line":650,"column":10},"end":{"line":656,"column":null}}],"line":647},"94":{"loc":{"start":{"line":647,"column":32},"end":{"line":647,"column":60}},"type":"binary-expr","locations":[{"start":{"line":647,"column":32},"end":{"line":647,"column":56}},{"start":{"line":647,"column":56},"end":{"line":647,"column":60}}],"line":647},"95":{"loc":{"start":{"line":647,"column":93},"end":{"line":647,"column":119}},"type":"binary-expr","locations":[{"start":{"line":647,"column":93},"end":{"line":647,"column":115}},{"start":{"line":647,"column":115},"end":{"line":647,"column":119}}],"line":647},"96":{"loc":{"start":{"line":651,"column":36},"end":{"line":651,"column":64}},"type":"binary-expr","locations":[{"start":{"line":651,"column":36},"end":{"line":651,"column":60}},{"start":{"line":651,"column":60},"end":{"line":651,"column":64}}],"line":651},"97":{"loc":{"start":{"line":651,"column":97},"end":{"line":651,"column":123}},"type":"binary-expr","locations":[{"start":{"line":651,"column":97},"end":{"line":651,"column":119}},{"start":{"line":651,"column":119},"end":{"line":651,"column":123}}],"line":651},"98":{"loc":{"start":{"line":659,"column":9},"end":{"line":659,"column":null}},"type":"binary-expr","locations":[{"start":{"line":659,"column":9},"end":{"line":659,"column":34}},{"start":{"line":659,"column":34},"end":{"line":659,"column":null}}],"line":659},"99":{"loc":{"start":{"line":672,"column":20},"end":{"line":672,"column":84}},"type":"binary-expr","locations":[{"start":{"line":672,"column":20},"end":{"line":672,"column":44}},{"start":{"line":672,"column":44},"end":{"line":672,"column":84}}],"line":672},"100":{"loc":{"start":{"line":684,"column":7},"end":{"line":684,"column":null}},"type":"binary-expr","locations":[{"start":{"line":684,"column":7},"end":{"line":684,"column":29}},{"start":{"line":684,"column":29},"end":{"line":684,"column":null}}],"line":684},"101":{"loc":{"start":{"line":692,"column":14},"end":{"line":692,"column":76}},"type":"cond-expr","locations":[{"start":{"line":692,"column":37},"end":{"line":692,"column":53}},{"start":{"line":692,"column":53},"end":{"line":692,"column":76}}],"line":692},"102":{"loc":{"start":{"line":695,"column":13},"end":{"line":696,"column":null}},"type":"binary-expr","locations":[{"start":{"line":695,"column":13},"end":{"line":695,"column":38}},{"start":{"line":695,"column":38},"end":{"line":695,"column":71}},{"start":{"line":695,"column":71},"end":{"line":696,"column":null}}],"line":695},"103":{"loc":{"start":{"line":703,"column":46},"end":{"line":703,"column":127}},"type":"default-arg","locations":[{"start":{"line":703,"column":56},"end":{"line":703,"column":127}}],"line":703},"104":{"loc":{"start":{"line":706,"column":42},"end":{"line":706,"column":62}},"type":"binary-expr","locations":[{"start":{"line":706,"column":42},"end":{"line":706,"column":53}},{"start":{"line":706,"column":53},"end":{"line":706,"column":62}}],"line":706},"105":{"loc":{"start":{"line":707,"column":36},"end":{"line":707,"column":64}},"type":"binary-expr","locations":[{"start":{"line":707,"column":36},"end":{"line":707,"column":51}},{"start":{"line":707,"column":51},"end":{"line":707,"column":64}}],"line":707},"106":{"loc":{"start":{"line":711,"column":40},"end":{"line":711,"column":71}},"type":"binary-expr","locations":[{"start":{"line":711,"column":40},"end":{"line":711,"column":63}},{"start":{"line":711,"column":63},"end":{"line":711,"column":71}}],"line":711},"107":{"loc":{"start":{"line":711,"column":71},"end":{"line":711,"column":104}},"type":"binary-expr","locations":[{"start":{"line":711,"column":71},"end":{"line":711,"column":96}},{"start":{"line":711,"column":96},"end":{"line":711,"column":104}}],"line":711},"108":{"loc":{"start":{"line":724,"column":11},"end":{"line":724,"column":157}},"type":"cond-expr","locations":[{"start":{"line":724,"column":26},"end":{"line":724,"column":92}},{"start":{"line":724,"column":92},"end":{"line":724,"column":157}}],"line":724},"109":{"loc":{"start":{"line":725,"column":10},"end":{"line":725,"column":176}},"type":"cond-expr","locations":[{"start":{"line":725,"column":25},"end":{"line":725,"column":101}},{"start":{"line":725,"column":101},"end":{"line":725,"column":176}}],"line":725},"110":{"loc":{"start":{"line":726,"column":7},"end":{"line":726,"column":null}},"type":"binary-expr","locations":[{"start":{"line":726,"column":7},"end":{"line":726,"column":24}},{"start":{"line":726,"column":24},"end":{"line":726,"column":null}}],"line":726},"111":{"loc":{"start":{"line":741,"column":2},"end":{"line":741,"column":null}},"type":"if","locations":[{"start":{"line":741,"column":2},"end":{"line":741,"column":null}},{"start":{},"end":{}}],"line":741},"112":{"loc":{"start":{"line":756,"column":2},"end":{"line":756,"column":null}},"type":"if","locations":[{"start":{"line":756,"column":2},"end":{"line":756,"column":null}},{"start":{},"end":{}}],"line":756},"113":{"loc":{"start":{"line":761,"column":4},"end":{"line":763,"column":null}},"type":"if","locations":[{"start":{"line":761,"column":4},"end":{"line":763,"column":null}},{"start":{},"end":{}}],"line":761},"114":{"loc":{"start":{"line":761,"column":8},"end":{"line":761,"column":58}},"type":"binary-expr","locations":[{"start":{"line":761,"column":8},"end":{"line":761,"column":34}},{"start":{"line":761,"column":34},"end":{"line":761,"column":58}}],"line":761},"115":{"loc":{"start":{"line":772,"column":20},"end":{"line":772,"column":null}},"type":"binary-expr","locations":[{"start":{"line":772,"column":20},"end":{"line":772,"column":32}},{"start":{"line":772,"column":32},"end":{"line":772,"column":null}}],"line":772},"116":{"loc":{"start":{"line":788,"column":2},"end":{"line":788,"column":null}},"type":"if","locations":[{"start":{"line":788,"column":2},"end":{"line":788,"column":null}},{"start":{},"end":{}}],"line":788},"117":{"loc":{"start":{"line":790,"column":2},"end":{"line":790,"column":null}},"type":"if","locations":[{"start":{"line":790,"column":2},"end":{"line":790,"column":null}},{"start":{},"end":{}}],"line":790}},"s":{"0":1,"1":1,"2":1226,"3":1226,"4":1226,"5":1226,"6":1226,"7":1226,"8":1226,"9":1226,"10":1226,"11":1226,"12":1226,"13":1226,"14":1226,"15":1226,"16":1226,"17":1226,"18":1226,"19":1226,"20":1226,"21":1226,"22":1226,"23":1226,"24":1226,"25":1226,"26":1226,"27":52,"28":1226,"29":52,"30":1226,"31":1226,"32":1226,"33":1226,"34":1226,"35":1226,"36":65,"37":1226,"38":10,"39":0,"40":10,"41":9,"42":9,"43":1226,"44":1226,"45":33,"46":33,"47":33,"48":32,"49":0,"50":32,"51":32,"52":22,"53":22,"54":0,"55":22,"56":10,"57":0,"58":1,"59":1,"60":33,"61":33,"62":33,"63":1226,"64":51,"65":29,"66":29,"67":22,"68":22,"69":22,"70":22,"71":0,"72":0,"73":51,"74":22,"75":1226,"76":22,"77":22,"78":22,"79":22,"80":22,"81":22,"82":22,"83":22,"84":22,"85":22,"86":1226,"87":6,"88":0,"89":0,"90":6,"91":6,"92":6,"93":6,"94":6,"95":5,"96":5,"97":5,"98":5,"99":5,"100":1,"101":1,"102":6,"103":1226,"104":4,"105":0,"106":4,"107":4,"108":4,"109":4,"110":4,"111":4,"112":4,"113":4,"114":4,"115":4,"116":0,"117":4,"118":4,"119":4,"120":4,"121":4,"122":4,"123":0,"124":4,"125":4,"126":4,"127":0,"128":0,"129":4,"130":4,"131":1226,"132":5,"133":0,"134":5,"135":5,"136":1226,"137":5,"138":0,"139":5,"140":5,"141":5,"142":5,"143":4,"144":5,"145":1,"146":1,"147":5,"148":1226,"149":1,"150":0,"151":1,"152":1,"153":1,"154":1,"155":1,"156":1,"157":1,"158":1,"159":0,"160":1,"161":1226,"162":0,"163":0,"164":0,"165":0,"166":0,"167":1226,"168":1,"169":1,"170":1,"171":1,"172":1,"173":1,"174":1,"175":1,"176":1,"177":1,"178":1,"179":1226,"180":1226,"181":0,"182":0,"183":0,"184":0,"185":0,"186":0,"187":1216,"188":1216,"189":120,"190":70,"191":0,"192":804,"193":1216,"194":1216,"195":0,"196":0,"197":0,"198":7,"199":4,"200":1,"201":1216,"202":1216,"203":1216,"204":1216,"205":0,"206":0,"207":0,"208":0,"209":1,"210":7,"211":0,"212":13,"213":0,"214":372,"215":620,"216":372,"217":25,"218":25,"219":178,"220":1097,"221":2432,"222":104,"223":58,"224":46,"225":52,"226":52,"227":115,"228":69,"229":52,"230":65,"231":34,"232":31,"233":31,"234":31,"235":31,"236":31,"237":124,"238":1,"239":31,"240":4,"241":4,"242":4,"243":4,"244":4,"245":4,"246":4,"247":4,"248":4,"249":4,"250":0,"251":0,"252":7,"253":0,"254":7,"255":7,"256":0,"257":7},"f":{"0":1226,"1":52,"2":52,"3":65,"4":10,"5":33,"6":33,"7":33,"8":51,"9":22,"10":0,"11":22,"12":22,"13":6,"14":4,"15":4,"16":0,"17":5,"18":5,"19":1,"20":1,"21":1,"22":0,"23":1,"24":0,"25":0,"26":0,"27":0,"28":0,"29":1216,"30":120,"31":70,"32":0,"33":804,"34":1216,"35":0,"36":0,"37":0,"38":7,"39":4,"40":1,"41":1216,"42":0,"43":0,"44":0,"45":0,"46":1,"47":7,"48":0,"49":13,"50":0,"51":372,"52":620,"53":372,"54":25,"55":178,"56":1097,"57":2432,"58":104,"59":52,"60":65,"61":31,"62":4,"63":4,"64":0,"65":7},"b":{"0":[1226,1093],"1":[1226,1220,118],"2":[1226,1223],"3":[1226,1223,1139,835,824],"4":[1226,817,126,126],"5":[0,10],"6":[10,10],"7":[1226,124,121],"8":[0,32],"9":[22,10],"10":[0,22],"11":[0,10],"12":[1,0],"13":[1,0],"14":[29,22],"15":[22,20],"16":[22,0],"17":[0,0],"18":[22,0],"19":[22,0],"20":[2,20],"21":[0,6],"22":[1,0],"23":[0,4],"24":[4,4,4,4],"25":[0,4],"26":[4,4],"27":[4,0],"28":[0,0],"29":[0,5],"30":[0,5],"31":[4,1],"32":[5,4,4],"33":[4,1],"34":[1,0],"35":[0,1],"36":[1,1],"37":[0,0],"38":[0,0],"39":[3,1223],"40":[1226,1223],"41":[1226,0],"42":[1226,1223],"43":[1226,1093,1093],"44":[1226,1102,1098],"45":[1226,7],"46":[1226,124],"47":[124,0],"48":[124,113],"49":[1226,1226],"50":[3,1213],"51":[83,1130],"52":[304,826],"53":[1216,3],"54":[1216,1205,18],"55":[11,7],"56":[1216,3],"57":[1216,390],"58":[11,1205],"59":[7,1209],"60":[9,1207],"61":[1,1206],"62":[42,1164],"63":[1216,1101],"64":[1216,86],"65":[1,1215],"66":[42,1173],"67":[0,1216],"68":[124,1092],"69":[1216,1092],"70":[1216,6],"71":[1216,1210],"72":[1216,1104],"73":[0,0],"74":[1216,112],"75":[1216,115],"76":[1216,112,109],"77":[1216,112],"78":[10,1206],"79":[10,1206],"80":[1216,112],"81":[3,1213],"82":[3,1213],"83":[1216,0],"84":[1216,1],"85":[1216,6],"86":[1216,1092],"87":[1216,1092],"88":[1216,1092],"89":[1216,1092],"90":[1216,1092],"91":[1216,1092],"92":[1216,124],"93":[1215,1],"94":[1216,1205],"95":[1216,1205],"96":[1,1],"97":[1,1],"98":[1216,1210],"99":[13,0],"100":[372,0],"101":[248,372],"102":[620,372,248],"103":[25],"104":[25,18],"105":[25,0],"106":[178,57],"107":[178,25],"108":[1094,3],"109":[1094,3],"110":[1097,3],"111":[58,46],"112":[34,31],"113":[1,123],"114":[124,1],"115":[4,0],"116":[0,7],"117":[0,7]},"meta":{"lastBranch":118,"lastFunction":66,"lastStatement":258,"seen":{"s:46:23:53:Infinity":0,"s:55:25:64:Infinity":1,"f:66:16:66:40":0,"s:77:8:77:Infinity":2,"s:78:10:78:Infinity":3,"s:79:21:79:Infinity":4,"s:80:24:80:Infinity":5,"s:81:25:81:Infinity":6,"s:82:26:82:Infinity":7,"s:83:19:83:Infinity":8,"s:84:16:84:Infinity":9,"s:85:24:85:Infinity":10,"s:86:24:86:Infinity":11,"s:87:24:87:Infinity":12,"s:88:19:88:Infinity":13,"s:89:21:89:Infinity":14,"s:90:22:90:Infinity":15,"s:91:23:91:Infinity":16,"s:92:26:92:Infinity":17,"s:93:26:93:Infinity":18,"s:94:15:94:Infinity":19,"s:95:23:95:Infinity":20,"s:96:16:96:Infinity":21,"s:97:22:97:Infinity":22,"s:98:8:98:Infinity":23,"s:99:18:99:Infinity":24,"s:101:23:101:Infinity":25,"b:101:23:101:47:101:47:101:Infinity":0,"s:102:8:102:Infinity":26,"f:102:26:102:40":1,"s:102:40:102:75":27,"s:103:8:103:Infinity":28,"f:103:19:103:33":2,"s:103:33:103:64":29,"s:104:30:104:Infinity":30,"s:105:18:105:Infinity":31,"b:105:18:105:37:105:37:105:63:105:63:105:Infinity":1,"s:106:23:106:Infinity":32,"b:106:31:106:59:106:59:106:98":2,"s:107:21:107:Infinity":33,"b:107:21:107:37:107:37:107:69:107:69:107:107:107:107:107:123:107:123:107:Infinity":3,"s:108:22:108:Infinity":34,"b:108:30:108:44:108:44:108:56:108:56:108:65:108:65:108:92":4,"s:109:8:112:Infinity":35,"f:109:34:109:Infinity":3,"s:110:10:110:Infinity":36,"s:114:8:122:Infinity":37,"f:115:4:115:11":4,"b:116:6:116:Infinity:undefined:undefined:undefined:undefined":5,"s:116:6:116:Infinity":38,"b:116:10:116:28:116:28:116:49":6,"s:116:49:116:Infinity":39,"s:117:20:117:Infinity":40,"s:118:6:118:Infinity":41,"s:119:6:119:Infinity":42,"s:124:8:128:Infinity":43,"b:126:21:126:38:126:38:126:55:126:55:126:62":7,"s:130:2:152:Infinity":44,"f:130:2:130:18":5,"s:131:20:131:Infinity":45,"f:132:19:132:40":6,"s:133:6:146:Infinity":46,"s:134:24:134:Infinity":47,"b:135:8:135:Infinity:undefined:undefined:undefined:undefined":8,"s:135:8:135:Infinity":48,"s:135:23:135:Infinity":49,"s:136:8:136:Infinity":50,"b:137:8:143:Infinity:141:15:143:Infinity":9,"s:137:8:143:Infinity":51,"s:138:25:138:Infinity":52,"b:139:10:139:Infinity:undefined:undefined:undefined:undefined":10,"s:139:10:139:Infinity":53,"s:139:25:139:Infinity":54,"s:140:10:140:Infinity":55,"b:141:15:143:Infinity:undefined:undefined:undefined:undefined":11,"s:141:15:143:Infinity":56,"s:142:10:142:Infinity":57,"b:145:8:145:Infinity:undefined:undefined:undefined:undefined":12,"s:145:8:145:Infinity":58,"s:145:24:145:Infinity":59,"b:145:62:145:82:145:82:145:113":13,"s:148:4:148:Infinity":60,"s:149:4:151:Infinity":61,"f:149:4:149:17":7,"s:150:6:150:Infinity":62,"s:154:2:170:Infinity":63,"f:154:2:154:18":8,"b:155:4:158:Infinity:undefined:undefined:undefined:undefined":14,"s:155:4:158:Infinity":64,"s:156:6:156:Infinity":65,"s:157:6:157:Infinity":66,"s:159:20:159:Infinity":67,"s:160:4:166:Infinity":68,"b:160:39:160:71:160:71:160:93":15,"f:161:7:161:13":9,"b:162:8:162:Infinity:undefined:undefined:undefined:undefined":16,"s:162:8:162:Infinity":69,"s:162:24:162:Infinity":70,"f:164:7:164:19":10,"b:165:8:165:Infinity:undefined:undefined:undefined:undefined":17,"s:165:8:165:Infinity":71,"s:165:24:165:Infinity":72,"s:167:4:169:Infinity":73,"f:167:4:167:17":11,"s:168:6:168:Infinity":74,"s:172:8:183:Infinity":75,"f:172:8:172:22":12,"s:173:4:173:Infinity":76,"s:174:4:174:Infinity":77,"s:175:4:175:Infinity":78,"s:176:4:176:Infinity":79,"b:176:21:176:45:176:45:176:47":18,"s:177:4:177:Infinity":80,"b:177:22:177:47:177:47:177:49":19,"s:178:4:178:Infinity":81,"s:179:4:179:Infinity":82,"s:180:4:180:Infinity":83,"s:181:4:181:Infinity":84,"s:182:4:182:Infinity":85,"b:182:36:182:48:182:48:182:54":20,"s:185:24:214:Infinity":86,"f:185:24:185:36":13,"b:186:4:189:Infinity:undefined:undefined:undefined:undefined":21,"s:186:4:189:Infinity":87,"s:187:6:187:Infinity":88,"s:188:6:188:Infinity":89,"s:190:4:190:Infinity":90,"s:191:4:191:Infinity":91,"s:192:4:192:Infinity":92,"s:193:4:213:Infinity":93,"s:194:23:199:Infinity":94,"s:200:6:200:Infinity":95,"s:201:22:204:Infinity":96,"s:205:6:205:Infinity":97,"s:206:6:206:Infinity":98,"s:207:6:207:Infinity":99,"s:209:6:209:Infinity":100,"b:209:47:209:70:209:70:209:92":22,"s:210:6:210:Infinity":101,"s:212:6:212:Infinity":102,"s:216:25:262:Infinity":103,"f:216:25:216:37":14,"b:217:4:217:Infinity:undefined:undefined:undefined:undefined":23,"s:217:4:217:Infinity":104,"b:217:8:217:37:217:37:217:50:217:50:217:60:217:60:217:88":24,"s:217:88:217:Infinity":105,"s:218:4:218:Infinity":106,"s:219:4:219:Infinity":107,"s:220:4:220:Infinity":108,"s:221:4:221:Infinity":109,"s:222:4:261:Infinity":110,"s:223:25:223:Infinity":111,"s:224:24:241:Infinity":112,"s:242:6:242:Infinity":113,"s:243:6:243:Infinity":114,"b:244:6:246:Infinity:undefined:undefined:undefined:undefined":25,"s:244:6:246:Infinity":115,"b:244:10:244:41:244:41:244:71":26,"s:245:8:245:Infinity":116,"s:247:6:247:Infinity":117,"s:248:6:248:Infinity":118,"b:248:20:248:50:248:50:248:54":27,"s:249:21:249:Infinity":119,"s:250:6:250:Infinity":120,"s:251:6:251:Infinity":121,"f:251:6:251:24":15,"s:251:36:251:108":122,"f:251:56:251:64":16,"s:251:73:251:106":123,"s:252:6:252:Infinity":124,"s:253:6:253:Infinity":125,"s:254:6:254:Infinity":126,"s:256:6:256:Infinity":127,"b:256:48:256:72:256:72:256:99":28,"s:257:6:257:Infinity":128,"s:259:6:259:Infinity":129,"s:260:6:260:Infinity":130,"s:264:27:268:Infinity":131,"f:264:27:264:39":17,"b:265:4:265:Infinity:undefined:undefined:undefined:undefined":29,"s:265:4:265:Infinity":132,"s:265:24:265:Infinity":133,"s:266:4:266:Infinity":134,"s:267:4:267:Infinity":135,"s:270:23:287:Infinity":136,"f:270:23:270:30":18,"b:271:4:271:Infinity:undefined:undefined:undefined:undefined":30,"s:271:4:271:Infinity":137,"s:271:24:271:Infinity":138,"s:272:4:272:In
[...]
},"end":{"line":131,"column":null}},"42":{"start":{"line":130,"column":4},"end":{"line":130,"column":null}},"43":{"start":{"line":132,"column":15},"end":{"line":132,"column":null}},"44":{"start":{"line":133,"column":2},"end":{"line":135,"column":null}},"45":{"start":{"line":134,"column":4},"end":{"line":134,"column":null}},"46":{"start":{"line":136,"column":2},"end":{"line":142,"column":null}},"47":{"start":{"line":146,"column":16},"end":{"line":146,"column":null}},"48":{"start":{"line":147,"column":2},"end":{"line":147,"column":null}}},"fnMap":{"0":{"name":"(anonymous_0)","decl":{"start":{"line":9,"column":6},"end":{"line":9,"column":21}},"loc":{"start":{"line":9,"column":40},"end":{"line":12,"column":null}},"line":9},"1":{"name":"requestJson","decl":{"start":{"line":14,"column":15},"end":{"line":14,"column":30}},"loc":{"start":{"line":14,"column":91},"end":{"line":27,"column":null}},"line":14},"2":{"name":"(anonymous_2)","decl":{"start":{"line":23,"column":40},"end":{"line":23,"column":52}},"loc":{"start":{"line":23,"column":52},"end":{"line":23,"column":56}},"line":23},"3":{"name":"generateResume","decl":{"start":{"line":29,"column":22},"end":{"line":29,"column":37}},"loc":{"start":{"line":29,"column":120},"end":{"line":35,"column":null}},"line":29},"4":{"name":"analyzeJob","decl":{"start":{"line":37,"column":22},"end":{"line":37,"column":33}},"loc":{"start":{"line":37,"column":112},"end":{"line":43,"column":null}},"line":37},"5":{"name":"matchProfile","decl":{"start":{"line":45,"column":22},"end":{"line":45,"column":35}},"loc":{"start":{"line":45,"column":115},"end":{"line":51,"column":null}},"line":45},"6":{"name":"listResumes","decl":{"start":{"line":53,"column":22},"end":{"line":53,"column":34}},"loc":{"start":{"line":53,"column":84},"end":{"line":55,"column":null}},"line":53},"7":{"name":"getResume","decl":{"start":{"line":57,"column":22},"end":{"line":57,"column":32}},"loc":{"start":{"line":57,"column":98},"end":{"line":59,"column":null}},"line":57},"8":{"name":"updateResume","decl":{"start":{"line":61,"column":22},"end":{"line":61,"column":35}},"loc":{"start":{"line":61,"column":170},"end":{"line":67,"column":null}},"line":61},"9":{"name":"saveResumeVersion","decl":{"start":{"line":69,"column":22},"end":{"line":69,"column":40}},"loc":{"start":{"line":69,"column":106},"end":{"line":71,"column":null}},"line":69},"10":{"name":"listResumeVersions","decl":{"start":{"line":73,"column":22},"end":{"line":73,"column":41}},"loc":{"start":{"line":73,"column":109},"end":{"line":75,"column":null}},"line":73},"11":{"name":"deleteResume","decl":{"start":{"line":77,"column":22},"end":{"line":77,"column":35}},"loc":{"start":{"line":77,"column":83},"end":{"line":86,"column":null}},"line":77},"12":{"name":"(anonymous_12)","decl":{"start":{"line":83,"column":40},"end":{"line":83,"column":52}},"loc":{"start":{"line":83,"column":52},"end":{"line":83,"column":56}},"line":83},"13":{"name":"exportResumePdf","decl":{"start":{"line":102,"column":22},"end":{"line":102,"column":38}},"loc":{"start":{"line":102,"column":135},"end":{"line":104,"column":null}},"line":102},"14":{"name":"exportResumeDocx","decl":{"start":{"line":106,"column":22},"end":{"line":106,"column":39}},"loc":{"start":{"line":106,"column":136},"end":{"line":108,"column":null}},"line":106},"15":{"name":"exportResume","decl":{"start":{"line":110,"column":15},"end":{"line":110,"column":28}},"loc":{"start":{"line":110,"column":144},"end":{"line":143,"column":null}},"line":110},"16":{"name":"(anonymous_16)","decl":{"start":{"line":122,"column":42},"end":{"line":122,"column":54}},"loc":{"start":{"line":122,"column":54},"end":{"line":122,"column":58}},"line":122},"17":{"name":"filenameFromDisposition","decl":{"start":{"line":145,"column":9},"end":{"line":145,"column":33}},"loc":{"start":{"line":145,"column":70},"end":{"line":148,"column":null}},"line":145}},"branchMap":{"0":{"loc":{"start":{"line":18,"column":10},"end":{"line":18,"column":null}},"type":"binary-expr","locations":[{"start":{"line":18,"column":10},"end":{"line":18,"column":27}},{"start":{"line":18,"column":27},"end":{"line":18,"column":null}}],"line":18},"1":{"loc":{"start":{"line":22,"column":2},"end":{"line":25,"column":null}},"type":"if","locations":[{"start":{"line":22,"column":2},"end":{"line":25,"column":null}},{"start":{},"end":{}}],"line":22},"2":{"loc":{"start":{"line":24,"column":20},"end":{"line":24,"column":61}},"type":"binary-expr","locations":[{"start":{"line":24,"column":20},"end":{"line":24,"column":37}},{"start":{"line":24,"column":37},"end":{"line":24,"column":61}}],"line":24},"3":{"loc":{"start":{"line":82,"column":2},"end":{"line":85,"column":null}},"type":"if","locations":[{"start":{"line":82,"column":2},"end":{"line":85,"column":null}},{"start":{},"end":{}}],"line":82},"4":{"loc":{"start":{"line":84,"column":20},"end":{"line":84,"column":60}},"type":"binary-expr","locations":[{"start":{"line":84,"column":20},"end":{"line":84,"column":37}},{"start":{"line":84,"column":37},"end":{"line":84,"column":60}}],"line":84},"5":{"loc":{"start":{"line":102,"column":71},"end":{"line":102,"column":135}},"type":"default-arg","locations":[{"start":{"line":102,"column":102},"end":{"line":102,"column":135}}],"line":102},"6":{"loc":{"start":{"line":106,"column":72},"end":{"line":106,"column":136}},"type":"default-arg","locations":[{"start":{"line":106,"column":103},"end":{"line":106,"column":136}}],"line":106},"7":{"loc":{"start":{"line":112,"column":2},"end":{"line":112,"column":null}},"type":"if","locations":[{"start":{"line":112,"column":2},"end":{"line":112,"column":null}},{"start":{},"end":{}}],"line":112},"8":{"loc":{"start":{"line":113,"column":2},"end":{"line":113,"column":null}},"type":"if","locations":[{"start":{"line":113,"column":2},"end":{"line":113,"column":null}},{"start":{},"end":{}}],"line":113},"9":{"loc":{"start":{"line":114,"column":2},"end":{"line":114,"column":null}},"type":"if","locations":[{"start":{"line":114,"column":2},"end":{"line":114,"column":null}},{"start":{},"end":{}}],"line":114},"10":{"loc":{"start":{"line":116,"column":75},"end":{"line":116,"column":103}},"type":"cond-expr","locations":[{"start":{"line":116,"column":83},"end":{"line":116,"column":97}},{"start":{"line":116,"column":97},"end":{"line":116,"column":103}}],"line":116},"11":{"loc":{"start":{"line":119,"column":2},"end":{"line":126,"column":null}},"type":"if","locations":[{"start":{"line":119,"column":2},"end":{"line":126,"column":null}},{"start":{},"end":{}}],"line":119},"12":{"loc":{"start":{"line":120,"column":24},"end":{"line":120,"column":null}},"type":"binary-expr","locations":[{"start":{"line":120,"column":24},"end":{"line":120,"column":64}},{"start":{"line":120,"column":64},"end":{"line":120,"column":null}}],"line":120},"13":{"loc":{"start":{"line":121,"column":4},"end":{"line":124,"column":null}},"type":"if","locations":[{"start":{"line":121,"column":4},"end":{"line":124,"column":null}},{"start":{},"end":{}}],"line":121},"14":{"loc":{"start":{"line":123,"column":22},"end":{"line":123,"column":86}},"type":"binary-expr","locations":[{"start":{"line":123,"column":22},"end":{"line":123,"column":39}},{"start":{"line":123,"column":39},"end":{"line":123,"column":86}}],"line":123},"15":{"loc":{"start":{"line":127,"column":22},"end":{"line":127,"column":null}},"type":"binary-expr","locations":[{"start":{"line":127,"column":22},"end":{"line":127,"column":62}},{"start":{"line":127,"column":62},"end":{"line":127,"column":null}}],"line":127},"16":{"loc":{"start":{"line":128,"column":19},"end":{"line":128,"column":null}},"type":"cond-expr","locations":[{"start":{"line":128,"column":38},"end":{"line":128,"column":58}},{"start":{"line":128,"column":58},"end":{"line":128,"column":null}}],"line":128},"17":{"loc":{"start":{"line":129,"column":2},"end":{"line":131,"column":null}},"type":"if","locations":[{"start":{"line":129,"column":2},"end":{"line":131,"column":null}},{"start":{},"end":{}}],"line":129},"18":{"loc":{"start":{"line":133,"column":2},"end":{"line":135,"column":null}},"type":"if","locations":[{"start":{"line":133,"column":2},"end":{"line":135,"column":null}},{"start":{},"end":{}}],"line":133},"19":{"loc":{"start":{"line":138,"column":14},"end":{"line":138,"column":null}},"type":"binary-expr","locations":[{"start":{"line":138,"column":14},"end":{"line":138,"column":86}},{"start":{"line":138,"column":86},"end":{"line":138,"column":null}}],"line":138},"20":{"loc":{"start":{"line":140,"column":19},"end":{"line":140,"column":null}},"type":"binary-expr","locations":[{"start":{"line":140,"column":19},"end":{"line":140,"column":63}},{"start":{"line":140,"column":63},"end":{"line":140,"column":null}}],"line":140},"21":{"loc":{"start":{"line":141,"column":21},"end":{"line":141,"column":null}},"type":"binary-expr","locations":[{"start":{"line":141,"column":21},"end":{"line":141,"column":74}},{"start":{"line":141,"column":74},"end":{"line":141,"column":null}}],"line":141},"22":{"loc":{"start":{"line":147,"column":9},"end":{"line":147,"column":null}},"type":"cond-expr","locations":[{"start":{"line":147,"column":22},"end":{"line":147,"column":53}},{"start":{"line":147,"column":53},"end":{"line":147,"column":null}}],"line":147}},"s":{"0":1,"1":2,"2":3,"3":3,"4":0,"5":0,"6":0,"7":3,"8":1,"9":0,"10":0,"11":0,"12":0,"13":1,"14":1,"15":0,"16":0,"17":0,"18":0,"19":0,"20":0,"21":3,"22":1,"23":4,"24":4,"25":1,"26":4,"27":1,"28":4,"29":0,"30":4,"31":4,"32":4,"33":1,"34":1,"35":1,"36":0,"37":1,"38":0,"39":3,"40":4,"41":4,"42":1,"43":2,"44":2,"45":0,"46":2,"47":2,"48":2},"f":{"0":2,"1":3,"2":0,"3":1,"4":0,"5":0,"6":0,"7":0,"8":1,"9":1,"10":0,"11":0,"12":0,"13":3,"14":1,"15":4,"16":0,"17":2},"b":{"0":[3,1],"1":[0,3],"2":[0,0],"3":[0,0],"4":[0,0],"5":[3],"6":[1],"7":[1,3],"8":[1,3],"9":[0,4],"10":[1,3],"11":[1,3],"12":[1,0],"13":[1,0],"14":[1,0],"15":[3,0],"16":[2,1],"17":[1,3],"18":[0,2],"19":[2,0],"20":[4,1],"21":[4,1],"22":[2,0]},"meta":{"lastBranch":23,"lastFunction":18,"lastStatement":49,"seen":{"s:9:6:12:Infinity":0,"f:9:6:9:21":0,"s:9:40:12:Infinity":1,"f:14:15:14:30":1,"s:15:19:21:Infinity":2,"b:18:10:18:27:18:27:18:Infinity":0,"b:22:2:25:Infinity:undefined:undefined:undefined:undefined":1,"s:22:2:25:Infinity":3,"s:23:18:23:Infinity":4,"f:23:40:23:52":2,"s:23:52:23:56":5,"s:24:4:24:Infinity":6,"b:24:20:24:37:24:37:24:61":2,"s:26:2:26:Infinity":7,"f:29:22:29:37":3,"s:30:2:34:Infinity":8,"f:37:22:37:33":4,"s:38:2:42:Infinity":9,"f:45:22:45:35":5,"s:46:2:50:Infinity":10,"f:53:22:53:34":6,"s:54:2:54:Infinity":11,"f:57:22:57:32":7,"s:58:2:58:Infinity":12,"f:61:22:61:35":8,"s:62:2:66:Infinity":13,"f:69:22:69:40":9,"s:70:2:70:Infinity":14,"f:73:22:73:41":10,"s:74:2:74:Infinity":15,"f:77:22:77:35":11,"s:78:19:81:Infinity":16,"b:82:2:85:Infinity:undefined:undefined:undefined:undefined":3,"s:82:2:85:Infinity":17,"s:83:18:83:Infinity":18,"f:83:40:83:52":12,"s:83:52:83:56":19,"s:84:4:84:Infinity":20,"b:84:20:84:37:84:37:84:60":4,"f:102:22:102:38":13,"b:102:102:102:135":5,"s:103:2:103:Infinity":21,"f:106:22:106:39":14,"b:106:103:106:136":6,"s:107:2:107:Infinity":22,"f:110:15:110:28":15,"s:111:17:111:Infinity":23,"b:112:2:112:Infinity:undefined:undefined:undefined:undefined":7,"s:112:2:112:Infinity":24,"s:112:26:112:Infinity":25,"b:113:2:113:Infinity:undefined:undefined:undefined:undefined":8,"s:113:2:113:Infinity":26,"s:113:25:113:Infinity":27,"b:114:2:114:Infinity:undefined:undefined:undefined:undefined":9,"s:114:2:114:Infinity":28,"s:114:24:114:Infinity":29,"s:115:16:115:Infinity":30,"s:116:19:118:Infinity":31,"b:116:83:116:97:116:97:116:103":10,"b:119:2:126:Infinity:undefined:undefined:undefined:undefined":11,"s:119:2:126:Infinity":32,"s:120:24:120:Infinity":33,"b:120:24:120:64:120:64:120:Infinity":12,"b:121:4:124:Infinity:undefined:undefined:undefined:undefined":13,"s:121:4:124:Infinity":34,"s:122:20:122:Infinity":35,"f:122:42:122:54":16,"s:122:54:122:58":36,"s:123:6:123:Infinity":37,"b:123:22:123:39:123:39:123:86":14,"s:125:4:125:Infinity":38,"s:127:22:127:Infinity":39,"b:127:22:127:62:127:62:127:Infinity":15,"s:128:19:128:Infinity":40,"b:128:38:128:58:128:58:128:Infinity":16,"b:129:2:131:Infinity:undefined:undefined:undefined:undefined":17,"s:129:2:131:Infinity":41,"s:130:4:130:Infinity":42,"s:132:15:132:Infinity":43,"b:133:2:135:Infinity:undefined:undefined:undefined:undefined":18,"s:133:2:135:Infinity":44,"s:134:4:134:Infinity":45,"s:136:2:142:Infinity":46,"b:138:14:138:86:138:86:138:Infinity":19,"b:140:19:140:63:140:63:140:Infinity":20,"b:141:21:141:74:141:74:141:Infinity":21,"f:145:9:145:33":17,"s:146:16:146:Infinity":47,"s:147:2:147:Infinity":48,"b:147:22:147:53:147:53:147:Infinity":22},"fnNames":{}}}
,"C:\\Users\\venum\\Documents\\Playground\\frontend\\src\\test\\renderWithProviders.tsx": {"path":"C:\\Users\\venum\\Documents\\Playground\\frontend\\src\\test\\renderWithProviders.tsx","statementMap":{"0":{"start":{"line":6,"column":2},"end":{"line":6,"column":null}},"1":{"start":{"line":7,"column":2},"end":{"line":15,"column":null}}},"fnMap":{"0":{"name":"renderWithProviders","decl":{"start":{"line":5,"column":16},"end":{"line":5,"column":36}},"loc":{"start":{"line":5,"column":95},"end":{"line":16,"column":null}},"line":5}},"branchMap":{"0":{"loc":{"start":{"line":5,"column":54},"end":{"line":5,"column":75}},"type":"default-arg","locations":[{"start":{"line":5,"column":62},"end":{"line":5,"column":75}}],"line":5},"1":{"loc":{"start":{"line":5,"column":75},"end":{"line":5,"column":95}},"type":"default-arg","locations":[{"start":{"line":5,"column":82},"end":{"line":5,"column":95}}],"line":5}},"s":{"0":28,"1":28},"f":{"0":28},"b":{"0":[28],"1":[28]},"meta":{"lastBranch":2,"lastFunction":1,"lastStatement":2,"seen":{"f:5:16:5:36":0,"b:5:62:5:75":0,"b:5:82:5:95":1,"s:6:2:6:Infinity":0,"s:7:2:15:Infinity":1},"fnNames":{}}}
,"C:\\Users\\venum\\Documents\\Playground\\frontend\\src\\test\\fixtures\\jobAnalysis.ts": {"path":"C:\\Users\\venum\\Documents\\Playground\\frontend\\src\\test\\fixtures\\jobAnalysis.ts","statementMap":{"0":{"start":{"line":4,"column":2},"end":{"line":21,"column":null}},"1":{"start":{"line":24,"column":55},"end":{"line":51,"column":null}}},"fnMap":{"0":{"name":"keywordFixture","decl":{"start":{"line":3,"column":16},"end":{"line":3,"column":31}},"loc":{"start":{"line":3,"column":90},"end":{"line":22,"column":null}},"line":3}},"branchMap":{"0":{"loc":{"start":{"line":3,"column":46},"end":{"line":3,"column":90}},"type":"default-arg","locations":[{"start":{"line":3,"column":62},"end":{"line":3,"column":90}}],"line":3},"1":{"loc":{"start":{"line":17,"column":14},"end":{"line":17,"column":null}},"type":"cond-expr","locations":[{"start":{"line":17,"column":36},"end":{"line":17,"column":45}},{"start":{"line":17,"column":45},"end":{"line":17,"column":null}}],"line":17},"2":{"loc":{"start":{"line":17,"column":45},"end":{"line":17,"column":null}},"type":"cond-expr","locations":[{"start":{"line":17,"column":67},"end":{"line":17,"column":78}},{"start":{"line":17,"column":78},"end":{"line":17,"column":null}}],"line":17}},"s":{"0":38,"1":2},"f":{"0":38},"b":{"0":[38],"1":[38,0],"2":[0,0]},"meta":{"lastBranch":3,"lastFunction":1,"lastStatement":2,"seen":{"f:3:16:3:31":0,"b:3:62:3:90":0,"s:4:2:21:Infinity":0,"b:17:36:17:45:17:45:17:Infinity":1,"b:17:67:17:78:17:78:17:Infinity":2,"s:24:55:51:Infinity":1},"fnNames":{}}}
,"C:\\Users\\venum\\Documents\\Playground\\frontend\\src\\test\\fixtures\\profile.ts": {"path":"C:\\Users\\venum\\Documents\\Playground\\frontend\\src\\test\\fixtures\\profile.ts","statementMap":{"0":{"start":{"line":3,"column":54},"end":{"line":66,"column":null}},"1":{"start":{"line":68,"column":69},"end":{"line":71,"column":null}}},"fnMap":{},"branchMap":{},"s":{"0":1,"1":1},"f":{},"b":{},"meta":{"lastBranch":0,"lastFunction":0,"lastStatement":2,"seen":{"s:3:54:66:Infinity":0,"s:68:69:71:Infinity":1},"fnNames":{}}}
,"C:\\Users\\venum\\Documents\\Playground\\frontend\\src\\test\\fixtures\\profileMatch.ts": {"path":"C:\\Users\\venum\\Documents\\Playground\\frontend\\src\\test\\fixtures\\profileMatch.ts","statementMap":{"0":{"start":{"line":3,"column":52},"end":{"line":15,"column":null}},"1":{"start":{"line":22,"column":2},"end":{"line":39,"column":null}},"2":{"start":{"line":42,"column":57},"end":{"line":64,"column":null}}},"fnMap":{"0":{"name":"requirementFixture","decl":{"start":{"line":17,"column":16},"end":{"line":17,"column":null}},"loc":{"start":{"line":21,"column":20},"end":{"line":40,"column":null}},"line":21}},"branchMap":{"0":{"loc":{"start":{"line":20,"column":2},"end":{"line":20,"column":null}},"type":"default-arg","locations":[{"start":{"line":20,"column":36},"end":{"line":20,"column":null}}],"line":20},"1":{"loc":{"start":{"line":26,"column":25},"end":{"line":26,"column":null}},"type":"cond-expr","locations":[{"start":{"line":26,"column":58},"end":{"line":26,"column":69}},{"start":{"line":26,"column":69},"end":{"line":26,"column":null}}],"line":26},"2":{"loc":{"start":{"line":27,"column":30},"end":{"line":27,"column":null}},"type":"cond-expr","locations":[{"start":{"line":27,"column":63},"end":{"line":27,"column":68}},{"start":{"line":27,"column":68},"end":{"line":27,"column":null}}],"line":27},"3":{"loc":{"start":{"line":30,"column":16},"end":{"line":30,"column":null}},"type":"cond-expr","locations":[{"start":{"line":30,"column":49},"end":{"line":30,"column":53}},{"start":{"line":30,"column":53},"end":{"line":30,"column":null}}],"line":30},"4":{"loc":{"start":{"line":30,"column":53},"end":{"line":30,"column":null}},"type":"cond-expr","locations":[{"start":{"line":30,"column":85},"end":{"line":30,"column":90}},{"start":{"line":30,"column":90},"end":{"line":30,"column":null}}],"line":30},"5":{"loc":{"start":{"line":31,"column":14},"end":{"line":31,"column":null}},"type":"cond-expr","locations":[{"start":{"line":31,"column":78},"end":{"line":31,"column":89}},{"start":{"line":31,"column":89},"end":{"line":31,"column":null}}],"line":31},"6":{"loc":{"start":{"line":31,"column":14},"end":{"line":31,"column":78}},"type":"binary-expr","locations":[{"start":{"line":31,"column":14},"end":{"line":31,"column":44}},{"start":{"line":31,"column":44},"end":{"line":31,"column":78}}],"line":31},"7":{"loc":{"start":{"line":32,"column":22},"end":{"line":32,"column":null}},"type":"cond-expr","locations":[{"start":{"line":32,"column":54},"end":{"line":32,"column":65}},{"start":{"line":32,"column":65},"end":{"line":32,"column":null}}],"line":32},"8":{"loc":{"start":{"line":36,"column":6},"end":{"line":38,"column":null}},"type":"cond-expr","locations":[{"start":{"line":37,"column":10},"end":{"line":37,"column":null}},{"start":{"line":38,"column":10},"end":{"line":38,"column":null}}],"line":36}},"s":{"0":2,"1":10,"2":2},"f":{"0":10},"b":{"0":[10],"1":[4,6],"2":[4,6],"3":[4,6],"4":[2,4],"5":[4,6],"6":[10,8],"7":[2,8],"8":[4,6]},"meta":{"lastBranch":9,"lastFunction":1,"lastStatement":3,"seen":{"s:3:52:15:Infinity":0,"f:17:16:17:Infinity":0,"b:20:36:20:Infinity":0,"s:22:2:39:Infinity":1,"b:26:58:26:69:26:69:26:Infinity":1,"b:27:63:27:68:27:68:27:Infinity":2,"b:30:49:30:53:30:53:30:Infinity":3,"b:30:85:30:90:30:90:30:Infinity":4,"b:31:78:31:89:31:89:31:Infinity":5,"b:31:14:31:44:31:44:31:78":6,"b:32:54:32:65:32:65:32:Infinity":7,"b:37:10:37:Infinity:38:10:38:Infinity":8,"s:42:57:64:Infinity":2},"fnNames":{}}}
,"C:\\Users\\venum\\Documents\\Playground\\frontend\\src\\test\\fixtures\\resume.ts": {"path":"C:\\Users\\venum\\Documents\\Playground\\frontend\\src\\test\\fixtures\\resume.ts","statementMap":{"0":{"start":{"line":5,"column":66},"end":{"line":139,"column":null}},"1":{"start":{"line":141,"column":59},"end":{"line":162,"column":null}},"2":{"start":{"line":164,"column":71},"end":{"line":188,"column":null}},"3":{"start":{"line":190,"column":69},"end":{"line":195,"column":null}}},"fnMap":{},"branchMap":{},"s":{"0":2,"1":2,"2":2,"3":2},"f":{},"b":{},"meta":{"lastBranch":0,"lastFunction":0,"lastStatement":4,"seen":{"s:5:66:139:Infinity":0,"s:141:59:162:Infinity":1,"s:164:71:188:Infinity":2,"s:190:69:195:Infinity":3},"fnNames":{}}}
}
