{"C:\\Users\\venum\\Documents\\Playground\\frontend\\src\\App.tsx": {"path":"C:\\Users\\venum\\Documents\\Playground\\frontend\\src\\App.tsx","statementMap":{"0":{"start":{"line":205,"column":45},"end":{"line":257,"column":null}},"1":{"start":{"line":259,"column":28},"end":{"line":259,"column":null}},"2":{"start":{"line":260,"column":31},"end":{"line":260,"column":null}},"3":{"start":{"line":261,"column":29},"end":{"line":261,"column":null}},"4":{"start":{"line":262,"column":23},"end":{"line":262,"column":null}},"5":{"start":{"line":263,"column":30},"end":{"line":263,"column":null}},"6":{"start":{"line":266,"column":2},"end":{"line":266,"column":null}},"7":{"start":{"line":268,"column":35},"end":{"line":268,"column":null}},"8":{"start":{"line":269,"column":35},"end":{"line":269,"column":null}},"9":{"start":{"line":271,"column":29},"end":{"line":271,"column":null}},"10":{"start":{"line":277,"column":36},"end":{"line":277,"column":null}},"11":{"start":{"line":279,"column":18},"end":{"line":286,"column":null}},"12":{"start":{"line":288,"column":75},"end":{"line":294,"column":null}},"13":{"start":{"line":297,"column":2},"end":{"line":297,"column":null}},"14":{"start":{"line":297,"column":37},"end":{"line":297,"column":null}},"15":{"start":{"line":299,"column":2},"end":{"line":329,"column":null}},"16":{"start":{"line":300,"column":19},"end":{"line":300,"column":null}},"17":{"start":{"line":301,"column":4},"end":{"line":301,"column":null}},"18":{"start":{"line":301,"column":17},"end":{"line":301,"column":null}},"19":{"start":{"line":302,"column":19},"end":{"line":302,"column":null}},"20":{"start":{"line":303,"column":25},"end":{"line":303,"column":null}},"21":{"start":{"line":304,"column":10},"end":{"line":308,"column":null}},"22":{"start":{"line":309,"column":27},"end":{"line":309,"column":null}},"23":{"start":{"line":310,"column":4},"end":{"line":326,"column":null}},"24":{"start":{"line":321,"column":42},"end":{"line":321,"column":86}},"25":{"start":{"line":324,"column":47},"end":{"line":324,"column":96}},"26":{"start":{"line":328,"column":4},"end":{"line":328,"column":null}},"27":{"start":{"line":333,"column":2},"end":{"line":333,"column":null}},"28":{"start":{"line":337,"column":2},"end":{"line":343,"column":null}},"29":{"start":{"line":342,"column":41},"end":{"line":342,"column":80}},"30":{"start":{"line":347,"column":8},"end":{"line":347,"column":null}},"31":{"start":{"line":348,"column":2},"end":{"line":358,"column":null}},"32":{"start":{"line":348,"column":56},"end":{"line":358,"column":4}},"33":{"start":{"line":362,"column":2},"end":{"line":370,"column":null}},"34":{"start":{"line":374,"column":2},"end":{"line":399,"column":null}},"35":{"start":{"line":375,"column":19},"end":{"line":375,"column":null}},"36":{"start":{"line":376,"column":10},"end":{"line":380,"column":null}},"37":{"start":{"line":381,"column":10},"end":{"line":381,"column":null}},"38":{"start":{"line":382,"column":4},"end":{"line":398,"column":null}},"39":{"start":{"line":392,"column":66},"end":{"line":395,"column":8}},"40":{"start":{"line":403,"column":16},"end":{"line":403,"column":null}},"41":{"start":{"line":404,"column":2},"end":{"line":404,"column":null}},"42":{"start":{"line":408,"column":2},"end":{"line":408,"column":null}},"43":{"start":{"line":412,"column":2},"end":{"line":412,"column":null}},"44":{"start":{"line":412,"column":37},"end":{"line":412,"column":null}},"45":{"start":{"line":414,"column":2},"end":{"line":422,"column":null}},"46":{"start":{"line":415,"column":4},"end":{"line":417,"column":null}},"47":{"start":{"line":416,"column":6},"end":{"line":416,"column":null}},"48":{"start":{"line":418,"column":19},"end":{"line":418,"column":null}},"49":{"start":{"line":419,"column":4},"end":{"line":419,"column":null}},"50":{"start":{"line":421,"column":4},"end":{"line":421,"column":null}},"51":{"start":{"line":426,"column":2},"end":{"line":426,"column":null}},"52":{"start":{"line":426,"column":37},"end":{"line":426,"column":null}},"53":{"start":{"line":427,"column":2},"end":{"line":427,"column":null}},"54":{"start":{"line":427,"column":63},"end":{"line":427,"column":null}},"55":{"start":{"line":428,"column":2},"end":{"line":428,"column":null}},"56":{"start":{"line":429,"column":2},"end":{"line":429,"column":null}},"57":{"start":{"line":430,"column":2},"end":{"line":430,"column":null}},"58":{"start":{"line":434,"column":2},"end":{"line":434,"column":null}},"59":{"start":{"line":438,"column":2},"end":{"line":438,"column":null}},"60":{"start":{"line":438,"column":37},"end":{"line":438,"column":null}},"61":{"start":{"line":439,"column":2},"end":{"line":439,"column":null}},"62":{"start":{"line":443,"column":8},"end":{"line":443,"column":null}},"63":{"start":{"line":444,"column":18},"end":{"line":444,"column":null}},"64":{"start":{"line":444,"column":60},"end":{"line":444,"column":79}},"65":{"start":{"line":445,"column":18},"end":{"line":445,"column":null}},"66":{"start":{"line":445,"column":74},"end":{"line":445,"column":93}},"67":{"start":{"line":446,"column":8},"end":{"line":446,"column":null}},"68":{"start":{"line":447,"column":8},"end":{"line":453,"column":null}},"69":{"start":{"line":448,"column":17},"end":{"line":450,"column":null}},"70":{"start":{"line":451,"column":4},"end":{"line":451,"column":null}},"71":{"start":{"line":452,"column":4},"end":{"line":452,"column":null}},"72":{"start":{"line":454,"column":24},"end":{"line":454,"column":null}},"73":{"start":{"line":455,"column":27},"end":{"line":455,"column":null}},"74":{"start":{"line":456,"column":20},"end":{"line":456,"column":null}},"75":{"start":{"line":456,"column":51},"end":{"line":456,"column":100}},"76":{"start":{"line":457,"column":29},"end":{"line":457,"column":null}},"77":{"start":{"line":457,"column":69},"end":{"line":457,"column":91}},"78":{"start":{"line":458,"column":19},"end":{"line":465,"column":null}},"79":{"start":{"line":459,"column":4},"end":{"line":464,"column":null}},"80":{"start":{"line":460,"column":18},"end":{"line":460,"column":null}},"81":{"start":{"line":461,"column":6},"end":{"line":461,"column":null}},"82":{"start":{"line":463,"column":6},"end":{"line":463,"column":null}},"83":{"start":{"line":467,"column":8},"end":{"line":474,"column":null}},"84":{"start":{"line":468,"column":4},"end":{"line":468,"column":null}},"85":{"start":{"line":469,"column":4},"end":{"line":469,"column":null}},"86":{"start":{"line":470,"column":4},"end":{"line":470,"column":null}},"87":{"start":{"line":471,"column":4},"end":{"line":471,"column":null}},"88":{"start":{"line":472,"column":4},"end":{"line":472,"column":null}},"89":{"start":{"line":473,"column":4},"end":{"line":473,"column":null}},"90":{"start":{"line":476,"column":2},"end":{"line":480,"column":null}},"91":{"start":{"line":477,"column":4},"end":{"line":479,"column":null}},"92":{"start":{"line":478,"column":6},"end":{"line":478,"column":null}},"93":{"start":{"line":482,"column":2},"end":{"line":524,"column":null}},"94":{"start":{"line":483,"column":4},"end":{"line":483,"column":null}},"95":{"start":{"line":483,"column":33},"end":{"line":483,"column":null}},"96":{"start":{"line":484,"column":20},"end":{"line":484,"column":null}},"97":{"start":{"line":487,"column":6},"end":{"line":487,"column":null}},"98":{"start":{"line":488,"column":6},"end":{"line":517,"column":null}},"99":{"start":{"line":489,"column":24},"end":{"line":489,"column":null}},"100":{"start":{"line":490,"column":8},"end":{"line":490,"column":null}},"101":{"start":{"line":490,"column":23},"end":{"line":490,"column":null}},"102":{"start":{"line":491,"column":8},"end":{"line":498,"column":null}},"103":{"start":{"line":492,"column":10},"end":{"line":492,"column":null}},"104":{"start":{"line":493,"column":10},"end":{"line":493,"column":null}},"105":{"start":{"line":494,"column":10},"end":{"line":494,"column":null}},"106":{"start":{"line":495,"column":10},"end":{"line":495,"column":null}},"107":{"start":{"line":496,"column":10},"end":{"line":496,"column":null}},"108":{"start":{"line":497,"column":10},"end":{"line":497,"column":null}},"109":{"start":{"line":500,"column":23},"end":{"line":500,"column":null}},"110":{"start":{"line":501,"column":8},"end":{"line":509,"column":null}},"111":{"start":{"line":502,"column":26},"end":{"line":502,"column":null}},"112":{"start":{"line":503,"column":10},"end":{"line":503,"column":null}},"113":{"start":{"line":503,"column":25},"end":{"line":503,"column":null}},"114":{"start":{"line":504,"column":10},"end":{"line":504,"column":null}},"115":{"start":{"line":505,"column":10},"end":{"line":505,"column":null}},"116":{"start":{"line":506,"column":10},"end":{"line":506,"column":null}},"117":{"start":{"line":507,"column":10},"end":{"line":507,"column":null}},"118":{"start":{"line":508,"column":10},"end":{"line":508,"column":null}},"119":{"start":{"line":511,"column":8},"end":{"line":511,"column":null}},"120":{"start":{"line":511,"column":23},"end":{"line":511,"column":null}},"121":{"start":{"line":512,"column":8},"end":{"line":515,"column":null}},"122":{"start":{"line":513,"column":10},"end":{"line":513,"column":null}},"123":{"start":{"line":514,"column":10},"end":{"line":514,"column":null}},"124":{"start":{"line":516,"column":8},"end":{"line":516,"column":null}},"125":{"start":{"line":520,"column":4},"end":{"line":520,"column":null}},"126":{"start":{"line":521,"column":4},"end":{"line":523,"column":null}},"127":{"start":{"line":522,"column":6},"end":{"line":522,"column":null}},"128":{"start":{"line":526,"column":8},"end":{"line":532,"column":null}},"129":{"start":{"line":527,"column":4},"end":{"line":531,"column":null}},"130":{"start":{"line":528,"column":19},"end":{"line":528,"column":null}},"131":{"start":{"line":528,"column":44},"end":{"line":528,"column":94}},"132":{"start":{"line":529,"column":6},"end":{"line":529,"column":null}},"133":{"start":{"line":530,"column":6},"end":{"line":530,"column":null}},"134":{"start":{"line":534,"column":8},"end":{"line":549,"column":null}},"135":{"start":{"line":535,"column":4},"end":{"line":548,"column":null}},"136":{"start":{"line":536,"column":32},"end":{"line":536,"column":null}},"137":{"start":{"line":537,"column":29},"end":{"line":544,"column":null}},"138":{"start":{"line":545,"column":19},"end":{"line":545,"column":null}},"139":{"start":{"line":546,"column":6},"end":{"line":546,"column":null}},"140":{"start":{"line":547,"column":6},"end":{"line":547,"column":null}},"141":{"start":{"line":551,"column":8},"end":{"line":557,"column":null}},"142":{"start":{"line":552,"column":4},"end":{"line":552,"column":null}},"143":{"start":{"line":553,"column":4},"end":{"line":553,"column":null}},"144":{"start":{"line":554,"column":4},"end":{"line":554,"column":null}},"145":{"start":{"line":555,"column":4},"end":{"line":555,"column":null}},"146":{"start":{"line":556,"column":4},"end":{"line":556,"column":null}},"147":{"start":{"line":559,"column":17},"end":{"line":564,"column":null}},"148":{"start":{"line":560,"column":4},"end":{"line":562,"column":null}},"149":{"start":{"line":561,"column":6},"end":{"line":561,"column":null}},"150":{"start":{"line":561,"column":70},"end":{"line":561,"column":79}},"151":{"start":{"line":563,"column":4},"end":{"line":563,"column":null}},"152":{"start":{"line":566,"column":8},"end":{"line":572,"column":null}},"153":{"start":{"line":567,"column":4},"end":{"line":571,"column":null}},"154":{"start":{"line":568,"column":19},"end":{"line":568,"column":null}},"155":{"start":{"line":569,"column":6},"end":{"line":569,"column":null}},"156":{"start":{"line":570,"column":6},"end":{"line":570,"column":null}},"157":{"start":{"line":574,"column":2},"end":{"line":576,"column":null}},"158":{"start":{"line":575,"column":4},"end":{"line":575,"column":null}},"159":{"start":{"line":578,"column":2},"end":{"line":633,"column":null}},"160":{"start":{"line":592,"column":42},"end":{"line":592,"column":null}},"161":{"start":{"line":638,"column":19},"end":{"line":638,"column":null}},"162":{"start":{"line":640,"column":2},"end":{"line":750,"column":null}},"163":{"start":{"line":668,"column":10},"end":{"line":687,"column":null}},"164":{"start":{"line":672,"column":26},"end":{"line":677,"column":null}},"165":{"start":{"line":681,"column":14},"end":{"line":685,"column":null}},"166":{"start":{"line":693,"column":26},"end":{"line":698,"column":null}},"167":{"start":{"line":702,"column":14},"end":{"line":706,"column":null}},"168":{"start":{"line":714,"column":26},"end":{"line":719,"column":null}},"169":{"start":{"line":723,"column":14},"end":{"line":727,"column":null}},"170":{"start":{"line":755,"column":8},"end":{"line":755,"column":null}},"171":{"start":{"line":756,"column":18},"end":{"line":760,"column":null}},"172":{"start":{"line":760,"column":34},"end":{"line":760,"column":71}},"173":{"start":{"line":761,"column":19},"end":{"line":761,"column":null}},"174":{"start":{"line":763,"column":2},"end":{"line":774,"column":null}},"175":{"start":{"line":779,"column":15},"end":{"line":779,"column":null}},"176":{"start":{"line":780,"column":15},"end":{"line":780,"column":null}},"177":{"start":{"line":781,"column":16},"end":{"line":781,"column":null}},"178":{"start":{"line":782,"column":19},"end":{"line":782,"column":null}},"179":{"start":{"line":783,"column":15},"end":{"line":783,"column":null}},"180":{"start":{"line":784,"column":22},"end":{"line":784,"column":null}},"181":{"start":{"line":785,"column":28},"end":{"line":785,"column":null}},"182":{"start":{"line":786,"column":20},"end":{"line":786,"column":null}},"183":{"start":{"line":787,"column":18},"end":{"line":787,"column":null}},"184":{"start":{"line":788,"column":16},"end":{"line":788,"column":null}},"185":{"start":{"line":789,"column":18},"end":{"line":789,"column":null}},"186":{"start":{"line":791,"column":8},"end":{"line":794,"column":null}},"187":{"start":{"line":792,"column":4},"end":{"line":792,"column":null}},"188":{"start":{"line":793,"column":4},"end":{"line":793,"column":null}},"189":{"start":{"line":796,"column":17},"end":{"line":814,"column":null}},"190":{"start":{"line":797,"column":4},"end":{"line":797,"column":null}},"191":{"start":{"line":798,"column":4},"end":{"line":798,"column":null}},"192":{"start":{"line":799,"column":4},"end":{"line":813,"column":null}},"193":{"start":{"line":800,"column":23},"end":{"line":804,"column":null}},"194":{"start":{"line":805,"column":19},"end":{"line":805,"column":null}},"195":{"start":{"line":805,"column":54},"end":{"line":805,"column":57}},"196":{"start":{"line":806,"column":6},"end":{"line":806,"column":null}},"197":{"start":{"line":806,"column":24},"end":{"line":806,"column":null}},"198":{"start":{"line":807,"column":6},"end":{"line":807,"column":null}},"199":{"start":{"line":809,"column":6},"end":{"line":809,"column":null}},"200":{"start":{"line":810,"column":6},"end":{"line":810,"column":null}},"201":{"start":{"line":812,"column":6},"end":{"line":812,"column":null}},"202":{"start":{"line":816,"column":16},"end":{"line":819,"column":null}},"203":{"start":{"line":817,"column":17},"end":{"line":817,"column":null}},"204":{"start":{"line":818,"column":4},"end":{"line":818,"column":null}},"205":{"start":{"line":818,"column":21},"end":{"line":818,"column":null}},"206":{"start":{"line":821,"column":19},"end":{"line":828,"column":null}},"207":{"start":{"line":822,"column":17},"end":{"line":822,"column":null}},"208":{"start":{"line":823,"column":4},"end":{"line":827,"column":null}},"209":{"start":{"line":824,"column":6},"end":{"line":824,"column":null}},"210":{"start":{"line":825,"column":6},"end":{"line":825,"column":null}},"211":{"start":{"line":826,"column":6},"end":{"line":826,"column":null}},"212":{"start":{"line":830,"column":20},"end":{"line":837,"column":null}},"213":{"start":{"line":831,"column":17},"end":{"line":831,"column":null}},"214":{"start":{"line":832,"column":4},"end":{"line":836,"column":null}},"215":{"start":{"line":833,"column":6},"end":{"line":833,"column":null}},"216":{"start":{"line":834,"column":6},"end":{"line":834,"column":null}},"217":{"start":{"line":835,"column":6},"end":{"line":835,"column":null}},"218":{"start":{"line":839,"column":22},"end":{"line":846,"column":null}},"219":{"start":{"line":840,"column":17},"end":{"line":840,"column":null}},"220":{"start":{"line":841,"column":4},"end":{"line":845,"column":null}},"221":{"start":{"line":842,"column":6},"end":{"line":842,"column":null}},"222":{"start":{"line":843,"column":6},"end":{"line":843,"column":null}},"223":{"start":{"line":844,"column":6},"end":{"line":844,"column":null}},"224":{"start":{"line":848,"column":25},"end":{"line":854,"column":null}},"225":{"start":{"line":849,"column":17},"end":{"line":849,"column":null}},"226":{"start":{"line":850,"column":4},"end":{"line":853,"column":null}},"227":{"start":{"line":851,"column":6},"end":{"line":851,"column":null}},"228":{"start":{"line":852,"column":6},"end":{"line":852,"column":null}},"229":{"start":{"line":856,"column":24},"end":{"line":871,"column":null}},"230":{"start":{"line":857,"column":17},"end":{"line":862,"column":null}},"231":{"start":{"line":863,"column":4},"end":{"line":870,"column":null}},"232":{"start":{"line":864,"column":6},"end":{"line":864,"column":null}},"233":{"start":{"line":865,"column":6},"end":{"line":865,"column":null}},"234":{"start":{"line":866,"column":6},"end":{"line":866,"column":null}},"235":{"start":{"line":867,"column":6},"end":{"line":867,"column":null}},"236":{"start":{"line":868,"column":6},"end":{"line":868,"column":null}},"237":{"start":{"line":869,"column":6},"end":{"line":869,"column":null}},"238":{"start":{"line":873,"column":2},"end":{"line":953,"column":null}},"239":{"start":{"line":898,"column":57},"end":{"line":898,"column":87}},"240":{"start":{"line":902,"column":56},"end":{"line":902,"column":86}},"241":{"start":{"line":906,"column":61},"end":{"line":906,"column":94}},"242":{"start":{"line":911,"column":57},"end":{"line":911,"column":86}},"243":{"start":{"line":917,"column":72},"end":{"line":917,"column":114}},"244":{"start":{"line":920,"column":66},"end":{"line":920,"column":102}},"245":{"start":{"line":945,"column":78},"end":{"line":945,"column":96}},"246":{"start":{"line":945,"column":96},"end":{"line":945,"column":111}},"247":{"start":{"line":946,"column":78},"end":{"line":946,"column":99}},"248":{"start":{"line":946,"column":99},"end":{"line":946,"column":114}},"249":{"start":{"line":947,"column":78},"end":{"line":947,"column":96}},"250":{"start":{"line":947,"column":96},"end":{"line":947,"column":111}},"251":{"start":{"line":948,"column":78},"end":{"line":948,"column":97}},"252":{"start":{"line":948,"column":97},"end":{"line":948,"column":112}},"253":{"start":{"line":949,"column":78},"end":{"line":949,"column":96}},"254":{"start":{"line":949,"column":96},"end":{"line":949,"column":111}},"255":{"start":{"line":958,"column":2},"end":{"line":964,"column":null}},"256":{"start":{"line":968,"column":2},"end":{"line":974,"column":null}},"257":{"start":{"line":978,"column":2},"end":{"line":983,"column":null}},"258":{"start":{"line":980,"column":19},"end":{"line":980,"column":26}},"259":{"start":{"line":987,"column":2},"end":{"line":987,"column":null}},"260":{"start":{"line":991,"column":8},"end":{"line":991,"column":null}},"261":{"start":{"line":991,"column":52},"end":{"line":991,"column":null}},"262":{"start":{"line":992,"column":8},"end":{"line":992,"column":null}},"263":{"start":{"line":992,"column":59},"end":{"line":992,"column":null}},"264":{"start":{"line":992,"column":82},"end":{"line":992,"column":96}},"265":{"start":{"line":993,"column":26},"end":{"line":997,"column":null}},"266":{"start":{"line":995,"column":34},"end":{"line":995,"column":64}},"267":{"start":{"line":996,"column":30},"end":{"line":996,"column":75}},"268":{"start":{"line":998,"column":30},"end":{"line":998,"column":null}},"269":{"start":{"line":999,"column":2},"end":{"line":1013,"column":null}},"270":{"start":{"line":1017,"column":2},"end":{"line":1017,"column":null}},"271":{"start":{"line":1017,"column":19},"end":{"line":1017,"column":null}},"272":{"start":{"line":1018,"column":2},"end":{"line":1018,"column":null}},"273":{"start":{"line":1018,"column":19},"end":{"line":1018,"column":null}},"274":{"start":{"line":1019,"column":2},"end":{"line":1019,"column":null}},"275":{"start":{"line":1023,"column":2},"end":{"line":1023,"column":null}},"276":{"start":{"line":1023,"column":19},"end":{"line":1023,"column":null}},"277":{"start":{"line":1024,"column":2},"end":{"line":1024,"column":null}},"278":{"start":{"line":1024,"column":19},"end":{"line":1024,"column":null}},"279":{"start":{"line":1025,"column":2},"end":{"line":1025,"column":null}},"280":{"start":{"line":1029,"column":2},"end":{"line":1029,"column":null}},"281":{"start":{"line":1029,"column":29},"end":{"line":1029,"column":null}},"282":{"start":{"line":1030,"column":2},"end":{"line":1030,"column":null}},"283":{"start":{"line":1030,"column":31},"end":{"line":1030,"column":null}},"284":{"start":{"line":1031,"column":2},"end":{"line":1031,"column":null}},"285":{"start":{"line":1035,"column":2},"end":{"line":1039,"column":null}},"286":{"start":{"line":1038,"column":34},"end":{"line":1038,"column":54}},"287":{"start":{"line":1043,"column":2},"end":{"line":1043,"column":null}},"288":{"start":{"line":1057,"column":15},"end":{"line":1057,"column":null}},"289":{"start":{"line":1058,"column":25},"end":{"line":1058,"column":null}},"290":{"start":{"line":1059,"column":21},"end":{"line":1059,"column":null}},"291":{"start":{"line":1060,"column":24},"end":{"line":1060,"column":null}},"292":{"start":{"line":1061,"column":26},"end":{"line":1061,"column":null}},"293":{"start":{"line":1062,"column":22},"end":{"line":1062,"column":null}},"294":{"start":{"line":1063,"column":27},"end":{"line":1063,"column":null}},"295":{"start":{"line":1064,"column":21},"end":{"line":1064,"column":null}},"296":{"start":{"line":1065,"column":22},"end":{"line":1065,"column":null}},"297":{"start":{"line":1066,"column":23},"end":{"line":1066,"column":null}},"298":{"start":{"line":1067,"column":24},"end":{"line":1067,"column":null}},"299":{"start":{"line":1068,"column":26},"end":{"line":1068,"column":null}},"300":{"start":{"line":1069,"column":29},"end":{"line":1069,"column":null}},"301":{"start":{"line":1070,"column":29},"end":{"line":1070,"column":null}},"302":{"start":{"line":1072,"column":8},"end":{"line":1076,"column":null}},"303":{"start":{"line":1073,"column":4},"end":{"line":1073,"column":null}},"304":{"start":{"line":1074,"column":4},"end":{"line":1074,"column":null}},"305":{"start":{"line":1075,"column":4},"end":{"line":1075,"column":null}},"306":{"start":{"line":1078,"column":24},"end":{"line":1110,"column":null}},"307":{"start":{"line":1079,"column":4},"end":{"line":1082,"column":null}},"308":{"start":{"line":1080,"column":6},"end":{"line":1080,"column":null}},"309":{"start":{"line":1081,"column":6},"end":{"line":1081,"column":null}},"310":{"start":{"line":1084,"column":4},"end":{"line":1084,"column":null}},"311":{"start":{"line":1085,"column":4},"end":{"line":1085,"column":null}},"312":{"start":{"line":1086,"column":4},"end":{"line":1109,"column":null}},"313":{"start":{"line":1087,"column":23},"end":{"line":1096,"column":null}},"314":{"start":{"line":1097,"column":6},"end":{"line":1100,"column":null}},"315":{"start":{"line":1098,"column":22},"end":{"line":1098,"column":null}},"316":{"start":{"line":1098,"column":56},"end":{"line":1098,"column":60}},"317":{"start":{"line":1099,"column":8},"end":{"line":1099,"column":null}},"318":{"start":{"line":1101,"column":20},"end":{"line":1101,"column":null}},"319":{"start":{"line":1102,"column":6},"end":{"line":1102,"column":null}},"320":{"start":{"line":1103,"column":6},"end":{"line":1103,"column":null}},"321":{"start":{"line":1104,"column":6},"end":{"line":1104,"column":null}},"322":{"start":{"line":1106,"column":6},"end":{"line":1106,"column":null}},"323":{"start":{"line":1108,"column":6},"end":{"line":1108,"column":null}},"324":{"start":{"line":1112,"column":25},"end":{"line":1160,"column":null}},"325":{"start":{"line":1113,"column":29},"end":{"line":1113,"column":null}},"326":{"start":{"line":1115,"column":4},"end":{"line":1118,"column":null}},"327":{"start":{"line":1116,"column":6},"end":{"line":1116,"column":null}},"328":{"start":{"line":1117,"column":6},"end":{"line":1117,"column":null}},"329":{"start":{"line":1120,"column":4},"end":{"line":1123,"column":null}},"330":{"start":{"line":1121,"column":6},"end":{"line":1121,"column":null}},"331":{"start":{"line":1122,"column":6},"end":{"line":1122,"column":null}},"332":{"start":{"line":1124,"column":4},"end":{"line":1127,"column":null}},"333":{"start":{"line":1125,"column":6},"end":{"line":1125,"column":null}},"334":{"start":{"line":1126,"column":6},"end":{"line":1126,"column":null}},"335":{"start":{"line":1129,"column":4},"end":{"line":1129,"column":null}},"336":{"start":{"line":1130,"column":4},"end":{"line":1130,"column":null}},"337":{"start":{"line":1132,"column":4},"end":{"line":1159,"column":null}},"338":{"start":{"line":1133,"column":19},"end":{"line":1151,"column":null}},"339":{"start":{"line":1152,"column":6},"end":{"line":1152,"column":null}},"340":{"start":{"line":1153,"column":6},"end":{"line":1153,"column":null}},"341":{"start":{"line":1154,"column":6},"end":{"line":1154,"column":null}},"342":{"start":{"line":1156,"column":6},"end":{"line":1156,"column":null}},"343":{"start":{"line":1158,"column":6},"end":{"line":1158,"column":null}},"344":{"start":{"line":1162,"column":8},"end":{"line":1164,"column":null}},"345":{"start":{"line":1163,"column":4},"end":{"line":1163,"column":null}},"346":{"start":{"line":1163,"column":32},"end":{"line":1163,"column":89}},"347":{"start":{"line":1166,"column":8},"end":{"line":1168,"column":null}},"348":{"start":{"line":1167,"column":4},"end":{"line":1167,"column":null}},"349":{"start":{"line":1167,"column":31},"end":{"line":1167,"column":73}},"350":{"start":{"line":1170,"column":8},"end":{"line":1182,"column":null}},"351":{"start":{"line":1171,"column":4},"end":{"line":1181,"column":null}},"352":{"start":{"line":1172,"column":6},"end":{"line":1172,"column":null}},"353":{"start":{"line":1172,"column":20},"end":{"line":1172,"column":null}},"354":{"start":{"line":1173,"column":6},"end":{"line":1180,"column":null}},"355":{"start":{"line":1177,"column":78},"end":{"line":1177,"column":112}},"356":{"start":{"line":1179,"column":102},"end":{"line":1179,"column":136}},"357":{"start":{"line":1184,"column":8},"end":{"line":1218,"column":null}},"358":{"start":{"line":1185,"column":4},"end":{"line":1217,"column":null}},"359":{"start":{"line":1186,"column":6},"end":{"line":1186,"column":null}},"360":{"start":{"line":1186,"column":20},"end":{"line":1186,"column":null}},"361":{"start":{"line":1187,"column":29},"end":{"line":1189,"column":null}},"362":{"start":{"line":1190,"column":25},"end":{"line":1192,"column":null}},"363":{"start":{"line":1191,"column":8},"end":{"line":1191,"column":null}},"364":{"start":{"line":1191,"column":35},"end":{"line":1191,"column":79}},"365":{"start":{"line":1193,"column":21},"end":{"line":1195,"column":null}},"366":{"start":{"line":1195,"column":47},"end":{"line":1195,"column":115}},"367":{"start":{"line":1197,"column":24},"end":{"line":1197,"column":null}},"368":{"start":{"line":1198,"column":28},"end":{"line":1203,"column":null}},"369":{"start":{"line":1202,"column":128},"end":{"line":1202,"column":144}},"370":{"start":{"line":1204,"column":6},"end":{"line":1216,"column":null}},"371":{"start":{"line":1220,"column":8},"end":{"line":1226,"column":null}},"372":{"start":{"line":1221,"column":4},"end":{"line":1225,"column":null}},"373":{"start":{"line":1221,"column":31},"end":{"line":1225,"column":15}},"374":{"start":{"line":1228,"column":25},"end":{"line":1264,"column":null}},"375":{"start":{"line":1229,"column":4},"end":{"line":1229,"column":null}},"376":{"start":{"line":1229,"column":21},"end":{"line":1229,"column":null}},"377":{"start":{"line":1231,"column":4},"end":{"line":1231,"column":null}},"378":{"start":{"line":1232,"column":4},"end":{"line":1232,"column":null}},"379":{"start":{"line":1233,"column":4},"end":{"line":1263,"column":null}},"380":{"start":{"line":1234,"column":23},"end":{"line":1238,"column":null}},"381":{"start":{"line":1240,"column":6},"end":{"line":1243,"column":null}},"382":{"start":{"line":1241,"column":22},"end":{"line":1241,"column":null}},"383":{"start":{"line":1241,"column":56},"end":{"line":1241,"column":60}},"384":{"start":{"line":1242,"column":8},"end":{"line":1242,"column":null}},"385":{"start":{"line":1245,"column":19},"end":{"line":1245,"column":null}},"386":{"start":{"line":1246,"column":26},"end":{"line":1246,"column":null}},"387":{"start":{"line":1247,"column":28},"end":{"line":1247,"column":null}},"388":{"start":{"line":1248,"column":27},"end":{"line":1250,"column":null}},"389":{"start":{"line":1251,"column":18},"end":{"line":1251,"column":null}},"390":{"start":{"line":1252,"column":21},"end":{"line":1252,"column":null}},"391":{"start":{"line":1253,"column":6},"end":{"line":1253,"column":null}},"392":{"start":{"line":1254,"column":6},"end":{"line":1254,"column":null}},"393":{"start":{"line":1255,"column":6},"end":{"line":1255,"column":null}},"394":{"start":{"line":1256,"column":6},"end":{"line":1256,"column":null}},"395":{"start":{"line":1257,"column":6},"end":{"line":1257,"column":null}},"396":{"start":{"line":1258,"column":6},"end":{"line":1258,"column":null}},"397":{"start":{"line":1260,"column":6},"end":{"line":1260,"column":null}},"398":{"start":{"line":1262,"column":6},"end":{"line":1262,"column":null}},"399":{"start":{"line":1266,"column":2},"end":{"line":1440,"column":null}},"400":{"start":{"line":1277,"column":14},"end":{"line":1277,"column":null}},"401":{"start":{"line":1278,"column":14},"end":{"line":1278,"column":null}},"402":{"start":{"line":1291,"column":14},"end":{"line":1291,"column":null}},"403":{"start":{"line":1292,"column":14},"end":{"line":1292,"column":null}},"404":{"start":{"line":1303,"column":20},"end":{"line":1303,"column":null}},"405":{"start":{"line":1304,"column":20},"end":{"line":1304,"column":null}},"406":{"start":{"line":1314,"column":20},"end":{"line":1314,"column":null}},"407":{"start":{"line":1315,"column":20},"end":{"line":1315,"column":null}},"408":{"start":{"line":1325,"column":20},"end":{"line":1325,"column":null}},"409":{"start":{"line":1326,"column":20},"end":{"line":1326,"column":null}},"410":{"start":{"line":1350,"column":16},"end":{"line":1350,"column":null}},"411":{"start":{"line":1351,"column":16},"end":{"line":1351,"column":null}},"412":{"start":{"line":1352,"column":16},"end":{"line":1352,"column":null}},"413":{"start":{"line":1353,"column":16},"end":{"line":1353,"column":null}},"414":{"start":{"line":1354,"column":16},"end":{"line":1354,"column":null}},"415":{"start":{"line":1391,"column":31},"end":{"line":1391,"column":null}},"416":{"start":{"line":1397,"column":31},"end":{"line":1397,"column":null}},"417":{"start":{"line":1402,"column":55},"end":{"line":1402,"column":78}},"418":{"start":{"line":1406,"column":55},"end":{"line":1406,"column":79}},"419":{"start":{"line":1453,"column":26},"end":{"line":1453,"column":null}},"420":{"start":{"line":1453,"column":89},"end":{"line":1453,"column":105}},"421":{"start":{"line":1454,"column":23},"end":{"line":1454,"column":null}},"422":{"start":{"line":1456,"column":2},"end":{"line":1508,"column":null}},"423":{"start":{"line":1481,"column":14},"end":{"line":1481,"column":null}},"424":{"start":{"line":1489,"column":10},"end":{"line":1494,"column":null}},"425":{"start":{"line":1521,"column":2},"end":{"line":1521,"column":null}},"426":{"start":{"line":1521,"column":21},"end":{"line":1521,"column":null}},"427":{"start":{"line":1522,"column":2},"end":{"line":1542,"column":null}},"428":{"start":{"line":1527,"column":10},"end":{"line":1539,"column":null}},"429":{"start":{"line":1534,"column":27},"end":{"line":1534,"column":null}},"430":{"start":{"line":1547,"column":2},"end":{"line":1556,"column":null}},"431":{"start":{"line":1561,"column":16},"end":{"line":1561,"column":null}},"432":{"start":{"line":1562,"column":16},"end":{"line":1562,"column":null}},"433":{"start":{"line":1564,"column":20},"end":{"line":1576,"column":null}},"434":{"start":{"line":1565,"column":4},"end":{"line":1565,"column":null}},"435":{"start":{"line":1566,"column":4},"end":{"line":1575,"column":null}},"436":{"start":{"line":1567,"column":23},"end":{"line":1569,"column":null}},"437":{"start":{"line":1570,"column":19},"end":{"line":1570,"column":null}},"438":{"start":{"line":1570,"column":53},"end":{"line":1570,"column":55}},"439":{"start":{"line":1571,"column":6},"end":{"line":1571,"column":null}},"440":{"start":{"line":1571,"column":24},"end":{"line":1571,"column":null}},"441":{"start":{"line":1572,"column":6},"end":{"line":1572,"column":null}},"442":{"start":{"line":1574,"column":6},"end":{"line":1574,"column":null}},"443":{"start":{"line":1578,"column":2},"end":{"line":1607,"column":null}},"444":{"start":{"line":1599,"column":10},"end":{"line":1604,"column":null}},"445":{"start":{"line":1628,"column":20},"end":{"line":1628,"column":null}},"446":{"start":{"line":1629,"column":18},"end":{"line":1629,"column":null}},"447":{"start":{"line":1630,"column":23},"end":{"line":1630,"column":null}},"448":{"start":{"line":1631,"column":22},"end":{"line":1631,"column":null}},"449":{"start":{"line":1632,"column":24},"end":{"line":1632,"column":null}},"450":{"start":{"line":1634,"column":22},"end":{"line":1663,"column":null}},"451":{"start":{"line":1635,"column":26},"end":{"line":1635,"column":null}},"452":{"start":{"line":1636,"column":19},"end":{"line":1636,"column":null}},"453":{"start":{"line":1637,"column":4},"end":{"line":1642,"column":null}},"454":{"start":{"line":1638,"column":6},"end":{"line":1638,"column":null}},"455":{"start":{"line":1639,"column":6},"end":{"line":1639,"column":null}},"456":{"start":{"line":1640,"column":6},"end":{"line":1640,"column":null}},"457":{"start":{"line":1641,"column":6},"end":{"line":1641,"column":null}},"458":{"start":{"line":1644,"column":4},"end":{"line":1644,"column":null}},"459":{"start":{"line":1645,"column":4},"end":{"line":1662,"column":null}},"460":{"start":{"line":1646,"column":22},"end":{"line":1646,"column":null}},"461":{"start":{"line":1647,"column":21},"end":{"line":1649,"column":null}},"462":{"start":{"line":1650,"column":6},"end":{"line":1650,"column":null}},"463":{"start":{"line":1651,"column":28},"end":{"line":1651,"column":null}},"464":{"start":{"line":1652,"column":6},"end":{"line":1652,"column":null}},"465":{"start":{"line":1653,"column":6},"end":{"line":1653,"column":null}},"466":{"start":{"line":1654,"column":6},"end":{"line":1654,"column":null}},"467":{"start":{"line":1655,"column":6},"end":{"line":1655,"column":null}},"468":{"start":{"line":1656,"column":6},"end":{"line":1656,"column":null}},"469":{"start":{"line":1657,"column":6},"end":{"line":1657,"column":null}},"470":{"start":{"line":1659,"column":6},"end":{"line":1659,"column":null}},"471":{"start":{"line":1660,"column":6},"end":{"line":1660,"column":null}},"472":{"start":{"line":1661,"column":6},"end":{"line":1661,"column":null}},"473":{"start":{"line":1665,"column":23},"end":{"line":1702,"column":null}},"474":{"start":{"line":1666,"column":4},"end":{"line":1666,"column":null}},"475":{"start":{"line":1666,"column":15},"end":{"line":1666,"column":null}},"476":{"start":{"line":1668,"column":4},"end":{"line":1668,"column":null}},"477":{"start":{"line":1669,"column":4},"end":{"line":1669,"column":null}},"478":{"start":{"line":1671,"column":4},"end":{"line":1701,"column":null}},"479":{"start":{"line":1672,"column":23},"end":{"line":1672,"column":null}},"480":{"start":{"line":1673,"column":6},"end":{"line":1673,"column":null}},"481":{"start":{"line":1674,"column":23},"end":{"line":1677,"column":null}},"482":{"start":{"line":1679,"column":6},"end":{"line":1682,"column":null}},"483":{"start":{"line":1680,"column":22},"end":{"line":1680,"column":null}},"484":{"start":{"line":1680,"column":56},"end":{"line":1680,"column":60}},"485":{"start":{"line":1681,"column":8},"end":{"line":1681,"column":null}},"486":{"start":{"line":1684,"column":25},"end":{"line":1684,"column":null}},"487":{"start":{"line":1685,"column":26},"end":{"line":1691,"column":null}},"488":{"start":{"line":1692,"column":6},"end":{"line":1692,"column":null}},"489":{"start":{"line":1693,"column":6},"end":{"line":1693,"column":null}},"490":{"start":{"line":1694,"column":6},"end":{"line":1694,"column":null}},"491":{"start":{"line":1695,"column":6},"end":{"line":1695,"column":null}},"492":{"start":{"line":1696,"column":6},"end":{"line":1696,"column":null}},"493":{"start":{"line":1697,"column":6},"end":{"line":1697,"column":null}},"494":{"start":{"line":1699,"column":6},"end":{"line":1699,"column":null}},"495":{"start":{"line":1700,"column":6},"end":{"line":1700,"column":null}},"496":{"start":{"line":1704,"column":2},"end":{"line":1789,"column":null}},"497":{"start":{"line":1724,"column":55},"end":{"line":1724,"column":75}},"498":{"start":{"line":1749,"column":37},"end":{"line":1749,"column":null}},"499":{"start":{"line":1761,"column":16},"end":{"line":1761,"column":null}},"500":{"start":{"line":1779,"column":53},"end":{"line":1779,"column":73}},"501":{"start":{"line":1804,"column":30},"end":{"line":1804,"column":null}},"502":{"start":{"line":1806,"column":8},"end":{"line":1812,"column":null}},"503":{"start":{"line":1807,"column":4},"end":{"line":1811,"column":null}},"504":{"start":{"line":1808,"column":19},"end":{"line":1808,"column":null}},"505":{"start":{"line":1809,"column":6},"end":{"line":1809,"column":null}},"506":{"start":{"line":1810,"column":6},"end":{"line":1810,"column":null}},"507":{"start":{"line":1814,"column":8},"end":{"line":1823,"column":null}},"508":{"start":{"line":1815,"column":4},"end":{"line":1822,"column":null}},"509":{"start":{"line":1816,"column":19},"end":{"line":1819,"column":null}},"510":{"start":{"line":1818,"column":54},"end":{"line":1818,"column":106}},"511":{"start":{"line":1820,"column":6},"end":{"line":1820,"column":null}},"512":{"start":{"line":1821,"column":6},"end":{"line":1821,"column":null}},"513":{"start":{"line":1825,"column":8},"end":{"line":1854,"column":null}},"514":{"start":{"line":1826,"column":4},"end":{"line":1853,"column":null}},"515":{"start":{"line":1827,"column":19},"end":{"line":1850,"column":null}},"516":{"start":{"line":1851,"column":6},"end":{"line":1851,"column":null}},"517":{"start":{"line":1852,"column":6},"end":{"line":1852,"column":null}},"518":{"start":{"line":1856,"column":8},"end":{"line":1867,"column":null}},"519":{"start":{"line":1857,"column":4},"end":{"line":1866,"column":null}},"520":{"start":{"line":1858,"column":19},"end":{"line":1863,"column":null}},"521":{"start":{"line":1862,"column":48},"end":{"line":1862,"column":62}},"522":{"start":{"line":1864,"column":6},"end":{"line":1864,"column":null}},"523":{"start":{"line":1865,"column":6},"end":{"line":1865,"column":null}},"524":{"start":{"line":1869,"column":8},"end":{"line":1881,"column":null}},"525":{"start":{"line":1870,"column":4},"end":{"line":1880,"column":null}},"526":{"start":{"line":1871,"column":20},"end":{"line":1871,"column":null}},"527":{"start":{"line":1871,"column":59},"end":{"line":1871,"column":73}},"528":{"start":{"line":1872,"column":26},"end":{"line":1872,"column":null}},"529":{"start":{"line":1873,"column":6},"end":{"line":1873,"column":null}},"530":{"start":{"line":1873,"column":84},"end":{"line":1873,"column":null}},"531":{"start":{"line":1874,"column":25},"end":{"line":1874,"column":null}},"532":{"start":{"line":1875,"column":21},"end":{"line":1875,"column":null}},"533":{"start":{"line":1876,"column":6},"end":{"line":1876,"column":null}},"534":{"start":{"line":1877,"column":19},"end":{"line":1877,"column":null}},"535":{"start":{"line":1878,"column":6},"end":{"line":1878,"column":null}},"536":{"start":{"line":1879,"column":6},"end":{"line":1879,"column":null}},"537":{"start":{"line":1883,"column":8},"end":{"line":1901,"column":null}},"538":{"start":{"line":1884,"column":4},"end":{"line":1887,"column":null}},"539":{"start":{"line":1885,"column":6},"end":{"line":1885,"column":null}},"540":{"start":{"line":1886,"column":6},"end":{"line":1886,"column":null}},"541":{"start":{"line":1889,"column":4},"end":{"line":1899,"column":null}},"542":{"start":{"line":1890,"column":26},"end":{"line":1890,"column":null}},"543":{"start":{"line":1890,"column":65},"end":{"line":1890,"column":96}},"544":{"start":{"line":1891,"column":26},"end":{"line":1891,"column":null}},"545":{"start":{"line":1891,"column":65},"end":{"line":1891,"column":85}},"546":{"start":{"line":1892,"column":6},"end":{"line":1892,"column":null}},"547":{"start":{"line":1892,"column":46},"end":{"line":1892,"column":null}},"548":{"start":{"line":1893,"column":25},"end":{"line":1893,"column":null}},"549":{"start":{"line":1894,"column":21},"end":{"line":1894,"column":null}},"550":{"start":{"line":1895,"column":6},"end":{"line":1895,"column":null}},"551":{"start":{"line":1896,"column":19},"end":{"line":1896,"column":null}},"552":{"start":{"line":1897,"column":6},"end":{"line":1897,"column":null}},"553":{"start":{"line":1898,"column":6},"end":{"line":1898,"column":null}},"554":{"start":{"line":1900,"column":4},"end":{"line":1900,"column":null}},"555":{"start":{"line":1903,"column":8},"end":{"line":1917,"column":null}},"556":{"start":{"line":1904,"column":4},"end":{"line":1916,"column":null}},"557":{"start":{"line":1905,"column":19},"end":{"line":1913,"column":null}},"558":{"start":{"line":1907,"column":53},"end":{"line":1912,"column":16}},"559":{"start":{"line":1910,"column":52},"end":{"line":1910,"column":115}},"560":{"start":{"line":1914,"column":6},"end":{"line":1914,"column":null}},"561":{"start":{"line":1915,"column":6},"end":{"line":1915,"column":null}},"562":{"start":{"line":1919,"column":8},"end":{"line":1930,"column":null}},"563":{"start":{"line":1920,"column":4},"end":{"line":1929,"column":null}},"564":{"start":{"line":1921,"column":19},"end":{"line":1926,"column":null}},"565":{"start":{"line":1923,"column":53},"end":{"line":1925,"column":16}},"566":{"start":{"line":1927,"column":6},"end":{"line":1927,"column":null}},"567":{"start":{"line":1928,"column":6},"end":{"line":1928,"column":null}},"568":{"start":{"line":1932,"column":8},"end":{"line":1943,"column":null}},"569":{"start":{"line":1933,"column":4},"end":{"line":1942,"column":null}},"570":{"start":{"line":1934,"column":19},"end":{"line":1939,"column":null}},"571":{"start":{"line":1936,"column":53},"end":{"line":1938,"column":16}},"572":{"start":{"line":1937,"column":64},"end":{"line":1937,"column":86}},"573":{"start":{"line":1940,"column":6},"end":{"line":1940,"column":null}},"574":{"start":{"line":1941,"column":6},"end":{"line":1941,"column":null}},"575":{"start":{"line":1945,"column":8},"end":{"line":1954,"column":null}},"576":{"start":{"line":1946,"column":4},"end":{"line":1953,"column":null}},"577":{"start":{"line":1947,"column":19},"end":{"line":1950,"column":null}},"578":{"start":{"line":1949,"column":49},"end":{"line":1949,"column":128}},"579":{"start":{"line":1951,"column":6},"end":{"line":1951,"column":null}},"580":{"start":{"line":1952,"column":6},"end":{"line":1952,"column":null}},"581":{"start":{"line":1956,"column":8},"end":{"line":1983,"column":null}},"582":{"start":{"line":1957,"column":10},"end":{"line":1957,"column":null}},"583":{"start":{"line":1958,"column":4},"end":{"line":1958,"column":null}},"584":{"start":{"line":1958,"column":21},"end":{"line":1958,"column":null}},"585":{"start":{"line":1959,"column":4},"end":{"line":1982,"column":null}},"586":{"start":{"line":1960,"column":6},"end":{"line":1962,"column":null}},"587":{"start":{"line":1960,"column":40},"end":{"line":1960,"column":158}},"588":{"start":{"line":1961,"column":8},"end":{"line":1961,"column":null}},"589":{"start":{"line":1963,"column":12},"end":{"line":1963,"column":null}},"590":{"start":{"line":1964,"column":19},"end":{"line":1979,"column":null}},"591":{"start":{"line":1980,"column":6},"end":{"line":1980,"column":null}},"592":{"start":{"line":1981,"column":6},"end":{"line":1981,"column":null}},"593":{"start":{"line":1985,"column":8},"end":{"line":1994,"column":null}},"594":{"start":{"line":1986,"column":4},"end":{"line":1993,"column":null}},"595":{"start":{"line":1987,"column":19},"end":{"line":1990,"column":null}},"596":{"start":{"line":1989,"column":52},"end":{"line":1989,"column":86}},"597":{"start":{"line":1989,"column":114},"end":{"line":1989,"column":144}},"598":{"start":{"line":1991,"column":6},"end":{"line":1991,"column":null}},"599":{"start":{"line":1992,"column":6},"end":{"line":1992,"column":null}},"600":{"start":{"line":1996,"column":8},"end":{"line":2008,"column":null}},"601":{"start":{"line":1997,"column":4},"end":{"line":2007,"column":null}},"602":{"start":{"line":1998,"column":20},"end":{"line":1998,"column":null}},"603":{"start":{"line":1998,"column":59},"end":{"line":1998,"column":93}},"604":{"start":{"line":1999,"column":26},"end":{"line":1999,"column":null}},"605":{"start":{"line":2000,"column":6},"end":{"line":2000,"column":null}},"606":{"start":{"line":2000,"column":80},"end":{"line":2000,"column":null}},"607":{"start":{"line":2001,"column":21},"end":{"line":2001,"column":null}},"608":{"start":{"line":2002,"column":25},"end":{"line":2002,"column":null}},"609":{"start":{"line":2003,"column":6},"end":{"line":2003,"column":null}},"610":{"start":{"line":2004,"column":19},"end":{"line":2004,"column":null}},"611":{"start":{"line":2004,"column":74},"end":{"line":2004,"column":104}},"612":{"start":{"line":2005,"column":6},"end":{"line":2005,"column":null}},"613":{"start":{"line":2006,"column":6},"end":{"line":2006,"column":null}},"614":{"start":{"line":2010,"column":8},"end":{"line":2030,"column":null}},"615":{"start":{"line":2011,"column":4},"end":{"line":2029,"column":null}},"616":{"start":{"line":2012,"column":19},"end":{"line":2026,"column":null}},"617":{"start":{"line":2015,"column":10},"end":{"line":2015,"column":null}},"618":{"start":{"line":2015,"column":50},"end":{"line":2015,"column":null}},"619":{"start":{"line":2016,"column":16},"end":{"line":2016,"column":null}},"620":{"start":{"line":2017,"column":27},"end":{"line":2017,"column":null}},"621":{"start":{"line":2017,"column":64},"end":{"line":2017,"column":82}},"622":{"start":{"line":2018,"column":28},"end":{"line":2018,"column":null}},"623":{"start":{"line":2018,"column":52},"end":{"line":2018,"column":113}},"624":{"start":{"line":2019,"column":10},"end":{"line":2024,"column":null}},"625":{"start":{"line":2023,"column":86},"end":{"line":2023,"column":118}},"626":{"start":{"line":2027,"column":6},"end":{"line":2027,"column":null}},"627":{"start":{"line":2028,"column":6},"end":{"line":2028,"column":null}},"628":{"start":{"line":2032,"column":8},"end":{"line":2052,"column":null}},"629":{"start":{"line":2033,"column":10},"end":{"line":2033,"column":null}},"630":{"start":{"line":2034,"column":4},"end":{"line":2034,"column":null}},"631":{"start":{"line":2034,"column":25},"end":{"line":2034,"column":null}},"632":{"start":{"line":2035,"column":4},"end":{"line":2051,"column":null}},"633":{"start":{"line":2036,"column":19},"end":{"line":2048,"column":null}},"634":{"start":{"line":2039,"column":10},"end":{"line":2039,"column":null}},"635":{"start":{"line":2039,"column":50},"end":{"line":2039,"column":null}},"636":{"start":{"line":2040,"column":27},"end":{"line":2040,"column":null}},"637":{"start":{"line":2040,"column":67},"end":{"line":2040,"column":89}},"638":{"start":{"line":2040,"column":105},"end":{"line":2040,"column":123}},"639":{"start":{"line":2041,"column":10},"end":{"line":2041,"column":null}},"640":{"start":{"line":2041,"column":58},"end":{"line":2041,"column":null}},"641":{"start":{"line":2042,"column":10},"end":{"line":2046,"column":null}},"642":{"start":{"line":2044,"column":48},"end":{"line":2044,"column":94}},"643":{"start":{"line":2049,"column":6},"end":{"line":2049,"column":null}},"644":{"start":{"line":2050,"column":6},"end":{"line":2050,"column":null}},"645":{"start":{"line":2054,"column":8},"end":{"line":2065,"column":null}},"646":{"start":{"line":2055,"column":4},"end":{"line":2064,"column":null}},"647":{"start":{"line":2056,"column":19},"end":{"line":2061,"column":null}},"648":{"start":{"line":2058,"column":49},"end":{"line":2060,"column":20}},"649":{"start":{"line":2059,"column":66},"end":{"line":2059,"column":80}},"650":{"start":{"line":2062,"column":6},"end":{"line":2062,"column":null}},"651":{"start":{"line":2063,"column":6},"end":{"line":2063,"column":null}},"652":{"start":{"line":2067,"column":8},"end":{"line":2074,"column":null}},"653":{"start":{"line":2068,"column":4},"end":{"line":2073,"column":null}},"654":{"start":{"line":2069,"column":12},"end":{"line":2069,"column":null}},"655":{"start":{"line":2070,"column":19},"end":{"line":2070,"column":null}},"656":{"start":{"line":2071,"column":6},"end":{"line":2071,"column":null}},"657":{"start":{"line":2072,"column":6},"end":{"line":2072,"column":null}},"658":{"start":{"line":2076,"column":8},"end":{"line":2076,"column":null}},"659":{"start":{"line":2077,"column":8},"end":{"line":2077,"column":null}},"660":{"start":{"line":2079,"column":8},"end":{"line":2088,"column":null}},"661":{"start":{"line":2080,"column":4},"end":{"line":2087,"column":null}},"662":{"start":{"line":2081,"column":19},"end":{"line":2084,"column":null}},"663":{"start":{"line":2083,"column":52},"end":{"line":2083,"column":104}},"664":{"start":{"line":2085,"column":6},"end":{"line":2085,"column":null}},"665":{"start":{"line":2086,"column":6},"end":{"line":2086,"column":null}},"666":{"start":{"line":2090,"column":8},"end":{"line":2102,"column":null}},"667":{"start":{"line":2091,"column":4},"end":{"line":2101,"column":null}},"668":{"start":{"line":2092,"column":19},"end":{"line":2098,"column":null}},"669":{"start":{"line":2099,"column":6},"end":{"line":2099,"column":null}},"670":{"start":{"line":2100,"column":6},"end":{"line":2100,"column":null}},"671":{"start":{"line":2104,"column":8},"end":{"line":2113,"column":null}},"672":{"start":{"line":2105,"column":4},"end":{"line":2112,"column":null}},"673":{"start":{"line":2106,"column":19},"end":{"line":2109,"column":null}},"674":{"start":{"line":2108,"column":107},"end":{"line":2108,"column":121}},"675":{"start":{"line":2110,"column":6},"end":{"line":2110,"column":null}},"676":{"start":{"line":2111,"column":6},"end":{"line":2111,"column":null}},"677":{"start":{"line":2115,"column":8},"end":{"line":2124,"column":null}},"678":{"start":{"line":2116,"column":4},"end":{"line":2123,"column":null}},"679":{"start":{"line":2117,"column":19},"end":{"line":2120,"column":null}},"680":{"start":{"line":2119,"column":62},"end":{"line":2119,"column":114}},"681":{"start":{"line":2121,"column":6},"end":{"line":2121,"column":null}},"682":{"start":{"line":2122,"column":6},"end":{"line":2122,"column":null}},"683":{"start":{"line":2126,"column":8},"end":{"line":2138,"column":null}},"684":{"start":{"line":2127,"column":4},"end":{"line":2137,"column":null}},"685":{"start":{"line":2128,"column":19},"end":{"line":2134,"column":null}},"686":{"start":{"line":2135,"column":6},"end":{"line":2135,"column":null}},"687":{"start":{"line":2136,"column":6},"end":{"line":2136,"column":null}},"688":{"start":{"line":2140,"column":8},"end":{"line":2151,"column":null}},"689":{"start":{"line":2141,"column":4},"end":{"line":2150,"column":null}},"690":{"start":{"line":2142,"column":19},"end":{"line":2147,"column":null}},"691":{"start":{"line":2146,"column":52},"end":{"line":2146,"column":66}},"692":{"start":{"line":2148,"column":6},"end":{"line":2148,"column":null}},"693":{"start":{"line":2149,"column":6},"end":{"line":2149,"column":null}},"694":{"start":{"line":2153,"column":2},"end":{"line":2496,"column":null}},"695":{"start":{"line":2163,"column":64},"end":{"line":2163,"column":110}},"696":{"start":{"line":2166,"column":63},"end":{"line":2166,"column":108}},"697":{"start":{"line":2169,"column":60},"end":{"line":2169,"column":102}},"698":{"start":{"line":2172,"column":67},"end":{"line":2172,"column":116}},"699":{"start":{"line":2175,"column":68},"end":{"line":2175,"column":118}},"700":{"start":{"line":2178,"column":70},"end":{"line":2178,"column":122}},"701":{"start":{"line":2181,"column":60},"end":{"line":2181,"column":102}},"702":{"start":{"line":2184,"column":60},"end":{"line":2184,"column":102}},"703":{"start":{"line":2187,"column":63},"end":{"line":2187,"column":108}},"704":{"start":{"line":2190,"column":61},"end":{"line":2190,"column":104}},"705":{"start":{"line":2193,"column":64},"end":{"line":2193,"column":110}},"706":{"start":{"line":2214,"column":10},"end":{"line":2397,"column":null}},"707":{"start":{"line":2222,"column":14},"end":{"line":2222,"column":null}},"708":{"start":{"line":2223,"column":14},"end":{"line":2223,"column":null}},"709":{"start":{"line":2226,"column":14},"end":{"line":2226,"column":null}},"710":{"start":{"line":2226,"column":29},"end":{"line":2226,"column":null}},"711":{"start":{"line":2228,"column":26},"end":{"line":2228,"column":null}},"712":{"start":{"line":2229,"column":29},"end":{"line":2229,"column":null}},"713":{"start":{"line":2242,"column":33},"end":{"line":2242,"column":null}},"714":{"start":{"line":2252,"column":33},"end":{"line":2252,"column":null}},"715":{"start":{"line":2272,"column":33},"end":{"line":2272,"column":null}},"716":{"start":{"line":2281,"column":71},"end":{"line":2281,"column":135}},"717":{"start":{"line":2284,"column":74},"end":{"line":2284,"column":141}},"718":{"start":{"line":2287,"column":68},"end":{"line":2287,"column":129}},"719":{"start":{"line":2290,"column":68},"end":{"line":2290,"column":129}},"720":{"start":{"line":2293,"column":69},"end":{"line":2293,"column":131}},"721":{"start":{"line":2296,"column":71},"end":{"line":2296,"column":135}},"722":{"start":{"line":2299,"column":86},"end":{"line":2299,"column":152}},"723":{"start":{"line":2302,"column":84},"end":{"line":2302,"column":148}},"724":{"start":{"line":2310,"column":18},"end":{"line":2310,"column":null}},"725":{"start":{"line":2311,"column":18},"end":{"line":2311,"column":null}},"726":{"start":{"line":2311,"column":44},"end":{"line":2311,"column":null}},"727":{"start":{"line":2323,"column":39},"end":{"line":2323,"column":null}},"728":{"start":{"line":2333,"column":39},"end":{"line":2333,"column":null}},"729":{"start":{"line":2343,"column":39},"end":{"line":2343,"column":null}},"730":{"start":{"line":2355,"column":33},"end":{"line":2355,"column":null}},"731":{"start":{"line":2364,"column":18},"end":{"line":2376,"column":null}},"732":{"start":{"line":2365,"column":69},"end":{"line":2365,"column":148}},"733":{"start":{"line":2366,"column":69},"end":{"line":2366,"column":148}},"734":{"start":{"line":2370,"column":37},"end":{"line":2370,"column":null}},"735":{"start":{"line":2386,"column":39},"end":{"line":2386,"column":null}},"736":{"start":{"line":2403,"column":10},"end":{"line":2446,"column":null}},"737":{"start":{"line":2422,"column":33},"end":{"line":2422,"column":null}},"738":{"start":{"line":2431,"column":69},"end":{"line":2431,"column":130}},"739":{"start":{"line":2434,"column":74},"end":{"line":2434,"column":140}},"740":{"start":{"line":2437,"column":71},"end":{"line":2437,"column":134}},"741":{"start":{"line":2440,"column":71},"end":{"line":2440,"column":134}},"742":{"start":{"line":2443,"column":66},"end":{"line":2443,"column":124}},"743":{"start":{"line":2452,"column":10},"end":{"line":2492,"column":null}},"744":{"start":{"line":2471,"column":33},"end":{"line":2471,"column":null}},"745":{"start":{"line":2480,"column":71},"end":{"line":2480,"column":138}},"746":{"start":{"line":2483,"column":73},"end":{"line":2483,"column":142}},"747":{"start":{"line":2486,"column":77},"end":{"line":2486,"column":150}},"748":{"start":{"line":2489,"column":77},"end":{"line":2489,"column":150}},"749":{"start":{"line":2527,"column":29},"end":{"line":2527,"column":null}},"750":{"start":{"line":2528,"column":25},"end":{"line":2528,"column":null}},"751":{"start":{"line":2529,"column":29},"end":{"line":2529,"column":null}},"752":{"start":{"line":2530,"column":35},"end":{"line":2530,"column":null}},"753":{"start":{"line":2531,"column":32},"end":{"line":2531,"column":null}},"754":{"start":{"line":2532,"column":26},"end":{"line":2532,"column":null}},"755":{"start":{"line":2533,"column":28},"end":{"line":2533,"column":null}},"756":{"start":{"line":2535,"column":8},"end":{"line":2535,"column":null}},"757":{"start":{"line":2535,"column":44},"end":{"line":2535,"column":104}},"758":{"start":{"line":2535,"column":81},"end":{"line":2535,"column":100}},"759":{"start":{"line":2536,"column":8},"end":{"line":2549,"column":null}},"760":{"start":{"line":2537,"column":18},"end":{"line":2537,"column":null}},"761":{"start":{"line":2538,"column":4},"end":{"line":2548,"column":null}},"762":{"start":{"line":2539,"column":28},"end":{"line":2539,"column":73}},"763":{"start":{"line":2541,"column":8},"end":{"line":2541,"column":null}},"764":{"start":{"line":2541,"column":20},"end":{"line":2541,"column":null}},"765":{"start":{"line":2542,"column":8},"end":{"line":2547,"column":null}},"766":{"start":{"line":2547,"column":26},"end":{"line":2547,"column":61}},"767":{"start":{"line":2550,"column":8},"end":{"line":2550,"column":null}},"768":{"start":{"line":2552,"column":8},"end":{"line":2557,"column":null}},"769":{"start":{"line":2553,"column":4},"end":{"line":2553,"column":null}},"770":{"start":{"line":2554,"column":4},"end":{"line":2554,"column":null}},"771":{"start":{"line":2555,"column":4},"end":{"line":2555,"column":null}},"772":{"start":{"line":2556,"column":4},"end":{"line":2556,"column":null}},"773":{"start":{"line":2559,"column":8},"end":{"line":2563,"column":null}},"774":{"start":{"line":2560,"column":4},"end":{"line":2560,"column":null}},"775":{"start":{"line":2560,"column":83},"end":{"line":2560,"column":null}},"776":{"start":{"line":2561,"column":4},"end":{"line":2561,"column":null}},"777":{"start":{"line":2562,"column":4},"end":{"line":2562,"column":null}},"778":{"start":{"line":2565,"column":8},"end":{"line":2569,"column":null}},"779":{"start":{"line":2566,"column":4},"end":{"line":2566,"column":null}},"780":{"start":{"line":2567,"column":10},"end":{"line":2567,"column":null}},"781":{"start":{"line":2568,"column":4},"end":{"line":2568,"column":null}},"782":{"start":{"line":2571,"column":37},"end":{"line":2574,"column":null}},"783":{"start":{"line":2572,"column":56},"end":{"line":2572,"column":86}},"784":{"start":{"line":2573,"column":59},"end":{"line":2573,"column":92}},"785":{"start":{"line":2576,"column":30},"end":{"line":2576,"column":null}},"786":{"start":{"line":2578,"column":2},"end":{"line":2580,"column":null}},"787":{"start":{"line":2579,"column":4},"end":{"line":2579,"column":null}},"788":{"start":{"line":2582,"column":8},"end":{"line":2606,"column":null}},"789":{"start":{"line":2583,"column":4},"end":{"line":2587,"column":null}},"790":{"start":{"line":2584,"column":6},"end":{"line":2584,"column":null}},"791":{"start":{"line":2585,"column":6},"end":{"line":2585,"column":null}},"792":{"start":{"line":2586,"column":6},"end":{"line":2586,"column":null}},"793":{"start":{"line":2588,"column":4},"end":{"line":2592,"column":null}},"794":{"start":{"line":2589,"column":6},"end":{"line":2589,"column":null}},"795":{"start":{"line":2590,"column":6},"end":{"line":2590,"column":null}},"796":{"start":{"line":2590,"column":45},"end":{"line":2590,"column":109}},"797":{"start":{"line":2591,"column":6},"end":{"line":2591,"column":null}},"798":{"start":{"line":2593,"column":4},"end":{"line":2597,"column":null}},"799":{"start":{"line":2594,"column":6},"end":{"line":2594,"column":null}},"800":{"start":{"line":2595,"column":6},"end":{"line":2595,"column":null}},"801":{"start":{"line":2595,"column":45},"end":{"line":2595,"column":67}},"802":{"start":{"line":2596,"column":6},"end":{"line":2596,"column":null}},"803":{"start":{"line":2598,"column":4},"end":{"line":2605,"column":null}},"804":{"start":{"line":2599,"column":6},"end":{"line":2599,"column":null}},"805":{"start":{"line":2600,"column":6},"end":{"line":2603,"column":null}},"806":{"start":{"line":2601,"column":8},"end":{"line":2601,"column":null}},"807":{"start":{"line":2602,"column":8},"end":{"line":2602,"column":null}},"808":{"start":{"line":2604,"column":6},"end":{"line":2604,"column":null}},"809":{"start":{"line":2608,"column":2},"end":{"line":2900,"column":null}},"810":{"start":{"line":2616,"column":10},"end":{"line":2616,"column":null}},"811":{"start":{"line":2617,"column":10},"end":{"line":2617,"column":null}},"812":{"start":{"line":2618,"column":10},"end":{"line":2618,"column":null}},"813":{"start":{"line":2619,"column":10},"end":{"line":2619,"column":null}},"814":{"start":{"line":2620,"column":77},"end":{"line":2620,"column":121}},"815":{"start":{"line":2642,"column":18},"end":{"line":2642,"column":null}},"816":{"start":{"line":2643,"column":18},"end":{"line":2643,"column":null}},"817":{"start":{"line":2659,"column":34},"end":{"line":2659,"column":null}},"818":{"start":{"line":2660,"column":18},"end":{"line":2660,"column":null}},"819":{"start":{"line":2660,"column":39},"end":{"line":2660,"column":null}},"820":{"start":{"line":2661,"column":18},"end":{"line":2691,"column":null}},"821":{"start":{"line":2667,"column":44},"end":{"line":2667,"column":null}},"822":{"start":{"line":2667,"column":84},"end":{"line":2667,"column":123}},"823":{"start":{"line":2668,"column":46},"end":{"line":2668,"column":null}},"824":{"start":{"line":2669,"column":43},"end":{"line":2669,"column":null}},"825":{"start":{"line":2670,"column":24},"end":{"line":2688,"column":null}},"826":{"start":{"line":2682,"column":48},"end":{"line":2682,"column":null}},"827":{"start":{"line":2683,"column":43},"end":{"line":2683,"column":null}},"828":{"start":{"line":2737,"column":33},"end":{"line":2737,"column":null}},"829":{"start":{"line":2737,"column":65},"end":{"line":2737,"column":146}},"830":{"start":{"line":2737,"column":101},"end":{"line":2737,"column":145}},"831":{"start":{"line":2738,"column":32},"end":{"line":2738,"column":null}},"832":{"start":{"line":2739,"column":10},"end":{"line":2896,"column":null}},"833":{"start":{"line":2747,"column":33},"end":{"line":2747,"column":null}},"834":{"start":{"line":2764,"column":33},"end":{"line":2764,"column":null}},"835":{"start":{"line":2774,"column":33},"end":{"line":2774,"column":null}},"836":{"start":{"line":2784,"column":33},"end":{"line":2784,"column":null}},"837":{"start":{"line":2797,"column":39},"end":{"line":2797,"column":null}},"838":{"start":{"line":2798,"column":40},"end":{"line":2798,"column":null}},"839":{"start":{"line":2799,"column":38},"end":{"line":2799,"column":null}},"840":{"start":{"line":2800,"column":22},"end":{"line":2848,"column":null}},"841":{"start":{"line":2808,"column":51},"end":{"line":2808,"column":null}},"842":{"start":{"line":2810,"column":32},"end":{"line":2814,"column":null}},"843":{"start":{"line":2811,"column":34},"end":{"line":2811,"column":null}},"844":{"start":{"line":2812,"column":34},"end":{"line":2812,"column":null}},"845":{"start":{"line":2813,"column":34},"end":{"line":2813,"column":null}},"846":{"start":{"line":2815,"column":32},"end":{"line":2815,"column":null}},"847":{"start":{"line":2815,"column":60},"end":{"line":2815,"column":null}},"848":{"start":{"line":2818,"column":32},"end":{"line":2818,"column":null}},"849":{"start":{"line":2819,"column":32},"end":{"line":2819,"column":null}},"850":{"start":{"line":2831,"column":30},"end":{"line":2831,"column":null}},"851":{"start":{"line":2832,"column":30},"end":{"line":2832,"column":null}},"852":{"start":{"line":2843,"column":43},"end":{"line":2843,"column":null}},"853":{"start":{"line":2859,"column":45},"end":{"line":2859,"column":null}},"854":{"start":{"line":2861,"column":26},"end":{"line":2865,"column":null}},"855":{"start":{"line":2862,"column":28},"end":{"line":2862,"column":null}},"856":{"start":{"line":2863,"column":28},"end":{"line":2863,"column":null}},"857":{"start":{"line":2864,"column":28},"end":{"line":2864,"column":null}},"858":{"start":{"line":2866,"column":26},"end":{"line":2866,"column":null}},"859":{"start":{"line":2866,"column":54},"end":{"line":2866,"column":null}},"860":{"start":{"line":2872,"column":24},"end":{"line":2872,"column":null}},"861":{"start":{"line":2873,"column":24},"end":{"line":2873,"column":null}},"862":{"start":{"line":2877,"column":79},"end":{"line":2877,"column":121}},"863":{"start":{"line":2885,"column":37},"end":{"line":2885,"column":null}},"864":{"start":{"line":2905,"column":15},"end":{"line":2905,"column":null}},"865":{"start":{"line":2905,"column":67},"end":{"line":2905,"column":78}},"866":{"start":{"line":2906,"column":28},"end":{"line":2910,"column":null}},"867":{"start":{"line":2911,"column":26},"end":{"line":2914,"column":null}},"868":{"start":{"line":2913,"column":26},"end":{"line":2913,"column":50}},"869":{"start":{"line":2914,"column":31},"end":{"line":2914,"column":61}},"870":{"start":{"line":2916,"column":2},"end":{"line":2976,"column":null}},"871":{"start":{"line":2933,"column":24},"end":{"line":2933,"column":63}},"872":{"start":{"line":2934,"column":22},"end":{"line":2955,"column":8}},"873":{"start":{"line":2950,"column":71},"end":{"line":2950,"column":114}},"874":{"start":{"line":2950,"column":102},"end":{"line":2950,"column":113}},"875":{"start":{"line":2952,"column":72},"end":{"line":2952,"column":106}},"876":{"start":{"line":2958,"column":24},"end":{"line":2958,"column":69}},"877":{"start":{"line":2959,"column":22},"end":{"line":2966,"column":8}},"878":{"start":{"line":2968,"column":24},"end":{"line":2968,"column":62}},"879":{"start":{"line":2969,"column":22},"end":{"line":2975,"column":8}},"880":{"start":{"line":2981,"column":57},"end":{"line":2981,"column":null}},"881":{"start":{"line":2982,"column":8},"end":{"line":2982,"column":null}},"882":{"start":{"line":2983,"column":2},"end":{"line":3036,"column":null}},"883":{"start":{"line":2998,"column":49},"end":{"line":3015,"column":10}},"884":{"start":{"line":3012,"column":57},"end":{"line":3012,"column":123}},"885":{"start":{"line":3018,"column":48},"end":{"line":3025,"column":10}},"886":{"start":{"line":3028,"column":53},"end":{"line":3034,"column":10}},"887":{"start":{"line":3040,"column":2},"end":{"line":3046,"column":null}},"888":{"start":{"line":3041,"column":29},"end":{"line":3045,"column":6}},"889":{"start":{"line":3046,"column":24},"end":{"line":3046,"column":52}},"890":{"start":{"line":3050,"column":27},"end":{"line":3050,"column":null}},"891":{"start":{"line":3051,"column":26},"end":{"line":3053,"column":null}},"892":{"start":{"line":3052,"column":4},"end":{"line":3052,"column":null}},"893":{"start":{"line":3055,"column":2},"end":{"line":3055,"column":null}},"894":{"start":{"line":3055,"column":33},"end":{"line":3055,"column":null}},"895":{"start":{"line":3056,"column":2},"end":{"line":3056,"column":null}},"896":{"start":{"line":3056,"column":32},"end":{"line":3056,"column":null}},"897":{"start":{"line":3057,"column":2},"end":{"line":3057,"column":null}},"898":{"start":{"line":3057,"column":29},"end":{"line":3057,"column":null}},"899":{"start":{"line":3058,"column":2},"end":{"line":3062,"column":null}},"900":{"start":{"line":3059,"column":4},"end":{"line":3059,"column":null}},"901":{"start":{"line":3060,"column":9},"end":{"line":3062,"column":null}},"902":{"start":{"line":3061,"column":4},"end":{"line":3061,"column":null}},"903":{"start":{"line":3063,"column":2},"end":{"line":3063,"column":null}},"904":{"start":{"line":3063,"column":29},"end":{"line":3063,"column":null}},"905":{"start":{"line":3064,"column":2},"end":{"line":3068,"column":null}},"906":{"start":{"line":3069,"column":31},"end":{"line":3071,"column":null}},"907":{"start":{"line":3071,"column":26},"end":{"line":3071,"column":79}},"908":{"start":{"line":3072,"column":2},"end":{"line":3072,"column":null}},"909":{"start":{"line":3072,"column":36},"end":{"line":3072,"column":null}},"910":{"start":{"line":3073,"column":22},"end":{"line":3073,"column":null}},"911":{"start":{"line":3074,"column":24},"end":{"line":3074,"column":null}},"912":{"start":{"line":3075,"column":2},"end":{"line":3090,"column":null}},"913":{"start":{"line":3076,"column":18},"end":{"line":3076,"column":null}},"914":{"start":{"line":3077,"column":4},"end":{"line":3077,"column":null}},"915":{"start":{"line":3077,"column":52},"end":{"line":3077,"column":null}},"916":{"start":{"line":3078,"column":4},"end":{"line":3078,"column":null}},"917":{"start":{"line":3079,"column":20},"end":{"line":3079,"column":null}},"918":{"start":{"line":3080,"column":4},"end":{"line":3080,"column":null}},"919":{"start":{"line":3080,"column":18},"end":{"line":3080,"column":null}},"920":{"start":{"line":3081,"column":4},"end":{"line":3081,"column":null}},"921":{"start":{"line":3081,"column":36},"end":{"line":3081,"column":null}},"922":{"start":{"line":3082,"column":4},"end":{"line":3082,"column":null}},"923":{"start":{"line":3083,"column":21},"end":{"line":3083,"column":null}},"924":{"start":{"line":3084,"column":4},"end":{"line":3089,"column":null}},"925":{"start":{"line":3085,"column":18},"end":{"line":3085,"column":null}},"926":{"start":{"line":3086,"column":6},"end":{"line":3086,"column":null}},"927":{"start":{"line":3086,"column":29},"end":{"line":3086,"column":null}},"928":{"start":{"line":3087,"column":6},"end":{"line":3087,"column":null}},"929":{"start":{"line":3087,"column":35},"end":{"line":3087,"column":null}},"930":{"start":{"line":3088,"column":6},"end":{"line":3088,"column":null}},"931":{"start":{"line":3091,"column":2},"end":{"line":3112,"column":null}},"932":{"start":{"line":3092,"column":4},"end":{"line":3092,"column":null}},"933":{"start":{"line":3094,"column":4},"end":{"line":3111,"column":null}},"934":{"start":{"line":3095,"column":24},"end":{"line":3095,"column":154}},"935":{"start":{"line":3097,"column":22},"end":{"line":3097,"column":null}},"936":{"start":{"line":3098,"column":8},"end":{"line":3098,"column":null}},"937":{"start":{"line":3098,"column":34},"end":{"line":3098,"column":null}},"938":{"start":{"line":3099,"column":8},"end":{"line":3099,"column":null}},"939":{"start":{"line":3099,"column":31},"end":{"line":3099,"column":null}},"940":{"start":{"line":3100,"column":8},"end":{"line":3100,"column":null}},"941":{"start":{"line":3101,"column":8},"end":{"line":3101,"column":null}},"942":{"start":{"line":3101,"column":36},"end":{"line":3101,"column":null}},"943":{"start":{"line":3102,"column":8},"end":{"line":3102,"column":null}},"944":{"start":{"line":3102,"column":57},"end":{"line":3102,"column":null}},"945":{"start":{"line":3103,"column":14},"end":{"line":3103,"column":null}},"946":{"start":{"line":3104,"column":20},"end":{"line":3104,"column":null}},"947":{"start":{"line":3105,"column":8},"end":{"line":3105,"column":null}},"948":{"start":{"line":3105,"column":77},"end":{"line":3105,"column":null}},"949":{"start":{"line":3106,"column":8},"end":{"line":3110,"column":null}},"950":{"start":{"line":3107,"column":10},"end":{"line":3109,"column":null}},"951":{"start":{"line":3108,"column":12},"end":{"line":3108,"column":null}},"952":{"start":{"line":3114,"column":2},"end":{"line":3121,"column":null}},"953":{"start":{"line":3115,"column":22},"end":{"line":3115,"column":134}},"954":{"start":{"line":3117,"column":20},"end":{"line":3117,"column":null}},"955":{"start":{"line":3118,"column":6},"end":{"line":3118,"column":null}},"956":{"start":{"line":3118,"column":31},"end":{"line":3118,"column":null}},"957":{"start":{"line":3119,"column":6},"end":{"line":3119,"column":null}},"958":{"start":{"line":3119,"column":36},"end":{"line":3119,"column":null}},"959":{"start":{"line":3120,"column":6},"end":{"line":3120,"column":null}},"960":{"start":{"line":3120,"column":33},"end":{"line":3120,"column":null}},"961":{"start":{"line":3123,"column":2},"end":{"line":3129,"column":null}},"962":{"start":{"line":3124,"column":22},"end":{"line":3124,"column":112}},"963":{"start":{"line":3126,"column":20},"end":{"line":3126,"column":null}},"964":{"start":{"line":3127,"column":6},"end":{"line":3127,"column":null}},"965":{"start":{"line":3127,"column":29},"end":{"line":3127,"column":null}},"966":{"start":{"line":3128,"column":6},"end":{"line":3128,"column":null}},"967":{"start":{"line":3128,"column":31},"end":{"line":3128,"column":null}},"968":{"start":{"line":3131,"column":2},"end":{"line":3131,"column":null}},"969":{"start":{"line":3135,"column":2},"end":{"line":3139,"column":null}},"970":{"start":{"line":3144,"column":2},"end":{"line":3155,"column":null}},"971":{"start":{"line":3160,"column":2},"end":{"line":3177,"column":null}},"972":{"start":{"line":3188,"column":16},"end":{"line":3188,"column":null}},"973":{"start":{"line":3189,"column":20},"end":{"line":3189,"column":null}},"974":{"start":{"line":3190,"column":22},"end":{"line":3190,"column":null}},"975":{"start":{"line":3191,"column":20},"end":{"line":3191,"column":null}},"976":{"start":{"line":3193,"column":2},"end":{"line":3247,"column":null}},"977":{"start":{"line":3226,"column":16},"end":{"line":3229,"column":null}},"978":{"start":{"line":3232,"column":16},"end":{"line":3241,"column":null}},"979":{"start":{"line":3236,"column":33},"end":{"line":3236,"column":null}},"980":{"start":{"line":3252,"column":18},"end":{"line":3252,"column":null}},"981":{"start":{"line":3253,"column":19},"end":{"line":3253,"column":null}},"982":{"start":{"line":3254,"column":2},"end":{"line":3254,"column":null}},"983":{"start":{"line":3254,"column":29},"end":{"line":3254,"column":null}},"984":{"start":{"line":3255,"column":27},"end":{"line":3255,"column":null}},"985":{"start":{"line":3256,"column":21},"end":{"line":3256,"column":null}},"986":{"start":{"line":3258,"column":2},"end":{"line":3268,"column":null}},"987":{"start":{"line":3273,"column":2},"end":{"line":3277,"column":null}},"988":{"start":{"line":3282,"column":2},"end":{"line":3289,"column":null}},"989":{"start":{"line":3302,"column":2},"end":{"line":3325,"column":null}},"990":{"start":{"line":3313,"column":10},"end":{"line":3322,"column":null}},"991":{"start":{"line":3319,"column":65},"end":{"line":3319,"column":91}},"992":{"start":{"line":3338,"column":2},"end":{"line":3341,"column":null}},"993":{"start":{"line":3352,"column":8},"end":{"line":3352,"column":null}},"994":{"start":{"line":3354,"column":2},"end":{"line":3402,"column":null}},"995":{"start":{"line":3365,"column":75},"end":{"line":3365,"column":null}},"996":{"start":{"line":3385,"column":10},"end":{"line":3399,"column":null}},"997":{"start":{"line":3389,"column":63},"end":{"line":3389,"column":124}},"998":{"start":{"line":3391,"column":16},"end":{"line":3391,"column":null}},"999":{"start":{"line":3407,"column":8},"end":{"line":3413,"column":null}},"1000":{"start":{"line":3408,"column":25},"end":{"line":3408,"column":null}},"1001":{"start":{"line":3408,"column":52},"end":{"line":3408,"column":77}},"1002":{"start":{"line":3409,"column":23},"end":{"line":3409,"column":null}},"1003":{"start":{"line":3409,"column":50},"end":{"line":3409,"column":96}},"1004":{"start":{"line":3410,"column":19},"end":{"line":3410,"column":null}},"1005":{"start":{"line":3410,"column":46},"end":{"line":3410,"column":71}},"1006":{"start":{"line":3411,"column":16},"end":{"line":3411,"column":null}},"1007":{"start":{"line":3411,"column":76},"end":{"line":3411,"column":94}},"1008":{"start":{"line":3412,"column":4},"end":{"line":3412,"column":null}},"1009":{"start":{"line":3414,"column":20},"end":{"line":3414,"column":null}},"1010":{"start":{"line":3416,"column":2},"end":{"line":3443,"column":null}},"1011":{"start":{"line":3431,"column":14},"end":{"line":3431,"column":null}},"1012":{"start":{"line":3448,"column":20},"end":{"line":3448,"column":null}},"1013":{"start":{"line":3449,"column":18},"end":{"line":3449,"column":null}},"1014":{"start":{"line":3450,"column":18},"end":{"line":3450,"column":null}},"1015":{"start":{"line":3451,"column":16},"end":{"line":3451,"column":null}},"1016":{"start":{"line":3452,"column":22},"end":{"line":3452,"column":null}},"1017":{"start":{"line":3454,"column":24},"end":{"line":3470,"column":null}},"1018":{"start":{"line":3455,"column":4},"end":{"line":3455,"column":null}},"1019":{"start":{"line":3456,"column":4},"end":{"line":3456,"column":null}},"1020":{"start":{"line":3457,"column":4},"end":{"line":3469,"column":null}},"1021":{"start":{"line":3458,"column":21},"end":{"line":3460,"column":null}},"1022":{"start":{"line":3459,"column":54},"end":{"line":3459,"column":66}},"1023":{"start":{"line":3461,"column":23},"end":{"line":3461,"column":null}},"1024":{"start":{"line":3462,"column":19},"end":{"line":3462,"column":null}},"1025":{"start":{"line":3462,"column":53},"end":{"line":3462,"column":57}},"1026":{"start":{"line":3463,"column":6},"end":{"line":3463,"column":null}},"1027":{"start":{"line":3463,"column":24},"end":{"line":3463,"column":null}},"1028":{"start":{"line":3464,"column":6},"end":{"line":3464,"column":null}},"1029":{"start":{"line":3466,"column":6},"end":{"line":3466,"column":null}},"1030":{"start":{"line":3468,"column":6},"end":{"line":3468,"column":null}},"1031":{"start":{"line":3472,"column":2},"end":{"line":3475,"column":null}},"1032":{"start":{"line":3473,"column":4},"end":{"line":3473,"column":null}},"1033":{"start":{"line":3477,"column":8},"end":{"line":3482,"column":null}},"1034":{"start":{"line":3478,"column":19},"end":{"line":3480,"column":null}},"1035":{"start":{"line":3479,"column":52},"end":{"line":3479,"column":64}},"1036":{"start":{"line":3481,"column":4},"end":{"line":3481,"column":null}},"1037":{"start":{"line":3484,"column":2},"end":{"line":3594,"column":null}},"1038":{"start":{"line":3504,"column":73},"end":{"line":3504,"column":128}},"1039":{"start":{"line":3507,"column":61},"end":{"line":3507,"column":115}},"1040":{"start":{"line":3510,"column":62},"end":{"line":3510,"column":117}},"1041":{"start":{"line":3513,"column":64},"end":{"line":3513,"column":121}},"1042":{"start":{"line":3544,"column":20},"end":{"line":3544,"column":null}},"1043":{"start":{"line":3581,"column":10},"end":{"line":3591,"column":null}},"1044":{"start":{"line":3599,"column":2},"end":{"line":3604,"column":null}},"1045":{"start":{"line":3609,"column":16},"end":{"line":3609,"column":null}},"1046":{"start":{"line":3610,"column":2},"end":{"line":3618,"column":null}},"1047":{"start":{"line":3623,"column":16},"end":{"line":3623,"column":null}},"1048":{"start":{"line":3625,"column":2},"end":{"line":3634,"column":null}},"1049":{"start":{"line":3639,"column":20},"end":{"line":3639,"column":null}},"1050":{"start":{"line":3640,"column":20},"end":{"line":3640,"column":null}},"1051":{"start":{"line":3642,"column":2},"end":{"line":3687,"column":null}},"1052":{"start":{"line":3666,"column":32},"end":{"line":3666,"column":null}},"1053":{"start":{"line":3667,"column":12},"end":{"line":3682,"column":null}},"1054":{"start":{"line":3675,"column":20},"end":{"line":3677,"column":null}},"1055":{"start":{"line":3676,"column":22},"end":{"line":3676,"column":null}},"1056":{"start":{"line":3676,"column":76},"end":{"line":3676,"column":93}},"1057":{"start":{"line":3693,"column":4},"end":{"line":3697,"column":null}},"1058":{"start":{"line":3698,"column":2},"end":{"line":3698,"column":null}},"1059":{"start":{"line":3702,"column":2},"end":{"line":3702,"column":null}},"1060":{"start":{"line":3706,"column":2},"end":{"line":3712,"column":null}}},"fnMap":{"0":{"name":"isInvalidSessionError","decl":{"start":{"line":265,"column":9},"end":{"line":265,"column":31}},"loc":{"start":{"line":265,"column":47},"end":{"line":267,"column":null}},"line":265},"1":{"name":"loadStoredProfile","decl":{"start":{"line":296,"column":9},"end":{"line":296,"column":51}},"loc":{"start":{"line":296,"column":51},"end":{"line":330,"column":null}},"line":296},"2":{"name":"(anonymous_2)","decl":{"start":{"line":321,"column":27},"end":{"line":321,"column":32}},"loc":{"start
[...]
mn":29},"end":{"line":495,"column":97}},"type":"binary-expr","locations":[{"start":{"line":495,"column":29},"end":{"line":495,"column":87}},{"start":{"line":495,"column":87},"end":{"line":495,"column":97}}],"line":495},"66":{"loc":{"start":{"line":502,"column":10},"end":{"line":502,"column":46}},"type":"binary-expr","locations":[{"start":{"line":502,"column":10},"end":{"line":502,"column":40}},{"start":{"line":502,"column":40},"end":{"line":502,"column":46}}],"line":502},"67":{"loc":{"start":{"line":502,"column":46},"end":{"line":502,"column":null}},"type":"binary-expr","locations":[{"start":{"line":502,"column":46},"end":{"line":502,"column":76}},{"start":{"line":502,"column":76},"end":{"line":502,"column":null}}],"line":502},"68":{"loc":{"start":{"line":510,"column":4},"end":{"line":513,"column":null}},"type":"if","locations":[{"start":{"line":510,"column":4},"end":{"line":513,"column":null}},{"start":{},"end":{}}],"line":510},"69":{"loc":{"start":{"line":510,"column":8},"end":{"line":510,"column":32}},"type":"binary-expr","locations":[{"start":{"line":510,"column":8},"end":{"line":510,"column":16}},{"start":{"line":510,"column":16},"end":{"line":510,"column":32}}],"line":510},"70":{"loc":{"start":{"line":525,"column":19},"end":{"line":525,"column":75}},"type":"cond-expr","locations":[{"start":{"line":525,"column":26},"end":{"line":525,"column":71}},{"start":{"line":525,"column":71},"end":{"line":525,"column":75}}],"line":525}},"s":{"0":4,"1":4,"2":88,"3":4,"4":4,"5":4,"6":88,"7":4,"8":88,"9":4,"10":80,"11":145,"12":145,"13":4,"14":84,"15":39,"16":39,"17":39,"18":16,"19":23,"20":23,"21":0,"22":23,"23":23,"24":4,"25":7,"26":7,"27":7,"28":7,"29":221,"30":3,"31":221,"32":3,"33":221,"34":8,"35":8,"36":8,"37":213,"38":7,"39":7,"40":15,"41":15,"42":15,"43":0,"44":0,"45":0,"46":0,"47":8,"48":5,"49":3,"50":3,"51":0,"52":1,"53":1,"54":1,"55":2,"56":2,"57":2,"58":1,"59":1,"60":1,"61":0,"62":261,"63":0,"64":0,"65":0,"66":2,"67":2,"68":2,"69":10,"70":10,"71":0,"72":10,"73":10,"74":10,"75":10,"76":2,"77":10,"78":10,"79":10,"80":2,"81":2,"82":2,"83":2,"84":2,"85":10,"86":10,"87":10,"88":8,"89":8,"90":8,"91":2,"92":2,"93":8,"94":2,"95":2,"96":8,"97":5,"98":5,"99":5,"100":5,"101":9,"102":9,"103":9,"104":9,"105":9,"106":9,"107":9,"108":9,"109":9,"110":9,"111":9,"112":6,"113":9,"114":0,"115":9,"116":0,"117":9,"118":9,"119":0,"120":0,"121":9,"122":5,"123":4,"124":9,"125":5,"126":3,"127":3,"128":3,"129":0,"130":3,"131":3,"132":3,"133":1,"134":1,"135":2,"136":2,"137":3,"138":3,"139":4,"140":4,"141":4,"142":4,"143":4,"144":4,"145":4,"146":8,"147":4,"148":4,"149":4,"150":4,"151":273,"152":273,"153":11139,"154":12720,"155":11139,"156":11139,"157":13,"158":260,"159":10,"160":25,"161":25,"162":25,"163":30,"164":30,"165":29,"166":29,"167":25,"168":43,"169":80,"170":144,"171":4},"f":{"0":88,"1":88,"2":88,"3":80,"4":145,"5":4,"6":84,"7":39,"8":4,"9":7,"10":15,"11":0,"12":8,"13":1,"14":0,"15":261,"16":0,"17":0,"18":0,"19":2,"20":10,"21":2,"22":8,"23":5,"24":9,"25":4,"26":9,"27":3,"28":3,"29":8,"30":4,"31":273,"32":12720,"33":10,"34":25,"35":43,"36":80,"37":144,"38":4},"b":{"0":[145,120],"1":[4,4,0],"2":[16,23],"3":[0,23],"4":[12,11],"5":[3,218],"6":[3,218],"7":[221,3],"8":[8,213],"9":[221,11],"10":[15],"11":[15],"12":[15],"13":[15,2],"14":[15,2],"15":[15,2],"16":[0],"17":[0,0],"18":[5,3],"19":[3,0],"20":[1,1],"21":[2,1],"22":[1,0],"23":[261],"24":[0,10],"25":[10,10],"26":[10,0],"27":[0,0],"28":[10,8],"29":[10,0],"30":[2,0],"31":[8,2],"32":[8,2,2],"33":[9,4,0],"34":[9,4],"35":[9,6],"36":[9,4],"37":[9,4],"38":[9,4],"39":[9,4,2],"40":[9,0],"41":[9,7,7,6,5,5,5],"42":[6,3],"43":[0,9],"44":[9,0],"45":[0,9],"46":[0,9],"47":[0,0],"48":[0,0],"49":[5,4],"50":[4,0],"51":[4,0],"52":[5,1],"53":[5,5],"54":[0,3],"55":[1,2],"56":[1,0],"57":[2,0],"58":[4,0],"59":[4,2],"60":[4,0],"61":[4,3],"62":[4,4],"63":[273],"64":[13,11126],"65":[13,0],"66":[10,6],"67":[10,8],"68":[29,1],"69":[30,30],"70":[144,0]},"meta":{"lastBranch":71,"lastFunction":39,"lastStatement":172,"seen":{"s:13:66:190:Infinity":0,"s:192:41:192:Infinity":1,"f:192:65:192:70":0,"s:192:83:192:104":2,"s:194:56:215:Infinity":3,"s:217:49:227:Infinity":4,"s:229:23:229:Infinity":5,"f:229:55:229:60":1,"s:229:73:229:104":6,"s:230:25:230:Infinity":7,"f:230:57:230:62":2,"s:230:75:230:122":8,"s:231:30:234:Infinity":9,"f:233:35:233:40":3,"s:233:50:233:78":10,"f:242:16:242:35":4,"s:243:8:243:Infinity":11,"s:244:2:244:Infinity":12,"b:244:9:244:52:244:52:244:Infinity":0,"f:247:16:247:32":5,"s:248:2:248:Infinity":13,"b:248:10:248:70:248:70:248:96:248:96:248:Infinity":1,"f:251:16:251:48":6,"s:252:2:252:Infinity":14,"f:255:16:255:47":7,"s:256:21:256:Infinity":15,"s:257:17:257:Infinity":16,"b:258:2:258:Infinity:undefined:undefined:undefined:undefined":2,"s:258:2:258:Infinity":17,"s:258:14:258:Infinity":18,"s:259:15:259:Infinity":19,"b:260:2:260:Infinity:undefined:undefined:undefined:undefined":3,"s:260:2:260:Infinity":20,"s:260:12:260:Infinity":21,"s:261:22:261:Infinity":22,"s:262:2:262:Infinity":23,"b:262:23:262:57:262:57:262:Infinity":4,"f:265:16:265:46":8,"s:266:2:266:Infinity":24,"f:269:16:269:33":9,"s:270:27:270:Infinity":25,"s:271:16:271:Infinity":26,"s:272:14:272:Infinity":27,"s:273:2:282:Infinity":28,"b:274:4:274:Infinity:undefined:undefined:undefined:undefined":5,"s:274:4:274:Infinity":29,"s:274:27:274:Infinity":30,"b:275:4:275:Infinity:undefined:undefined:undefined:undefined":6,"s:275:4:275:Infinity":31,"b:275:8:275:29:275:29:275:40":7,"s:275:40:275:Infinity":32,"b:276:4:280:Infinity:undefined:undefined:undefined:undefined":8,"s:276:4:280:Infinity":33,"b:276:8:276:29:276:29:276:42":9,"s:277:6:277:Infinity":34,"s:278:6:278:Infinity":35,"s:279:6:279:Infinity":36,"s:281:4:281:Infinity":37,"s:283:2:283:Infinity":38,"s:284:2:284:Infinity":39,"f:287:16:287:36":10,"b:287:51:287:79":10,"b:287:97:287:101":11,"b:287:109:287:127":12,"s:288:21:288:Infinity":40,"s:289:28:289:Infinity":41,"b:289:28:289:56:289:40:289:Infinity":13,"s:290:2:297:Infinity":42,"b:292:16:292:42:292:42:292:Infinity":14,"b:296:29:296:44:296:44:296:Infinity":15,"f:300:16:300:44":11,"b:300:72:300:90":16,"s:301:21:301:Infinity":43,"b:302:2:304:Infinity:undefined:undefined:undefined:undefined":17,"s:302:2:304:Infinity":44,"s:303:4:303:Infinity":45,"s:305:2:312:Infinity":46,"f:315:16:315:41":12,"b:316:2:318:Infinity:undefined:undefined:undefined:undefined":18,"s:316:2:318:Infinity":47,"s:317:4:317:Infinity":48,"b:319:2:321:Infinity:undefined:undefined:undefined:undefined":19,"s:319:2:321:Infinity":49,"s:320:4:320:Infinity":50,"s:322:2:322:Infinity":51,"f:325:16:325:42":13,"s:326:20:326:Infinity":52,"s:327:21:327:Infinity":53,"s:328:2:337:Infinity":54,"s:329:4:336:Infinity":55,"s:330:18:330:Infinity":56,"b:331:6:335:Infinity:333:13:335:Infinity":20,"s:331:6:335:Infinity":57,"b:331:10:331:32:331:32:331:78":21,"s:332:8:332:Infinity":58,"s:334:8:334:Infinity":59,"b:334:27:334:52:334:52:334:69":22,"s:338:2:338:Infinity":60,"f:338:25:338:31":14,"s:338:47:338:72":61,"f:341:16:341:34":15,"b:341:62:341:94":23,"s:342:2:342:Infinity":62,"f:345:16:345:40":16,"s:346:2:346:Infinity":63,"f:346:20:346:28":17,"s:346:48:346:125":64,"f:346:71:346:79":18,"s:346:88:346:115":65,"f:349:16:349:42":19,"s:350:19:350:Infinity":66,"s:351:27:351:Infinity":67,"s:353:8:364:Infinity":68,"f:353:8:353:23":20,"s:354:28:354:Infinity":69,"b:355:4:355:Infinity:undefined:undefined:undefined:undefined":24,"s:355:4:355:Infinity":70,"b:355:8:355:25:355:25:355:43":25,"s:355:43:355:Infinity":71,"s:356:21:356:Infinity":72,"s:357:15:357:Infinity":73,"b:357:15:357:38:357:38:357:Infinity":26,"b:357:54:357:79:357:79:357:96":27,"s:358:21:358:Infinity":74,"b:358:21:358:41:358:41:358:Infinity":28,"s:359:21:359:Infinity":75,"f:359:44:359:49":21,"s:359:58:359:76":76,"b:360:4:362:Infinity:undefined:undefined:undefined:undefined":29,"s:360:4:362:Infinity":77,"s:361:6:361:Infinity":78,"s:363:4:363:Infinity":79,"s:366:2:384:Infinity":80,"s:367:29:367:Infinity":81,"b:367:29:367:54:367:54:367:Infinity":30,"s:368:4:368:Infinity":82,"s:369:4:383:Infinity":83,"s:369:21:369:24":84,"s:370:19:370:Infinity":85,"s:371:23:371:Infinity":86,"b:372:6:382:Infinity:380:13:382:Infinity":31,"s:372:6:382:Infinity":87,"s:373:8:373:Infinity":88,"s:374:20:374:Infinity":89,"s:375:8:378:Infinity":90,"b:375:15:375:44:375:44:375:81:375:81:375:132":32,"s:376:10:376:Infinity":91,"s:377:10:377:Infinity":92,"s:379:8:379:Infinity":93,"s:381:8:381:Infinity":94,"s:386:2:391:Infinity":95,"f:386:32:386:37":22,"s:386:58:391:4":96,"f:394:9:394:39":23,"s:395:17:395:Infinity":97,"s:396:23:396:Infinity":98,"s:397:23:397:Infinity":99,"s:399:2:440:Infinity":100,"f:399:8:399:17":24,"s:400:19:400:Infinity":101,"s:401:10:401:Infinity":102,"b:401:31:401:54:401:54:401:73:401:73:401:75":33,"s:402:10:402:Infinity":103,"b:402:29:402:50:402:50:402:52":34,"s:403:23:403:Infinity":104,"b:403:23:403:70:403:70:403:Infinity":35,"s:404:22:404:Infinity":105,"b:404:22:404:37:404:37:404:Infinity":36,"s:405:20:405:Infinity":106,"b:405:20:405:35:405:35:405:Infinity":37,"s:406:25:406:Infinity":107,"b:406:25:406:53:406:53:406:Infinity":38,"s:407:10:407:Infinity":108,"b:407:24:407:50:407:50:407:65:407:65:407:Infinity":39,"s:408:18:408:Infinity":109,"b:408:31:408:47:408:47:408:49":40,"s:409:36:415:Infinity":110,"b:410:6:410:Infinity:411:9:411:Infinity:412:9:412:Infinity:413:9:413:Infinity:414:10:414:24:414:24:414:40:414:40:414:Infinity":41,"b:416:4:416:Infinity:undefined:undefined:undefined:undefined":42,"s:416:4:416:Infinity":111,"s:416:33:416:Infinity":112,"b:417:4:417:Infinity:undefined:undefined:undefined:undefined":43,"s:417:4:417:Infinity":113,"b:417:8:417:33:417:33:417:50":44,"s:417:50:417:Infinity":114,"b:418:4:418:Infinity:undefined:undefined:undefined:undefined":45,"s:418:4:418:Infinity":115,"s:418:23:418:Infinity":116,"s:420:21:420:Infinity":117,"b:421:4:429:Infinity:undefined:undefined:undefined:undefined":46,"s:421:4:429:Infinity":118,"s:422:6:427:Infinity":119,"b:425:41:425:77:425:77:425:100":47,"b:426:24:426:51:426:51:426:Infinity":48,"s:428:6:428:Infinity":120,"s:431:4:439:Infinity":121,"b:435:46:435:69:435:69:435:Infinity":49,"s:442:21:444:Infinity":122,"f:443:5:443:11":25,"s:443:17:443:65":123,"b:443:28:443:42:443:42:443:48":50,"b:443:48:443:63:443:63:443:65":51,"f:444:5:444:10":26,"s:444:31:444:61":124,"s:446:2:450:Infinity":125,"b:448:20:448:38:448:38:448:Infinity":52,"f:448:49:448:55":27,"s:448:68:448:109":126,"b:449:20:449:38:449:38:449:Infinity":53,"f:453:9:453:30":28,"s:454:14:454:Infinity":127,"b:455:2:455:Infinity:undefined:undefined:undefined:undefined":54,"s:455:2:455:Infinity":128,"s:455:12:455:Infinity":129,"s:456:26:456:Infinity":130,"s:457:18:457:Infinity":131,"b:458:2:465:Infinity:undefined:undefined:undefined:undefined":55,"s:458:2:465:Infinity":132,"s:459:18:459:Infinity":133,"s:460:4:464:Infinity":134,"b:461:33:461:146:461:146:461:Infinity":56,"s:467:38:467:Infinity":135,"s:468:17:468:Infinity":136,"b:468:30:468:50:468:50:468:51":57,"s:469:2:478:Infinity":137,"s:469:19:469:22":138,"s:470:18:470:Infinity":139,"s:471:17:471:Infinity":140,"s:472:10:472:Infinity":141,"s:473:10:473:Infinity":142,"b:473:26:473:41:473:41:473:46":58,"s:474:23:474:Infinity":143,"b:474:23:474:38:474:38:474:Infinity":59,"s:475:20:475:Infinity":144,"s:476:21:476:Infinity":145,"f:476:81:476:89":29,"s:476:98:476:122":146,"b:477:4:477:Infinity:undefined:undefined:undefined:undefined":60,"s:477:4:477:Infinity":147,"s:477:31:477:Infinity":148,"s:479:2:483:Infinity":149,"f:479:45:479:50":30,"s:479:64:483:4":150,"b:481:29:481:65:481:65:481:Infinity":61,"b:482:20:482:32:482:32:482:Infinity":62,"f:486:9:486:31":31,"b:486:59:486:130":63,"s:487:21:487:Infinity":151,"s:488:2:497:Infinity":152,"s:489:20:492:Infinity":153,"f:491:7:491:12":32,"s:491:21:491:95":154,"s:493:18:493:Infinity":155,"b:494:4:496:Infinity:undefined:undefined:undefined:undefined":64,"s:494:4:496:Infinity":156,"s:495:6:495:Infinity":157,"b:495:29:495:87:495:87:495:97":65,"s:498:2:498:Infinity":158,"f:501:9:501:28":33,"s:502:2:502:Infinity":159,"b:502:10:502:40:502:40:502:46":66,"b:502:46:502:76:502:76:502:Infinity":67,"f:505:9:505:22":34,"s:506:15:506:Infinity":160,"s:507:27:507:Infinity":161,"s:508:2:514:Infinity":162,"s:509:16:509:Infinity":163,"b:510:4:513:Infinity:undefined:undefined:undefined:undefined":68,"s:510:4:513:Infinity":164,"b:510:8:510:16:510:16:510:32":69,"s:511:6:511:Infinity":165,"s:512:6:512:Infinity":166,"s:515:2:515:Infinity":167,"f:518:9:518:30":35,"s:519:2:519:Infinity":168,"f:522:9:522:31":36,"s:523:2:526:Infinity":169,"f:525:5:525:10":37,"s:525:19:525:75":170,"b:525:26:525:71:525:71:525:75":70,"f:529:9:529:17":38,"s:530:2:530:Infinity":171},"fnNames":{}}}
,"C:\\Users\\venum\\Documents\\Playground\\frontend\\src\\test\\renderWithProviders.tsx": {"path":"C:\\Users\\venum\\Documents\\Playground\\frontend\\src\\test\\renderWithProviders.tsx","statementMap":{"0":{"start":{"line":6,"column":2},"end":{"line":6,"column":null}},"1":{"start":{"line":7,"column":2},"end":{"line":15,"column":null}}},"fnMap":{"0":{"name":"renderWithProviders","decl":{"start":{"line":5,"column":16},"end":{"line":5,"column":36}},"loc":{"start":{"line":5,"column":95},"end":{"line":16,"column":null}},"line":5}},"branchMap":{"0":{"loc":{"start":{"line":5,"column":54},"end":{"line":5,"column":75}},"type":"default-arg","locations":[{"start":{"line":5,"column":62},"end":{"line":5,"column":75}}],"line":5},"1":{"loc":{"start":{"line":5,"column":75},"end":{"line":5,"column":95}},"type":"default-arg","locations":[{"start":{"line":5,"column":82},"end":{"line":5,"column":95}}],"line":5}},"s":{"0":29,"1":29},"f":{"0":29},"b":{"0":[29],"1":[29]},"meta":{"lastBranch":2,"lastFunction":1,"lastStatement":2,"seen":{"f:5:16:5:36":0,"b:5:62:5:75":0,"b:5:82:5:95":1,"s:6:2:6:Infinity":0,"s:7:2:15:Infinity":1},"fnNames":{}}}
,"C:\\Users\\venum\\Documents\\Playground\\frontend\\src\\test\\fixtures\\jobAnalysis.ts": {"path":"C:\\Users\\venum\\Documents\\Playground\\frontend\\src\\test\\fixtures\\jobAnalysis.ts","statementMap":{"0":{"start":{"line":4,"column":2},"end":{"line":21,"column":null}},"1":{"start":{"line":24,"column":55},"end":{"line":51,"column":null}}},"fnMap":{"0":{"name":"keywordFixture","decl":{"start":{"line":3,"column":16},"end":{"line":3,"column":31}},"loc":{"start":{"line":3,"column":90},"end":{"line":22,"column":null}},"line":3}},"branchMap":{"0":{"loc":{"start":{"line":3,"column":46},"end":{"line":3,"column":90}},"type":"default-arg","locations":[{"start":{"line":3,"column":62},"end":{"line":3,"column":90}}],"line":3},"1":{"loc":{"start":{"line":17,"column":14},"end":{"line":17,"column":null}},"type":"cond-expr","locations":[{"start":{"line":17,"column":36},"end":{"line":17,"column":45}},{"start":{"line":17,"column":45},"end":{"line":17,"column":null}}],"line":17},"2":{"loc":{"start":{"line":17,"column":45},"end":{"line":17,"column":null}},"type":"cond-expr","locations":[{"start":{"line":17,"column":67},"end":{"line":17,"column":78}},{"start":{"line":17,"column":78},"end":{"line":17,"column":null}}],"line":17}},"s":{"0":76,"1":4},"f":{"0":76},"b":{"0":[76],"1":[76,0],"2":[0,0]},"meta":{"lastBranch":3,"lastFunction":1,"lastStatement":2,"seen":{"f:3:16:3:31":0,"b:3:62:3:90":0,"s:4:2:21:Infinity":0,"b:17:36:17:45:17:45:17:Infinity":1,"b:17:67:17:78:17:78:17:Infinity":2,"s:24:55:51:Infinity":1},"fnNames":{}}}
,"C:\\Users\\venum\\Documents\\Playground\\frontend\\src\\test\\fixtures\\profile.ts": {"path":"C:\\Users\\venum\\Documents\\Playground\\frontend\\src\\test\\fixtures\\profile.ts","statementMap":{"0":{"start":{"line":3,"column":54},"end":{"line":87,"column":null}},"1":{"start":{"line":89,"column":69},"end":{"line":92,"column":null}}},"fnMap":{},"branchMap":{},"s":{"0":3,"1":3},"f":{},"b":{},"meta":{"lastBranch":0,"lastFunction":0,"lastStatement":2,"seen":{"s:3:54:87:Infinity":0,"s:89:69:92:Infinity":1},"fnNames":{}}}
,"C:\\Users\\venum\\Documents\\Playground\\frontend\\src\\test\\fixtures\\profileMatch.ts": {"path":"C:\\Users\\venum\\Documents\\Playground\\frontend\\src\\test\\fixtures\\profileMatch.ts","statementMap":{"0":{"start":{"line":3,"column":52},"end":{"line":15,"column":null}},"1":{"start":{"line":22,"column":2},"end":{"line":39,"column":null}},"2":{"start":{"line":42,"column":57},"end":{"line":64,"column":null}}},"fnMap":{"0":{"name":"requirementFixture","decl":{"start":{"line":17,"column":16},"end":{"line":17,"column":null}},"loc":{"start":{"line":21,"column":20},"end":{"line":40,"column":null}},"line":21}},"branchMap":{"0":{"loc":{"start":{"line":20,"column":2},"end":{"line":20,"column":null}},"type":"default-arg","locations":[{"start":{"line":20,"column":36},"end":{"line":20,"column":null}}],"line":20},"1":{"loc":{"start":{"line":26,"column":25},"end":{"line":26,"column":null}},"type":"cond-expr","locations":[{"start":{"line":26,"column":58},"end":{"line":26,"column":69}},{"start":{"line":26,"column":69},"end":{"line":26,"column":null}}],"line":26},"2":{"loc":{"start":{"line":27,"column":30},"end":{"line":27,"column":null}},"type":"cond-expr","locations":[{"start":{"line":27,"column":63},"end":{"line":27,"column":68}},{"start":{"line":27,"column":68},"end":{"line":27,"column":null}}],"line":27},"3":{"loc":{"start":{"line":30,"column":16},"end":{"line":30,"column":null}},"type":"cond-expr","locations":[{"start":{"line":30,"column":49},"end":{"line":30,"column":53}},{"start":{"line":30,"column":53},"end":{"line":30,"column":null}}],"line":30},"4":{"loc":{"start":{"line":30,"column":53},"end":{"line":30,"column":null}},"type":"cond-expr","locations":[{"start":{"line":30,"column":85},"end":{"line":30,"column":90}},{"start":{"line":30,"column":90},"end":{"line":30,"column":null}}],"line":30},"5":{"loc":{"start":{"line":31,"column":14},"end":{"line":31,"column":null}},"type":"cond-expr","locations":[{"start":{"line":31,"column":78},"end":{"line":31,"column":89}},{"start":{"line":31,"column":89},"end":{"line":31,"column":null}}],"line":31},"6":{"loc":{"start":{"line":31,"column":14},"end":{"line":31,"column":78}},"type":"binary-expr","locations":[{"start":{"line":31,"column":14},"end":{"line":31,"column":44}},{"start":{"line":31,"column":44},"end":{"line":31,"column":78}}],"line":31},"7":{"loc":{"start":{"line":32,"column":22},"end":{"line":32,"column":null}},"type":"cond-expr","locations":[{"start":{"line":32,"column":54},"end":{"line":32,"column":65}},{"start":{"line":32,"column":65},"end":{"line":32,"column":null}}],"line":32},"8":{"loc":{"start":{"line":36,"column":6},"end":{"line":38,"column":null}},"type":"cond-expr","locations":[{"start":{"line":37,"column":10},"end":{"line":37,"column":null}},{"start":{"line":38,"column":10},"end":{"line":38,"column":null}}],"line":36}},"s":{"0":3,"1":15,"2":3},"f":{"0":15},"b":{"0":[15],"1":[6,9],"2":[6,9],"3":[6,9],"4":[3,6],"5":[6,9],"6":[15,12],"7":[3,12],"8":[6,9]},"meta":{"lastBranch":9,"lastFunction":1,"lastStatement":3,"seen":{"s:3:52:15:Infinity":0,"f:17:16:17:Infinity":0,"b:20:36:20:Infinity":0,"s:22:2:39:Infinity":1,"b:26:58:26:69:26:69:26:Infinity":1,"b:27:63:27:68:27:68:27:Infinity":2,"b:30:49:30:53:30:53:30:Infinity":3,"b:30:85:30:90:30:90:30:Infinity":4,"b:31:78:31:89:31:89:31:Infinity":5,"b:31:14:31:44:31:44:31:78":6,"b:32:54:32:65:32:65:32:Infinity":7,"b:37:10:37:Infinity:38:10:38:Infinity":8,"s:42:57:64:Infinity":2},"fnNames":{}}}
,"C:\\Users\\venum\\Documents\\Playground\\frontend\\src\\test\\fixtures\\resume.ts": {"path":"C:\\Users\\venum\\Documents\\Playground\\frontend\\src\\test\\fixtures\\resume.ts","statementMap":{"0":{"start":{"line":5,"column":66},"end":{"line":139,"column":null}},"1":{"start":{"line":141,"column":59},"end":{"line":162,"column":null}},"2":{"start":{"line":164,"column":71},"end":{"line":229,"column":null}},"3":{"start":{"line":231,"column":69},"end":{"line":236,"column":null}}},"fnMap":{},"branchMap":{},"s":{"0":3,"1":3,"2":3,"3":3},"f":{},"b":{},"meta":{"lastBranch":0,"lastFunction":0,"lastStatement":4,"seen":{"s:5:66:139:Infinity":0,"s:141:59:162:Infinity":1,"s:164:71:229:Infinity":2,"s:231:69:236:Infinity":3},"fnNames":{}}}
}
